height has been deprecated.

    kmeans.text_024                                              names
0                 0  wal-mart stores inc,home depot inc,nike inc,co...
1                 1  3m co,boeing co,honeywell international inc,un...
2                 2  avalonbay communities inc,d r horton inc,lenna...
3                 3  annaly capital management,agnc investment corp...
4                 4  conocophillips,eog resources inc,occidental pe...
5                 5  american international group,metlife inc,aetna...
6                 6  pfizer inc,coca-cola co,philip morris internat...
7                 7  nextera energy inc,duke energy corp,enterprise...
8                 8  abbott laboratories,thermo fisher scientific i...
9                 9  simon property group inc,public storage,prolog...
10               10  general electric co,caterpillar inc,ecolab inc...
11               11  mcdonald's corp,yum brands inc,chipotle mexica...
12               12  ares capital corp,prospect capital corp,fs inv...
13               13  apple inc,alphabet inc,amazon.com inc,facebook...
14               14  tesla inc,general motors co,ford motor co,delt...
15               15  schlumberger ltd,halliburton co,waste manageme...
16               16  new york cmnty bancorp inc,pacwest bancorp,wes...
17               17  microsoft corp,at&t inc,visa inc,verizon commu...
18               18  goldman sachs group inc,morgan stanley,blackro...
19               19  exxon mobil corp,chevron corp,united parcel se...
20               20  johnson & johnson,procter & gamble co,merck & ...
21               21  amgen inc,abbvie inc,celgene corp,bristol-myer...
22               22  las vegas sands corp,activision blizzard inc,e...
23               23  jpmorgan chase & co,wells fargo & co,bank of a...
1010
1510
2010
2020
2030
2510
2520
2530
2540
2550
3010
3020
3030
3510
3520
4010
4020
4030
4510
4520
4530
5010
5510
6010
gics.024
3010     21
3030     30
5010     31
2510     32
2030     52
2540     59
3020     71
4530     76
4030     76
5510     84
2520    101
2020    108
2530    120
2550    132
1510    142
4520    173
6010    177
4020    189
3510    193
4510    249
2010    259
1010    260
3520    308
4010    323
Name: kmeans.text_024, dtype: int64
kmeans.text_024
22     31
2      37
3      42
11     46
12     47
15     52
18     77
5      84
10     87
14     87
7      92
20     94
19     94
4     109
16    145
0     146
8     147
9     159
13    162
23    165
21    254
17    342
1     354
6     413
Name: gics.024, dtype: int64
                   n                                              names
kmeans.text_024                                                        
0                146  wal-mart stores inc,home depot inc,nike inc,co...
1                354  3m co,boeing co,honeywell international inc,un...
2                 37  avalonbay communities inc,d r horton inc,lenna...
3                 42  annaly capital management,agnc investment corp...
4                109  conocophillips,eog resources inc,occidental pe...
5                 84  american international group,metlife inc,aetna...
6                413  pfizer inc,coca-cola co,philip morris internat...
7                 92  nextera energy inc,duke energy corp,enterprise...
8                147  abbott laboratories,thermo fisher scientific i...
9                159  simon property group inc,public storage,prolog...
10                87  general electric co,caterpillar inc,ecolab inc...
11                46  mcdonald's corp,yum brands inc,chipotle mexica...
12                47  ares capital corp,prospect capital corp,fs inv...
13               162  apple inc,alphabet inc,amazon.com inc,facebook...
14                87  tesla inc,general motors co,ford motor co,delt...
15                52  schlumberger ltd,halliburton co,waste manageme...
16               145  new york cmnty bancorp inc,pacwest bancorp,wes...
17               342  microsoft corp,at&t inc,visa inc,verizon commu...
18                77  goldman sachs group inc,morgan stanley,blackro...
19                94  exxon mobil corp,chevron corp,united parcel se...
20                94  johnson & johnson,procter & gamble co,merck & ...
21               254  amgen inc,abbvie inc,celgene corp,bristol-myer...
22                31  las vegas sands corp,activision blizzard inc,e...
23               165  jpmorgan chase & co,wells fargo & co,bank of a...
0 :  wal-mart stores inc,home depot inc,nike inc,costco wholesale corp,lowe's companies inc,t-mobile us inc,tjx companies inc,target corp,kroger co,ross stores inc
1 :  3m co,boeing co,honeywell international inc,united technologies corp,texas instruments inc,lockheed martin corp,general dynamics corp,applied materials inc,illinois tool works,raytheon co
2 :  avalonbay communities inc,d r horton inc,lennar corp,mid-america apt cmntys inc,udr inc,nvr inc,equity lifestyle properties ,pultegroup inc,sun communities inc,toll brothers inc
3 :  annaly capital management,agnc investment corp,starwood property trust inc,new residential inv cp,mgic investment corp/wi,radian group inc,two harbors investment corp,chimera investment corp,mfa financial inc,blackstone mortgage tr inc
4 :  conocophillips,eog resources inc,occidental petroleum corp,pioneer natural resources co,anadarko petroleum corp,devon energy corp,concho resources inc,apache corp,continental resources inc,hess corp
5 :  american international group,metlife inc,aetna inc,prudential financial inc,cigna corp,travelers cos inc,allstate corp,aflac inc,progressive corp-ohio,hartford financial services
6 :  pfizer inc,coca-cola co,philip morris international,pepsico inc,altria group inc,reynolds american inc,starbucks corp,lilly (eli) & co,nvidia corp,dow chemical
7 :  nextera energy inc,duke energy corp,enterprise prods prtnrs  -lp,southern co,dominion resources inc,american electric power co,pg&e corp,exelon corp,sempra energy,ppl corp
8 :  abbott laboratories,thermo fisher scientific inc,danaher corp,stryker corp,becton dickinson & co,boston scientific corp,intuitive surgical inc,illumina inc,edwards lifesciences corp,bard (c.r.) inc
9 :  simon property group inc,public storage,prologis inc,welltower inc,equity residential,ventas inc,ggp inc,boston properties inc,digital realty trust inc,vornado realty trust
10 :  general electric co,caterpillar inc,ecolab inc,american water works co inc,xylem inc,smith (a o) corp,huntington ingalls ind inc,hd supply holdings inc,aes corp,fluor corp
11 :  mcdonald's corp,yum brands inc,chipotle mexican grill inc,darden restaurants inc,tripadvisor inc,dunkin' brands group inc,wendy's co,cracker barrel old ctry stor,grubhub inc,texas roadhouse inc
12 :  ares capital corp,prospect capital corp,fs investment corp,main street capital corp,carlyle group lp,apollo investment corp,tpg specialty lending inc,golub capital bdc inc,hercules capital inc,new mountain finance corp
13 :  apple inc,alphabet inc,amazon.com inc,facebook inc,comcast corp,disney (walt) co,priceline group inc,charter communications inc,time warner inc,netflix inc
14 :  tesla inc,general motors co,ford motor co,delta air lines inc,southwest airlines,united continental hldgs inc,o'reilly automotive inc,paccar inc,autozone inc,genuine parts co
15 :  schlumberger ltd,halliburton co,waste management inc,baker hughes inc,republic services inc,national oilwell varco inc,stericycle inc,helmerich & payne,rpc inc,patterson-uti energy inc
16 :  new york cmnty bancorp inc,pacwest bancorp,western alliance bancorp,slm corp,tfs financial corp,investors bancorp inc,bankunited inc,valley national bancorp,sterling bancorp,cathay general bancorp
17 :  microsoft corp,at&t inc,visa inc,verizon communications inc,oracle corp,intel corp,cisco systems inc,intl business machines corp,mastercard inc,qualcomm inc
18 :  goldman sachs group inc,morgan stanley,blackrock inc,schwab (charles) corp,bank of new york mellon corp,cme group inc,intercontinental exchange,state street corp,franklin resources inc,northern trust corp
19 :  exxon mobil corp,chevron corp,united parcel service inc,union pacific corp,fedex corp,csx corp,kinder morgan inc,phillips 66,norfolk southern corp,valero energy corp
20 :  johnson & johnson,procter & gamble co,merck & co,unitedhealth group inc,walgreens boots alliance inc,cvs health corp,anthem inc,express scripts holding co,humana inc,baxter international inc
21 :  amgen inc,abbvie inc,celgene corp,bristol-myers squibb co,gilead sciences inc,biogen inc,regeneron pharmaceuticals,vertex pharmaceuticals inc,incyte corp,alexion pharmaceuticals inc
22 :  las vegas sands corp,activision blizzard inc,electronic arts inc,mgm resorts international,wynn resorts ltd,hasbro inc,take-two interactive sftwr,madison square garden co,zynga inc,boyd gaming corp
23 :  jpmorgan chase & co,wells fargo & co,bank of america corp,citigroup inc,u s bancorp,pnc financial svcs group inc,capital one financial corp,bb&t corp,suntrust banks inc,m & t bank corp
