********doing n_clusters= 11
getting quarter=q0 from ../data/fa_data/q0.csv
000000000000000000000
0       ADVANCED CELL TECHNOLOGY INC
1497                  VERMILLION INC
Name: name, dtype: object
000000000000000000000
1571               EXXON MOBIL CORP
382                    CHEVRON CORP
755               JOHNSON & JOHNSON
1076                     PFIZER INC
1096    PHILIP MORRIS INTERNATIONAL
710                      INTEL CORP
1265               SCHLUMBERGER LTD
921                      MERCK & CO
331                  CONOCOPHILLIPS
1143                   QUALCOMM INC
Name: name, dtype: object
000000000000000000000
1445     UNITEDHEALTH GROUP INC
668                  HUMANA INC
1342              SYMANTEC CORP
143     ACTIVISION BLIZZARD INC
238                      CA INC
504                 EXPEDIA INC
822               LINKEDIN CORP
487         ELECTRONIC ARTS INC
208            BMC SOFTWARE INC
521             F5 NETWORKS INC
Name: name, dtype: object
000000000000000000000
19                        APPLE INC
927                  MICROSOFT CORP
679     INTL BUSINESS MACHINES CORP
1077            PROCTER & GAMBLE CO
590                      GOOGLE INC
562             GENERAL ELECTRIC CO
780                    COCA-COLA CO
1511     VERIZON COMMUNICATIONS INC
1072                    PEPSICO INC
857                 MCDONALD'S CORP
Name: name, dtype: object
000000000000000000000
493           EXPRESS SCRIPTS INC
860                 MCKESSON CORP
242           CARDINAL HEALTH INC
22         AMERISOURCEBERGEN CORP
152                     AVNET INC
1010                      NVR INC
411                D R HORTON INC
699              INGRAM MICRO INC
290     CATALYST HEALTH SOLUTIONS
709      WORLD FUEL SERVICES CORP
Name: name, dtype: object
000000000000000000000
1111    PILGRIM'S PRIDE CORP
175        BEACON POWER CORP
Name: name, dtype: object
000000000000000000000
241    CADENCE PHARMACEUTICALS INC
Name: name, dtype: object
000000000000000000000
861     MOLYCORP INC
423    DENDREON CORP
565         GEVO INC
Name: name, dtype: object
000000000000000000000
447    DAXOR CORP
Name: name, dtype: object
000000000000000000000
1426    TRANSWITCH CORP
Name: name, dtype: object
000000000000000000000
1528    WORLD HEART CORP
Name: name, dtype: object
    hier.fact_011                                              names
0               5        advanced cell technology inc,vermillion inc
1               6  exxon mobil corp,chevron corp,johnson & johnso...
2               3  unitedhealth group inc,humana inc,symantec cor...
3               1  apple inc,microsoft corp,intl business machine...
4               2  express scripts inc,mckesson corp,cardinal hea...
5               0             pilgrim's pride corp,beacon power corp
6               7                        cadence pharmaceuticals inc
7               4                molycorp inc,dendreon corp,gevo inc
8              10                                         daxor corp
9               8                                    transwitch corp
10              9                                   world heart corp
10
15
20
25
30
35
40
45
50
55
gics.011
55     10
40     16
50     27
30     89
15    128
10    135
25    257
35    258
20    276
45    399
Name: hier.fact_011, dtype: int64
hier.fact_011
7       1
8       1
9       1
10      1
0       2
5       2
4       3
2      65
3      88
1     532
6     899
Name: gics.011, dtype: int64
                 n                                              names
hier.fact_011                                                        
0                2        advanced cell technology inc,vermillion inc
1              532  exxon mobil corp,chevron corp,johnson & johnso...
2               65  unitedhealth group inc,humana inc,symantec cor...
3               88  apple inc,microsoft corp,intl business machine...
4                3  express scripts inc,mckesson corp,cardinal hea...
5                2             pilgrim's pride corp,beacon power corp
6              899                        cadence pharmaceuticals inc
7                1                molycorp inc,dendreon corp,gevo inc
8                1                                         daxor corp
9                1                                    transwitch corp
10               1                                   world heart corp
0 :  advanced cell technology inc,vermillion inc
1 :  exxon mobil corp,chevron corp,johnson & johnson,pfizer inc,philip morris international,intel corp,schlumberger ltd,merck & co,conocophillips,qualcomm inc
2 :  unitedhealth group inc,humana inc,symantec corp,activision blizzard inc,ca inc,expedia inc,linkedin corp,electronic arts inc,bmc software inc,f5 networks inc
3 :  apple inc,microsoft corp,intl business machines corp,procter & gamble co,google inc,general electric co,coca-cola co,verizon communications inc,pepsico inc,mcdonald's corp
4 :  express scripts inc,mckesson corp,cardinal health inc,amerisourcebergen corp,avnet inc,nvr inc,d r horton inc,ingram micro inc,catalyst health solutions,world fuel services corp
5 :  pilgrim's pride corp,beacon power corp
6 :  cadence pharmaceuticals inc
7 :  molycorp inc,dendreon corp,gevo inc
8 :  daxor corp
9 :  transwitch corp
10 :  world heart corp
