********doing n_clusters= 157
getting quarter=q0 from ../data/fa_data/q0.csv
000000000000000000000
0    ADVANCED CELL TECHNOLOGY INC
Name: name, dtype: object
000000000000000000000
968             NEWMONT MINING CORP
1562                WEYERHAEUSER CO
134      ALLEGHENY TECHNOLOGIES INC
1368              TRIUMPH GROUP INC
583                GNC HOLDINGS INC
1374            TREEHOUSE FOODS INC
1331           STILLWATER MINING CO
1395    TOOTSIE ROLL INDUSTRIES INC
1108         POWER INTEGRATIONS INC
1210            RTI INTL METALS INC
Name: name, dtype: object
000000000000000000000
2    BROADCAST INTERNATIONAL INC
Name: name, dtype: object
000000000000000000000
3    BALQON CORP
Name: name, dtype: object
000000000000000000000
1486              VALERO ENERGY CORP
1053    PLAINS ALL AMER PIPELNE  -LP
270                    CELANESE CORP
474       ENDO PHARMACEUTICALS HLDGS
1019                   OWENS CORNING
1282                     SOLUTIA INC
516               FEDERAL-MOGUL CORP
611             CHART INDUSTRIES INC
1418            TTM TECHNOLOGIES INC
4       COOPER-STANDARD HOLDINGS INC
Name: name, dtype: object
000000000000000000000
1258           SIRIUS XM RADIO INC
7            HUGHES TELEMATICS INC
5       ECOSPHERE TECHNOLOGIES INC
Name: name, dtype: object
000000000000000000000
710                     INTEL CORP
580      GREEN MTN COFFEE ROASTERS
588                    GENTEX CORP
346                       CREE INC
1476         VEECO INSTRUMENTS INC
1394    TRIQUINT SEMICONDUCTOR INC
354               CIRRUS LOGIC INC
1007                  NUVASIVE INC
321                   SPANSION INC
415                     DIODES INC
Name: name, dtype: object
000000000000000000000
857                  MCDONALD'S CORP
1138                     PRAXAIR INC
258                         CBS CORP
1536            WASTE MANAGEMENT INC
425     DIAMOND OFFSHRE DRILLING INC
812     L-3 COMMUNICATIONS HLDGS INC
440                       DAVITA INC
1136             QUANTA SERVICES INC
1112     PHARMACEUTICAL PROD DEV INC
1414       TOTAL SYSTEM SERVICES INC
Name: name, dtype: object
000000000000000000000
9    ORAGENICS INC
Name: name, dtype: object
000000000000000000000
159               ANIXTER INTL INC
1552                    WATSCO INC
1419    TAKE-TWO INTERACTIVE SFTWR
1000                   NETGEAR INC
10                        PAID INC
386               CYBEROPTICS CORP
642                     HEELYS INC
38                ACME UNITED CORP
1533             WILLDAN GROUP INC
Name: name, dtype: object
000000000000000000000
279                     CERNER CORP
803     LABORATORY CP OF AMER HLDGS
467                      EMDEON INC
820            LINCARE HOLDINGS INC
998                     NEUSTAR INC
75             ALIGN TECHNOLOGY INC
287                     CHEMED CORP
1306         SERVICESOURCE INTL INC
1278       SYNCHRONOSS TECHNOLOGIES
114                    ARBITRON INC
Name: name, dtype: object
000000000000000000000
12    TELKONET INC
Name: name, dtype: object
000000000000000000000
545                  FIRST SOLAR INC
723              INTREPID POTASH INC
1525    MEMC ELECTRONIC MATRIALS INC
234           BUFFALO WILD WINGS INC
1178                       REALD INC
1159          RUBICON TECHNOLOGY INC
625       HERITAGE-CRYSTAL CLEAN INC
13                 U S ANTIMONY CORP
1118                PRIMO WATER CORP
Name: name, dtype: object
000000000000000000000
1265                SCHLUMBERGER LTD
1015                       NEWS CORP
749             JOHNSON CONTROLS INC
262        COCA-COLA ENTERPRISES INC
231                   BORGWARNER INC
1520            WESTERN DIGITAL CORP
1407    TRW AUTOMOTIVE HOLDINGS CORP
882      MULTI-FINELINE ELECTRON INC
1481            VIASYSTEMS GROUP INC
1391         TOWER INTERNATIONAL INC
Name: name, dtype: object
000000000000000000000
755               JOHNSON & JOHNSON
1076                     PFIZER INC
921                      MERCK & CO
27              ABBOTT LABORATORIES
91                        AMGEN INC
212         BRISTOL-MYERS SQUIBB CO
815                LILLY (ELI) & CO
572             GILEAD SCIENCES INC
198                 BIOGEN IDEC INC
84      ALEXION PHARMACEUTICALS INC
Name: name, dtype: object
000000000000000000000
898                            3M CO
429                     DOW CHEMICAL
775              KIMBERLY-CLARK CORP
16                         ALCOA INC
1591             ZIMMER HOLDINGS INC
615               GRAINGER (W W) INC
1116                      PERRIGO CO
650     STARWOOD HOTELS&RESORTS WRLD
850                    LUBRIZOL CORP
1479                       VALHI INC
Name: name, dtype: object
000000000000000000000
1044        O'REILLY AUTOMOTIVE INC
18           ADVANCE AUTO PARTS INC
1408              TRACTOR SUPPLY CO
363                    COINSTAR INC
632                     HHGREGG INC
214               BODY CENTRAL CORP
1121      US AUTO PARTS NETWORK INC
589     GOLFSMITH INTL HOLDINGS INC
Name: name, dtype: object
000000000000000000000
19                     APPLE INC
375     COVENTRY HEALTH CARE INC
288       CHOICE HOTELS INTL INC
1474              VALUECLICK INC
1380                  TALEO CORP
1120                  DELTEK INC
859                  MARCHEX INC
637        DOT HILL SYSTEMS CORP
Name: name, dtype: object
000000000000000000000
1279                  SANDISK CORP
1195       ROPER INDUSTRIES INC/DE
88          ADVANCED MICRO DEVICES
1404        TRIMBLE NAVIGATION LTD
1088                   POLYCOM INC
838                       LSI CORP
384     CYPRESS SEMICONDUCTOR CORP
1362                  TERADYNE INC
252                     CAVIUM INC
1264      SILICON LABORATORIES INC
Name: name, dtype: object
000000000000000000000
1427        TEXAS INSTRUMENTS INC
698                  ILLUMINA INC
949     MAXIM INTEGRATED PRODUCTS
687                IDEXX LABS INC
1334       SKYWORKS SOLUTIONS INC
960     NATIONAL INSTRUMENTS CORP
595                 GEN-PROBE INC
1259    SIRONA DENTAL SYSTEMS INC
334                   CEPHEID INC
617              HAEMONETICS CORP
Name: name, dtype: object
000000000000000000000
860             MCKESSON CORP
242       CARDINAL HEALTH INC
22     AMERISOURCEBERGEN CORP
699          INGRAM MICRO INC
275           BRIGHTPOINT INC
961              NAVARRE CORP
Name: name, dtype: object
000000000000000000000
1468       UNITED TECHNOLOGIES CORP
396        DU PONT (E I) DE NEMOURS
648     HONEYWELL INTERNATIONAL INC
473             EMERSON ELECTRIC CO
760                      KELLOGG CO
314                     CUMMINS INC
497                      EATON CORP
716                   INTL PAPER CO
1080           PARKER-HANNIFIN CORP
428                      DOVER CORP
Name: name, dtype: object
000000000000000000000
97                   AUTONATION INC
1297    SPIRIT AEROSYSTEMS HOLDINGS
1054    PENSKE AUTOMOTIVE GROUP INC
1513    WESCO AIRCRAFT HOLDINGS INC
592          GROUP 1 AUTOMOTIVE INC
867                MDC HOLDINGS INC
1221    SONIC AUTOMOTIVE INC  -CL A
1213           RUSH ENTERPRISES INC
25      ASBURY AUTOMOTIVE GROUP INC
792        LITHIA MOTORS INC  -CL A
Name: name, dtype: object
000000000000000000000
1082    POLARIS INDUSTRIES INC
1352      TIMBERLAND CO  -CL A
659                    HSN INC
1204           RADIOSHACK CORP
480               ENTEGRIS INC
1016       NXSTAGE MEDICAL INC
1542      WABASH NATIONAL CORP
1300        SPARTAN STORES INC
28              ARCTIC CAT INC
117     ARDEN GROUP INC  -CL A
Name: name, dtype: object
000000000000000000000
1342               SYMANTEC CORP
238                       CA INC
208             BMC SOFTWARE INC
1244          SUCCESSFACTORS INC
1517                WEBSENSE INC
1180    RENAISSANCE LEARNING INC
29                  ACCELRYS INC
1303                SCIQUEST INC
1068                     PDI INC
Name: name, dtype: object
000000000000000000000
772                KRAFT FOODS INC
988     NATIONAL OILWELL VARCO INC
247     CAMERON INTERNATIONAL CORP
1154          RALCORP HOLDINGS INC
1356           TRANSDIGM GROUP INC
1488           VULCAN MATERIALS CO
31                   ARCH COAL INC
1188         ROCKWOOD HOLDINGS INC
350             CARBO CERAMICS INC
1218                  RAYONIER INC
Name: name, dtype: object
000000000000000000000
927                   MICROSOFT CORP
368               CITRIX SYSTEMS INC
1355                   TERADATA CORP
1002       NUANCE COMMUNICATIONS INC
102                        ANSYS INC
111                  ACME PACKET INC
912                  MORNINGSTAR INC
924     MEDICIS PHARMACEUT CP  -CL A
1147           QLIK TECHNOLOGIES INC
1198                    REALPAGE INC
Name: name, dtype: object
000000000000000000000
380             CVS CAREMARK CORP
1061     PRECISION CASTPARTS CORP
559         GENERAL DYNAMICS CORP
43      ARCHER-DANIELS-MIDLAND CO
1477                      VF CORP
1003                   NUCOR CORP
597                 GOODRICH CORP
591              GENUINE PARTS CO
1255           SIGMA-ALDRICH CORP
328          ROCKWELL COLLINS INC
Name: name, dtype: object
000000000000000000000
164                     BOEING CO
1337                  SAFEWAY INC
184              BE AEROSPACE INC
1227    SALLY BEAUTY HOLDINGS INC
1164                 RUDDICK CORP
347                  CARTER'S INC
966          99 CENTS ONLY STORES
904       MONRO MUFFLER BRAKE INC
1540             WEIS MARKETS INC
496     ETHAN ALLEN INTERIORS INC
Name: name, dtype: object
000000000000000000000
36          ACORDA THERAPEUTICS INC
1074             PETMED EXPRESS INC
370                      CUTERA INC
1353    TECHNICAL COMMUNICATIONS CP
Name: name, dtype: object
000000000000000000000
928          MOTOROLA SOLUTIONS INC
621                      HASBRO INC
1224                   SAPIENT CORP
68      APPLIED INDUSTRIAL TECH INC
122                 ARRIS GROUP INC
246                       CALIX INC
640                    HARMONIC INC
1029                   OMNICELL INC
746               JAKKS PACIFIC INC
1151                   QUANTUM CORP
Name: name, dtype: object
000000000000000000000
482                EOG RESOURCES INC
962                 NOBLE ENERGY INC
1139    PIONEER NATURAL RESOURCES CO
323             CABOT OIL & GAS CORP
1141    PLAINS EXPLORATION & PROD CO
1237            SANDRIDGE ENERGY INC
405     DUPONT FABROS TECHNOLOGY INC
564                       GEOEYE INC
1507             VANTAGE DRILLING CO
219                BPZ RESOURCES INC
Name: name, dtype: object
000000000000000000000
1233    SCICLONE PHARMACEUTICALS INC
438                    DATALINK CORP
41                    ADAMS GOLF INC
730                      IRIDEX CORP
Name: name, dtype: object
000000000000000000000
42    ADOLOR CORP
Name: name, dtype: object
000000000000000000000
44        AUTOMATIC DATA PROCESSING
1444    ULTIMATE SOFTWARE GROUP INC
1399                   TREE.COM INC
Name: name, dtype: object
000000000000000000000
1511      VERIZON COMMUNICATIONS INC
1219              SPRINT NEXTEL CORP
978                 NII HOLDINGS INC
1530                 WINDSTREAM CORP
693             INTL GAME TECHNOLOGY
1459                US CELLULAR CORP
1357    TELEPHONE & DATA SYSTEMS INC
1541              WMS INDUSTRIES INC
253              CINCINNATI BELL INC
317      CONSOLIDATED COMM HLDGS INC
Name: name, dtype: object
000000000000000000000
1480                      VIACOM INC
462     LAUDER (ESTEE) COS INC -CL A
1341                    STRYKER CORP
83                       ALTERA CORP
542       FOREST LABORATORIES  -CL A
1570                      XILINX INC
814           LINEAR TECHNOLOGY CORP
349                        CROCS INC
1371                   THORATEC CORP
46                        ADTRAN INC
Name: name, dtype: object
000000000000000000000
626       HEALTHCARE SERVICES GROUP
719      IPC THE HOSPITALIST CO INC
870    METROPOLITAN HLTH NTWRKS INC
475                   ENGLOBAL CORP
47              ADDUS HOMECARE CORP
226                    BSQUARE CORP
Name: name, dtype: object
000000000000000000000
1182     ROCKWELL MED TECHNOLOGIES
1412                    TRANS1 INC
1012    NETWORK EQUIPMENT TECH INC
1324               STEREOTAXIS INC
50          APPLIED ENERGETICS INC
1020    OCULUS INNOVATIVE SCIENCES
1443                  UROLOGIX INC
1004               NEUROMETRIX INC
Name: name, dtype: object
000000000000000000000
1538                WILLIAMS COS INC
1549            WILLIAMS PARTNERS LP
320                CONSOL ENERGY INC
51                          AES CORP
616                HYATT HOTELS CORP
1320                    QUESTAR CORP
348      CHARLES RIVER LABS INTL INC
636       HUNTINGTON INGALLS IND INC
1065               PATRIOT COAL CORP
889     MACQUARIE INFRASTRUCT CO LLC
Name: name, dtype: object
000000000000000000000
872     ALLSCRIPTS HEALTHCARE SOLTNS
220     BROADRIDGE FINANCIAL SOLUTNS
1099      PARAMETRIC TECHNOLOGY CORP
162             ASPEN TECHNOLOGY INC
169                   BLACKBOARD INC
752           JDA SOFTWARE GROUP INC
369                       CUBIC CORP
1186       RIGHTNOW TECHNOLOGIES INC
524                  FAIR ISAAC CORP
1396        DEALERTRACK HOLDINGS INC
Name: name, dtype: object
000000000000000000000
676           IAC/INTERACTIVECORP
424      DUNKIN' BRANDS GROUP INC
268    CADENCE DESIGN SYSTEMS INC
272         CAREER EDUCATION CORP
402                   DENNYS CORP
54            AFC ENTERPRISES INC
355                  CRYOLIFE INC
754                     JAMBA INC
794                LCA VISION INC
333                      COSI INC
Name: name, dtype: object
000000000000000000000
858         MICROCHIP TECHNOLOGY INC
774                  KLA-TENCOR CORP
1504    VARIAN SEMICONDUCTOR EQUIPMT
137                       ATMEL CORP
1422          TUPPERWARE BRANDS CORP
544     FREESCALE SMCNDCTR HLD I LTD
153                         AVX CORP
1557            WOODWARD GOVERNOR CO
1009            NOVELLUS SYSTEMS INC
926                   MICROSEMI CORP
Name: name, dtype: object
000000000000000000000
58                    ALLERGAN INC
1269     SALIX PHARMACEUTICALS LTD
1146                   QLOGIC CORP
525                 SOURCEFIRE INC
338                  CONCEPTUS INC
721                     INPHI CORP
1299              SPS COMMERCE INC
1033    OBAGI MEDICAL PRODUCTS INC
1450                 UROPLASTY INC
1087          PROCERA NETWORKS INC
Name: name, dtype: object
000000000000000000000
1445       UNITEDHEALTH GROUP INC
668                    HUMANA INC
59                AMERIGROUP CORP
1519    WELLCARE HEALTH PLANS INC
910         MOLINA HEALTHCARE INC
Name: name, dtype: object
000000000000000000000
450                        EBAY INC
410           QUEST DIAGNOSTICS INC
1058               PITNEY BOWES INC
1547         WASHINGTON POST  -CL B
942                      MASTEC INC
513              FTI CONSULTING INC
1473    VALASSIS COMMUNICATIONS INC
1041          ORBITAL SCIENCES CORP
652       HEARTLAND PAYMENT SYSTEMS
455           EURONET WORLDWIDE INC
Name: name, dtype: object
000000000000000000000
865                      MEDNAX INC
1150            QUALITY SYSTEMS INC
336     COMPUTER PROGRAMS & SYSTEMS
407              DG FASTCHANNEL INC
90                     AMEDISYS INC
804                   LHC GROUP INC
1416                 TECHTARGET INC
1462       U S PHYSICAL THERAPY INC
610     GENTIVA HEALTH SERVICES INC
61       ALLIED HEALTHCARE INTL INC
Name: name, dtype: object
000000000000000000000
304     CALAMOS ASSET MANAGEMENT INC
919             MARINE PRODUCTS CORP
1291                SPORT CHALET INC
66                         AIR T INC
1217              RELM WIRELESS CORP
933                    MANNATECH INC
571                 GIGA-TRONICS INC
Name: name, dtype: object
000000000000000000000
1500    VERTEX PHARMACEUTICALS INC
969                  NEOPROBE CORP
67              ANTARES PHARMA INC
1572                      XOMA LTD
680                       ICAD INC
Name: name, dtype: object
000000000000000000000
441             DEVON ENERGY CORP
1568            CIMAREX ENERGY CO
69        AKAMAI TECHNOLOGIES INC
107     APCO OIL AND GAS INTL INC
1446                    UNIT CORP
1245              SWIFT ENERGY CO
1250            STONE ENERGY CORP
1453           UNITED RENTALS INC
1201             RSC HOLDINGS INC
1496                   VENOCO INC
Name: name, dtype: object
000000000000000000000
1564                WYNN RESORTS LTD
844               SOUTHWEST AIRLINES
1432    UNITED CONTINENTAL HLDGS INC
1161     ROYAL CARIBBEAN CRUISES LTD
885        MGM RESORTS INTERNATIONAL
1170       REGAL ENTERTAINMENT GROUP
1428             TEXAS ROADHOUSE INC
76               ALLEGIANT TRAVEL CO
489                    EMERITUS CORP
1075     P F CHANGS CHINA BISTRO INC
Name: name, dtype: object
000000000000000000000
1411                     TESORO CORP
1365                      TEREX CORP
1543            WESTERN REFINING INC
608     GT ADVANCED TECHNOLOGIES INC
1290    SPECTRUM BRANDS HOLDINGS INC
418            DELEK US HOLDINGS INC
305     CALUMET SPECIALTY PRODS  -LP
1272        SUPER MICRO COMPUTER INC
77               ALON USA ENERGY INC
1262                  SKULLCANDY INC
Name: name, dtype: object
000000000000000000000
1077           PROCTER & GAMBLE CO
1581                YUM BRANDS INC
579                    CORNING INC
228            PEABODY ENERGY CORP
416              DISH NETWORK CORP
313     CHIPOTLE MEXICAN GRILL INC
151                  AVON PRODUCTS
1103               PANERA BREAD CO
1071      PENN NATIONAL GAMING INC
639                HECLA MINING CO
Name: name, dtype: object
000000000000000000000
1425                TIME WARNER INC
985           NORTHROP GRUMMAN CORP
887           MCGRAW-HILL COMPANIES
452                      ECOLAB INC
431     DR PEPPER SNAPPLE GROUP INC
1349        MOLSON COORS BREWING CO
1514                    WATERS CORP
764            KINETIC CONCEPTS INC
836               LAM RESEARCH CORP
1393          TEMPUR PEDIC INTL INC
Name: name, dtype: object
000000000000000000000
82    ALLOS THERAPEUTICS INC
Name: name, dtype: object
000000000000000000000
85        AMAG PHARMACEUTICALS INC
645             HANSEN MEDICAL INC
915     MOTORCAR PARTS OF AMER INC
280                     CERUS CORP
1092                PLUG POWER INC
269      CLEAN DIESEL TECHNOLOGIES
1522        WESTINGHOUSE SOLAR INC
Name: name, dtype: object
000000000000000000000
86    AMBIENT CORP
Name: name, dtype: object
000000000000000000000
221                   BROADCOM CORP
970       NETLOGIC MICROSYSTEMS INC
1594                     ZORAN CORP
87      APPLIED MICRO CIRCUITS CORP
344                        CRAY INC
930      MINDSPEED TECHNOLOGIES INC
950                   MAXLINEAR INC
1095             PLX TECHNOLOGY INC
1153                QUICKLOGIC CORP
171            BIGBAND NETWORKS INC
Name: name, dtype: object
000000000000000000000
1571                EXXON MOBIL CORP
382                     CHEVRON CORP
331                   CONOCOPHILLIPS
618                   HALLIBURTON CO
1228            SOUTHERN COPPER CORP
195                 BAKER HUGHES INC
630                        HESS CORP
109     AIR PRODUCTS & CHEMICALS INC
1316             ST JUDE MEDICAL INC
282       CF INDUSTRIES HOLDINGS INC
Name: name, dtype: object
000000000000000000000
515        FREEPORT-MCMORAN COP&GOLD
301     CLIFFS NATURAL RESOURCES INC
188                        BUNGE LTD
899     MAGELLAN MIDSTREAM PRTNRS LP
218              BUCKEYE PARTNERS LP
996                 NUSTAR ENERGY LP
810                         LKQ CORP
376                   CVR ENERGY INC
1433                 CVR PARTNERS LP
93        AMYLIN PHARMACEUTICALS INC
Name: name, dtype: object
000000000000000000000
1409    TESLA MOTORS INC  -REDH
96                   AMYRIS INC
104            A123 SYSTEMS INC
Name: name, dtype: object
000000000000000000000
101     ALPHA NATURAL RESOURCES INC
1535              WALTER ENERGY INC
1176                   ROCK-TENN CO
267        COEUR D'ALENE MINES CORP
821             CHENIERE ENERGY INC
1107         POPE RESOURCES/DE  -LP
1216            REVETT MINERALS INC
494               ESSEX RENTAL CORP
1544         GREAT WOLF RESORTS INC
1070            PACIFIC ETHANOL INC
Name: name, dtype: object
000000000000000000000
1051       OCCIDENTAL PETROLEUM CORP
106                      APACHE CORP
108          ANADARKO PETROLEUM CORP
922                MARATHON OIL CORP
1489                VIRGIN MEDIA INC
1145               QEP RESOURCES INC
651                HELMERICH & PAYNE
1127        PATTERSON-UTI ENERGY INC
1354                 TC PIPELINES LP
340     COMPLETE PRODUCTION SERVICES
Name: name, dtype: object
000000000000000000000
115                    ARIBA INC
1492                   VOCUS INC
1230    SCIENTIFIC LEARNING CORP
732         INSIGNIA SYSTEMS INC
Name: name, dtype: object
000000000000000000000
679     INTL BUSINESS MACHINES CORP
1577                     XEROX CORP
646             HARLEY-DAVIDSON INC
1199      DONNELLEY (R R) & SONS CO
373                  CONVERGYS CORP
1366                  TREDEGAR CORP
634                 HARTE HANKS INC
116       AMERICAN REPROGRAPHICS CO
1305           STANDARD REGISTER CO
633               HOOPER HOLMES INC
Name: name, dtype: object
000000000000000000000
842          LEUCADIA NATIONAL CORP
1336            SWISHER HYGIENE INC
1402       SPEEDWAY MOTORSPORTS INC
759             JAMES RIVER COAL CO
570     GULF ISLAND FABRICATION INC
1089           DOUGLAS DYNAMICS INC
119                    AMERIGON INC
1212                    RENTECH INC
1157       RAM ENERGY RESOURCES INC
543          REDDY ICE HOLDINGS INC
Name: name, dtype: object
000000000000000000000
888       MEDCO HEALTH SOLUTIONS INC
124            ARROW ELECTRONICS INC
1021                    OMNICARE INC
1252               MADDEN STEVEN LTD
469                  EMCOR GROUP INC
997          INSIGHT ENTERPRISES INC
322     COMPASS DIVERSIFIED HOLDINGS
1097                 PHARMERICA CORP
713                INNERWORKINGS INC
200                     BIOSCRIP INC
Name: name, dtype: object
000000000000000000000
250                  CATERPILLAR INC
299             COLGATE-PALMOLIVE CO
168         BAXTER INTERNATIONAL INC
412                     DANAHER CORP
1383    THERMO FISHER SCIENTIFIC INC
182            BECTON DICKINSON & CO
1347                      SYSCO CORP
891        MEAD JOHNSON NUTRITION CO
529                       FLUOR CORP
1333      STANLEY BLACK & DECKER INC
Name: name, dtype: object
000000000000000000000
1096    PHILIP MORRIS INTERNATIONAL
324                       COACH INC
662                      HERSHEY CO
1177              RALPH LAUREN CORP
1524         WHOLE FOODS MARKET INC
510                     FASTENAL CO
660                     HOSPIRA INC
538                      FOSSIL INC
1431               UNDER ARMOUR INC
720              IPG PHOTONICS CORP
Name: name, dtype: object
000000000000000000000
1319        STAMPS.COM INC
1589         ZIPREALTY INC
130     ASURE SOFTWARE INC
Name: name, dtype: object
000000000000000000000
590                 GOOGLE INC
468                EMC CORP/MA
1491          VMWARE INC -CL A
735     INTUITIVE SURGICAL INC
756       JUNIPER NETWORKS INC
133           ATHENAHEALTH INC
932          MICROSTRATEGY INC
357           COSTAR GROUP INC
832             LIVEPERSON INC
484              EPOCRATES INC
Name: name, dtype: object
000000000000000000000
1010                      NVR INC
411                D R HORTON INC
934           MERITAGE HOMES CORP
1055        PARLUX FRAGRANCES INC
692                       IGO INC
141                   AETRIUM INC
1449    UNIVERSAL POWER GROUP INC
Name: name, dtype: object
000000000000000000000
143     ACTIVISION BLIZZARD INC
487         ELECTRONIC ARTS INC
1098             PMC-SIERRA INC
281                    CEVA INC
1561          WEB.COM GROUP INC
902               MAKEMUSIC INC
Name: name, dtype: object
000000000000000000000
498     ENERGY TRANSFER PARTNERS -LP
495        ENERGY TRANSFER EQUITY LP
995                        INERGY LP
1027             OIL STATES INTL INC
769                       KIRBY CORP
1114      POLYPORE INTERNATIONAL INC
1294    SUPERIOR ENERGY SERVICES INC
144                  ATWOOD OCEANICS
224                BRISTOW GROUP INC
1501                      VIASAT INC
Name: name, dtype: object
000000000000000000000
869          MEDICINES CO
146         AUTHENTEC INC
1268    SOLTA MEDICAL INC
685       I D SYSTEMS INC
Name: name, dtype: object
000000000000000000000
152                     AVNET INC
1032            OWENS & MINOR INC
1518               WESCO INTL INC
1463        UNITED STATIONERS INC
947         MWI VETERINARY SUPPLY
185     BEACON ROOFING SUPPLY INC
717             INTER PARFUMS INC
1346                 SYSTEMAX INC
332      CORE MARK HOLDING CO INC
446           DXP ENTERPRISES INC
Name: name, dtype: object
000000000000000000000
155          HOMEAWAY INC
825           LOGMEIN INC
413     DICE HOLDINGS INC
1166             REIS INC
Name: name, dtype: object
000000000000000000000
1243                  SHUTTERFLY INC
166     EINSTEIN NOAH RESTAURANT GRP
1351    CARROLS RESTAURANT GROUP INC
1420                   MAC-GRAY CORP
1559     WARWICK VALLEY TELEPHONE CO
1125            POSTROCK ENERGY CORP
581                       GEOMET INC
Name: name, dtype: object
000000000000000000000
170    BREITBURN ENERGY PARTNERS LP
Name: name, dtype: object
000000000000000000000
175    BEACON POWER CORP
Name: name, dtype: object
000000000000000000000
178    BIOCRYST PHARMACEUTICALS INC
Name: name, dtype: object
000000000000000000000
187         BRIGHAM EXPLORATION CO
1018           OASIS PETROLEUM INC
629                  HECKMANN CORP
727     IRIDIUM COMMUNICATIONS INC
Name: name, dtype: object
000000000000000000000
196              SOTHEBY'S
239            CABELAS INC
654    HARBINGER GROUP INC
Name: name, dtype: object
000000000000000000000
1248    SAGENT PHARMACEUTICALS INC
835                      LRAD CORP
197                   BIDZ.COM INC
Name: name, dtype: object
000000000000000000000
201    ACTUATE CORP
Name: name, dtype: object
000000000000000000000
704          INFORMATICA CORP
553              FORTINET INC
377     COMMVAULT SYSTEMS INC
880         MERU NETWORKS INC
1298          SUPPORT.COM INC
230           BROADVISION INC
444            DATAWATCH CORP
Name: name, dtype: object
000000000000000000000
241    CADENCE PHARMACEUTICALS INC
Name: name, dtype: object
000000000000000000000
1144    QUESTCOR PHARMACEUTICALS INC
257        COLUMBIA LABORATORIES INC
1457            U S HOME SYSTEMS INC
Name: name, dtype: object
000000000000000000000
1143                  QUALCOMM INC
274                   CELGENE CORP
619            HANSEN NATURAL CORP
419         DOLBY LABORATORIES INC
259     CUBIST PHARMACEUTICALS INC
1495                VIROPHARMA INC
1257             SILICON IMAGE INC
1271             SMART BALANCE INC
Name: name, dtype: object
000000000000000000000
1113           PPG INDUSTRIES INC
264            CROWN HOLDINGS INC
1527               WHIRLPOOL CORP
620     HARMAN INTERNATIONAL INDS
1361                  TENNECO INC
1106                 POLYONE CORP
644                      HNI CORP
935                   MERITOR INC
1223             SANMINA-SCI CORP
951      MAXWELL TECHNOLOGIES INC
Name: name, dtype: object
000000000000000000000
493          EXPRESS SCRIPTS INC
290    CATALYST HEALTH SOLUTIONS
Name: name, dtype: object
000000000000000000000
294    STAR SCIENTIFIC INC
Name: name, dtype: object
000000000000000000000
307    CONTINENTAL RESOURCES INC
Name: name, dtype: object
000000000000000000000
310    CLEARWIRE CORP
Name: name, dtype: object
000000000000000000000
1063    METROPCS COMMUNICATIONS INC
342     CHENIERE ENERGY PARTNERS LP
840           LIFE TIME FITNESS INC
781                  KONA GRILL INC
557     GRANITE CITY FOOD & BREWERY
Name: name, dtype: object
000000000000000000000
1296    SPECTRUM PHARMACEUTICALS INC
771                KEYW HOLDING CORP
1130    PERNIX THERAPEUTICS HOLDINGS
353     CORNERSTONE THERAPEUTICS INC
Name: name, dtype: object
000000000000000000000
1059         PC CONNECTION INC
596         GP STRATEGIES CORP
1067         PDF SOLUTIONS INC
967        NETWORK ENGINES INC
707            INTERPHASE CORP
536     FORWARD INDUSTRIES INC
362                    CSP INC
Name: name, dtype: object
000000000000000000000
1499            VERISIGN INC
365     CONSTANT CONTACT INC
830       SPARK NETWORKS INC
Name: name, dtype: object
000000000000000000000
391    CYTORI THERAPEUTICS INC
Name: name, dtype: object
000000000000000000000
780                     COCA-COLA CO
1072                     PEPSICO INC
917          MARATHON PETROLEUM CORP
797                        LEAR CORP
1326                      SUNOCO INC
631               HOLLYFRONTIER CORP
434           DRESSER-RAND GROUP INC
688             ICAHN ENTERPRISES LP
1339    SUNOCO LOGISTICS PARTNERS LP
1472                    VISTEON CORP
Name: name, dtype: object
000000000000000000000
1215     RIVERBED TECHNOLOGY INC
1193                 ROLLINS INC
421                  DELUXE CORP
1478        VONAGE HOLDINGS CORP
1447           UNITED ONLINE INC
914                     MOVE INC
1573                XO GROUP INC
439     DUSA PHARMACEUTICALS INC
Name: name, dtype: object
000000000000000000000
521                 F5 NETWORKS INC
1332                 SOLARWINDS INC
953             MYRIAD GENETICS INC
1311    SS&C TECHNOLOGIES HLDGS INC
1413       TESSERA TECHNOLOGIES INC
568              GENOMIC HEALTH INC
1385                    TELENAV INC
422                   DIGIMARC CORP
Name: name, dtype: object
000000000000000000000
423    DENDREON CORP
Name: name, dtype: object
000000000000000000000
601          GLOBALSTAR INC
432    DELTA PETROLEUM CORP
Name: name, dtype: object
000000000000000000000
504           EXPEDIA INC
435     DIGITAL RIVER INC
1231    SOCKET MOBILE INC
Name: name, dtype: object
000000000000000000000
483     ENTERPRISE PRODS PRTNRS  -LP
846             LAS VEGAS SANDS CORP
776        KINDER MORGAN ENERGY  -LP
1203           REPUBLIC SERVICES INC
456      ENBRIDGE ENERGY PRTNRS  -LP
946      MARKWEST ENERGY PARTNERS LP
975      TARGA RESOURCES PARTNERS LP
1358                   TIDEWATER INC
1241    SELECT MEDICAL HOLDINGS CORP
479                 ENSIGN GROUP INC
Name: name, dtype: object
000000000000000000000
447    DAXOR CORP
Name: name, dtype: object
000000000000000000000
449    DYNEGY INC
Name: name, dtype: object
000000000000000000000
750    J2 GLOBAL COMMUNICATIONS INC
458                         8X8 INC
Name: name, dtype: object
000000000000000000000
1304     SEQUENOM INC
464     ELLIE MAE INC
Name: name, dtype: object
000000000000000000000
1590                     ZIX CORP
522     FRIENDFINDER NETWORKS INC
Name: name, dtype: object
000000000000000000000
1236    SELECT COMFORT CORP
1047      OVERSTOCK.COM INC
531       1-800-FLOWERS.COM
982            NAUTILUS INC
Name: name, dtype: object
000000000000000000000
535    AMICUS THERAPEUTICS INC
Name: name, dtype: object
000000000000000000000
974     NEWFIELD EXPLORATION CO
1451       ULTRA PETROLEUM CORP
547             FOREST OIL CORP
900      MCMORAN EXPLORATION CO
1115      PETROQUEST ENERGY INC
Name: name, dtype: object
000000000000000000000
1567         EXCO RESOURCES INC
561     GOODRICH PETROLEUM CORP
582           GMX RESOURCES INC
Name: name, dtype: object
000000000000000000000
562    GENERAL ELECTRIC CO
Name: name, dtype: object
000000000000000000000
565    GEVO INC
Name: name, dtype: object
000000000000000000000
1196                 ROVI CORP
578             GLU MOBILE INC
1133    PERVASIVE SOFTWARE INC
827              LOOKSMART LTD
Name: name, dtype: object
000000000000000000000
585    GENMARK DIAGNOSTICS INC
Name: name, dtype: object
000000000000000000000
586    COMPLETE GENOMICS INC
Name: name, dtype: object
000000000000000000000
666    HERTZ GLOBAL HOLDINGS INC
Name: name, dtype: object
000000000000000000000
701    IMMERSION CORP
Name: name, dtype: object
000000000000000000000
706    INFUSYSTEM HOLDINGS INC
Name: name, dtype: object
000000000000000000000
709    WORLD FUEL SERVICES CORP
Name: name, dtype: object
000000000000000000000
747    JAZZ PHARMACEUTICALS INC
Name: name, dtype: object
000000000000000000000
822                LINKEDIN CORP
1035     HIGHER ONE HOLDINGS INC
1275    SMITH MICRO SOFTWARE INC
Name: name, dtype: object
000000000000000000000
907           ALTRIA GROUP INC
1155     REYNOLDS AMERICAN INC
823              LORILLARD INC
834     LIQUIDITY SERVICES INC
Name: name, dtype: object
000000000000000000000
828    LOOPNET INC
Name: name, dtype: object
000000000000000000000
839    LIGHTBRIDGE CORP
Name: name, dtype: object
000000000000000000000
861    MOLYCORP INC
Name: name, dtype: object
000000000000000000000
1005    NU SKIN ENTERPRISES  -CL A
1461     USANA HEALTH SCIENCES INC
1001               NUTRISYSTEM INC
877                   MEDIFAST INC
Name: name, dtype: object
000000000000000000000
931    MCCORMICK & SCHMICKS SEAFOOD
Name: name, dtype: object
000000000000000000000
944    MICROVISION INC
Name: name, dtype: object
000000000000000000000
956    NABI BIOPHARMACEUTICALS
Name: name, dtype: object
000000000000000000000
973     NETFLIX INC
1372        THQ INC
Name: name, dtype: object
000000000000000000000
1397                TEJON RANCH CO
976     NATURAL GAS SERVICES GROUP
1062    PACIRA PHARMACEUTICALS INC
1452          UQM TECHNOLOGIES INC
Name: name, dtype: object
000000000000000000000
977    NICHOLAS FINANCIAL INC
Name: name, dtype: object
000000000000000000000
979    BLUE NILE INC
Name: name, dtype: object
000000000000000000000
1057    PRESTIGE BRANDS HOLDINGS
Name: name, dtype: object
000000000000000000000
1111    PILGRIM'S PRIDE CORP
Name: name, dtype: object
000000000000000000000
1132    PENN VIRGINIA CORP
Name: name, dtype: object
000000000000000000000
1179    REACHLOCAL INC
Name: name, dtype: object
000000000000000000000
1234    SUPERCONDUCTOR TECHNOLOGIES
Name: name, dtype: object
000000000000000000000
1260    SIX FLAGS ENTERTAINMENT CORP
Name: name, dtype: object
000000000000000000000
1281    SANTARUS INC
Name: name, dtype: object
000000000000000000000
1284    SOMAXON PHARMACEUTICALS INC
Name: name, dtype: object
000000000000000000000
1330    SAVIENT PHARMACEUTICALS INC
Name: name, dtype: object
000000000000000000000
1388    TERRA NITROGEN CO  -LP
Name: name, dtype: object
000000000000000000000
1426    TRANSWITCH CORP
Name: name, dtype: object
000000000000000000000
1430    MONOTYPE IMAGING HOLDINGS
Name: name, dtype: object
000000000000000000000
1497    VERMILLION INC
Name: name, dtype: object
000000000000000000000
1508    VERTRO INC
Name: name, dtype: object
000000000000000000000
1515    WAVE SYSTEMS CORP  -CL A
Name: name, dtype: object
000000000000000000000
1528    WORLD HEART CORP
Name: name, dtype: object
000000000000000000000
1531    WINMARK CORP
Name: name, dtype: object
000000000000000000000
1554    WAYSIDE TECHNOLOGY GROUP INC
Name: name, dtype: object
000000000000000000000
1588    ZIPCAR INC
Name: name, dtype: object
     hier.fact_157                                              names
0               87                       advanced cell technology inc
1              130  newmont mining corp,weyerhaeuser co,allegheny ...
2               92                        broadcast international inc
3               85                                        balqon corp
4              140  valero energy corp,plains all amer pipelne  -l...
5               96  sirius xm radio inc,hughes telematics inc,ecos...
6               19  intel corp,green mtn coffee roasters,gentex co...
7               22  mcdonald's corp,praxair inc,cbs corp,waste man...
8               79                                      oragenics inc
9              109  anixter intl inc,watsco inc,take-two interacti...
10              23  cerner corp,laboratory cp of amer hldgs,emdeon...
11             134                                       telkonet inc
12              90  first solar inc,intrepid potash inc,memc elect...
13              17  schlumberger ltd,news corp,johnson controls in...
14              46  johnson & johnson,pfizer inc,merck & co,abbott...
15              11  3m co,dow chemical,kimberly-clark corp,alcoa i...
16             104  o'reilly automotive inc,advance auto parts inc...
17              41  apple inc,coventry health care inc,choice hote...
18              68  sandisk corp,roper industries inc/de,advanced ...
19              72  texas instruments inc,illumina inc,maxim integ...
20              52  mckesson corp,cardinal health inc,amerisourceb...
21               0  united technologies corp,du pont (e i) de nemo...
22               7  autonation inc,spirit aerosystems holdings,pen...
23              77  polaris industries inc,timberland co  -cl a,hs...
24             105  symantec corp,ca inc,bmc software inc,successf...
25              21  kraft foods inc,national oilwell varco inc,cam...
26              13  microsoft corp,citrix systems inc,teradata cor...
27               4  cvs caremark corp,precision castparts corp,gen...
28              35  boeing co,safeway inc,be aerospace inc,sally b...
29              98  acorda therapeutics inc,petmed express inc,cut...
..             ...                                                ...
127             57                                        loopnet inc
128            150                                   lightbridge corp
129            107                                       molycorp inc
130            102  nu skin enterprises  -cl a,usana health scienc...
131             91                       mccormick & schmicks seafood
132            125                                    microvision inc
133             99                            nabi biopharmaceuticals
134             78                                netflix inc,thq inc
135            113  tejon ranch co,natural gas services group,paci...
136            119                             nicholas financial inc
137            106                                      blue nile inc
138             86                           prestige brands holdings
139            144                               pilgrim's pride corp
140            117                                 penn virginia corp
141            103                                     reachlocal inc
142            129                        superconductor technologies
143            124                       six flags entertainment corp
144            126                                       santarus inc
145             97                        somaxon pharmaceuticals inc
146            151                        savient pharmaceuticals inc
147             43                             terra nitrogen co  -lp
148            135                                    transwitch corp
149            136                          monotype imaging holdings
150            147                                     vermillion inc
151            154                                         vertro inc
152            100                           wave systems corp  -cl a
153             39                                   world heart corp
154             84                                       winmark corp
155            101                       wayside technology group inc
156            148                                         zipcar inc

[157 rows x 2 columns]
10101010
10101020
10102010
10102020
10102030
10102040
10102050
15101010
15101020
15101030
15101040
15101050
15102010
15103010
15103020
15104010
15104020
15104030
15104040
15104050
15105010
15105020
20101010
20102010
20103010
20104010
20104020
20105010
20106010
20106020
20107010
20201010
20201050
20201060
20201070
20202010
20202020
20301010
20302010
20303010
20304010
20304020
20305010
25101010
25101020
25102010
25102020
25201010
25201020
25201030
25201040
25201050
25202010
25202020
25203010
25203020
25203030
25301010
25301020
25301030
25301040
25302010
25302020
25401010
25401020
25401025
25401030
25401040
25501010
25502010
25502020
25503020
25504010
25504020
25504030
25504040
25504050
25504060
30101010
30101020
30101030
30201010
30201020
30201030
30202010
30202030
30203010
30301010
30302010
35101010
35101020
35102010
35102015
35102020
35102030
35103010
35201010
35202010
35203010
40102010
40201030
40202010
40203010
40402020
40402070
40403010
40403040
45101010
45102010
45102020
45103010
45103020
45103030
45201020
45202010
45202020
45203010
45203015
45203020
45203030
45204010
45301010
45301020
50101010
50101020
50102010
55102010
55104010
55105010
gics.157
25401020     1
20304010     1
25102010     1
25102020     1
25202020     1
25203030     1
25504030     1
30101010     1
30201020     1
20202010     1
40403010     1
40402020     1
40102010     1
40403040     1
25502010     2
25201040     2
20305010     2
20304020     2
25101020     2
25503020     2
20301010     2
45204010     2
40203010     2
25504060     2
40201030     2
15104030     2
30201010     3
55104010     3
25401025     3
25504020     3
            ..
25203010    18
20103010    18
25202010    18
10102030    18
45103020    19
45203020    20
45202020    21
10102040    21
35101020    23
25101010    23
35203010    24
20106010    25
30202030    26
45203010    31
35102015    31
15101050    31
20104010    32
10101020    33
25301040    33
35201010    34
45301010    36
35202010    36
20101010    37
10102020    38
45103010    49
45101010    49
45201020    52
20106020    55
45301020    64
35101010    69
Name: hier.fact_157, dtype: int64
hier.fact_157
39      1
118     1
117     1
79      1
40      1
116     1
115     1
43      1
108     1
107     1
106     1
103     1
101     1
100     1
99      1
57      1
97      1
95      1
92      1
91      1
89      1
88      1
87      1
86      1
85      1
84      1
83      1
82      1
81      1
80      1
       ..
46     19
7      19
6      19
140    20
75     20
35     20
94     20
19     21
64     22
38     23
24     24
18     24
72     24
123    25
23     25
55     25
130    27
13     29
68     30
8      30
28     31
131    31
49     39
22     42
20     49
21     51
70     55
0      88
4      90
11     97
Name: gics.157, dtype: int64
                n                                              names
hier.fact_157                                                       
0              88                       advanced cell technology inc
1               7  newmont mining corp,weyerhaeuser co,allegheny ...
2               7                        broadcast international inc
3              15                                        balqon corp
4              90  valero energy corp,plains all amer pipelne  -l...
5               3  sirius xm radio inc,hughes telematics inc,ecos...
6              19  intel corp,green mtn coffee roasters,gentex co...
7              19  mcdonald's corp,praxair inc,cbs corp,waste man...
8              30                                      oragenics inc
9              12  anixter intl inc,watsco inc,take-two interacti...
10              3  cerner corp,laboratory cp of amer hldgs,emdeon...
11             97                                       telkonet inc
12              4  first solar inc,intrepid potash inc,memc elect...
13             29  schlumberger ltd,news corp,johnson controls in...
14              7  johnson & johnson,pfizer inc,merck & co,abbott...
15              5  3m co,dow chemical,kimberly-clark corp,alcoa i...
16             12  o'reilly automotive inc,advance auto parts inc...
17             12  apple inc,coventry health care inc,choice hote...
18             24  sandisk corp,roper industries inc/de,advanced ...
19             21  texas instruments inc,illumina inc,maxim integ...
20             49  mckesson corp,cardinal health inc,amerisourceb...
21             51  united technologies corp,du pont (e i) de nemo...
22             42  autonation inc,spirit aerosystems holdings,pen...
23             25  polaris industries inc,timberland co  -cl a,hs...
24             24  symantec corp,ca inc,bmc software inc,successf...
25              4  kraft foods inc,national oilwell varco inc,cam...
26              4  microsoft corp,citrix systems inc,teradata cor...
27             10  cvs caremark corp,precision castparts corp,gen...
28             31  boeing co,safeway inc,be aerospace inc,sally b...
29              2  acorda therapeutics inc,petmed express inc,cut...
...            ..                                                ...
127             1                                        loopnet inc
128             2                                   lightbridge corp
129             1                                       molycorp inc
130            27  nu skin enterprises  -cl a,usana health scienc...
131            31                       mccormick & schmicks seafood
132             1                                    microvision inc
133             1                            nabi biopharmaceuticals
134             1                                netflix inc,thq inc
135             1  tejon ranch co,natural gas services group,paci...
136             1                             nicholas financial inc
137             1                                      blue nile inc
138             1                           prestige brands holdings
139            12                               pilgrim's pride corp
140            20                                 penn virginia corp
141             3                                     reachlocal inc
142             1                        superconductor technologies
143             1                       six flags entertainment corp
144             1                                       santarus inc
145             1                        somaxon pharmaceuticals inc
146            15                        savient pharmaceuticals inc
147             1                             terra nitrogen co  -lp
148             1                                    transwitch corp
149             1                          monotype imaging holdings
150             1                                     vermillion inc
151             1                                         vertro inc
152             1                           wave systems corp  -cl a
153             1                                   world heart corp
154             1                                       winmark corp
155             1                       wayside technology group inc
156             4                                         zipcar inc

[157 rows x 2 columns]
0 :  advanced cell technology inc
1 :  newmont mining corp,weyerhaeuser co,allegheny technologies inc,triumph group inc,gnc holdings inc,treehouse foods inc,stillwater mining co,tootsie roll industries inc,power integrations inc,rti intl metals inc
2 :  broadcast international inc
3 :  balqon corp
4 :  valero energy corp,plains all amer pipelne  -lp,celanese corp,endo pharmaceuticals hldgs,owens corning,solutia inc,federal-mogul corp,chart industries inc,ttm technologies inc,cooper-standard holdings inc
5 :  sirius xm radio inc,hughes telematics inc,ecosphere technologies inc
6 :  intel corp,green mtn coffee roasters,gentex corp,cree inc,veeco instruments inc,triquint semiconductor inc,cirrus logic inc,nuvasive inc,spansion inc,diodes inc
7 :  mcdonald's corp,praxair inc,cbs corp,waste management inc,diamond offshre drilling inc,l-3 communications hldgs inc,davita inc,quanta services inc,pharmaceutical prod dev inc,total system services inc
8 :  oragenics inc
9 :  anixter intl inc,watsco inc,take-two interactive sftwr,netgear inc,paid inc,cyberoptics corp,heelys inc,acme united corp,willdan group inc
10 :  cerner corp,laboratory cp of amer hldgs,emdeon inc,lincare holdings inc,neustar inc,align technology inc,chemed corp,servicesource intl inc,synchronoss technologies,arbitron inc
11 :  telkonet inc
12 :  first solar inc,intrepid potash inc,memc electronic matrials inc,buffalo wild wings inc,reald inc,rubicon technology inc,heritage-crystal clean inc,u s antimony corp,primo water corp
13 :  schlumberger ltd,news corp,johnson controls inc,coca-cola enterprises inc,borgwarner inc,western digital corp,trw automotive holdings corp,multi-fineline electron inc,viasystems group inc,tower international inc
14 :  johnson & johnson,pfizer inc,merck & co,abbott laboratories,amgen inc,bristol-myers squibb co,lilly (eli) & co,gilead sciences inc,biogen idec inc,alexion pharmaceuticals inc
15 :  3m co,dow chemical,kimberly-clark corp,alcoa inc,zimmer holdings inc,grainger (w w) inc,perrigo co,starwood hotels&resorts wrld,lubrizol corp,valhi inc
16 :  o'reilly automotive inc,advance auto parts inc,tractor supply co,coinstar inc,hhgregg inc,body central corp,us auto parts network inc,golfsmith intl holdings inc
17 :  apple inc,coventry health care inc,choice hotels intl inc,valueclick inc,taleo corp,deltek inc,marchex inc,dot hill systems corp
18 :  sandisk corp,roper industries inc/de,advanced micro devices,trimble navigation ltd,polycom inc,lsi corp,cypress semiconductor corp,teradyne inc,cavium inc,silicon laboratories inc
19 :  texas instruments inc,illumina inc,maxim integrated products,idexx labs inc,skyworks solutions inc,national instruments corp,gen-probe inc,sirona dental systems inc,cepheid inc,haemonetics corp
20 :  mckesson corp,cardinal health inc,amerisourcebergen corp,ingram micro inc,brightpoint inc,navarre corp
21 :  united technologies corp,du pont (e i) de nemours,honeywell international inc,emerson electric co,kellogg co,cummins inc,eaton corp,intl paper co,parker-hannifin corp,dover corp
22 :  autonation inc,spirit aerosystems holdings,penske automotive group inc,wesco aircraft holdings inc,group 1 automotive inc,mdc holdings inc,sonic automotive inc  -cl a,rush enterprises inc,asbury automotive group inc,lithia motors inc  -cl a
23 :  polaris industries inc,timberland co  -cl a,hsn inc,radioshack corp,entegris inc,nxstage medical inc,wabash national corp,spartan stores inc,arctic cat inc,arden group inc  -cl a
24 :  symantec corp,ca inc,bmc software inc,successfactors inc,websense inc,renaissance learning inc,accelrys inc,sciquest inc,pdi inc
25 :  kraft foods inc,national oilwell varco inc,cameron international corp,ralcorp holdings inc,transdigm group inc,vulcan materials co,arch coal inc,rockwood holdings inc,carbo ceramics inc,rayonier inc
26 :  microsoft corp,citrix systems inc,teradata corp,nuance communications inc,ansys inc,acme packet inc,morningstar inc,medicis pharmaceut cp  -cl a,qlik technologies inc,realpage inc
27 :  cvs caremark corp,precision castparts corp,general dynamics corp,archer-daniels-midland co,vf corp,nucor corp,goodrich corp,genuine parts co,sigma-aldrich corp,rockwell collins inc
28 :  boeing co,safeway inc,be aerospace inc,sally beauty holdings inc,ruddick corp,carter's inc,99 cents only stores,monro muffler brake inc,weis markets inc,ethan allen interiors inc
29 :  acorda therapeutics inc,petmed express inc,cutera inc,technical communications cp
30 :  motorola solutions inc,hasbro inc,sapient corp,applied industrial tech inc,arris group inc,calix inc,harmonic inc,omnicell inc,jakks pacific inc,quantum corp
31 :  eog resources inc,noble energy inc,pioneer natural resources co,cabot oil & gas corp,plains exploration & prod co,sandridge energy inc,dupont fabros technology inc,geoeye inc,vantage drilling co,bpz resources inc
32 :  sciclone pharmaceuticals inc,datalink corp,adams golf inc,iridex corp
33 :  adolor corp
34 :  automatic data processing,ultimate software group inc,tree.com inc
35 :  verizon communications inc,sprint nextel corp,nii holdings inc,windstream corp,intl game technology,us cellular corp,telephone & data systems inc,wms industries inc,cincinnati bell inc,consolidated comm hldgs inc
36 :  viacom inc,lauder (estee) cos inc -cl a,stryker corp,altera corp,forest laboratories  -cl a,xilinx inc,linear technology corp,crocs inc,thoratec corp,adtran inc
37 :  healthcare services group,ipc the hospitalist co inc,metropolitan hlth ntwrks inc,englobal corp,addus homecare corp,bsquare corp
38 :  rockwell med technologies,trans1 inc,network equipment tech inc,stereotaxis inc,applied energetics inc,oculus innovative sciences,urologix inc,neurometrix inc
39 :  williams cos inc,williams partners lp,consol energy inc,aes corp,hyatt hotels corp,questar corp,charles river labs intl inc,huntington ingalls ind inc,patriot coal corp,macquarie infrastruct co llc
40 :  allscripts healthcare soltns,broadridge financial solutns,parametric technology corp,aspen technology inc,blackboard inc,jda software group inc,cubic corp,rightnow technologies inc,fair isaac corp,dealertrack holdings inc
41 :  iac/interactivecorp,dunkin' brands group inc,cadence design systems inc,career education corp,dennys corp,afc enterprises inc,cryolife inc,jamba inc,lca vision inc,cosi inc
42 :  microchip technology inc,kla-tencor corp,varian semiconductor equipmt,atmel corp,tupperware brands corp,freescale smcndctr hld i ltd,avx corp,woodward governor co,novellus systems inc,microsemi corp
43 :  allergan inc,salix pharmaceuticals ltd,qlogic corp,sourcefire inc,conceptus inc,inphi corp,sps commerce inc,obagi medical products inc,uroplasty inc,procera networks inc
44 :  unitedhealth group inc,humana inc,amerigroup corp,wellcare health plans inc,molina healthcare inc
45 :  ebay inc,quest diagnostics inc,pitney bowes inc,washington post  -cl b,mastec inc,fti consulting inc,valassis communications inc,orbital sciences corp,heartland payment systems,euronet worldwide inc
46 :  mednax inc,quality systems inc,computer programs & systems,dg fastchannel inc,amedisys inc,lhc group inc,techtarget inc,u s physical therapy inc,gentiva health services inc,allied healthcare intl inc
47 :  calamos asset management inc,marine products corp,sport chalet inc,air t inc,relm wireless corp,mannatech inc,giga-tronics inc
48 :  vertex pharmaceuticals inc,neoprobe corp,antares pharma inc,xoma ltd,icad inc
49 :  devon energy corp,cimarex energy co,akamai technologies inc,apco oil and gas intl inc,unit corp,swift energy co,stone energy corp,united rentals inc,rsc holdings inc,venoco inc
50 :  wynn resorts ltd,southwest airlines,united continental hldgs inc,royal caribbean cruises ltd,mgm resorts international,regal entertainment group,texas roadhouse inc,allegiant travel co,emeritus corp,p f changs china bistro inc
51 :  tesoro corp,terex corp,western refining inc,gt advanced technologies inc,spectrum brands holdings inc,delek us holdings inc,calumet specialty prods  -lp,super micro computer inc,alon usa energy inc,skullcandy inc
52 :  procter & gamble co,yum brands inc,corning inc,peabody energy corp,dish network corp,chipotle mexican grill inc,avon products,panera bread co,penn national gaming inc,hecla mining co
53 :  time warner inc,northrop grumman corp,mcgraw-hill companies,ecolab inc,dr pepper snapple group inc,molson coors brewing co,waters corp,kinetic concepts inc,lam research corp,tempur pedic intl inc
54 :  allos therapeutics inc
55 :  amag pharmaceuticals inc,hansen medical inc,motorcar parts of amer inc,cerus corp,plug power inc,clean diesel technologies,westinghouse solar inc
56 :  ambient corp
57 :  broadcom corp,netlogic microsystems inc,zoran corp,applied micro circuits corp,cray inc,mindspeed technologies inc,maxlinear inc,plx technology inc,quicklogic corp,bigband networks inc
58 :  exxon mobil corp,chevron corp,conocophillips,halliburton co,southern copper corp,baker hughes inc,hess corp,air products & chemicals inc,st jude medical inc,cf industries holdings inc
59 :  freeport-mcmoran cop&gold,cliffs natural resources inc,bunge ltd,magellan midstream prtnrs lp,buckeye partners lp,nustar energy lp,lkq corp,cvr energy inc,cvr partners lp,amylin pharmaceuticals inc
60 :  tesla motors inc  -redh,amyris inc,a123 systems inc
61 :  alpha natural resources inc,walter energy inc,rock-tenn co,coeur d'alene mines corp,cheniere energy inc,pope resources/de  -lp,revett minerals inc,essex rental corp,great wolf resorts inc,pacific ethanol inc
62 :  occidental petroleum corp,apache corp,anadarko petroleum corp,marathon oil corp,virgin media inc,qep resources inc,helmerich & payne,patterson-uti energy inc,tc pipelines lp,complete production services
63 :  ariba inc,vocus inc,scientific learning corp,insignia systems inc
64 :  intl business machines corp,xerox corp,harley-davidson inc,donnelley (r r) & sons co,convergys corp,tredegar corp,harte hanks inc,american reprographics co,standard register co,hooper holmes inc
65 :  leucadia national corp,swisher hygiene inc,speedway motorsports inc,james river coal co,gulf island fabrication inc,douglas dynamics inc,amerigon inc,rentech inc,ram energy resources inc,reddy ice holdings inc
66 :  medco health solutions inc,arrow electronics inc,omnicare inc,madden steven ltd,emcor group inc,insight enterprises inc,compass diversified holdings,pharmerica corp,innerworkings inc,bioscrip inc
67 :  caterpillar inc,colgate-palmolive co,baxter international inc,danaher corp,thermo fisher scientific inc,becton dickinson & co,sysco corp,mead johnson nutrition co,fluor corp,stanley black & decker inc
68 :  philip morris international,coach inc,hershey co,ralph lauren corp,whole foods market inc,fastenal co,hospira inc,fossil inc,under armour inc,ipg photonics corp
69 :  stamps.com inc,ziprealty inc,asure software inc
70 :  google inc,emc corp/ma,vmware inc -cl a,intuitive surgical inc,juniper networks inc,athenahealth inc,microstrategy inc,costar group inc,liveperson inc,epocrates inc
71 :  nvr inc,d r horton inc,meritage homes corp,parlux fragrances inc,igo inc,aetrium inc,universal power group inc
72 :  activision blizzard inc,electronic arts inc,pmc-sierra inc,ceva inc,web.com group inc,makemusic inc
73 :  energy transfer partners -lp,energy transfer equity lp,inergy lp,oil states intl inc,kirby corp,polypore international inc,superior energy services inc,atwood oceanics,bristow group inc,viasat inc
74 :  medicines co,authentec inc,solta medical inc,i d systems inc
75 :  avnet inc,owens & minor inc,wesco intl inc,united stationers inc,mwi veterinary supply,beacon roofing supply inc,inter parfums inc,systemax inc,core mark holding co inc,dxp enterprises inc
76 :  homeaway inc,logmein inc,dice holdings inc,reis inc
77 :  shutterfly inc,einstein noah restaurant grp,carrols restaurant group inc,mac-gray corp,warwick valley telephone co,postrock energy corp,geomet inc
78 :  breitburn energy partners lp
79 :  beacon power corp
80 :  biocryst pharmaceuticals inc
81 :  brigham exploration co,oasis petroleum inc,heckmann corp,iridium communications inc
82 :  sotheby's,cabelas inc,harbinger group inc
83 :  sagent pharmaceuticals inc,lrad corp,bidz.com inc
84 :  actuate corp
85 :  informatica corp,fortinet inc,commvault systems inc,meru networks inc,support.com inc,broadvision inc,datawatch corp
86 :  cadence pharmaceuticals inc
87 :  questcor pharmaceuticals inc,columbia laboratories inc,u s home systems inc
88 :  qualcomm inc,celgene corp,hansen natural corp,dolby laboratories inc,cubist pharmaceuticals inc,viropharma inc,silicon image inc,smart balance inc
89 :  ppg industries inc,crown holdings inc,whirlpool corp,harman international inds,tenneco inc,polyone corp,hni corp,meritor inc,sanmina-sci corp,maxwell technologies inc
90 :  express scripts inc,catalyst health solutions
91 :  star scientific inc
92 :  continental resources inc
93 :  clearwire corp
94 :  metropcs communications inc,cheniere energy partners lp,life time fitness inc,kona grill inc,granite city food & brewery
95 :  spectrum pharmaceuticals inc,keyw holding corp,pernix therapeutics holdings,cornerstone therapeutics inc
96 :  pc connection inc,gp strategies corp,pdf solutions inc,network engines inc,interphase corp,forward industries inc,csp inc
97 :  verisign inc,constant contact inc,spark networks inc
98 :  cytori therapeutics inc
99 :  coca-cola co,pepsico inc,marathon petroleum corp,lear corp,sunoco inc,hollyfrontier corp,dresser-rand group inc,icahn enterprises lp,sunoco logistics partners lp,visteon corp
100 :  riverbed technology inc,rollins inc,deluxe corp,vonage holdings corp,united online inc,move inc,xo group inc,dusa pharmaceuticals inc
101 :  f5 networks inc,solarwinds inc,myriad genetics inc,ss&c technologies hldgs inc,tessera technologies inc,genomic health inc,telenav inc,digimarc corp
102 :  dendreon corp
103 :  globalstar inc,delta petroleum corp
104 :  expedia inc,digital river inc,socket mobile inc
105 :  enterprise prods prtnrs  -lp,las vegas sands corp,kinder morgan energy  -lp,republic services inc,enbridge energy prtnrs  -lp,markwest energy partners lp,targa resources partners lp,tidewater inc,select medical holdings corp,ensign group inc
106 :  daxor corp
107 :  dynegy inc
108 :  j2 global communications inc,8x8 inc
109 :  sequenom inc,ellie mae inc
110 :  zix corp,friendfinder networks inc
111 :  select comfort corp,overstock.com inc,1-800-flowers.com,nautilus inc
112 :  amicus therapeutics inc
113 :  newfield exploration co,ultra petroleum corp,forest oil corp,mcmoran exploration co,petroquest energy inc
114 :  exco resources inc,goodrich petroleum corp,gmx resources inc
115 :  general electric co
116 :  gevo inc
117 :  rovi corp,glu mobile inc,pervasive software inc,looksmart ltd
118 :  genmark diagnostics inc
119 :  complete genomics inc
120 :  hertz global holdings inc
121 :  immersion corp
122 :  infusystem holdings inc
123 :  world fuel services corp
124 :  jazz pharmaceuticals inc
125 :  linkedin corp,higher one holdings inc,smith micro software inc
126 :  altria group inc,reynolds american inc,lorillard inc,liquidity services inc
127 :  loopnet inc
128 :  lightbridge corp
129 :  molycorp inc
130 :  nu skin enterprises  -cl a,usana health sciences inc,nutrisystem inc,medifast inc
131 :  mccormick & schmicks seafood
132 :  microvision inc
133 :  nabi biopharmaceuticals
134 :  netflix inc,thq inc
135 :  tejon ranch co,natural gas services group,pacira pharmaceuticals inc,uqm technologies inc
136 :  nicholas financial inc
137 :  blue nile inc
138 :  prestige brands holdings
139 :  pilgrim's pride corp
140 :  penn virginia corp
141 :  reachlocal inc
142 :  superconductor technologies
143 :  six flags entertainment corp
144 :  santarus inc
145 :  somaxon pharmaceuticals inc
146 :  savient pharmaceuticals inc
147 :  terra nitrogen co  -lp
148 :  transwitch corp
149 :  monotype imaging holdings
150 :  vermillion inc
151 :  vertro inc
152 :  wave systems corp  -cl a
153 :  world heart corp
154 :  winmark corp
155 :  wayside technology group inc
156 :  zipcar inc
