********doing n_clusters= 68
getting quarter=q0 from ../data/fa_data/q0.csv
000000000000000000000
843                     DANAHER CORP
2861    THERMO FISHER SCIENTIFIC INC
337            BECTON DICKINSON & CO
1697     LABORATORY CP OF AMER HLDGS
840            QUEST DIAGNOSTICS INC
1487                    ILLUMINA INC
3104                     WATERS CORP
362         BIO-RAD LABORATORIES INC
2286                 PERKINELMER INC
422                      BRUKER CORP
Name: name, dtype: object
000000000000000000000
1221          GENERAL ELECTRIC CO
1514                   INTEL CORP
490               CATERPILLAR INC
1088    FREEPORT-MCMORAN COP&GOLD
969           EMERSON ELECTRIC CO
2550         SOUTHERN COPPER CORP
1560          ILLINOIS TOOL WORKS
630                   CUMMINS INC
1                       ALCOA INC
2270         PARKER-HANNIFIN CORP
Name: name, dtype: object
000000000000000000000
3225                  YUM BRANDS INC
740                         CSX CORP
2046           NORFOLK SOUTHERN CORP
2393           REYNOLDS AMERICAN INC
2348                  PUBLIC STORAGE
606     CLIFFS NATURAL RESOURCES INC
1759              SOUTHWEST AIRLINES
807              DELTA AIR LINES INC
2946    UNITED CONTINENTAL HLDGS INC
1656            KANSAS CITY SOUTHERN
Name: name, dtype: object
000000000000000000000
999             EQUITY RESIDENTIAL
2021     ANNALY CAPITAL MANAGEMENT
2292                  PROLOGIS INC
501     CB RICHARD ELLIS GROUP INC
2518                  RAYONIER INC
103      APARTMENT INVST & MGMT CO
1583        JONES LANG LASALLE INC
610          MACK-CALI REALTY CORP
825             DOUGLAS EMMETT INC
3166               WASHINGTON REIT
Name: name, dtype: object
000000000000000000000
95      AMERICAN INTERNATIONAL GROUP
2905               TRAVELERS COS INC
1661                      LOEWS CORP
128                    ALLSTATE CORP
2267           PROGRESSIVE CORP-OHIO
1370     HARTFORD FINANCIAL SERVICES
638               CNA FINANCIAL CORP
594        CINCINNATI FINANCIAL CORP
3165              BERKLEY (W R) CORP
1003        ERIE INDEMNITY CO  -CL A
Name: name, dtype: object
000000000000000000000
2375                    QUALCOMM INC
1250                     CORNING INC
519           CROWN CASTLE INTL CORP
849                DISH NETWORK CORP
2620             SIRIUS XM RADIO INC
1466                INTERDIGITAL INC
1531              IPG PHOTONICS CORP
2536                   ECHOSTAR CORP
59                        ADTRAN INC
1730    LORAL SPACE & COMMUNICATIONS
Name: name, dtype: object
000000000000000000000
1311              GRAINGER (W W) INC
1133                      FLUOR CORP
1065                     FASTENAL CO
1579    JACOBS ENGINEERING GROUP INC
1609                         KBR INC
3056             VULCAN MATERIALS CO
1817         MDU RESOURCES GROUP INC
2366             QUANTA SERVICES INC
2651                     SNAP-ON INC
36             AECOM TECHNOLOGY CORP
Name: name, dtype: object
000000000000000000000
1058                 FORD MOTOR CO
1251             GENERAL MOTORS CO
2209                    PACCAR INC
2761    STANLEY BLACK & DECKER INC
1393           HARLEY-DAVIDSON INC
2164       O'REILLY AUTOMOTIVE INC
1270              GENUINE PARTS CO
446                 BORGWARNER INC
173                 AUTONATION INC
1685                     LEAR CORP
Name: name, dtype: object
000000000000000000000
9                         APPLE INC
172                  AMAZON.COM INC
2085                      NEWS CORP
909                        EBAY INC
2213              PRICELINE.COM INC
3222                      YAHOO INC
2001                    NETFLIX INC
1050                    EXPEDIA INC
1773                    MACERICH CO
524     CLEAR CHANNEL OUTDOOR HLDGS
Name: name, dtype: object
000000000000000000000
383                   BLACKROCK INC
342          FRANKLIN RESOURCES INC
2746              STATE STREET CORP
452             BLACKSTONE GROUP LP
2897          PRICE (T. ROWE) GROUP
1564                    INVESCO LTD
149     AFFILIATED MANAGERS GRP INC
3259       OCH-ZIFF CAPITAL MGMT LP
1711                 LEGG MASON INC
2574             SEI INVESTMENTS CO
Name: name, dtype: object
000000000000000000000
1586             JOHNSON & JOHNSON
25             ABBOTT LABORATORIES
2773                  STRYKER CORP
1550        INTUITIVE SURGICAL INC
437         BOSTON SCIENTIFIC CORP
1040     EDWARDS LIFESCIENCES CORP
329                BARD (C.R.) INC
3027    VARIAN MEDICAL SYSTEMS INC
2464                    RESMED INC
1129              FLIR SYSTEMS INC
Name: name, dtype: object
000000000000000000000
2251                     PFIZER INC
150                       AMGEN INC
395         BRISTOL-MYERS SQUIBB CO
310        BAXTER INTERNATIONAL INC
1241            GILEAD SCIENCES INC
542                    CELGENE CORP
1700         LIFE TECHNOLOGIES CORP
2418           REGENERON PHARMACEUT
392     BIOMARIN PHARMACEUTICAL INC
2817                    TECHNE CORP
Name: name, dtype: object
000000000000000000000
1802                 MCKESSON CORP
1861          MARSH & MCLENNAN COS
469            CARDINAL HEALTH INC
2136                 OMNICOM GROUP
15          AMERISOURCEBERGEN CORP
1803                  MOODY'S CORP
3072          VERISK ANALYTICS INC
57      ALLIANCE DATA SYSTEMS CORP
1530      INTERPUBLIC GROUP OF COS
2444          ROBERT HALF INTL INC
Name: name, dtype: object
000000000000000000000
1594             JPMORGAN CHASE & CO
3123                WELLS FARGO & CO
460                    CITIGROUP INC
304             BANK OF AMERICA CORP
2306    PNC FINANCIAL SVCS GROUP INC
656       CAPITAL ONE FINANCIAL CORP
317                        BB&T CORP
2731              SUNTRUST BANKS INC
1122             FIFTH THIRD BANCORP
1924                 M & T BANK CORP
Name: name, dtype: object
000000000000000000000
2637                        SLM CORP
890                        DEVRY INC
541            CAREER EDUCATION CORP
410        BRIDGEPOINT EDUCATION INC
2739           STRAYER EDUCATION INC
196        AMERICAN PUBLIC EDUCATION
1729      GRAND CANYON EDUCATION INC
688             CAPELLA EDUCATION CO
2497               ROSETTA STONE INC
1702    LINCOLN EDUCATIONAL SERVICES
Name: name, dtype: object
000000000000000000000
208                ARES CAPITAL CORP
98            APOLLO INVESTMENT CORP
2639               SOLAR CAPITAL LTD
1183       FIFTH STREET FINANCE CORP
655     COMPASS DIVERSIFIED HOLDINGS
368     BLACKROCK KELSO CAPITAL CORP
1997           NEWSTAR FINANCIAL INC
2310     PENNANTPARK INVESTMENT CORP
1774        MAIN STREET CAPITAL CORP
1427    HERCULES TECH GROWTH CAP INC
Name: name, dtype: object
000000000000000000000
361                 BIOGEN IDEC INC
138     ALEXION PHARMACEUTICALS INC
3076     VERTEX PHARMACEUTICALS INC
3013       UNITED THERAPEUTICS CORP
1501                    INCYTE CORP
2592           SEATTLE GENETICS INC
38          ACORDA THERAPEUTICS INC
1810                   MEDICINES CO
3092                      VIVUS INC
2450      RIGEL PHARMACEUTICALS INC
Name: name, dtype: object
000000000000000000000
1334             HCA HOLDINGS INC
891                    DAVITA INC
2971    UNIVERSAL HEALTH SVCS INC
1807                   MEDNAX INC
2573              SEALED AIR CORP
2835        TENET HEALTHCARE CORP
794         CORRECTIONS CORP AMER
1224             GENON ENERGY INC
1378             HEALTHSOUTH CORP
1738      LIFEPOINT HOSPITALS INC
Name: name, dtype: object
000000000000000000000
292             AMERICAN EXPRESS CO
3187               WESTERN UNION CO
1399              HELMERICH & PAYNE
104                    ASSURANT INC
359                       SOTHEBY'S
465          CREDIT ACCEPTANCE CORP
2398                   BANKRATE INC
1789                       MBIA INC
1220                 GREEN DOT CORP
2327    PORTFOLIO RECOVRY ASSOC INC
Name: name, dtype: object
000000000000000000000
272        AVALONBAY COMMUNITIES INC
696            CAMDEN PROPERTY TRUST
2960                         UDR INC
2657      SENIOR HOUSING PPTYS TRUST
28       AMERICAN CAMPUS COMMUNITIES
1772      MID-AMERICA APT CMNTYS INC
959     EQUITY LIFESTYLE PROPERTIES 
1364              HOWARD HUGHES CORP
369      BROOKDALE SENIOR LIVING INC
2749             SUN COMMUNITIES INC
Name: name, dtype: object
000000000000000000000
2263             PROCTER & GAMBLE CO
1641                    COCA-COLA CO
2300     PHILIP MORRIS INTERNATIONAL
2239                     PEPSICO INC
1878                ALTRIA GROUP INC
601             COLGATE-PALMOLIVE CO
1600                      KELLOGG CO
954     LAUDER (ESTEE) COS INC -CL A
1848       MEAD JOHNSON NUTRITION CO
1421                      HERSHEY CO
Name: name, dtype: object
000000000000000000000
556         CAPITOL FEDERAL FINL INC
1544           INVESTORS BANCORP INC
3097      WESTAMERICA BANCORPORATION
493           CATHAY GENERAL BANCORP
75            ASTORIA FINANCIAL CORP
1209             GLACIER BANCORP INC
2260    PROVIDENT FINANCIAL SVCS INC
2163          ORITANI FINANCIAL CORP
396        BENEFICIAL MUTUAL BANCORP
1652           KEARNY FINANCIAL CORP
Name: name, dtype: object
000000000000000000000
3023                       VISA INC
1771                 MASTERCARD INC
1119    FIDELITY NATIONAL INFO SVCS
1121                     FISERV INC
2918      TOTAL SYSTEM SERVICES INC
1135      FLEETCOR TECHNOLOGIES INC
325                       BRINKS CO
34                ACI WORLDWIDE INC
930           EURONET WORLDWIDE INC
989     BOTTOMLINE TECHNOLOGIES INC
Name: name, dtype: object
000000000000000000000
1630        KIMBERLY-CLARK CORP
168         AMERICAN TOWER CORP
2476        ROCKWELL AUTOMATION
1628            KLA-TENCOR CORP
1746          LAM RESEARCH CORP
1394                HOLOGIC INC
2538    SBA COMMUNICATIONS CORP
2762     SKYWORKS SOLUTIONS INC
855      DOLBY LABORATORIES INC
707                    CREE INC
Name: name, dtype: object
000000000000000000000
828                    DEPOMED INC
2357         PAIN THERAPEUTICS INC
40      ACELRX PHARMACEUTICALS INC
2065               NEUROMETRIX INC
336                            NaN
480                            NaN
664                            NaN
944                            NaN
1445                           NaN
1633                           NaN
Name: name, dtype: object

TypeErrorTraceback (most recent call last)
C:\Users\richie\class_companies\analysis\overlap.py in <module>()
     58         print gdf.name[0:10]
     59         #print names
---> 60         names = ",".join( gdf.name[0:10].values.tolist())
     61         #names=0
     62 

TypeError: sequence item 4: expected string, float found
