********doing n_clusters= 68
getting quarter=q0 from ../data/fa_data/q0.csv
000000000000000000000
0    ADVANCED CELL TECHNOLOGY INC
Name: name, dtype: object
000000000000000000000
1096    PHILIP MORRIS INTERNATIONAL
968             NEWMONT MINING CORP
324                       COACH INC
662                      HERSHEY CO
1177              RALPH LAUREN CORP
1524         WHOLE FOODS MARKET INC
510                     FASTENAL CO
1562                WEYERHAEUSER CO
660                     HOSPIRA INC
538                      FOSSIL INC
Name: name, dtype: object
000000000000000000000
1342                  SYMANTEC CORP
238                          CA INC
208                BMC SOFTWARE INC
1244             SUCCESSFACTORS INC
1517                   WEBSENSE INC
1180       RENAISSANCE LEARNING INC
29                     ACCELRYS INC
1303                   SCIQUEST INC
1068                        PDI INC
2       BROADCAST INTERNATIONAL INC
Name: name, dtype: object
000000000000000000000
294        STAR SCIENTIFIC INC
391    CYTORI THERAPEUTICS INC
944            MICROVISION INC
3                  BALQON CORP
Name: name, dtype: object
000000000000000000000
780                     COCA-COLA CO
1072                     PEPSICO INC
1538                WILLIAMS COS INC
1549            WILLIAMS PARTNERS LP
917          MARATHON PETROLEUM CORP
1486              VALERO ENERGY CORP
320                CONSOL ENERGY INC
498     ENERGY TRANSFER PARTNERS -LP
1053    PLAINS ALL AMER PIPELNE  -LP
495        ENERGY TRANSFER EQUITY LP
Name: name, dtype: object
000000000000000000000
1077           PROCTER & GAMBLE CO
1581                YUM BRANDS INC
579                    CORNING INC
1564              WYNN RESORTS LTD
228            PEABODY ENERGY CORP
416              DISH NETWORK CORP
313     CHIPOTLE MEXICAN GRILL INC
151                  AVON PRODUCTS
1258           SIRIUS XM RADIO INC
844             SOUTHWEST AIRLINES
Name: name, dtype: object
000000000000000000000
710                    INTEL CORP
1427        TEXAS INSTRUMENTS INC
580     GREEN MTN COFFEE ROASTERS
698                  ILLUMINA INC
949     MAXIM INTEGRATED PRODUCTS
687                IDEXX LABS INC
1334       SKYWORKS SOLUTIONS INC
588                   GENTEX CORP
346                      CREE INC
960     NATIONAL INSTRUMENTS CORP
Name: name, dtype: object
000000000000000000000
679     INTL BUSINESS MACHINES CORP
857                 MCDONALD'S CORP
1425                TIME WARNER INC
1138                    PRAXAIR INC
258                        CBS CORP
1536           WASTE MANAGEMENT INC
985           NORTHROP GRUMMAN CORP
887           MCGRAW-HILL COMPANIES
452                      ECOLAB INC
1577                     XEROX CORP
Name: name, dtype: object
000000000000000000000
1330    SAVIENT PHARMACEUTICALS INC
535         AMICUS THERAPEUTICS INC
9                     ORAGENICS INC
Name: name, dtype: object
000000000000000000000
152                      AVNET INC
159               ANIXTER INTL INC
1552                    WATSCO INC
1032             OWENS & MINOR INC
1518                WESCO INTL INC
1463         UNITED STATIONERS INC
1419    TAKE-TWO INTERACTIVE SFTWR
1000                   NETGEAR INC
947          MWI VETERINARY SUPPLY
185      BEACON ROOFING SUPPLY INC
Name: name, dtype: object
000000000000000000000
279                      CERNER CORP
803      LABORATORY CP OF AMER HLDGS
872     ALLSCRIPTS HEALTHCARE SOLTNS
865                       MEDNAX INC
1150             QUALITY SYSTEMS INC
220     BROADRIDGE FINANCIAL SOLUTNS
467                       EMDEON INC
1099      PARAMETRIC TECHNOLOGY CORP
820             LINCARE HOLDINGS INC
998                      NEUSTAR INC
Name: name, dtype: object
000000000000000000000
493          EXPRESS SCRIPTS INC
860                MCKESSON CORP
242          CARDINAL HEALTH INC
22        AMERISOURCEBERGEN CORP
699             INGRAM MICRO INC
290    CATALYST HEALTH SOLUTIONS
275              BRIGHTPOINT INC
961                 NAVARRE CORP
12                  TELKONET INC
Name: name, dtype: object
000000000000000000000
545                  FIRST SOLAR INC
723              INTREPID POTASH INC
1525    MEMC ELECTRONIC MATRIALS INC
234           BUFFALO WILD WINGS INC
1178                       REALD INC
1397                  TEJON RANCH CO
1159          RUBICON TECHNOLOGY INC
625       HERITAGE-CRYSTAL CLEAN INC
13                 U S ANTIMONY CORP
1118                PRIMO WATER CORP
Name: name, dtype: object
000000000000000000000
1265               SCHLUMBERGER LTD
1468       UNITED TECHNOLOGIES CORP
1015                      NEWS CORP
396        DU PONT (E I) DE NEMOURS
648     HONEYWELL INTERNATIONAL INC
473             EMERSON ELECTRIC CO
749            JOHNSON CONTROLS INC
760                      KELLOGG CO
314                     CUMMINS INC
497                      EATON CORP
Name: name, dtype: object
000000000000000000000
755           JOHNSON & JOHNSON
1076                 PFIZER INC
921                  MERCK & CO
1143               QUALCOMM INC
27          ABBOTT LABORATORIES
91                    AMGEN INC
212     BRISTOL-MYERS SQUIBB CO
815            LILLY (ELI) & CO
572         GILEAD SCIENCES INC
274                CELGENE CORP
Name: name, dtype: object
000000000000000000000
898                         3M CO
380             CVS CAREMARK CORP
429                  DOW CHEMICAL
775           KIMBERLY-CLARK CORP
1061     PRECISION CASTPARTS CORP
559         GENERAL DYNAMICS CORP
43      ARCHER-DANIELS-MIDLAND CO
16                      ALCOA INC
1477                      VF CORP
1003                   NUCOR CORP
Name: name, dtype: object
000000000000000000000
164                     BOEING CO
1044      O'REILLY AUTOMOTIVE INC
1337                  SAFEWAY INC
18         ADVANCE AUTO PARTS INC
1408            TRACTOR SUPPLY CO
1082       POLARIS INDUSTRIES INC
184              BE AEROSPACE INC
1227    SALLY BEAUTY HOLDINGS INC
1352         TIMBERLAND CO  -CL A
1164                 RUDDICK CORP
Name: name, dtype: object
000000000000000000000
19                       APPLE INC
450                       EBAY INC
888     MEDCO HEALTH SOLUTIONS INC
410          QUEST DIAGNOSTICS INC
375       COVENTRY HEALTH CARE INC
1058              PITNEY BOWES INC
124          ARROW ELECTRONICS INC
1021                  OMNICARE INC
1547        WASHINGTON POST  -CL B
942                     MASTEC INC
Name: name, dtype: object
000000000000000000000
1480                      VIACOM INC
58                      ALLERGAN INC
462     LAUDER (ESTEE) COS INC -CL A
1341                    STRYKER CORP
83                       ALTERA CORP
542       FOREST LABORATORIES  -CL A
1279                    SANDISK CORP
1570                      XILINX INC
1195         ROPER INDUSTRIES INC/DE
814           LINEAR TECHNOLOGY CORP
Name: name, dtype: object
000000000000000000000
97                   AUTONATION INC
1297    SPIRIT AEROSYSTEMS HOLDINGS
1054    PENSKE AUTOMOTIVE GROUP INC
1513    WESCO AIRCRAFT HOLDINGS INC
592          GROUP 1 AUTOMOTIVE INC
867                MDC HOLDINGS INC
1221    SONIC AUTOMOTIVE INC  -CL A
1213           RUSH ENTERPRISES INC
25      ASBURY AUTOMOTIVE GROUP INC
792        LITHIA MOTORS INC  -CL A
Name: name, dtype: object
000000000000000000000
772                  KRAFT FOODS INC
515        FREEPORT-MCMORAN COP&GOLD
988       NATIONAL OILWELL VARCO INC
247       CAMERON INTERNATIONAL CORP
301     CLIFFS NATURAL RESOURCES INC
188                        BUNGE LTD
899     MAGELLAN MIDSTREAM PRTNRS LP
218              BUCKEYE PARTNERS LP
1154            RALCORP HOLDINGS INC
1356             TRANSDIGM GROUP INC
Name: name, dtype: object
000000000000000000000
927                MICROSOFT CORP
590                    GOOGLE INC
468                   EMC CORP/MA
1491             VMWARE INC -CL A
735        INTUITIVE SURGICAL INC
368            CITRIX SYSTEMS INC
756          JUNIPER NETWORKS INC
1355                TERADATA CORP
1002    NUANCE COMMUNICATIONS INC
102                     ANSYS INC
Name: name, dtype: object
000000000000000000000
907               ALTRIA GROUP INC
1155         REYNOLDS AMERICAN INC
823                  LORILLARD INC
1388        TERRA NITROGEN CO  -LP
1005    NU SKIN ENTERPRISES  -CL A
36         ACORDA THERAPEUTICS INC
1236           SELECT COMFORT CORP
834         LIQUIDITY SERVICES INC
1461     USANA HEALTH SCIENCES INC
1001               NUTRISYSTEM INC
Name: name, dtype: object
000000000000000000000
482                EOG RESOURCES INC
962                 NOBLE ENERGY INC
1139    PIONEER NATURAL RESOURCES CO
323             CABOT OIL & GAS CORP
974          NEWFIELD EXPLORATION CO
1451            ULTRA PETROLEUM CORP
1141    PLAINS EXPLORATION & PROD CO
1237            SANDRIDGE ENERGY INC
547                  FOREST OIL CORP
900           MCMORAN EXPLORATION CO
Name: name, dtype: object
000000000000000000000
1248      SAGENT PHARMACEUTICALS INC
1233    SCICLONE PHARMACEUTICALS INC
438                    DATALINK CORP
835                        LRAD CORP
41                    ADAMS GOLF INC
730                      IRIDEX CORP
197                     BIDZ.COM INC
Name: name, dtype: object
000000000000000000000
155                  HOMEAWAY INC
825                   LOGMEIN INC
413             DICE HOLDINGS INC
1590                     ZIX CORP
1166                     REIS INC
42                    ADOLOR CORP
522     FRIENDFINDER NETWORKS INC
Name: name, dtype: object
000000000000000000000
44        AUTOMATIC DATA PROCESSING
973                     NETFLIX INC
676             IAC/INTERACTIVECORP
424        DUNKIN' BRANDS GROUP INC
268      CADENCE DESIGN SYSTEMS INC
1243                 SHUTTERFLY INC
1444    ULTIMATE SOFTWARE GROUP INC
272           CAREER EDUCATION CORP
402                     DENNYS CORP
54              AFC ENTERPRISES INC
Name: name, dtype: object
000000000000000000000
1511    VERIZON COMMUNICATIONS INC
1051     OCCIDENTAL PETROLEUM CORP
106                    APACHE CORP
108        ANADARKO PETROLEUM CORP
441              DEVON ENERGY CORP
922              MARATHON OIL CORP
1219            SPRINT NEXTEL CORP
1489              VIRGIN MEDIA INC
978               NII HOLDINGS INC
1530               WINDSTREAM CORP
Name: name, dtype: object
000000000000000000000
626        HEALTHCARE SERVICES GROUP
719       IPC THE HOSPITALIST CO INC
1059               PC CONNECTION INC
596               GP STRATEGIES CORP
870     METROPOLITAN HLTH NTWRKS INC
1067               PDF SOLUTIONS INC
475                    ENGLOBAL CORP
47               ADDUS HOMECARE CORP
967              NETWORK ENGINES INC
226                     BSQUARE CORP
Name: name, dtype: object
000000000000000000000
858         MICROCHIP TECHNOLOGY INC
774                  KLA-TENCOR CORP
1504    VARIAN SEMICONDUCTOR EQUIPMT
137                       ATMEL CORP
1422          TUPPERWARE BRANDS CORP
544     FREESCALE SMCNDCTR HLD I LTD
153                         AVX CORP
1557            WOODWARD GOVERNOR CO
1009            NOVELLUS SYSTEMS INC
926                   MICROSEMI CORP
Name: name, dtype: object
000000000000000000000
1445       UNITEDHEALTH GROUP INC
668                    HUMANA INC
504                   EXPEDIA INC
59                AMERIGROUP CORP
1519    WELLCARE HEALTH PLANS INC
910         MOLINA HEALTHCARE INC
435             DIGITAL RIVER INC
979                 BLUE NILE INC
1231            SOCKET MOBILE INC
Name: name, dtype: object
000000000000000000000
221                   BROADCOM CORP
1500     VERTEX PHARMACEUTICALS INC
970       NETLOGIC MICROSYSTEMS INC
1594                     ZORAN CORP
87      APPLIED MICRO CIRCUITS CORP
969                   NEOPROBE CORP
67               ANTARES PHARMA INC
344                        CRAY INC
930      MINDSPEED TECHNOLOGIES INC
950                   MAXLINEAR INC
Name: name, dtype: object
000000000000000000000
704                 INFORMATICA CORP
553                     FORTINET INC
1144    QUESTCOR PHARMACEUTICALS INC
377            COMMVAULT SYSTEMS INC
257        COLUMBIA LABORATORIES INC
1281                    SANTARUS INC
82            ALLOS THERAPEUTICS INC
880                MERU NETWORKS INC
1298                 SUPPORT.COM INC
230                  BROADVISION INC
Name: name, dtype: object
000000000000000000000
750     J2 GLOBAL COMMUNICATIONS INC
828                      LOOPNET INC
1430       MONOTYPE IMAGING HOLDINGS
458                          8X8 INC
86                      AMBIENT CORP
Name: name, dtype: object
000000000000000000000
1571            EXXON MOBIL CORP
382                 CHEVRON CORP
331               CONOCOPHILLIPS
250              CATERPILLAR INC
299         COLGATE-PALMOLIVE CO
618               HALLIBURTON CO
168     BAXTER INTERNATIONAL INC
412                 DANAHER CORP
1228        SOUTHERN COPPER CORP
195             BAKER HUGHES INC
Name: name, dtype: object
000000000000000000000
666      HERTZ GLOBAL HOLDINGS INC
187         BRIGHAM EXPLORATION CO
1409       TESLA MOTORS INC  -REDH
1018           OASIS PETROLEUM INC
96                      AMYRIS INC
1588                    ZIPCAR INC
629                  HECKMANN CORP
104               A123 SYSTEMS INC
727     IRIDIUM COMMUNICATIONS INC
Name: name, dtype: object
000000000000000000000
822                LINKEDIN CORP
1499                VERISIGN INC
115                    ARIBA INC
1035     HIGHER ONE HOLDINGS INC
1304                SEQUENOM INC
365         CONSTANT CONTACT INC
1492                   VOCUS INC
464                ELLIE MAE INC
1275    SMITH MICRO SOFTWARE INC
830           SPARK NETWORKS INC
Name: name, dtype: object
000000000000000000000
842           LEUCADIA NATIONAL CORP
1260    SIX FLAGS ENTERTAINMENT CORP
1336             SWISHER HYGIENE INC
1402        SPEEDWAY MOTORSPORTS INC
759              JAMES RIVER COAL CO
570      GULF ISLAND FABRICATION INC
1089            DOUGLAS DYNAMICS INC
119                     AMERIGON INC
1212                     RENTECH INC
1157        RAM ENERGY RESOURCES INC
Name: name, dtype: object
000000000000000000000
1319              STAMPS.COM INC
1515    WAVE SYSTEMS CORP  -CL A
1589               ZIPREALTY INC
1508                  VERTRO INC
130           ASURE SOFTWARE INC
Name: name, dtype: object
000000000000000000000
1010                      NVR INC
411                D R HORTON INC
934           MERITAGE HOMES CORP
1055        PARLUX FRAGRANCES INC
692                       IGO INC
141                   AETRIUM INC
1449    UNIVERSAL POWER GROUP INC
Name: name, dtype: object
000000000000000000000
143         ACTIVISION BLIZZARD INC
487             ELECTRONIC ARTS INC
521                 F5 NETWORKS INC
1196                      ROVI CORP
1215        RIVERBED TECHNOLOGY INC
1193                    ROLLINS INC
1332                 SOLARWINDS INC
953             MYRIAD GENETICS INC
1098                 PMC-SIERRA INC
1311    SS&C TECHNOLOGIES HLDGS INC
Name: name, dtype: object
000000000000000000000
869                     MEDICINES CO
1296    SPECTRUM PHARMACEUTICALS INC
771                KEYW HOLDING CORP
1130    PERNIX THERAPEUTICS HOLDINGS
353     CORNERSTONE THERAPEUTICS INC
146                    AUTHENTEC INC
1268               SOLTA MEDICAL INC
931     MCCORMICK & SCHMICKS SEAFOOD
685                  I D SYSTEMS INC
Name: name, dtype: object
000000000000000000000
307       CONTINENTAL RESOURCES INC
170    BREITBURN ENERGY PARTNERS LP
Name: name, dtype: object
000000000000000000000
175    BEACON POWER CORP
Name: name, dtype: object
000000000000000000000
562             GENERAL ELECTRIC CO
178    BIOCRYST PHARMACEUTICALS INC
Name: name, dtype: object
000000000000000000000
483     ENTERPRISE PRODS PRTNRS  -LP
846             LAS VEGAS SANDS CORP
776        KINDER MORGAN ENERGY  -LP
1203           REPUBLIC SERVICES INC
456      ENBRIDGE ENERGY PRTNRS  -LP
946      MARKWEST ENERGY PARTNERS LP
975      TARGA RESOURCES PARTNERS LP
1358                   TIDEWATER INC
196                        SOTHEBY'S
239                      CABELAS INC
Name: name, dtype: object
000000000000000000000
201      ACTUATE CORP
701    IMMERSION CORP
Name: name, dtype: object
000000000000000000000
241    CADENCE PHARMACEUTICALS INC
Name: name, dtype: object
000000000000000000000
310          CLEARWIRE CORP
601          GLOBALSTAR INC
432    DELTA PETROLEUM CORP
Name: name, dtype: object
000000000000000000000
423    DENDREON CORP
565         GEVO INC
Name: name, dtype: object
000000000000000000000
447    DAXOR CORP
Name: name, dtype: object
000000000000000000000
449    DYNEGY INC
Name: name, dtype: object
000000000000000000000
1567         EXCO RESOURCES INC
561     GOODRICH PETROLEUM CORP
582           GMX RESOURCES INC
Name: name, dtype: object
000000000000000000000
585    GENMARK DIAGNOSTICS INC
Name: name, dtype: object
000000000000000000000
709         WORLD FUEL SERVICES CORP
1554    WAYSIDE TECHNOLOGY GROUP INC
Name: name, dtype: object
000000000000000000000
747     JAZZ PHARMACEUTICALS INC
1057    PRESTIGE BRANDS HOLDINGS
Name: name, dtype: object
000000000000000000000
861    MOLYCORP INC
Name: name, dtype: object
000000000000000000000
956    NABI BIOPHARMACEUTICALS
Name: name, dtype: object
000000000000000000000
977    NICHOLAS FINANCIAL INC
Name: name, dtype: object
000000000000000000000
1111    PILGRIM'S PRIDE CORP
Name: name, dtype: object
000000000000000000000
1132    PENN VIRGINIA CORP
Name: name, dtype: object
000000000000000000000
1179    REACHLOCAL INC
Name: name, dtype: object
000000000000000000000
1234    SUPERCONDUCTOR TECHNOLOGIES
Name: name, dtype: object
000000000000000000000
1284    SOMAXON PHARMACEUTICALS INC
Name: name, dtype: object
000000000000000000000
1426    TRANSWITCH CORP
Name: name, dtype: object
000000000000000000000
1497    VERMILLION INC
Name: name, dtype: object
000000000000000000000
1528    WORLD HEART CORP
Name: name, dtype: object
000000000000000000000
1531    WINMARK CORP
Name: name, dtype: object
    hier.fact_068                                              names
0              43                       advanced cell technology inc
1              54  philip morris international,newmont mining cor...
2              45  symantec corp,ca inc,bmc software inc,successf...
3               8  star scientific inc,cytori therapeutics inc,mi...
4               2  coca-cola co,pepsico inc,williams cos inc,will...
5              37  procter & gamble co,yum brands inc,corning inc...
6              60  intel corp,texas instruments inc,green mtn cof...
7              19  intl business machines corp,mcdonald's corp,ti...
8               9  savient pharmaceuticals inc,amicus therapeutic...
9              46  avnet inc,anixter intl inc,watsco inc,owens & ...
10              6  cerner corp,laboratory cp of amer hldgs,allscr...
11             21  express scripts inc,mckesson corp,cardinal hea...
12             38  first solar inc,intrepid potash inc,memc elect...
13             40  schlumberger ltd,united technologies corp,news...
14             65  johnson & johnson,pfizer inc,merck & co,qualco...
15             12  3m co,cvs caremark corp,dow chemical,kimberly-...
16             26  boeing co,o'reilly automotive inc,safeway inc,...
17             11  apple inc,ebay inc,medco health solutions inc,...
18             34  viacom inc,allergan inc,lauder (estee) cos inc...
19             33  autonation inc,spirit aerosystems holdings,pen...
20             15  kraft foods inc,freeport-mcmoran cop&gold,nati...
21             31  microsoft corp,google inc,emc corp/ma,vmware i...
22             18  altria group inc,reynolds american inc,lorilla...
23             10  eog resources inc,noble energy inc,pioneer nat...
24             61  sagent pharmaceuticals inc,sciclone pharmaceut...
25             13  homeaway inc,logmein inc,dice holdings inc,zix...
26             25  automatic data processing,netflix inc,iac/inte...
27              0  verizon communications inc,occidental petroleu...
28             23  healthcare services group,ipc the hospitalist ...
29              1  microchip technology inc,kla-tencor corp,varia...
..            ...                                                ...
38             66  stamps.com inc,wave systems corp  -cl a,ziprea...
39             62  nvr inc,d r horton inc,meritage homes corp,par...
40             24  activision blizzard inc,electronic arts inc,f5...
41             17  medicines co,spectrum pharmaceuticals inc,keyw...
42             27  continental resources inc,breitburn energy par...
43             47                                  beacon power corp
44             55   general electric co,biocryst pharmaceuticals inc
45             29  enterprise prods prtnrs  -lp,las vegas sands c...
46             52                        actuate corp,immersion corp
47             63                        cadence pharmaceuticals inc
48             16  clearwire corp,globalstar inc,delta petroleum ...
49              3                             dendreon corp,gevo inc
50             44                                         daxor corp
51             41                                         dynegy inc
52             50  exco resources inc,goodrich petroleum corp,gmx...
53             57                            genmark diagnostics inc
54             30  world fuel services corp,wayside technology gr...
55              5  jazz pharmaceuticals inc,prestige brands holdings
56             53                                       molycorp inc
57             49                            nabi biopharmaceuticals
58             59                             nicholas financial inc
59             35                               pilgrim's pride corp
60             58                                 penn virginia corp
61             51                                     reachlocal inc
62             64                        superconductor technologies
63             48                        somaxon pharmaceuticals inc
64             67                                    transwitch corp
65             36                                     vermillion inc
66             39                                   world heart corp
67             42                                       winmark corp

[68 rows x 2 columns]
101010
101020
151010
151020
151030
151040
151050
201010
201020
201030
201040
201050
201060
201070
202010
202020
203010
203020
203030
203040
203050
251010
251020
252010
252020
252030
253010
253020
254010
255010
255020
255030
255040
301010
302010
302020
302030
303010
303020
351010
351020
351030
352010
352020
352030
401020
402010
402020
402030
404020
404030
451010
451020
451030
452010
452020
452030
452040
453010
501010
501020
551020
551040
551050
gics.068
401020      1
255030      2
452040      2
404030      2
402030      2
402010      2
251020      2
203050      2
203010      2
551040      3
203040      3
551050      3
404020      4
203020      4
203030      4
551020      4
151020      5
402020      5
255010      5
202020      6
201050      6
302030      7
501020      8
303010      9
253020     10
351030     13
302010     13
301010     13
151050     13
255020     15
         ... 
303020     17
201030     18
501010     19
252020     19
352030     24
251010     25
254010     26
252010     27
452020     28
252030     29
302020     30
352010     34
151040     35
352020     36
255040     37
201010     37
201040     39
202010     41
101010     42
451010     49
452010     52
151010     59
351020     59
253010     60
452030     74
451030     77
201060     80
351010     92
101020     93
453010    100
Name: hier.fact_068, dtype: int64
hier.fact_068
67      1
36      1
48      1
57      1
39      1
47      1
51      1
58      1
41      1
49      1
59      1
35      1
42      1
53      1
43      1
63      1
64      1
44      1
27      2
52      2
5       2
30      2
3       2
55      2
16      3
9       3
50      3
8       4
66      5
4       5
     ... 
56     11
14     12
28     12
38     13
23     14
20     17
18     17
10     18
33     19
29     21
25     23
46     23
24     26
65     27
11     39
31     40
60     45
26     49
0      56
37     57
54     58
34     64
6      66
1      70
2      82
19     84
32     88
15     96
40    141
12    187
Name: gics.068, dtype: int64
                 n                                              names
hier.fact_068                                                        
0               56                       advanced cell technology inc
1               70  philip morris international,newmont mining cor...
2               82  symantec corp,ca inc,bmc software inc,successf...
3                2  star scientific inc,cytori therapeutics inc,mi...
4                5  coca-cola co,pepsico inc,williams cos inc,will...
5                2  procter & gamble co,yum brands inc,corning inc...
6               66  intel corp,texas instruments inc,green mtn cof...
7                9  intl business machines corp,mcdonald's corp,ti...
8                4  savient pharmaceuticals inc,amicus therapeutic...
9                3  avnet inc,anixter intl inc,watsco inc,owens & ...
10              18  cerner corp,laboratory cp of amer hldgs,allscr...
11              39  express scripts inc,mckesson corp,cardinal hea...
12             187  first solar inc,intrepid potash inc,memc elect...
13               7  schlumberger ltd,united technologies corp,news...
14              12  johnson & johnson,pfizer inc,merck & co,qualco...
15              96  3m co,cvs caremark corp,dow chemical,kimberly-...
16               3  boeing co,o'reilly automotive inc,safeway inc,...
17               9  apple inc,ebay inc,medco health solutions inc,...
18              17  viacom inc,allergan inc,lauder (estee) cos inc...
19              84  autonation inc,spirit aerosystems holdings,pen...
20              17  kraft foods inc,freeport-mcmoran cop&gold,nati...
21               9  microsoft corp,google inc,emc corp/ma,vmware i...
22               9  altria group inc,reynolds american inc,lorilla...
23              14  eog resources inc,noble energy inc,pioneer nat...
24              26  sagent pharmaceuticals inc,sciclone pharmaceut...
25              23  homeaway inc,logmein inc,dice holdings inc,zix...
26              49  automatic data processing,netflix inc,iac/inte...
27               2  verizon communications inc,occidental petroleu...
28              12  healthcare services group,ipc the hospitalist ...
29              21  microchip technology inc,kla-tencor corp,varia...
...            ...                                                ...
38              13  stamps.com inc,wave systems corp  -cl a,ziprea...
39               1  nvr inc,d r horton inc,meritage homes corp,par...
40             141  activision blizzard inc,electronic arts inc,f5...
41               1  medicines co,spectrum pharmaceuticals inc,keyw...
42               1  continental resources inc,breitburn energy par...
43               1                                  beacon power corp
44               1   general electric co,biocryst pharmaceuticals inc
45              10  enterprise prods prtnrs  -lp,las vegas sands c...
46              23                        actuate corp,immersion corp
47               1                        cadence pharmaceuticals inc
48               1  clearwire corp,globalstar inc,delta petroleum ...
49               1                             dendreon corp,gevo inc
50               3                                         daxor corp
51               1                                         dynegy inc
52               2  exco resources inc,goodrich petroleum corp,gmx...
53               1                            genmark diagnostics inc
54              58  world fuel services corp,wayside technology gr...
55               2  jazz pharmaceuticals inc,prestige brands holdings
56              11                                       molycorp inc
57               1                            nabi biopharmaceuticals
58               1                             nicholas financial inc
59               1                               pilgrim's pride corp
60              45                                 penn virginia corp
61               7                                     reachlocal inc
62               7                        superconductor technologies
63               1                        somaxon pharmaceuticals inc
64               1                                    transwitch corp
65              27                                     vermillion inc
66               5                                   world heart corp
67               1                                       winmark corp

[68 rows x 2 columns]
0 :  advanced cell technology inc
1 :  philip morris international,newmont mining corp,coach inc,hershey co,ralph lauren corp,whole foods market inc,fastenal co,weyerhaeuser co,hospira inc,fossil inc
2 :  symantec corp,ca inc,bmc software inc,successfactors inc,websense inc,renaissance learning inc,accelrys inc,sciquest inc,pdi inc,broadcast international inc
3 :  star scientific inc,cytori therapeutics inc,microvision inc,balqon corp
4 :  coca-cola co,pepsico inc,williams cos inc,williams partners lp,marathon petroleum corp,valero energy corp,consol energy inc,energy transfer partners -lp,plains all amer pipelne  -lp,energy transfer equity lp
5 :  procter & gamble co,yum brands inc,corning inc,wynn resorts ltd,peabody energy corp,dish network corp,chipotle mexican grill inc,avon products,sirius xm radio inc,southwest airlines
6 :  intel corp,texas instruments inc,green mtn coffee roasters,illumina inc,maxim integrated products,idexx labs inc,skyworks solutions inc,gentex corp,cree inc,national instruments corp
7 :  intl business machines corp,mcdonald's corp,time warner inc,praxair inc,cbs corp,waste management inc,northrop grumman corp,mcgraw-hill companies,ecolab inc,xerox corp
8 :  savient pharmaceuticals inc,amicus therapeutics inc,oragenics inc
9 :  avnet inc,anixter intl inc,watsco inc,owens & minor inc,wesco intl inc,united stationers inc,take-two interactive sftwr,netgear inc,mwi veterinary supply,beacon roofing supply inc
10 :  cerner corp,laboratory cp of amer hldgs,allscripts healthcare soltns,mednax inc,quality systems inc,broadridge financial solutns,emdeon inc,parametric technology corp,lincare holdings inc,neustar inc
11 :  express scripts inc,mckesson corp,cardinal health inc,amerisourcebergen corp,ingram micro inc,catalyst health solutions,brightpoint inc,navarre corp,telkonet inc
12 :  first solar inc,intrepid potash inc,memc electronic matrials inc,buffalo wild wings inc,reald inc,tejon ranch co,rubicon technology inc,heritage-crystal clean inc,u s antimony corp,primo water corp
13 :  schlumberger ltd,united technologies corp,news corp,du pont (e i) de nemours,honeywell international inc,emerson electric co,johnson controls inc,kellogg co,cummins inc,eaton corp
14 :  johnson & johnson,pfizer inc,merck & co,qualcomm inc,abbott laboratories,amgen inc,bristol-myers squibb co,lilly (eli) & co,gilead sciences inc,celgene corp
15 :  3m co,cvs caremark corp,dow chemical,kimberly-clark corp,precision castparts corp,general dynamics corp,archer-daniels-midland co,alcoa inc,vf corp,nucor corp
16 :  boeing co,o'reilly automotive inc,safeway inc,advance auto parts inc,tractor supply co,polaris industries inc,be aerospace inc,sally beauty holdings inc,timberland co  -cl a,ruddick corp
17 :  apple inc,ebay inc,medco health solutions inc,quest diagnostics inc,coventry health care inc,pitney bowes inc,arrow electronics inc,omnicare inc,washington post  -cl b,mastec inc
18 :  viacom inc,allergan inc,lauder (estee) cos inc -cl a,stryker corp,altera corp,forest laboratories  -cl a,sandisk corp,xilinx inc,roper industries inc/de,linear technology corp
19 :  autonation inc,spirit aerosystems holdings,penske automotive group inc,wesco aircraft holdings inc,group 1 automotive inc,mdc holdings inc,sonic automotive inc  -cl a,rush enterprises inc,asbury automotive group inc,lithia motors inc  -cl a
20 :  kraft foods inc,freeport-mcmoran cop&gold,national oilwell varco inc,cameron international corp,cliffs natural resources inc,bunge ltd,magellan midstream prtnrs lp,buckeye partners lp,ralcorp holdings inc,transdigm group inc
21 :  microsoft corp,google inc,emc corp/ma,vmware inc -cl a,intuitive surgical inc,citrix systems inc,juniper networks inc,teradata corp,nuance communications inc,ansys inc
22 :  altria group inc,reynolds american inc,lorillard inc,terra nitrogen co  -lp,nu skin enterprises  -cl a,acorda therapeutics inc,select comfort corp,liquidity services inc,usana health sciences inc,nutrisystem inc
23 :  eog resources inc,noble energy inc,pioneer natural resources co,cabot oil & gas corp,newfield exploration co,ultra petroleum corp,plains exploration & prod co,sandridge energy inc,forest oil corp,mcmoran exploration co
24 :  sagent pharmaceuticals inc,sciclone pharmaceuticals inc,datalink corp,lrad corp,adams golf inc,iridex corp,bidz.com inc
25 :  homeaway inc,logmein inc,dice holdings inc,zix corp,reis inc,adolor corp,friendfinder networks inc
26 :  automatic data processing,netflix inc,iac/interactivecorp,dunkin' brands group inc,cadence design systems inc,shutterfly inc,ultimate software group inc,career education corp,dennys corp,afc enterprises inc
27 :  verizon communications inc,occidental petroleum corp,apache corp,anadarko petroleum corp,devon energy corp,marathon oil corp,sprint nextel corp,virgin media inc,nii holdings inc,windstream corp
28 :  healthcare services group,ipc the hospitalist co inc,pc connection inc,gp strategies corp,metropolitan hlth ntwrks inc,pdf solutions inc,englobal corp,addus homecare corp,network engines inc,bsquare corp
29 :  microchip technology inc,kla-tencor corp,varian semiconductor equipmt,atmel corp,tupperware brands corp,freescale smcndctr hld i ltd,avx corp,woodward governor co,novellus systems inc,microsemi corp
30 :  unitedhealth group inc,humana inc,expedia inc,amerigroup corp,wellcare health plans inc,molina healthcare inc,digital river inc,blue nile inc,socket mobile inc
31 :  broadcom corp,vertex pharmaceuticals inc,netlogic microsystems inc,zoran corp,applied micro circuits corp,neoprobe corp,antares pharma inc,cray inc,mindspeed technologies inc,maxlinear inc
32 :  informatica corp,fortinet inc,questcor pharmaceuticals inc,commvault systems inc,columbia laboratories inc,santarus inc,allos therapeutics inc,meru networks inc,support.com inc,broadvision inc
33 :  j2 global communications inc,loopnet inc,monotype imaging holdings,8x8 inc,ambient corp
34 :  exxon mobil corp,chevron corp,conocophillips,caterpillar inc,colgate-palmolive co,halliburton co,baxter international inc,danaher corp,southern copper corp,baker hughes inc
35 :  hertz global holdings inc,brigham exploration co,tesla motors inc  -redh,oasis petroleum inc,amyris inc,zipcar inc,heckmann corp,a123 systems inc,iridium communications inc
36 :  linkedin corp,verisign inc,ariba inc,higher one holdings inc,sequenom inc,constant contact inc,vocus inc,ellie mae inc,smith micro software inc,spark networks inc
37 :  leucadia national corp,six flags entertainment corp,swisher hygiene inc,speedway motorsports inc,james river coal co,gulf island fabrication inc,douglas dynamics inc,amerigon inc,rentech inc,ram energy resources inc
38 :  stamps.com inc,wave systems corp  -cl a,ziprealty inc,vertro inc,asure software inc
39 :  nvr inc,d r horton inc,meritage homes corp,parlux fragrances inc,igo inc,aetrium inc,universal power group inc
40 :  activision blizzard inc,electronic arts inc,f5 networks inc,rovi corp,riverbed technology inc,rollins inc,solarwinds inc,myriad genetics inc,pmc-sierra inc,ss&c technologies hldgs inc
41 :  medicines co,spectrum pharmaceuticals inc,keyw holding corp,pernix therapeutics holdings,cornerstone therapeutics inc,authentec inc,solta medical inc,mccormick & schmicks seafood,i d systems inc
42 :  continental resources inc,breitburn energy partners lp
43 :  beacon power corp
44 :  general electric co,biocryst pharmaceuticals inc
45 :  enterprise prods prtnrs  -lp,las vegas sands corp,kinder morgan energy  -lp,republic services inc,enbridge energy prtnrs  -lp,markwest energy partners lp,targa resources partners lp,tidewater inc,sotheby's,cabelas inc
46 :  actuate corp,immersion corp
47 :  cadence pharmaceuticals inc
48 :  clearwire corp,globalstar inc,delta petroleum corp
49 :  dendreon corp,gevo inc
50 :  daxor corp
51 :  dynegy inc
52 :  exco resources inc,goodrich petroleum corp,gmx resources inc
53 :  genmark diagnostics inc
54 :  world fuel services corp,wayside technology group inc
55 :  jazz pharmaceuticals inc,prestige brands holdings
56 :  molycorp inc
57 :  nabi biopharmaceuticals
58 :  nicholas financial inc
59 :  pilgrim's pride corp
60 :  penn virginia corp
61 :  reachlocal inc
62 :  superconductor technologies
63 :  somaxon pharmaceuticals inc
64 :  transwitch corp
65 :  vermillion inc
66 :  world heart corp
67 :  winmark corp
