********doing n_clusters= 157
getting quarter=q0 from ../data/fa_data/q0.csv
000000000000000000000
843                     DANAHER CORP
2861    THERMO FISHER SCIENTIFIC INC
337            BECTON DICKINSON & CO
1697     LABORATORY CP OF AMER HLDGS
3104                     WATERS CORP
362         BIO-RAD LABORATORIES INC
2286                 PERKINELMER INC
422                      BRUKER CORP
3050         MERIDIAN BIOSCIENCE INC
1330          HARVARD BIOSCIENCE INC
Name: name, dtype: object
000000000000000000000
1                      ALCOA INC
547          CENTURY ALUMINUM CO
1602        KAISER ALUMINUM CORP
2829               TREDEGAR CORP
2754    SUPERIOR INDUSTRIES INTL
1614                  KEMET CORP
2265                         NaN
Name: name, dtype: object

TypeErrorTraceback (most recent call last)
C:\Users\richie\class_companies\analysis\overlap.py in <module>()
     58         print gdf.name[0:10]
     59         #print names
---> 60         names = ",".join( gdf.name[0:10].values.tolist())
     61         #names=0
     62 

TypeError: sequence item 6: expected string, float found
