********doing n_clusters= 68
getting quarter=q0 from ../data/fa_data/q0.csv
000000000000000000000
39     MOTOROLA SOLUTIONS INC
37      MCGRAW-HILL COMPANIES
36                 MATTEL INC
48        ROCKWELL AUTOMATION
49    ROPER INDUSTRIES INC/DE
30            KLA-TENCOR CORP
19                 HASBRO INC
29       KINETIC CONCEPTS INC
62     TRIMBLE NAVIGATION LTD
44                POLYCOM INC
Name: name, dtype: object
000000000000000000000
70    WORLD HEART CORP
Name: name, dtype: object
000000000000000000000
131    VARIAN SEMICONDUCTOR EQUIPMT
74                       ATMEL CORP
125          TUPPERWARE BRANDS CORP
95     FREESCALE SMCNDCTR HLD I LTD
77                         AVX CORP
110            NOVELLUS SYSTEMS INC
87                      DIEBOLD INC
132            WOLVERINE WORLD WIDE
116            RF MICRO DEVICES INC
107                  MICROSEMI CORP
Name: name, dtype: object
000000000000000000000
142      CF INDUSTRIES HOLDINGS INC
137     ALEXION PHARMACEUTICALS INC
147          LEUCADIA NATIONAL CORP
154               WALTER ENERGY INC
150                    ROCK-TENN CO
143      ENDO PHARMACEUTICALS HLDGS
153        UNITED THERAPEUTICS CORP
140                       SOTHEBY'S
151    SIX FLAGS ENTERTAINMENT CORP
145             HARBINGER GROUP INC
Name: name, dtype: object
000000000000000000000
155    ADVANCED CELL TECHNOLOGY INC
Name: name, dtype: object
000000000000000000000
156    DAXOR CORP
Name: name, dtype: object
000000000000000000000
162                  LINKEDIN CORP
164        HIGHER ONE HOLDINGS INC
167                      VOCUS INC
161         LIMELIGHT NETWORKS INC
157                    CBEYOND INC
159                  EPOCRATES INC
163    MULTIMEDIA GAMES HOLDING CO
158                  ELLIE MAE INC
166       SMITH MICRO SOFTWARE INC
165       SCIENTIFIC LEARNING CORP
Name: name, dtype: object
000000000000000000000
215             VMWARE INC -CL A
173           CITRIX SYSTEMS INC
186         JUNIPER NETWORKS INC
176              F5 NETWORKS INC
196    NUANCE COMMUNICATIONS INC
205                    ROVI CORP
170                    ANSYS INC
207      RIVERBED TECHNOLOGY INC
204                  ROLLINS INC
191              MORNINGSTAR INC
Name: name, dtype: object
000000000000000000000
219    CADENCE PHARMACEUTICALS INC
Name: name, dtype: object
000000000000000000000
220    BEACON POWER CORP
Name: name, dtype: object
000000000000000000000
221    MOLYCORP INC
Name: name, dtype: object
000000000000000000000
242     INTL BUSINESS MACHINES CORP
265                      VIACOM INC
260                   TERADATA CORP
248    ALLSCRIPTS HEALTHCARE SOLTNS
247                      MEDNAX INC
252             QUALITY SYSTEMS INC
228    BROADRIDGE FINANCIAL SOLUTNS
255       SALIX PHARMACEUTICALS LTD
225            ASPEN TECHNOLOGY INC
238              FTI CONSULTING INC
Name: name, dtype: object
000000000000000000000
266    TRANSWITCH CORP
Name: name, dtype: object
000000000000000000000
267    JAZZ PHARMACEUTICALS INC
Name: name, dtype: object
000000000000000000000
268    PILGRIM'S PRIDE CORP
Name: name, dtype: object
000000000000000000000
269    NICHOLAS FINANCIAL INC
Name: name, dtype: object
000000000000000000000
292             NEWMONT MINING CORP
294         O'REILLY AUTOMOTIVE INC
289    MAGELLAN MIDSTREAM PRTNRS LP
272                  AUTONATION INC
286                        LKQ CORP
279                GNC HOLDINGS INC
276                  CVR ENERGY INC
300     SPIRIT AEROSYSTEMS HOLDINGS
302             TREEHOUSE FOODS INC
304                 CVR PARTNERS LP
Name: name, dtype: object
000000000000000000000
309        STAR SCIENTIFIC INC
310    GENMARK DIAGNOSTICS INC
311            MICROVISION INC
Name: name, dtype: object
000000000000000000000
356            PROCTER & GAMBLE CO
357    PHILIP MORRIS INTERNATIONAL
329              CVS CAREMARK CORP
359          REYNOLDS AMERICAN INC
340                     HERSHEY CO
322     CAMERON INTERNATIONAL CORP
361              RALPH LAUREN CORP
377         WHOLE FOODS MARKET INC
333                    FASTENAL CO
379                WEYERHAEUSER CO
Name: name, dtype: object
000000000000000000000
380    WAVE SYSTEMS CORP  -CL A
Name: name, dtype: object
000000000000000000000
382       CONTINENTAL RESOURCES INC
381    BREITBURN ENERGY PARTNERS LP
Name: name, dtype: object
000000000000000000000
388    AUTOMATIC DATA PROCESSING
406                MCKESSON CORP
392          CARDINAL HEALTH INC
385       AMERISOURCEBERGEN CORP
389                    AVNET INC
403             INGRAM MICRO INC
390             ANIXTER INTL INC
415                   WATSCO INC
409            OWENS & MINOR INC
412               WESCO INTL INC
Name: name, dtype: object
000000000000000000000
416    GEVO INC
Name: name, dtype: object
000000000000000000000
427                  CHEVRON CORP
467    VERIZON COMMUNICATIONS INC
446     OCCIDENTAL PETROLEUM CORP
420                   APACHE CORP
421       ANADARKO PETROLEUM CORP
451                   PRAXAIR INC
428             DEVON ENERGY CORP
443             MARATHON OIL CORP
455            SPRINT NEXTEL CORP
466              VIRGIN MEDIA INC
Name: name, dtype: object
000000000000000000000
471          CLEARWIRE CORP
473          GLOBALSTAR INC
472    DELTA PETROLEUM CORP
Name: name, dtype: object
000000000000000000000
524                 TIME WARNER INC
479                        CBS CORP
529            WASTE MANAGEMENT INC
508           NORTHROP GRUMMAN CORP
531                      XEROX CORP
514           REPUBLIC SERVICES INC
480                     CERNER CORP
494             HARLEY-DAVIDSON INC
488    DIAMOND OFFSHRE DRILLING INC
520         MOLSON COORS BREWING CO
Name: name, dtype: object
000000000000000000000
532    BLUE NILE INC
Name: name, dtype: object
000000000000000000000
536    HERTZ GLOBAL HOLDINGS INC
533       BRIGHAM EXPLORATION CO
538           EXCO RESOURCES INC
537          OASIS PETROLEUM INC
534      GOODRICH PETROLEUM CORP
535            GMX RESOURCES INC
Name: name, dtype: object
000000000000000000000
547                 BROADCOM CORP
570    VERTEX PHARMACEUTICALS INC
568                  SANDISK CORP
543        ADVANCED MICRO DEVICES
554                      LSI CORP
559     NETLOGIC MICROSYSTEMS INC
548                    CAVIUM INC
567      SILICON LABORATORIES INC
563                   QLOGIC CORP
561                PMC-SIERRA INC
Name: name, dtype: object
000000000000000000000
573    NABI BIOPHARMACEUTICALS
Name: name, dtype: object
000000000000000000000
574    DYNEGY INC
Name: name, dtype: object
000000000000000000000
614          JOHNSON & JOHNSON
629                 PFIZER INC
624                 MERCK & CO
631               QUALCOMM INC
575        ABBOTT LABORATORIES
581                  AMGEN INC
586    BRISTOL-MYERS SQUIBB CO
592       COLGATE-PALMOLIVE CO
617           LILLY (ELI) & CO
604        GILEAD SCIENCES INC
Name: name, dtype: object
000000000000000000000
652    SOMAXON PHARMACEUTICALS INC
Name: name, dtype: object
000000000000000000000
656       CROWN HOLDINGS INC
677           WHIRLPOOL CORP
676    UNITED STATIONERS INC
666              MERITOR INC
673         SANMINA-SCI CORP
670            OFFICEMAX INC
675             SYSTEMAX INC
659    CAPSTONE TURBINE CORP
653           ARCTIC CAT INC
663             IMATION CORP
Name: name, dtype: object
000000000000000000000
678        WORLD FUEL SERVICES CORP
679    WAYSIDE TECHNOLOGY GROUP INC
Name: name, dtype: object
000000000000000000000
681      ZIPCAR INC
680    WINMARK CORP
Name: name, dtype: object
000000000000000000000
682    VERMILLION INC
Name: name, dtype: object
000000000000000000000
683                    ARIBA INC
687                  LOGMEIN INC
685            DICE HOLDINGS INC
688                  LOOPNET INC
684         CONSTANT CONTACT INC
690                     ZIX CORP
686    FRIENDFINDER NETWORKS INC
689           SPARK NETWORKS INC
Name: name, dtype: object
000000000000000000000
749     PRECISION CASTPARTS CORP
718        GENERAL DYNAMICS CORP
692    ARCHER-DANIELS-MIDLAND CO
762                      VF CORP
723                GOODRICH CORP
712                   FLUOR CORP
722             GENUINE PARTS CO
728           SCHEIN (HENRY) INC
713               FLOWSERVE CORP
693                    AGCO CORP
Name: name, dtype: object
000000000000000000000
770    REACHLOCAL INC
Name: name, dtype: object
000000000000000000000
771    DENDREON CORP
Name: name, dtype: object
000000000000000000000
785                  CONOCOPHILLIPS
812                 MCDONALD'S CORP
792    ENTERPRISE PRODS PRTNRS  -LP
811            LAS VEGAS SANDS CORP
807       KINDER MORGAN ENERGY  -LP
801                       HESS CORP
851                WILLIAMS COS INC
852            WILLIAMS PARTNERS LP
848              VALERO ENERGY CORP
816                 MURPHY OIL CORP
Name: name, dtype: object
000000000000000000000
860               EOG RESOURCES INC
866                NOBLE ENERGY INC
869    PIONEER NATURAL RESOURCES CO
857            CABOT OIL & GAS CORP
867         NEWFIELD EXPLORATION CO
879               CIMAREX ENERGY CO
875            ULTRA PETROLEUM CORP
870    PLAINS EXPLORATION & PROD CO
872            SANDRIDGE ENERGY INC
855       APCO OIL AND GAS INTL INC
Name: name, dtype: object
000000000000000000000
960                      3M CO
912               DOW CHEMICAL
980       SOUTHERN COPPER CORP
943        KIMBERLY-CLARK CORP
888      BECTON DICKINSON & CO
971                 NUCOR CORP
1009       ZIMMER HOLDINGS INC
931         GRAINGER (W W) INC
895     BOSTON SCIENTIFIC CORP
977                 PERRIGO CO
Name: name, dtype: object
000000000000000000000
1017       UNITEDHEALTH GROUP INC
1012          EXPRESS SCRIPTS INC
1014                   HUMANA INC
1013                  EXPEDIA INC
1010              AMERIGROUP CORP
1018    WELLCARE HEALTH PLANS INC
1015        MOLINA HEALTHCARE INC
1011            DIGITAL RIVER INC
1016            SOCKET MOBILE INC
Name: name, dtype: object
000000000000000000000
1019    ORAGENICS INC
Name: name, dtype: object
000000000000000000000
1026    J2 GLOBAL COMMUNICATIONS INC
1023                        CEVA INC
1028       MONOTYPE IMAGING HOLDINGS
1027                  STAMPS.COM INC
1025                         8X8 INC
1024                   DIGIMARC CORP
1022       COLUMBIA LABORATORIES INC
1020                    AMBIENT CORP
1029                   ZIPREALTY INC
1021              ASURE SOFTWARE INC
Name: name, dtype: object
000000000000000000000
1036                INFORMATICA CORP
1035                    FORTINET INC
1038    QUESTCOR PHARMACEUTICALS INC
1033           COMMVAULT SYSTEMS INC
1039                    SANTARUS INC
1031          ALLOS THERAPEUTICS INC
1037               MERU NETWORKS INC
1040                 SUPPORT.COM INC
1032                 BROADVISION INC
1041            U S HOME SYSTEMS INC
Name: name, dtype: object
000000000000000000000
1087                    COCA-COLA CO
1086                 KRAFT FOODS INC
1097      NATIONAL OILWELL VARCO INC
1120    THERMO FISHER SCIENTIFIC INC
1043                       ALCOA INC
1093         MARATHON PETROLEUM CORP
1052                   AVON PRODUCTS
1094                       MYLAN INC
1051      ALLEGHENY TECHNOLOGIES INC
1047                      AIRGAS INC
Name: name, dtype: object
000000000000000000000
1128    SAVIENT PHARMACEUTICALS INC
1127        AMICUS THERAPEUTICS INC
Name: name, dtype: object
000000000000000000000
1153                 MICROSOFT CORP
1142                     GOOGLE INC
1140                    EMC CORP/MA
1144         INTUITIVE SURGICAL INC
1146    LABORATORY CP OF AMER HLDGS
1130        AKAMAI TECHNOLOGIES INC
1143            IAC/INTERACTIVECORP
1133                ACME PACKET INC
1174         WASHINGTON POST  -CL B
1159          QLIK TECHNOLOGIES INC
Name: name, dtype: object
000000000000000000000
1180       HEALTHCARE SERVICES GROUP
1182      IPC THE HOSPITALIST CO INC
1186               PC CONNECTION INC
1184    METROPOLITAN HLTH NTWRKS INC
1187               PDF SOLUTIONS INC
1178                   ENGLOBAL CORP
1176             ADDUS HOMECARE CORP
1185             NETWORK ENGINES INC
1177                    BSQUARE CORP
1181                 INTERPHASE CORP
Name: name, dtype: object
000000000000000000000
1198               SYMANTEC CORP
1192                      CA INC
1191            BMC SOFTWARE INC
1199                VERISIGN INC
1190                HOMEAWAY INC
1196          SUCCESSFACTORS INC
1200                WEBSENSE INC
1195    RENAISSANCE LEARNING INC
1189                ACCELRYS INC
1197                SCIQUEST INC
Name: name, dtype: object
000000000000000000000
1207      SAGENT PHARMACEUTICALS INC
1206    SCICLONE PHARMACEUTICALS INC
1203                   DATALINK CORP
1205                       LRAD CORP
1201                  ADAMS GOLF INC
1204                     IRIDEX CORP
1202                    BIDZ.COM INC
Name: name, dtype: object
000000000000000000000
1209                       APPLE INC
1219                        EBAY INC
1230      MEDCO HEALTH SOLUTIONS INC
1214       COCA-COLA ENTERPRISES INC
1218           QUEST DIAGNOSTICS INC
1241    TRW AUTOMOTIVE HOLDINGS CORP
1228                       LEAR CORP
1217        COVENTRY HEALTH CARE INC
1235                PITNEY BOWES INC
1211           ARROW ELECTRONICS INC
Name: name, dtype: object
000000000000000000000
1258                     INTEL CORP
1255                 HALLIBURTON CO
1247               BAKER HUGHES INC
1252                    CORNING INC
1253      GREEN MTN COFFEE ROASTERS
1251                FIRST SOLAR INC
1267    METROPCS COMMUNICATIONS INC
1254                    GENTEX CORP
1249                       CREE INC
1265            OIL STATES INTL INC
Name: name, dtype: object
000000000000000000000
1294              ALTRIA GROUP INC
1288                     COACH INC
1291                 LORILLARD INC
1295                   NETFLIX INC
1286       ACTIVISION BLIZZARD INC
1290           ELECTRONIC ARTS INC
1301        TERRA NITROGEN CO  -LP
1297    NU SKIN ENTERPRISES  -CL A
1299           SELECT COMFORT CORP
1292        LIQUIDITY SERVICES INC
Name: name, dtype: object
000000000000000000000
1303    PENN VIRGINIA CORP
Name: name, dtype: object
000000000000000000000
1304    PRESTIGE BRANDS HOLDINGS
Name: name, dtype: object
000000000000000000000
1359                  YUM BRANDS INC
1358                WYNN RESORTS LTD
1315             PEABODY ENERGY CORP
1322      CHIPOTLE MEXICAN GRILL INC
1352             SIRIUS XM RADIO INC
1336              SOUTHWEST AIRLINES
1355    UNITED CONTINENTAL HLDGS INC
1347     ROYAL CARIBBEAN CRUISES LTD
1338       MGM RESORTS INTERNATIONAL
1344                 PANERA BREAD CO
Name: name, dtype: object
000000000000000000000
1365        TESLA MOTORS INC  -REDH
1360                     AMYRIS INC
1364                   SEQUENOM INC
1361               A123 SYSTEMS INC
1362          COMPLETE GENOMICS INC
1363    SUPERCONDUCTOR TECHNOLOGIES
Name: name, dtype: object
000000000000000000000
1369                      NVR INC
1367               D R HORTON INC
1368          MERITAGE HOMES CORP
1370        PARLUX FRAGRANCES INC
1366                  AETRIUM INC
1371    UNIVERSAL POWER GROUP INC
Name: name, dtype: object
000000000000000000000
1374                    MEDICINES CO
1372                    ACTUATE CORP
1373                  IMMERSION CORP
1375    MCCORMICK & SCHMICKS SEAFOOD
Name: name, dtype: object
000000000000000000000
1376    GENERAL ELECTRIC CO
Name: name, dtype: object
000000000000000000000
1377    ADOLOR CORP
Name: name, dtype: object
000000000000000000000
1381                    BOEING CO
1401                  SAFEWAY INC
1378       ADVANCE AUTO PARTS INC
1402            TRACTOR SUPPLY CO
1383             BE AEROSPACE INC
1398    SALLY BEAUTY HOLDINGS INC
1387                 CARTER'S INC
1394      MONRO MUFFLER BRAKE INC
1406             WEIS MARKETS INC
1390    ETHAN ALLEN INTERIORS INC
Name: name, dtype: object
000000000000000000000
1553               EXXON MOBIL CORP
1527               SCHLUMBERGER LTD
1508                    PEPSICO INC
1544       UNITED TECHNOLOGIES CORP
1428                CATERPILLAR INC
1502                      NEWS CORP
1442       DU PONT (E I) DE NEMOURS
1468    HONEYWELL INTERNATIONAL INC
1451            EMERSON ELECTRIC CO
1421       BAXTER INTERNATIONAL INC
Name: name, dtype: object
000000000000000000000
1566       FREEPORT-MCMORAN COP&GOLD
1561    CLIFFS NATURAL RESOURCES INC
1558                       BUNGE LTD
1556     ALPHA NATURAL RESOURCES INC
1559             BUCKEYE PARTNERS LP
1576                NUSTAR ENERGY LP
1575                       INERGY LP
1593                     TESORO CORP
1590               TRIUMPH GROUP INC
1560        COEUR D'ALENE MINES CORP
Name: name, dtype: object
    kmeans.fact_068                                              names
0                 0  motorola solutions inc,mcgraw-hill companies,m...
1                 1                                   world heart corp
2                 2  varian semiconductor equipmt,atmel corp,tupper...
3                 3  cf industries holdings inc,alexion pharmaceuti...
4                 4                       advanced cell technology inc
5                 5                                         daxor corp
6                 6  linkedin corp,higher one holdings inc,vocus in...
7                 7  vmware inc -cl a,citrix systems inc,juniper ne...
8                 8                        cadence pharmaceuticals inc
9                 9                                  beacon power corp
10               10                                       molycorp inc
11               11  intl business machines corp,viacom inc,teradat...
12               12                                    transwitch corp
13               13                           jazz pharmaceuticals inc
14               14                               pilgrim's pride corp
15               15                             nicholas financial inc
16               16  newmont mining corp,o'reilly automotive inc,ma...
17               17  star scientific inc,genmark diagnostics inc,mi...
18               18  procter & gamble co,philip morris internationa...
19               19                           wave systems corp  -cl a
20               20  continental resources inc,breitburn energy par...
21               21  automatic data processing,mckesson corp,cardin...
22               22                                           gevo inc
23               23  chevron corp,verizon communications inc,occide...
24               24  clearwire corp,globalstar inc,delta petroleum ...
25               25  time warner inc,cbs corp,waste management inc,...
26               26                                      blue nile inc
27               27  hertz global holdings inc,brigham exploration ...
28               28  broadcom corp,vertex pharmaceuticals inc,sandi...
29               29                            nabi biopharmaceuticals
..              ...                                                ...
38               38  precision castparts corp,general dynamics corp...
39               39                                     reachlocal inc
40               40                                      dendreon corp
41               41  conocophillips,mcdonald's corp,enterprise prod...
42               42  eog resources inc,noble energy inc,pioneer nat...
43               43  3m co,dow chemical,southern copper corp,kimber...
44               44  unitedhealth group inc,express scripts inc,hum...
45               45                                      oragenics inc
46               46  j2 global communications inc,ceva inc,monotype...
47               47  informatica corp,fortinet inc,questcor pharmac...
48               48  coca-cola co,kraft foods inc,national oilwell ...
49               49  savient pharmaceuticals inc,amicus therapeutic...
50               50  microsoft corp,google inc,emc corp/ma,intuitiv...
51               51  healthcare services group,ipc the hospitalist ...
52               52  symantec corp,ca inc,bmc software inc,verisign...
53               53  sagent pharmaceuticals inc,sciclone pharmaceut...
54               54  apple inc,ebay inc,medco health solutions inc,...
55               55  intel corp,halliburton co,baker hughes inc,cor...
56               56  altria group inc,coach inc,lorillard inc,netfl...
57               57                                 penn virginia corp
58               58                           prestige brands holdings
59               59  yum brands inc,wynn resorts ltd,peabody energy...
60               60  tesla motors inc  -redh,amyris inc,sequenom in...
61               61  nvr inc,d r horton inc,meritage homes corp,par...
62               62  medicines co,actuate corp,immersion corp,mccor...
63               63                                general electric co
64               64                                        adolor corp
65               65  boeing co,safeway inc,advance auto parts inc,t...
66               66  exxon mobil corp,schlumberger ltd,pepsico inc,...
67               67  freeport-mcmoran cop&gold,cliffs natural resou...

[68 rows x 2 columns]
101010
101020
151010
151020
151030
151040
151050
201010
201020
201030
201040
201050
201060
201070
202010
202020
203010
203020
203030
203040
203050
251010
251020
252010
252020
252030
253010
253020
254010
255010
255020
255030
255040
301010
302010
302020
302030
303010
303020
351010
351020
351030
352010
352020
352030
401020
402010
402020
402030
404020
404030
451010
451020
451030
452010
452020
452030
452040
453010
501010
501020
551020
551040
551050
gics.068
401020      1
255030      2
452040      2
404030      2
402030      2
402010      2
251020      2
203050      2
203010      2
551040      3
203040      3
551050      3
404020      4
203020      4
203030      4
551020      4
151020      5
402020      5
255010      5
202020      6
201050      6
302030      7
501020      8
303010      9
253020     10
351030     13
302010     13
301010     13
151050     13
255020     15
         ... 
303020     17
201030     18
501010     19
252020     19
352030     24
251010     25
254010     26
252010     27
452020     28
252030     29
302020     30
352010     34
151040     35
352020     36
255040     37
201010     37
201040     39
202010     41
101010     42
451010     49
452010     52
151010     59
351020     59
253010     60
452030     74
451030     77
201060     80
351010     92
101020     93
453010    100
Name: kmeans.fact_068, dtype: int64
kmeans.fact_068
19      1
36      1
57      1
32      1
58      1
30      1
29      1
40      1
26      1
22      1
45      1
15      1
14      1
39      1
12      1
1       1
4       1
5       1
64      1
13      1
9       1
8       1
63      1
10      1
20      2
35      2
34      2
49      2
17      3
24      3
     ... 
6      11
51     12
52     13
47     13
56     18
3      21
42     25
33     25
65     29
21     33
28     34
54     36
16     39
55     41
67     41
11     44
50     47
7      51
23     54
59     55
25     58
2      63
18     68
0      70
31     77
38     79
41     83
48     84
43    130
66    147
Name: gics.068, dtype: int64
                   n                                              names
kmeans.fact_068                                                        
0                 70  motorola solutions inc,mcgraw-hill companies,m...
1                  1                                   world heart corp
2                 63  varian semiconductor equipmt,atmel corp,tupper...
3                 21  cf industries holdings inc,alexion pharmaceuti...
4                  1                       advanced cell technology inc
5                  1                                         daxor corp
6                 11  linkedin corp,higher one holdings inc,vocus in...
7                 51  vmware inc -cl a,citrix systems inc,juniper ne...
8                  1                        cadence pharmaceuticals inc
9                  1                                  beacon power corp
10                 1                                       molycorp inc
11                44  intl business machines corp,viacom inc,teradat...
12                 1                                    transwitch corp
13                 1                           jazz pharmaceuticals inc
14                 1                               pilgrim's pride corp
15                 1                             nicholas financial inc
16                39  newmont mining corp,o'reilly automotive inc,ma...
17                 3  star scientific inc,genmark diagnostics inc,mi...
18                68  procter & gamble co,philip morris internationa...
19                 1                           wave systems corp  -cl a
20                 2  continental resources inc,breitburn energy par...
21                33  automatic data processing,mckesson corp,cardin...
22                 1                                           gevo inc
23                54  chevron corp,verizon communications inc,occide...
24                 3  clearwire corp,globalstar inc,delta petroleum ...
25                58  time warner inc,cbs corp,waste management inc,...
26                 1                                      blue nile inc
27                 6  hertz global holdings inc,brigham exploration ...
28                34  broadcom corp,vertex pharmaceuticals inc,sandi...
29                 1                            nabi biopharmaceuticals
...              ...                                                ...
38                79  precision castparts corp,general dynamics corp...
39                 1                                     reachlocal inc
40                 1                                      dendreon corp
41                83  conocophillips,mcdonald's corp,enterprise prod...
42                25  eog resources inc,noble energy inc,pioneer nat...
43               130  3m co,dow chemical,southern copper corp,kimber...
44                 9  unitedhealth group inc,express scripts inc,hum...
45                 1                                      oragenics inc
46                10  j2 global communications inc,ceva inc,monotype...
47                13  informatica corp,fortinet inc,questcor pharmac...
48                84  coca-cola co,kraft foods inc,national oilwell ...
49                 2  savient pharmaceuticals inc,amicus therapeutic...
50                47  microsoft corp,google inc,emc corp/ma,intuitiv...
51                12  healthcare services group,ipc the hospitalist ...
52                13  symantec corp,ca inc,bmc software inc,verisign...
53                 7  sagent pharmaceuticals inc,sciclone pharmaceut...
54                36  apple inc,ebay inc,medco health solutions inc,...
55                41  intel corp,halliburton co,baker hughes inc,cor...
56                18  altria group inc,coach inc,lorillard inc,netfl...
57                 1                                 penn virginia corp
58                 1                           prestige brands holdings
59                55  yum brands inc,wynn resorts ltd,peabody energy...
60                 6  tesla motors inc  -redh,amyris inc,sequenom in...
61                 6  nvr inc,d r horton inc,meritage homes corp,par...
62                 4  medicines co,actuate corp,immersion corp,mccor...
63                 1                                general electric co
64                 1                                        adolor corp
65                29  boeing co,safeway inc,advance auto parts inc,t...
66               147  exxon mobil corp,schlumberger ltd,pepsico inc,...
67                41  freeport-mcmoran cop&gold,cliffs natural resou...

[68 rows x 2 columns]
0 :  motorola solutions inc,mcgraw-hill companies,mattel inc,rockwell automation,roper industries inc/de,kla-tencor corp,hasbro inc,kinetic concepts inc,trimble navigation ltd,polycom inc
1 :  world heart corp
2 :  varian semiconductor equipmt,atmel corp,tupperware brands corp,freescale smcndctr hld i ltd,avx corp,novellus systems inc,diebold inc,wolverine world wide,rf micro devices inc,microsemi corp
3 :  cf industries holdings inc,alexion pharmaceuticals inc,leucadia national corp,walter energy inc,rock-tenn co,endo pharmaceuticals hldgs,united therapeutics corp,sotheby's,six flags entertainment corp,harbinger group inc
4 :  advanced cell technology inc
5 :  daxor corp
6 :  linkedin corp,higher one holdings inc,vocus inc,limelight networks inc,cbeyond inc,epocrates inc,multimedia games holding co,ellie mae inc,smith micro software inc,scientific learning corp
7 :  vmware inc -cl a,citrix systems inc,juniper networks inc,f5 networks inc,nuance communications inc,rovi corp,ansys inc,riverbed technology inc,rollins inc,morningstar inc
8 :  cadence pharmaceuticals inc
9 :  beacon power corp
10 :  molycorp inc
11 :  intl business machines corp,viacom inc,teradata corp,allscripts healthcare soltns,mednax inc,quality systems inc,broadridge financial solutns,salix pharmaceuticals ltd,aspen technology inc,fti consulting inc
12 :  transwitch corp
13 :  jazz pharmaceuticals inc
14 :  pilgrim's pride corp
15 :  nicholas financial inc
16 :  newmont mining corp,o'reilly automotive inc,magellan midstream prtnrs lp,autonation inc,lkq corp,gnc holdings inc,cvr energy inc,spirit aerosystems holdings,treehouse foods inc,cvr partners lp
17 :  star scientific inc,genmark diagnostics inc,microvision inc
18 :  procter & gamble co,philip morris international,cvs caremark corp,reynolds american inc,hershey co,cameron international corp,ralph lauren corp,whole foods market inc,fastenal co,weyerhaeuser co
19 :  wave systems corp  -cl a
20 :  continental resources inc,breitburn energy partners lp
21 :  automatic data processing,mckesson corp,cardinal health inc,amerisourcebergen corp,avnet inc,ingram micro inc,anixter intl inc,watsco inc,owens & minor inc,wesco intl inc
22 :  gevo inc
23 :  chevron corp,verizon communications inc,occidental petroleum corp,apache corp,anadarko petroleum corp,praxair inc,devon energy corp,marathon oil corp,sprint nextel corp,virgin media inc
24 :  clearwire corp,globalstar inc,delta petroleum corp
25 :  time warner inc,cbs corp,waste management inc,northrop grumman corp,xerox corp,republic services inc,cerner corp,harley-davidson inc,diamond offshre drilling inc,molson coors brewing co
26 :  blue nile inc
27 :  hertz global holdings inc,brigham exploration co,exco resources inc,oasis petroleum inc,goodrich petroleum corp,gmx resources inc
28 :  broadcom corp,vertex pharmaceuticals inc,sandisk corp,advanced micro devices,lsi corp,netlogic microsystems inc,cavium inc,silicon laboratories inc,qlogic corp,pmc-sierra inc
29 :  nabi biopharmaceuticals
30 :  dynegy inc
31 :  johnson & johnson,pfizer inc,merck & co,qualcomm inc,abbott laboratories,amgen inc,bristol-myers squibb co,colgate-palmolive co,lilly (eli) & co,gilead sciences inc
32 :  somaxon pharmaceuticals inc
33 :  crown holdings inc,whirlpool corp,united stationers inc,meritor inc,sanmina-sci corp,officemax inc,systemax inc,capstone turbine corp,arctic cat inc,imation corp
34 :  world fuel services corp,wayside technology group inc
35 :  zipcar inc,winmark corp
36 :  vermillion inc
37 :  ariba inc,logmein inc,dice holdings inc,loopnet inc,constant contact inc,zix corp,friendfinder networks inc,spark networks inc
38 :  precision castparts corp,general dynamics corp,archer-daniels-midland co,vf corp,goodrich corp,fluor corp,genuine parts co,schein (henry) inc,flowserve corp,agco corp
39 :  reachlocal inc
40 :  dendreon corp
41 :  conocophillips,mcdonald's corp,enterprise prods prtnrs  -lp,las vegas sands corp,kinder morgan energy  -lp,hess corp,williams cos inc,williams partners lp,valero energy corp,murphy oil corp
42 :  eog resources inc,noble energy inc,pioneer natural resources co,cabot oil & gas corp,newfield exploration co,cimarex energy co,ultra petroleum corp,plains exploration & prod co,sandridge energy inc,apco oil and gas intl inc
43 :  3m co,dow chemical,southern copper corp,kimberly-clark corp,becton dickinson & co,nucor corp,zimmer holdings inc,grainger (w w) inc,boston scientific corp,perrigo co
44 :  unitedhealth group inc,express scripts inc,humana inc,expedia inc,amerigroup corp,wellcare health plans inc,molina healthcare inc,digital river inc,socket mobile inc
45 :  oragenics inc
46 :  j2 global communications inc,ceva inc,monotype imaging holdings,stamps.com inc,8x8 inc,digimarc corp,columbia laboratories inc,ambient corp,ziprealty inc,asure software inc
47 :  informatica corp,fortinet inc,questcor pharmaceuticals inc,commvault systems inc,santarus inc,allos therapeutics inc,meru networks inc,support.com inc,broadvision inc,u s home systems inc
48 :  coca-cola co,kraft foods inc,national oilwell varco inc,thermo fisher scientific inc,alcoa inc,marathon petroleum corp,avon products,mylan inc,allegheny technologies inc,airgas inc
49 :  savient pharmaceuticals inc,amicus therapeutics inc
50 :  microsoft corp,google inc,emc corp/ma,intuitive surgical inc,laboratory cp of amer hldgs,akamai technologies inc,iac/interactivecorp,acme packet inc,washington post  -cl b,qlik technologies inc
51 :  healthcare services group,ipc the hospitalist co inc,pc connection inc,metropolitan hlth ntwrks inc,pdf solutions inc,englobal corp,addus homecare corp,network engines inc,bsquare corp,interphase corp
52 :  symantec corp,ca inc,bmc software inc,verisign inc,homeaway inc,successfactors inc,websense inc,renaissance learning inc,accelrys inc,sciquest inc
53 :  sagent pharmaceuticals inc,sciclone pharmaceuticals inc,datalink corp,lrad corp,adams golf inc,iridex corp,bidz.com inc
54 :  apple inc,ebay inc,medco health solutions inc,coca-cola enterprises inc,quest diagnostics inc,trw automotive holdings corp,lear corp,coventry health care inc,pitney bowes inc,arrow electronics inc
55 :  intel corp,halliburton co,baker hughes inc,corning inc,green mtn coffee roasters,first solar inc,metropcs communications inc,gentex corp,cree inc,oil states intl inc
56 :  altria group inc,coach inc,lorillard inc,netflix inc,activision blizzard inc,electronic arts inc,terra nitrogen co  -lp,nu skin enterprises  -cl a,select comfort corp,liquidity services inc
57 :  penn virginia corp
58 :  prestige brands holdings
59 :  yum brands inc,wynn resorts ltd,peabody energy corp,chipotle mexican grill inc,sirius xm radio inc,southwest airlines,united continental hldgs inc,royal caribbean cruises ltd,mgm resorts international,panera bread co
60 :  tesla motors inc  -redh,amyris inc,sequenom inc,a123 systems inc,complete genomics inc,superconductor technologies
61 :  nvr inc,d r horton inc,meritage homes corp,parlux fragrances inc,aetrium inc,universal power group inc
62 :  medicines co,actuate corp,immersion corp,mccormick & schmicks seafood
63 :  general electric co
64 :  adolor corp
65 :  boeing co,safeway inc,advance auto parts inc,tractor supply co,be aerospace inc,sally beauty holdings inc,carter's inc,monro muffler brake inc,weis markets inc,ethan allen interiors inc
66 :  exxon mobil corp,schlumberger ltd,pepsico inc,united technologies corp,caterpillar inc,news corp,du pont (e i) de nemours,honeywell international inc,emerson electric co,baxter international inc
67 :  freeport-mcmoran cop&gold,cliffs natural resources inc,bunge ltd,alpha natural resources inc,buckeye partners lp,nustar energy lp,inergy lp,tesoro corp,triumph group inc,coeur d'alene mines corp
