********doing n_clusters= 24
getting quarter=q0 from ../data/fa_data/q0.csv
000000000000000000000
13      NEWFIELD EXPLORATION CO
21         ULTRA PETROLEUM CORP
10    HERTZ GLOBAL HOLDINGS INC
2        BRIGHAM EXPLORATION CO
18         SANDRIDGE ENERGY INC
23           EXCO RESOURCES INC
20      TESLA MOTORS INC  -REDH
14          OASIS PETROLEUM INC
5               FOREST OIL CORP
12       MCMORAN EXPLORATION CO
Name: name, dtype: object
000000000000000000000
158    PHILIP MORRIS INTERNATIONAL
132               ALTRIA GROUP INC
47                       BOEING CO
69               CVS CAREMARK CORP
82       FREEPORT-MCMORAN COP&GOLD
140            NEWMONT MINING CORP
143     NATIONAL OILWELL VARCO INC
154       PRECISION CASTPARTS CORP
89           GENERAL DYNAMICS CORP
163          REYNOLDS AMERICAN INC
Name: name, dtype: object
000000000000000000000
223    WORLD HEART CORP
Name: name, dtype: object
000000000000000000000
229     AUTOMATIC DATA PROCESSING
265    MEDCO HEALTH SOLUTIONS INC
263                 MCKESSON CORP
238           CARDINAL HEALTH INC
226        AMERISOURCEBERGEN CORP
232                     AVNET INC
231         ARROW ELECTRONICS INC
272                       NVR INC
246                D R HORTON INC
256              INGRAM MICRO INC
Name: name, dtype: object
000000000000000000000
288    CADENCE PHARMACEUTICALS INC
Name: name, dtype: object
000000000000000000000
313                      INTEL CORP
326       OCCIDENTAL PETROLEUM CORP
292                     APACHE CORP
294         ANADARKO PETROLEUM CORP
301               DEVON ENERGY CORP
304               EOG RESOURCES INC
323                NOBLE ENERGY INC
316          INTUITIVE SURGICAL INC
332    PIONEER NATURAL RESOURCES CO
306                 FIRST SOLAR INC
Name: name, dtype: object
000000000000000000000
361    ADVANCED CELL TECHNOLOGY INC
362                  VERMILLION INC
Name: name, dtype: object
000000000000000000000
363    BEACON POWER CORP
Name: name, dtype: object
000000000000000000000
364    PILGRIM'S PRIDE CORP
Name: name, dtype: object
000000000000000000000
370        WORLD FUEL SERVICES CORP
372        JAZZ PHARMACEUTICALS INC
376      SAGENT PHARMACEUTICALS INC
374        PRESTIGE BRANDS HOLDINGS
375    SCICLONE PHARMACEUTICALS INC
369                   DATALINK CORP
373                       LRAD CORP
377    WAYSIDE TECHNOLOGY GROUP INC
366                  ADAMS GOLF INC
371                     IRIDEX CORP
Name: name, dtype: object
000000000000000000000
379       CONTINENTAL RESOURCES INC
378    BREITBURN ENERGY PARTNERS LP
Name: name, dtype: object
000000000000000000000
380    TRANSWITCH CORP
Name: name, dtype: object
000000000000000000000
470    INTL BUSINESS MACHINES CORP
431                   CHEVRON CORP
458                     GOOGLE INC
455            GENERAL ELECTRIC CO
547               SCHLUMBERGER LTD
585     VERIZON COMMUNICATIONS INC
498                MCDONALD'S CORP
517                      NEWS CORP
440                       EBAY INC
496           LAS VEGAS SANDS CORP
Name: name, dtype: object
000000000000000000000
596    DAXOR CORP
Name: name, dtype: object
000000000000000000000
598    MOLYCORP INC
597        GEVO INC
Name: name, dtype: object
000000000000000000000
603                    HOMEAWAY INC
602                       ARIBA INC
612    J2 GLOBAL COMMUNICATIONS INC
616             SELECT COMFORT CORP
613                     LOGMEIN INC
607               DICE HOLDINGS INC
605                        CEVA INC
614                     LOOPNET INC
606            CONSTANT CONTACT INC
619       MONOTYPE IMAGING HOLDINGS
Name: name, dtype: object
000000000000000000000
887            JOHNSON & JOHNSON
999          PROCTER & GAMBLE CO
947                   MERCK & CO
628          ABBOTT LABORATORIES
1116    UNITED TECHNOLOGIES CORP
941                        3M CO
699              CATERPILLAR INC
648                    AMGEN INC
688      BRISTOL-MYERS SQUIBB CO
757     DU PONT (E I) DE NEMOURS
Name: name, dtype: object
000000000000000000000
1161    NICHOLAS FINANCIAL INC
Name: name, dtype: object
000000000000000000000
1409                EXXON MOBIL CORP
1286                    COCA-COLA CO
1332                      PFIZER INC
1330                     PEPSICO INC
1222                  CONOCOPHILLIPS
1285                 KRAFT FOODS INC
1268                  HALLIBURTON CO
1243    ENTERPRISE PRODS PRTNRS  -LP
1258             GILEAD SCIENCES INC
1387           TEXAS INSTRUMENTS INC
Name: name, dtype: object
000000000000000000000
1415                APPLE INC
1502           MICROSOFT CORP
1520             QUALCOMM INC
1460              EMC CORP/MA
1564         VMWARE INC -CL A
1421             ALLERGAN INC
1437            BROADCOM CORP
1549            SYMANTEC CORP
1496    MCGRAW-HILL COMPANIES
1424              ALTERA CORP
Name: name, dtype: object
000000000000000000000
1575            STAR SCIENTIFIC INC
1581    SAVIENT PHARMACEUTICALS INC
1576        CYTORI THERAPEUTICS INC
1577        AMICUS THERAPEUTICS INC
1578        GENMARK DIAGNOSTICS INC
1579                MICROVISION INC
1580    SOMAXON PHARMACEUTICALS INC
1574                  ORAGENICS INC
Name: name, dtype: object
000000000000000000000
1582    DYNEGY INC
Name: name, dtype: object
000000000000000000000
1583    NABI BIOPHARMACEUTICALS
Name: name, dtype: object
000000000000000000000
1593       UNITEDHEALTH GROUP INC
1586          EXPRESS SCRIPTS INC
1588                   HUMANA INC
1587                  EXPEDIA INC
1584              AMERIGROUP CORP
1594    WELLCARE HEALTH PLANS INC
1589        MOLINA HEALTHCARE INC
1585            DIGITAL RIVER INC
1590                BLUE NILE INC
1591               REACHLOCAL INC
Name: name, dtype: object
    kmeans.fact_024                                              names
0                 0  newfield exploration co,ultra petroleum corp,h...
1                 1  philip morris international,altria group inc,b...
2                 2                                   world heart corp
3                 3  automatic data processing,medco health solutio...
4                 4                        cadence pharmaceuticals inc
5                 5  intel corp,occidental petroleum corp,apache co...
6                 6        advanced cell technology inc,vermillion inc
7                 7                                  beacon power corp
8                 8                               pilgrim's pride corp
9                 9  world fuel services corp,jazz pharmaceuticals ...
10               10  continental resources inc,breitburn energy par...
11               11                                    transwitch corp
12               12  intl business machines corp,chevron corp,googl...
13               13                                         daxor corp
14               14                              molycorp inc,gevo inc
15               15  homeaway inc,ariba inc,j2 global communication...
16               16  johnson & johnson,procter & gamble co,merck & ...
17               17                             nicholas financial inc
18               18  exxon mobil corp,coca-cola co,pfizer inc,pepsi...
19               19  apple inc,microsoft corp,qualcomm inc,emc corp...
20               20  star scientific inc,savient pharmaceuticals in...
21               21                                         dynegy inc
22               22                            nabi biopharmaceuticals
23               23  unitedhealth group inc,express scripts inc,hum...
1010
1510
2010
2020
2030
2510
2520
2530
2540
2550
3010
3020
3030
3510
3520
4010
4020
4040
4510
4520
4530
5010
5510
gics.024
4010      1
4040      6
4020      9
5510     10
3010     13
2030     15
3030     26
2540     26
2510     27
5010     27
2020     47
3020     50
2550     59
2530     70
2520     75
3520     94
4530    100
1510    128
1010    135
4510    143
4520    156
3510    164
2010    214
Name: kmeans.fact_024, dtype: int64
kmeans.fact_024
11      1
21      1
2       1
4       1
17      1
7       1
8       1
22      1
13      1
6       2
14      2
10      2
20      8
23     11
9      13
15     25
0      25
3      64
5      72
19    160
1     198
12    215
18    252
16    537
Name: gics.024, dtype: int64
                   n                                              names
kmeans.fact_024                                                        
0                 25  newfield exploration co,ultra petroleum corp,h...
1                198  philip morris international,altria group inc,b...
2                  1                                   world heart corp
3                 64  automatic data processing,medco health solutio...
4                  1                        cadence pharmaceuticals inc
5                 72  intel corp,occidental petroleum corp,apache co...
6                  2        advanced cell technology inc,vermillion inc
7                  1                                  beacon power corp
8                  1                               pilgrim's pride corp
9                 13  world fuel services corp,jazz pharmaceuticals ...
10                 2  continental resources inc,breitburn energy par...
11                 1                                    transwitch corp
12               215  intl business machines corp,chevron corp,googl...
13                 1                                         daxor corp
14                 2                              molycorp inc,gevo inc
15                25  homeaway inc,ariba inc,j2 global communication...
16               537  johnson & johnson,procter & gamble co,merck & ...
17                 1                             nicholas financial inc
18               252  exxon mobil corp,coca-cola co,pfizer inc,pepsi...
19               160  apple inc,microsoft corp,qualcomm inc,emc corp...
20                 8  star scientific inc,savient pharmaceuticals in...
21                 1                                         dynegy inc
22                 1                            nabi biopharmaceuticals
23                11  unitedhealth group inc,express scripts inc,hum...
0 :  newfield exploration co,ultra petroleum corp,hertz global holdings inc,brigham exploration co,sandridge energy inc,exco resources inc,tesla motors inc  -redh,oasis petroleum inc,forest oil corp,mcmoran exploration co
1 :  philip morris international,altria group inc,boeing co,cvs caremark corp,freeport-mcmoran cop&gold,newmont mining corp,national oilwell varco inc,precision castparts corp,general dynamics corp,reynolds american inc
2 :  world heart corp
3 :  automatic data processing,medco health solutions inc,mckesson corp,cardinal health inc,amerisourcebergen corp,avnet inc,arrow electronics inc,nvr inc,d r horton inc,ingram micro inc
4 :  cadence pharmaceuticals inc
5 :  intel corp,occidental petroleum corp,apache corp,anadarko petroleum corp,devon energy corp,eog resources inc,noble energy inc,intuitive surgical inc,pioneer natural resources co,first solar inc
6 :  advanced cell technology inc,vermillion inc
7 :  beacon power corp
8 :  pilgrim's pride corp
9 :  world fuel services corp,jazz pharmaceuticals inc,sagent pharmaceuticals inc,prestige brands holdings,sciclone pharmaceuticals inc,datalink corp,lrad corp,wayside technology group inc,adams golf inc,iridex corp
10 :  continental resources inc,breitburn energy partners lp
11 :  transwitch corp
12 :  intl business machines corp,chevron corp,google inc,general electric co,schlumberger ltd,verizon communications inc,mcdonald's corp,news corp,ebay inc,las vegas sands corp
13 :  daxor corp
14 :  molycorp inc,gevo inc
15 :  homeaway inc,ariba inc,j2 global communications inc,select comfort corp,logmein inc,dice holdings inc,ceva inc,loopnet inc,constant contact inc,monotype imaging holdings
16 :  johnson & johnson,procter & gamble co,merck & co,abbott laboratories,united technologies corp,3m co,caterpillar inc,amgen inc,bristol-myers squibb co,du pont (e i) de nemours
17 :  nicholas financial inc
18 :  exxon mobil corp,coca-cola co,pfizer inc,pepsico inc,conocophillips,kraft foods inc,halliburton co,enterprise prods prtnrs  -lp,gilead sciences inc,texas instruments inc
19 :  apple inc,microsoft corp,qualcomm inc,emc corp/ma,vmware inc -cl a,allergan inc,broadcom corp,symantec corp,mcgraw-hill companies,altera corp
20 :  star scientific inc,savient pharmaceuticals inc,cytori therapeutics inc,amicus therapeutics inc,genmark diagnostics inc,microvision inc,somaxon pharmaceuticals inc,oragenics inc
21 :  dynegy inc
22 :  nabi biopharmaceuticals
23 :  unitedhealth group inc,express scripts inc,humana inc,expedia inc,amerigroup corp,wellcare health plans inc,molina healthcare inc,digital river inc,blue nile inc,reachlocal inc
