********doing n_clusters= 11
getting quarter=q0 from ../data/fa_data/q0.csv
000000000000000000000
523               EXXON MOBIL CORP
300                 MICROSOFT CORP
226    INTL BUSINESS MACHINES CORP
128                   CHEVRON CORP
245              JOHNSON & JOHNSON
197                     GOOGLE INC
189            GENERAL ELECTRIC CO
254                   COCA-COLA CO
348                     PFIZER INC
423               SCHLUMBERGER LTD
Name: name, dtype: object
000000000000000000000
528    WORLD HEART CORP
Name: name, dtype: object
000000000000000000000
530                  APPLE INC
632               QUALCOMM INC
664     UNITEDHEALTH GROUP INC
669           VMWARE INC -CL A
574        EXPRESS SCRIPTS INC
549              BROADCOM CORP
588                 HUMANA INC
658              SYMANTEC CORP
560         CITRIX SYSTEMS INC
543    ACTIVISION BLIZZARD INC
Name: name, dtype: object
000000000000000000000
683    MOLYCORP INC
682        GEVO INC
Name: name, dtype: object
000000000000000000000
1273            PROCTER & GAMBLE CO
1283    PHILIP MORRIS INTERNATIONAL
1065                     INTEL CORP
1184                     MERCK & CO
1465       UNITED TECHNOLOGIES CORP
1100                KRAFT FOODS INC
1169                          3M CO
1175               ALTRIA GROUP INC
727                       AMGEN INC
796         BRISTOL-MYERS SQUIBB CO
Name: name, dtype: object
000000000000000000000
1534    ADVANCED CELL TECHNOLOGY INC
1535                  VERMILLION INC
Name: name, dtype: object
000000000000000000000
1540                  D R HORTON INC
1543        WORLD FUEL SERVICES CORP
1545        JAZZ PHARMACEUTICALS INC
1552      SAGENT PHARMACEUTICALS INC
1550        PRESTIGE BRANDS HOLDINGS
1551    SCICLONE PHARMACEUTICALS INC
1541                   DATALINK CORP
1548          NICHOLAS FINANCIAL INC
1546                       LRAD CORP
1549           PARLUX FRAGRANCES INC
Name: name, dtype: object
000000000000000000000
1554    TRANSWITCH CORP
Name: name, dtype: object
000000000000000000000
1555    CADENCE PHARMACEUTICALS INC
Name: name, dtype: object
000000000000000000000
1556    DAXOR CORP
Name: name, dtype: object
000000000000000000000
1565               EOG RESOURCES INC
1581    PIONEER NATURAL RESOURCES CO
1562            CABOT OIL & GAS CORP
1576         NEWFIELD EXPLORATION CO
1593               CIMAREX ENERGY CO
1589            ULTRA PETROLEUM CORP
1573       HERTZ GLOBAL HOLDINGS INC
1582    PLAINS EXPLORATION & PROD CO
1560          BRIGHAM EXPLORATION CO
1585            SANDRIDGE ENERGY INC
Name: name, dtype: object
    kmeans.fact_011                                              names
0                 0  exxon mobil corp,microsoft corp,intl business ...
1                 1                                   world heart corp
2                 2  apple inc,qualcomm inc,unitedhealth group inc,...
3                 3                              molycorp inc,gevo inc
4                 4  procter & gamble co,philip morris internationa...
5                 5        advanced cell technology inc,vermillion inc
6                 6  d r horton inc,world fuel services corp,jazz p...
7                 7                                    transwitch corp
8                 8                        cadence pharmaceuticals inc
9                 9                                         daxor corp
10               10  eog resources inc,pioneer natural resources co...
10
15
20
25
30
35
40
45
50
55
gics.011
55     10
40     16
50     27
30     89
15    128
10    135
25    257
35    258
20    276
45    399
Name: kmeans.fact_011, dtype: int64
kmeans.fact_011
1       1
7       1
8       1
9       1
3       2
5       2
6      18
10     38
2     153
0     528
4     850
Name: gics.011, dtype: int64
                   n                                              names
kmeans.fact_011                                                        
0                528  exxon mobil corp,microsoft corp,intl business ...
1                  1                                   world heart corp
2                153  apple inc,qualcomm inc,unitedhealth group inc,...
3                  2                              molycorp inc,gevo inc
4                850  procter & gamble co,philip morris internationa...
5                  2        advanced cell technology inc,vermillion inc
6                 18  d r horton inc,world fuel services corp,jazz p...
7                  1                                    transwitch corp
8                  1                        cadence pharmaceuticals inc
9                  1                                         daxor corp
10                38  eog resources inc,pioneer natural resources co...
0 :  exxon mobil corp,microsoft corp,intl business machines corp,chevron corp,johnson & johnson,google inc,general electric co,coca-cola co,pfizer inc,schlumberger ltd
1 :  world heart corp
2 :  apple inc,qualcomm inc,unitedhealth group inc,vmware inc -cl a,express scripts inc,broadcom corp,humana inc,symantec corp,citrix systems inc,activision blizzard inc
3 :  molycorp inc,gevo inc
4 :  procter & gamble co,philip morris international,intel corp,merck & co,united technologies corp,kraft foods inc,3m co,altria group inc,amgen inc,bristol-myers squibb co
5 :  advanced cell technology inc,vermillion inc
6 :  d r horton inc,world fuel services corp,jazz pharmaceuticals inc,sagent pharmaceuticals inc,prestige brands holdings,sciclone pharmaceuticals inc,datalink corp,nicholas financial inc,lrad corp,parlux fragrances inc
7 :  transwitch corp
8 :  cadence pharmaceuticals inc
9 :  daxor corp
10 :  eog resources inc,pioneer natural resources co,cabot oil & gas corp,newfield exploration co,cimarex energy co,ultra petroleum corp,hertz global holdings inc,plains exploration & prod co,brigham exploration co,sandridge energy inc
