********doing n_clusters= 157
getting quarter=q0 from ../data/fa_data/q0.csv
000000000000000000000
52                       3M CO
24                DOW CHEMICAL
78                     VF CORP
61                  NUCOR CORP
86         ZIMMER HOLDINGS INC
32          GRAINGER (W W) INC
47               LUBRIZOL CORP
69          SIGMA-ALDRICH CORP
16        ROCKWELL COLLINS INC
48    MICROCHIP TECHNOLOGY INC
Name: name, dtype: object
000000000000000000000
87    WORLD HEART CORP
Name: name, dtype: object
000000000000000000000
88                 APPLE INC
89    CHOICE HOTELS INTL INC
90               DELUXE CORP
93      VONAGE HOLDINGS CORP
92         UNITED ONLINE INC
91                DELTEK INC
Name: name, dtype: object
000000000000000000000
112    INTL BUSINESS MACHINES CORP
108                     GOOGLE INC
101                    CERNER CORP
114    LABORATORY CP OF AMER HLDGS
117                     MEDNAX INC
98                ATHENAHEALTH INC
116           LINCARE HOLDINGS INC
120                    NEUSTAR INC
95            ALIGN TECHNOLOGY INC
104                 CONVERGYS CORP
Name: name, dtype: object
000000000000000000000
134    BRIGHAM EXPLORATION CO
Name: name, dtype: object
000000000000000000000
135    AMICUS THERAPEUTICS INC
Name: name, dtype: object
000000000000000000000
136    DAXOR CORP
Name: name, dtype: object
000000000000000000000
137    CADENCE PHARMACEUTICALS INC
Name: name, dtype: object
000000000000000000000
139    SCICLONE PHARMACEUTICALS INC
138                   DATALINK CORP
Name: name, dtype: object
000000000000000000000
151     EMERSON ELECTRIC CO
161    JOHNSON CONTROLS INC
158           INTL PAPER CO
159                ITT CORP
152                FMC CORP
170        NALCO HOLDING CO
166               MOLEX INC
143          APTARGROUP INC
179      SONOCO PRODUCTS CO
144     AVERY DENNISON CORP
Name: name, dtype: object
000000000000000000000
188    BREITBURN ENERGY PARTNERS LP
Name: name, dtype: object
000000000000000000000
189    BEACON POWER CORP
Name: name, dtype: object
000000000000000000000
190    TRANSWITCH CORP
Name: name, dtype: object
000000000000000000000
191    GEVO INC
Name: name, dtype: object
000000000000000000000
192    ADVANCED CELL TECHNOLOGY INC
Name: name, dtype: object
000000000000000000000
194                ANIXTER INTL INC
206                      WATSCO INC
202                     NETGEAR INC
200               INTER PARFUMS INC
198         HOUSTON WIRE & CABLE CO
195    CORNERSTONE THERAPEUTICS INC
201                  KID BRANDS INC
196                CYBEROPTICS CORP
197                      HEELYS INC
199                         IGO INC
Name: name, dtype: object
000000000000000000000
210    PIONEER NATURAL RESOURCES CO
211                  TEJON RANCH CO
208      NATURAL GAS SERVICES GROUP
209      PACIRA PHARMACEUTICALS INC
207         EAGLE BULK SHIPPING INC
212            UQM TECHNOLOGIES INC
Name: name, dtype: object
000000000000000000000
213    PILGRIM'S PRIDE CORP
Name: name, dtype: object
000000000000000000000
215    UNITEDHEALTH GROUP INC
214     MOLINA HEALTHCARE INC
Name: name, dtype: object
000000000000000000000
216    NICHOLAS FINANCIAL INC
Name: name, dtype: object
000000000000000000000
220            PEABODY ENERGY CORP
223     CHIPOTLE MEXICAN GRILL INC
218    ALPHA NATURAL RESOURCES INC
228    METROPCS COMMUNICATIONS INC
229       PENN NATIONAL GAMING INC
226                HECLA MINING CO
217           ALASKA AIR GROUP INC
232                     WENDY'S CO
233                 VCA ANTECH INC
221         CHEESECAKE FACTORY INC
Name: name, dtype: object
000000000000000000000
236                      CA INC
235            BMC SOFTWARE INC
240          SUCCESSFACTORS INC
242              SOLARWINDS INC
243                WEBSENSE INC
239    RENAISSANCE LEARNING INC
234                ACCELRYS INC
241                SCIQUEST INC
237                     PDI INC
238                    REIS INC
Name: name, dtype: object
000000000000000000000
244    DYNEGY INC
Name: name, dtype: object
000000000000000000000
245    REACHLOCAL INC
Name: name, dtype: object
000000000000000000000
246    WORLD FUEL SERVICES CORP
Name: name, dtype: object
000000000000000000000
253                    ZORAN CORP
248                      CRAY INC
249    MINDSPEED TECHNOLOGIES INC
251               QUICKLOGIC CORP
247          BIGBAND NETWORKS INC
252    VITESSE SEMICONDUCTOR CORP
250               NEUROMETRIX INC
Name: name, dtype: object
000000000000000000000
277            PROCTER & GAMBLE CO
278    PHILIP MORRIS INTERNATIONAL
280          REYNOLDS AMERICAN INC
259                      COACH INC
269                     HERSHEY CO
282              RALPH LAUREN CORP
288         WHOLE FOODS MARKET INC
264                    FASTENAL CO
257                  AVON PRODUCTS
268                    HOSPIRA INC
Name: name, dtype: object
000000000000000000000
307                  COCA-COLA CO
312                   PEPSICO INC
306               KRAFT FOODS INC
292      BAXTER INTERNATIONAL INC
323                YUM BRANDS INC
319                    SYSCO CORP
309     MEAD JOHNSON NUTRITION CO
310       MARATHON PETROLEUM CORP
301                    FLUOR CORP
318    STANLEY BLACK & DECKER INC
Name: name, dtype: object
000000000000000000000
327                        CBS CORP
357            WASTE MANAGEMENT INC
344           NORTHROP GRUMMAN CORP
358                      XEROX CORP
338             HARLEY-DAVIDSON INC
331    DIAMOND OFFSHRE DRILLING INC
351         MOLSON COORS BREWING CO
332                      DAVITA INC
348     PHARMACEUTICAL PROD DEV INC
352       TOTAL SYSTEM SERVICES INC
Name: name, dtype: object
000000000000000000000
359    MICROVISION INC
Name: name, dtype: object
000000000000000000000
361    J2 GLOBAL COMMUNICATIONS INC
362                  STAMPS.COM INC
360                   DIGIMARC CORP
Name: name, dtype: object
000000000000000000000
365               LINKEDIN CORP
363                   ARIBA INC
366     HIGHER ONE HOLDINGS INC
368                   VOCUS INC
364               ELLIE MAE INC
367    SCIENTIFIC LEARNING CORP
Name: name, dtype: object
000000000000000000000
369          FOREST OIL CORP
370    PETROQUEST ENERGY INC
Name: name, dtype: object
000000000000000000000
371    NABI BIOPHARMACEUTICALS
Name: name, dtype: object
000000000000000000000
372    WINMARK CORP
Name: name, dtype: object
000000000000000000000
394               JOHNSON & JOHNSON
374             ABBOTT LABORATORIES
377            COLGATE-PALMOLIVE CO
416                 TIME WARNER INC
395                      KELLOGG CO
384    LAUDER (ESTEE) COS INC -CL A
414                    STRYKER CORP
383                      ECOLAB INC
381                      DOVER CORP
378                    CLOROX CO/DE
Name: name, dtype: object
000000000000000000000
421    VERMILLION INC
Name: name, dtype: object
000000000000000000000
422    MOLYCORP INC
Name: name, dtype: object
000000000000000000000
425                 FIRST SOLAR INC
427             INTREPID POTASH INC
431    MEMC ELECTRONIC MATRIALS INC
424          BUFFALO WILD WINGS INC
430                       REALD INC
429          RUBICON TECHNOLOGY INC
426      HERITAGE-CRYSTAL CLEAN INC
423               U S ANTIMONY CORP
428                PRIMO WATER CORP
Name: name, dtype: object
000000000000000000000
481      NATIONAL OILWELL VARCO INC
432                       ALCOA INC
443      CAMERON INTERNATIONAL CORP
480                       MYLAN INC
466    STARWOOD HOTELS&RESORTS WRLD
438                       BALL CORP
436      ALLEGHENY TECHNOLOGIES INC
485            RALCORP HOLDINGS INC
479               MEADWESTVACO CORP
500             VULCAN MATERIALS CO
Name: name, dtype: object
000000000000000000000
508    PENN VIRGINIA CORP
Name: name, dtype: object
000000000000000000000
522             NEWMONT MINING CORP
520    MAGELLAN MIDSTREAM PRTNRS LP
511                  AUTONATION INC
519                        LKQ CORP
514                  CVR ENERGY INC
527     SPIRIT AEROSYSTEMS HOLDINGS
529             TREEHOUSE FOODS INC
530                 CVR PARTNERS LP
523     PENSKE AUTOMOTIVE GROUP INC
513             CENTURY ALUMINUM CO
Name: name, dtype: object
000000000000000000000
534    IMMERSION CORP
Name: name, dtype: object
000000000000000000000
535    FRIENDFINDER NETWORKS INC
Name: name, dtype: object
000000000000000000000
543               QUANTUM CORP
545               SONOSITE INC
544               RADISYS CORP
546    WESTELL TECH INC  -CL A
536           ACTIVE POWER INC
537     BIOLASE TECHNOLOGY INC
541        NUMEREX CORP  -CL A
538               DIALOGIC INC
540                 ITERIS INC
539            INTERPHASE CORP
Name: name, dtype: object
000000000000000000000
550                      ATMEL CORP
580          TUPPERWARE BRANDS CORP
574          POLARIS INDUSTRIES INC
563    FREESCALE SMCNDCTR HLD I LTD
553                        AVX CORP
579            TIMBERLAND CO  -CL A
568                         HSN INC
586            WOLVERINE WORLD WIDE
575                 RADIOSHACK CORP
569                 JONES GROUP INC
Name: name, dtype: object
000000000000000000000
622        EXXON MOBIL CORP
596          CONOCOPHILLIPS
608         MCDONALD'S CORP
620        WILLIAMS COS INC
621    WILLIAMS PARTNERS LP
590                AES CORP
601       HYATT HOTELS CORP
593              AIRGAS INC
587           ARCH COAL INC
594             ASHLAND INC
Name: name, dtype: object
000000000000000000000
623    SAVIENT PHARMACEUTICALS INC
Name: name, dtype: object
000000000000000000000
624    CONTINENTAL RESOURCES INC
Name: name, dtype: object
000000000000000000000
628                  NVR INC
626           D R HORTON INC
627      MERITAGE HOMES CORP
629    PARLUX FRAGRANCES INC
625              AETRIUM INC
Name: name, dtype: object
000000000000000000000
642         O'REILLY AUTOMOTIVE INC
644                     SAFEWAY INC
633                GNC HOLDINGS INC
643            STILLWATER MINING CO
641            99 CENTS ONLY STORES
640         MONRO MUFFLER BRAKE INC
639                MDC HOLDINGS INC
632       ETHAN ALLEN INTERIORS INC
638    LUMBER LIQUIDATORS HLDGS INC
634                     HHGREGG INC
Name: name, dtype: object
000000000000000000000
649               EMCOR GROUP INC
655    TAKE-TWO INTERACTIVE SFTWR
652             INNERWORKINGS INC
647                  BIOSCRIP INC
654             PC CONNECTION INC
651            GP STRATEGIES CORP
653           NETWORK ENGINES INC
650        FORWARD INDUSTRIES INC
648                       CSP INC
Name: name, dtype: object
000000000000000000000
656    DENDREON CORP
Name: name, dtype: object
000000000000000000000
657    SOMAXON PHARMACEUTICALS INC
Name: name, dtype: object
000000000000000000000
658    PRESTIGE BRANDS HOLDINGS
Name: name, dtype: object
000000000000000000000
659        AKAMAI TECHNOLOGIES INC
664               RSC HOLDINGS INC
661         LIMELIGHT NETWORKS INC
660                    CBEYOND INC
662    MULTIMEDIA GAMES HOLDING CO
666             TGC INDUSTRIES INC
663                  MOTRICITY INC
665       SMITH MICRO SOFTWARE INC
Name: name, dtype: object
000000000000000000000
725       UNITED TECHNOLOGIES CORP
686    HONEYWELL INTERNATIONAL INC
710             PPG INDUSTRIES INC
707           PARKER-HANNIFIN CORP
699                     MATTEL INC
714            ROCKWELL AUTOMATION
718            SHERWIN-WILLIAMS CO
670                  AMPHENOL CORP
669                     AMETEK INC
677             CROWN HOLDINGS INC
Name: name, dtype: object
000000000000000000000
754                 PFIZER INC
749                 MERCK & CO
732                  AMGEN INC
737    BRISTOL-MYERS SQUIBB CO
747           LILLY (ELI) & CO
741        GILEAD SCIENCES INC
762      TEXAS INSTRUMENTS INC
738               CELGENE CORP
729               ALLERGAN INC
735            BIOGEN IDEC INC
Name: name, dtype: object
000000000000000000000
775                       NEWS CORP
766       COCA-COLA ENTERPRISES INC
765                  BORGWARNER INC
770                       LEAR CORP
779                      SUNOCO INC
778             QUANTA SERVICES INC
768              HOLLYFRONTIER CORP
780    SUNOCO LOGISTICS PARTNERS LP
783                    VISTEON CORP
773                      MASTEC INC
Name: name, dtype: object
000000000000000000000
785    CLEARWIRE CORP
Name: name, dtype: object
000000000000000000000
794                    CHEVRON CORP
815                SCHLUMBERGER LTD
799                  HALLIBURTON CO
813                     PRAXAIR INC
790                BAKER HUGHES INC
800                       HESS CORP
788    AIR PRODUCTS & CHEMICALS INC
808                 MURPHY OIL CORP
809                NII HOLDINGS INC
810       OCEANEERING INTERNATIONAL
Name: name, dtype: object
000000000000000000000
821    GENMARK DIAGNOSTICS INC
Name: name, dtype: object
000000000000000000000
829    OCCIDENTAL PETROLEUM CORP
822                  APACHE CORP
823      ANADARKO PETROLEUM CORP
828             NOBLE ENERGY INC
825         CABOT OIL & GAS CORP
832            QEP RESOURCES INC
827            HELMERICH & PAYNE
831     PATTERSON-UTI ENERGY INC
835                    UNIT CORP
836           UNITED RENTALS INC
Name: name, dtype: object
000000000000000000000
848      CF INDUSTRIES HOLDINGS INC
870              VALERO ENERGY CORP
841     ALEXION PHARMACEUTICALS INC
858    PLAINS ALL AMER PIPELNE  -LP
846                   CELANESE CORP
871               WALTER ENERGY INC
862                    ROCK-TENN CO
851      ENDO PHARMACEUTICALS HLDGS
857                   OWENS CORNING
869        UNITED THERAPEUTICS CORP
Name: name, dtype: object
000000000000000000000
873    AMBIENT CORP
Name: name, dtype: object
000000000000000000000
874    SUPERCONDUCTOR TECHNOLOGIES
Name: name, dtype: object
000000000000000000000
887                  MICROSOFT CORP
891                   TERADATA CORP
888       NUANCE COMMUNICATIONS INC
876                       ANSYS INC
877                 ACME PACKET INC
889                     ROLLINS INC
885                 MORNINGSTAR INC
886    MEDICIS PHARMACEUT CP  -CL A
890     SS&C TECHNOLOGIES HLDGS INC
875               ACI WORLDWIDE INC
Name: name, dtype: object
000000000000000000000
892    ACTUATE CORP
Name: name, dtype: object
000000000000000000000
893             F5 NETWORKS INC
897     RIVERBED TECHNOLOGY INC
896         MYRIAD GENETICS INC
899    TESSERA TECHNOLOGIES INC
894          GENOMIC HEALTH INC
898                 TELENAV INC
895                    MOVE INC
Name: name, dtype: object
000000000000000000000
906    ENTERPRISE PRODS PRTNRS  -LP
912            LAS VEGAS SANDS CORP
911       KINDER MORGAN ENERGY  -LP
917           REPUBLIC SERVICES INC
904     ENBRIDGE ENERGY PRTNRS  -LP
913     MARKWEST ENERGY PARTNERS LP
914     TARGA RESOURCES PARTNERS LP
901               CLEAN HARBORS INC
921                   TIDEWATER INC
920                 TC PIPELINES LP
Name: name, dtype: object
000000000000000000000
924    BALQON CORP
Name: name, dtype: object
000000000000000000000
925    BROADCAST INTERNATIONAL INC
Name: name, dtype: object
000000000000000000000
939             VMWARE INC -CL A
938                SYMANTEC CORP
929           CITRIX SYSTEMS INC
927               BLACKBOARD INC
937                 REALPAGE INC
935           QUEST SOFTWARE INC
926          ADVENT SOFTWARE INC
936    RIGHTNOW TECHNOLOGIES INC
934       OPNET TECHNOLOGIES INC
933         NETSCOUT SYSTEMS INC
Name: name, dtype: object
000000000000000000000
943                        EBAY INC
942           QUEST DIAGNOSTICS INC
953    TRW AUTOMOTIVE HOLDINGS CORP
941        COVENTRY HEALTH CARE INC
950                PITNEY BOWES INC
956          WASHINGTON POST  -CL B
955                  VALUECLICK INC
954     VALASSIS COMMUNICATIONS INC
951                      TALEO CORP
947                        HNI CORP
Name: name, dtype: object
000000000000000000000
957    WAVE SYSTEMS CORP  -CL A
Name: name, dtype: object
000000000000000000000
958    JAZZ PHARMACEUTICALS INC
Name: name, dtype: object
000000000000000000000
959    ZIPREALTY INC
Name: name, dtype: object
000000000000000000000
964              SOUTHWEST AIRLINES
963           LIFE TIME FITNESS INC
967             TEXAS ROADHOUSE INC
960             ALLEGIANT TRAVEL CO
966       RED ROBIN GOURMET BURGERS
961             BENIHANA INC  -CL A
965    MORTONS RESTAURANT GROUP INC
962     GRANITE CITY FOOD & BREWERY
Name: name, dtype: object
000000000000000000000
968    ORAGENICS INC
Name: name, dtype: object
000000000000000000000
972    NU SKIN ENTERPRISES  -CL A
973           SELECT COMFORT CORP
974     USANA HEALTH SCIENCES INC
971               NUTRISYSTEM INC
969             BODY CENTRAL CORP
970                  MEDIFAST INC
Name: name, dtype: object
000000000000000000000
975    GENERAL ELECTRIC CO
Name: name, dtype: object
000000000000000000000
976    WAYSIDE TECHNOLOGY GROUP INC
Name: name, dtype: object
000000000000000000000
977    ADOLOR CORP
Name: name, dtype: object
000000000000000000000
978    INFUSYSTEM HOLDINGS INC
Name: name, dtype: object
000000000000000000000
981    TESLA MOTORS INC  -REDH
979                 AMYRIS INC
980           A123 SYSTEMS INC
Name: name, dtype: object
000000000000000000000
982    LEUCADIA NATIONAL CORP
Name: name, dtype: object
000000000000000000000
983    MCCORMICK & SCHMICKS SEAFOOD
Name: name, dtype: object
000000000000000000000
985          GLOBALSTAR INC
984    DELTA PETROLEUM CORP
Name: name, dtype: object
000000000000000000000
989                INFORMATICA CORP
988                    FORTINET INC
990    QUESTCOR PHARMACEUTICALS INC
986           COMMVAULT SYSTEMS INC
991            U S HOME SYSTEMS INC
987                  DATAWATCH CORP
Name: name, dtype: object
000000000000000000000
993          EXPEDIA INC
992    DIGITAL RIVER INC
994    SOCKET MOBILE INC
Name: name, dtype: object
000000000000000000000
995    SEQUENOM INC
Name: name, dtype: object
000000000000000000000
1014                    VIACOM INC
1007        MOTOROLA SOLUTIONS INC
1006         MCGRAW-HILL COMPANIES
996                    ALTERA CORP
997     CADENCE DESIGN SYSTEMS INC
1009    PARAMETRIC TECHNOLOGY CORP
1002        JDA SOFTWARE GROUP INC
999                     CUBIC CORP
1010    PAR PHARMACEUTICAL COS INC
1013                       TEKELEC
Name: name, dtype: object
000000000000000000000
1015    INSIGNIA SYSTEMS INC
Name: name, dtype: object
000000000000000000000
1018               DISH NETWORK CORP
1022                 PANERA BREAD CO
1019        DUNKIN' BRANDS GROUP INC
1017                 CARDTRONICS INC
1016    BRAVO BRIO RESTAURANT GP INC
1024             BOINGO WIRELESS INC
1021    LINCOLN EDUCATIONAL SERVICES
1020                       JAMBA INC
1023            PRINCETON REVIEW INC
Name: name, dtype: object
000000000000000000000
1028       HEALTHCARE SERVICES GROUP
1029      IPC THE HOSPITALIST CO INC
1031    METROPOLITAN HLTH NTWRKS INC
1032               PDF SOLUTIONS INC
1027                   ENGLOBAL CORP
1025             ADDUS HOMECARE CORP
1026                    BSQUARE CORP
1030                LIGHTBRIDGE CORP
Name: name, dtype: object
000000000000000000000
1036           OWENS & MINOR INC
1035       MWI VETERINARY SUPPLY
1037                SYSTEMAX INC
1033    CORE MARK HOLDING CO INC
1038    ULTRA CLEAN HOLDINGS INC
1034       AMCON DISTRIBUTING CO
Name: name, dtype: object
000000000000000000000
1039    GMX RESOURCES INC
Name: name, dtype: object
000000000000000000000
1040    ALLOS THERAPEUTICS INC
Name: name, dtype: object
000000000000000000000
1041    BLUE NILE INC
Name: name, dtype: object
000000000000000000000
1042    8X8 INC
Name: name, dtype: object
000000000000000000000
1043    SIX FLAGS ENTERTAINMENT CORP
Name: name, dtype: object
000000000000000000000
1050         QLIK TECHNOLOGIES INC
1046      CORNERSTONE ONDEMAND INC
1052                  COMSCORE INC
1044         HUGHES TELEMATICS INC
1051             ROSETTA STONE INC
1048      ISTA PHARMACEUTICALS INC
1045         CALLIDUS SOFTWARE INC
1047                  CREXENDO INC
1049    OCULUS INNOVATIVE SCIENCES
Name: name, dtype: object
000000000000000000000
1057    SAGENT PHARMACEUTICALS INC
1056                     LRAD CORP
1053                ADAMS GOLF INC
1055                   IRIDEX CORP
1054                  BIDZ.COM INC
Name: name, dtype: object
000000000000000000000
1061         NEWFIELD EXPLORATION CO
1063            ULTRA PETROLEUM CORP
1062            SANDRIDGE ENERGY INC
1058    DUPONT FABROS TECHNOLOGY INC
1059                      GEOEYE INC
1060      IRIDIUM COMMUNICATIONS INC
Name: name, dtype: object
000000000000000000000
1064      AUTOMATIC DATA PROCESSING
1067    ULTIMATE SOFTWARE GROUP INC
1065                        THQ INC
1066                   TREE.COM INC
Name: name, dtype: object
000000000000000000000
1070                  BROADCOM CORP
1074                       LSI CORP
1076      NETLOGIC MICROSYSTEMS INC
1071                     CAVIUM INC
1072                     DEXCOM INC
1068    APPLIED MICRO CIRCUITS CORP
1075                  MAXLINEAR INC
1077             PLX TECHNOLOGY INC
1069                  AUTHENTEC INC
1079                  REPLIGEN CORP
Name: name, dtype: object
000000000000000000000
1082    BIOCRYST PHARMACEUTICALS INC
Name: name, dtype: object
000000000000000000000
1093                  QUALCOMM INC
1087                   EMC CORP/MA
1089        INTUITIVE SURGICAL INC
1090          JUNIPER NETWORKS INC
1086        DOLBY LABORATORIES INC
1088           IAC/INTERACTIVECORP
1083    CUBIST PHARMACEUTICALS INC
1092             MICROSTRATEGY INC
1085              COSTAR GROUP INC
1084         CAREER EDUCATION CORP
Name: name, dtype: object
000000000000000000000
1096    MERU NETWORKS INC
1097      SUPPORT.COM INC
1095      BROADVISION INC
Name: name, dtype: object
000000000000000000000
1100            VERISIGN INC
1098    CONSTANT CONTACT INC
1099      SPARK NETWORKS INC
Name: name, dtype: object
000000000000000000000
1109         ROPER INDUSTRIES INC/DE
1106    L-3 COMMUNICATIONS HLDGS INC
1107                    OMNICARE INC
1101     APPLIED INDUSTRIAL TECH INC
1102    COMPASS DIVERSIFIED HOLDINGS
1104               JAKKS PACIFIC INC
1108                 PHARMERICA CORP
1110          STAR GAS PARTNERS  -LP
1105               KEYW HOLDING CORP
1103       IMAGE SENSING SYSTEMS INC
Name: name, dtype: object
000000000000000000000
1114             MCKESSON CORP
1112       CARDINAL HEALTH INC
1111    AMERISOURCEBERGEN CORP
1113          INGRAM MICRO INC
Name: name, dtype: object
000000000000000000000
1123             CATERPILLAR INC
1131    DU PONT (E I) DE NEMOURS
1132                DANAHER CORP
1161        SOUTHERN COPPER CORP
1145         KIMBERLY-CLARK CORP
1127                 CUMMINS INC
1137                  EATON CORP
1139        FMC TECHNOLOGIES INC
1121      BOSTON SCIENTIFIC CORP
1171                   VALHI INC
Name: name, dtype: object
000000000000000000000
1177    MONOTYPE IMAGING HOLDINGS
Name: name, dtype: object
000000000000000000000
1184                WYNN RESORTS LTD
1181             SIRIUS XM RADIO INC
1183    UNITED CONTINENTAL HLDGS INC
1180       REGAL ENTERTAINMENT GROUP
1179           AMERISTAR CASINOS INC
1182       SUNRISE SENIOR LIVING INC
1178      ECOSPHERE TECHNOLOGIES INC
Name: name, dtype: object
000000000000000000000
1185        ADVANCE AUTO PARTS INC
1196             TRACTOR SUPPLY CO
1195     SALLY BEAUTY HOLDINGS INC
1199              WEIS MARKETS INC
1198               WEST MARINE INC
1194     US AUTO PARTS NETWORK INC
1191    DESTINATION MATERNITY CORP
1197          TUESDAY MORNING CORP
1189     BIG 5 SPORTING GOODS CORP
1188     BUILD-A-BEAR WORKSHOP INC
Name: name, dtype: object
000000000000000000000
1205                FORMFACTOR INC
1200                AFFYMETRIX INC
1203         CAPSTONE TURBINE CORP
1204                     EXAR CORP
1206            HANSEN MEDICAL INC
1207                   INTEVAC INC
1201                 ANADIGICS INC
1211     ROCKWELL MED TECHNOLOGIES
1213                    TRANS1 INC
1208    NETWORK EQUIPMENT TECH INC
Name: name, dtype: object
000000000000000000000
1215    SANTARUS INC
Name: name, dtype: object
000000000000000000000
1223    P F CHANGS CHINA BISTRO INC
1216           BIGLARI HOLDINGS INC
1224    RUTHS HOSPITALITY GROUP INC
1219      TOWN SPORTS INTL HOLDINGS
1221    MONARCH CASINO & RESORT INC
1217                O'CHARLEY'S INC
1218            CARMIKE CINEMAS INC
1222           MTR GAMING GROUP INC
1220                 KONA GRILL INC
Name: name, dtype: object
000000000000000000000
1225    HERTZ GLOBAL HOLDINGS INC
Name: name, dtype: object
000000000000000000000
1228         EXCO RESOURCES INC
1227        OASIS PETROLEUM INC
1226    GOODRICH PETROLEUM CORP
Name: name, dtype: object
000000000000000000000
1235                 ROVI CORP
1233            PMC-SIERRA INC
1230                  CEVA INC
1236              XO GROUP INC
1231            GLU MOBILE INC
1234    PERVASIVE SOFTWARE INC
1232             LOOKSMART LTD
1229        ASURE SOFTWARE INC
Name: name, dtype: object
000000000000000000000
1237    TECHNICAL COMMUNICATIONS CP
Name: name, dtype: object
000000000000000000000
1239                   HUMANA INC
1238              AMERIGROUP CORP
1240    WELLCARE HEALTH PLANS INC
Name: name, dtype: object
000000000000000000000
1266                SANDISK CORP
1243      ADVANCED MICRO DEVICES
1269      TRIMBLE NAVIGATION LTD
1262                 POLYCOM INC
1268                TERADYNE INC
1242                  ADTRAN INC
1264    SILICON LABORATORIES INC
1259                 MASIMO CORP
1263                 QLOGIC CORP
1257        INTERSIL CORP  -CL A
Name: name, dtype: object
000000000000000000000
1274    LOOPNET INC
Name: name, dtype: object
000000000000000000000
1283     ROYAL CARIBBEAN CRUISES LTD
1281       MGM RESORTS INTERNATIONAL
1278     CHENIERE ENERGY PARTNERS LP
1279                   EMERITUS CORP
1280             CHENIERE ENERGY INC
1276                BOYD GAMING CORP
1275    ASSISTED LIVING CONCEPTS INC
1282          POPE RESOURCES/DE  -LP
1284         READING INTL INC  -CL A
1285          GREAT WOLF RESORTS INC
Name: name, dtype: object
000000000000000000000
1286    HOMEAWAY INC
1287     LOGMEIN INC
Name: name, dtype: object
000000000000000000000
1302      VERIZON COMMUNICATIONS INC
1296               MARATHON OIL CORP
1299              SPRINT NEXTEL CORP
1301                VIRGIN MEDIA INC
1303                 WINDSTREAM CORP
1300    TELEPHONE & DATA SYSTEMS INC
1294    HELIX ENERGY SOLUTIONS GROUP
1289             CINCINNATI BELL INC
1291     CONSOLIDATED COMM HLDGS INC
1288    ALASKA COMMUNICATIONS SYS GP
Name: name, dtype: object
000000000000000000000
1316            CVS CAREMARK CORP
1346     PRECISION CASTPARTS CORP
1326        GENERAL DYNAMICS CORP
1305    ARCHER-DANIELS-MIDLAND CO
1308        BECTON DICKINSON & CO
1329                GOODRICH CORP
1328             GENUINE PARTS CO
1333           SCHEIN (HENRY) INC
1321               FLOWSERVE CORP
1307                    AGCO CORP
Name: name, dtype: object
000000000000000000000
1357    STAR SCIENTIFIC INC
Name: name, dtype: object
000000000000000000000
1358    VERTRO INC
Name: name, dtype: object
000000000000000000000
1359    CYTORI THERAPEUTICS INC
Name: name, dtype: object
000000000000000000000
1362             HANSEN NATURAL CORP
1368       SALIX PHARMACEUTICALS LTD
1374                  VIROPHARMA INC
1371                   SYNAPTICS INC
1363                    MEDICINES CO
1360                     ABIOMED INC
1370    SPECTRUM PHARMACEUTICALS INC
1367               SILICON IMAGE INC
1361                   CONCEPTUS INC
1369               SMART BALANCE INC
Name: name, dtype: object
000000000000000000000
1385               INTEL CORP
1396               PERRIGO CO
1383              GENTEX CORP
1380                 CREE INC
1392    ON SEMICONDUCTOR CORP
1388    LUFKIN INDUSTRIES INC
1386      INTL RECTIFIER CORP
1404             VOLCANO CORP
1403    VEECO INSTRUMENTS INC
1389       MAKO SURGICAL CORP
Name: name, dtype: object
000000000000000000000
1406               DEVON ENERGY CORP
1411               CIMAREX ENERGY CO
1407    PLAINS EXPLORATION & PROD CO
1405       APCO OIL AND GAS INTL INC
1408                 SWIFT ENERGY CO
1409               STONE ENERGY CORP
1410                      VENOCO INC
Name: name, dtype: object
000000000000000000000
1412    COLUMBIA LABORATORIES INC
Name: name, dtype: object
000000000000000000000
1423       FREEPORT-MCMORAN COP&GOLD
1426       GREEN MTN COFFEE ROASTERS
1419    CLIFFS NATURAL RESOURCES INC
1416                       BUNGE LTD
1417             BUCKEYE PARTNERS LP
1436                NUSTAR ENERGY LP
1446                     TESORO CORP
1444               TRIUMPH GROUP INC
1418        COEUR D'ALENE MINES CORP
1414      AMYLIN PHARMACEUTICALS INC
Name: name, dtype: object
000000000000000000000
1448         EOG RESOURCES INC
1450    MCMORAN EXPLORATION CO
1449     COMPLETE GENOMICS INC
Name: name, dtype: object
000000000000000000000
1464    ALLSCRIPTS HEALTHCARE SOLTNS
1467             QUALITY SYSTEMS INC
1455    BROADRIDGE FINANCIAL SOLUTNS
1454            ASPEN TECHNOLOGY INC
1459                 FAIR ISAAC CORP
1457     COMPUTER PROGRAMS & SYSTEMS
1473                     UNISYS CORP
1462        MANHATTAN ASSOCIATES INC
1466                  QUINSTREET INC
1471                         S1 CORP
Name: name, dtype: object
000000000000000000000
1477    ANTARES PHARMA INC
Name: name, dtype: object
000000000000000000000
1484    MEDCO HEALTH SOLUTIONS INC
1479                     AVNET INC
1478         ARROW ELECTRONICS INC
1490                WESCO INTL INC
1487             MADDEN STEVEN LTD
1489         UNITED STATIONERS INC
1480     BEACON ROOFING SUPPLY INC
1485                   MERITOR INC
1481               BRIGHTPOINT INC
1482           DXP ENTERPRISES INC
Name: name, dtype: object
000000000000000000000
1491    TELKONET INC
Name: name, dtype: object
000000000000000000000
1496                  SHUTTERFLY INC
1492    EINSTEIN NOAH RESTAURANT GRP
1497    CARROLS RESTAURANT GROUP INC
1498                   MAC-GRAY CORP
1493                    CRYOLIFE INC
1495            POSTROCK ENERGY CORP
1494                      GEOMET INC
Name: name, dtype: object
000000000000000000000
1500          EXPRESS SCRIPTS INC
1499    CATALYST HEALTH SOLUTIONS
Name: name, dtype: object
000000000000000000000
1501                   SOTHEBY'S
1503        DOUGLAS DYNAMICS INC
1505                 RENTECH INC
1504    RAM ENERGY RESOURCES INC
1502      REDDY ICE HOLDINGS INC
Name: name, dtype: object
000000000000000000000
1515          WABASH NATIONAL CORP
1506      AMAG PHARMACEUTICALS INC
1510          MARINE PRODUCTS CORP
1509    MOTORCAR PARTS OF AMER INC
1507                    CERUS CORP
1508               I D SYSTEMS INC
1513              SPORT CHALET INC
1512                PLUG POWER INC
1514                    SPIRE CORP
1511                 MANNATECH INC
Name: name, dtype: object
000000000000000000000
1516    DICE HOLDINGS INC
1517             ZIX CORP
Name: name, dtype: object
000000000000000000000
1527                     CORNING INC
1522               CONSOL ENERGY INC
1526    ENERGY TRANSFER PARTNERS -LP
1525       ENERGY TRANSFER EQUITY LP
1528                       INERGY LP
1529             OIL STATES INTL INC
1533      POLYPORE INTERNATIONAL INC
1519                 ATWOOD OCEANICS
1520               BRISTOW GROUP INC
1537                      VIASAT INC
Name: name, dtype: object
000000000000000000000
1543                      BOEING CO
1572                WEYERHAEUSER CO
1569         TYSON FOODS INC  -CL A
1544               BE AEROSPACE INC
1553                HANESBRANDS INC
1547                    BRUKER CORP
1550                   CARTER'S INC
1549         COLUMBIA SPORTSWEAR CO
1568    TOOTSIE ROLL INDUSTRIES INC
1571    WESCO AIRCRAFT HOLDINGS INC
Name: name, dtype: object
000000000000000000000
1575    VERTEX PHARMACEUTICALS INC
1574                 NEOPROBE CORP
1573                      ICAD INC
Name: name, dtype: object
000000000000000000000
1577    ACORDA THERAPEUTICS INC
1579         PETMED EXPRESS INC
1578                 CUTERA INC
1576                   PAID INC
Name: name, dtype: object
000000000000000000000
1580    HECKMANN CORP
Name: name, dtype: object
000000000000000000000
1581    ZIPCAR INC
Name: name, dtype: object
000000000000000000000
1582    TERRA NITROGEN CO  -LP
Name: name, dtype: object
000000000000000000000
1589           ALTRIA GROUP INC
1586              LORILLARD INC
1590                NETFLIX INC
1584    ACTIVISION BLIZZARD INC
1585        ELECTRONIC ARTS INC
1587     LIQUIDITY SERVICES INC
1583        AFC ENTERPRISES INC
1591          WEB.COM GROUP INC
1588              MAKEMUSIC INC
Name: name, dtype: object
000000000000000000000
1594    OVERSTOCK.COM INC
1592    1-800-FLOWERS.COM
1593         NAUTILUS INC
Name: name, dtype: object
     kmeans.fact_157                                              names
0                  0  3m co,dow chemical,vf corp,nucor corp,zimmer h...
1                  1                                   world heart corp
2                  2  apple inc,choice hotels intl inc,deluxe corp,v...
3                  3  intl business machines corp,google inc,cerner ...
4                  4                             brigham exploration co
5                  5                            amicus therapeutics inc
6                  6                                         daxor corp
7                  7                        cadence pharmaceuticals inc
8                  8         sciclone pharmaceuticals inc,datalink corp
9                  9  emerson electric co,johnson controls inc,intl ...
10                10                       breitburn energy partners lp
11                11                                  beacon power corp
12                12                                    transwitch corp
13                13                                           gevo inc
14                14                       advanced cell technology inc
15                15  anixter intl inc,watsco inc,netgear inc,inter ...
16                16  pioneer natural resources co,tejon ranch co,na...
17                17                               pilgrim's pride corp
18                18       unitedhealth group inc,molina healthcare inc
19                19                             nicholas financial inc
20                20  peabody energy corp,chipotle mexican grill inc...
21                21  ca inc,bmc software inc,successfactors inc,sol...
22                22                                         dynegy inc
23                23                                     reachlocal inc
24                24                           world fuel services corp
25                25  zoran corp,cray inc,mindspeed technologies inc...
26                26  procter & gamble co,philip morris internationa...
27                27  coca-cola co,pepsico inc,kraft foods inc,baxte...
28                28  cbs corp,waste management inc,northrop grumman...
29                29                                    microvision inc
..               ...                                                ...
127              127                           homeaway inc,logmein inc
128              128  verizon communications inc,marathon oil corp,s...
129              129  cvs caremark corp,precision castparts corp,gen...
130              130                                star scientific inc
131              131                                         vertro inc
132              132                            cytori therapeutics inc
133              133  hansen natural corp,salix pharmaceuticals ltd,...
134              134  intel corp,perrigo co,gentex corp,cree inc,on ...
135              135  devon energy corp,cimarex energy co,plains exp...
136              136                          columbia laboratories inc
137              137  freeport-mcmoran cop&gold,green mtn coffee roa...
138              138  eog resources inc,mcmoran exploration co,compl...
139              139  allscripts healthcare soltns,quality systems i...
140              140                                 antares pharma inc
141              141  medco health solutions inc,avnet inc,arrow ele...
142              142                                       telkonet inc
143              143  shutterfly inc,einstein noah restaurant grp,ca...
144              144      express scripts inc,catalyst health solutions
145              145  sotheby's,douglas dynamics inc,rentech inc,ram...
146              146  wabash national corp,amag pharmaceuticals inc,...
147              147                         dice holdings inc,zix corp
148              148  corning inc,consol energy inc,energy transfer ...
149              149  boeing co,weyerhaeuser co,tyson foods inc  -cl...
150              150  vertex pharmaceuticals inc,neoprobe corp,icad inc
151              151  acorda therapeutics inc,petmed express inc,cut...
152              152                                      heckmann corp
153              153                                         zipcar inc
154              154                             terra nitrogen co  -lp
155              155  altria group inc,lorillard inc,netflix inc,act...
156              156   overstock.com inc,1-800-flowers.com,nautilus inc

[157 rows x 2 columns]
10101010
10101020
10102010
10102020
10102030
10102040
10102050
15101010
15101020
15101030
15101040
15101050
15102010
15103010
15103020
15104010
15104020
15104030
15104040
15104050
15105010
15105020
20101010
20102010
20103010
20104010
20104020
20105010
20106010
20106020
20107010
20201010
20201050
20201060
20201070
20202010
20202020
20301010
20302010
20303010
20304010
20304020
20305010
25101010
25101020
25102010
25102020
25201010
25201020
25201030
25201040
25201050
25202010
25202020
25203010
25203020
25203030
25301010
25301020
25301030
25301040
25302010
25302020
25401010
25401020
25401025
25401030
25401040
25501010
25502010
25502020
25503020
25504010
25504020
25504030
25504040
25504050
25504060
30101010
30101020
30101030
30201010
30201020
30201030
30202010
30202030
30203010
30301010
30302010
35101010
35101020
35102010
35102015
35102020
35102030
35103010
35201010
35202010
35203010
40102010
40201030
40202010
40203010
40402020
40402070
40403010
40403040
45101010
45102010
45102020
45103010
45103020
45103030
45201020
45202010
45202020
45203010
45203015
45203020
45203030
45204010
45301010
45301020
50101010
50101020
50102010
55102010
55104010
55105010
gics.157
25401020     1
20304010     1
25102010     1
25102020     1
25202020     1
25203030     1
25504030     1
30101010     1
30201020     1
20202010     1
40403010     1
40402020     1
40102010     1
40403040     1
25502010     2
25201040     2
20305010     2
20304020     2
25101020     2
25503020     2
20301010     2
45204010     2
40203010     2
25504060     2
40201030     2
15104030     2
30201010     3
55104010     3
25401025     3
25504020     3
            ..
25203010    18
20103010    18
25202010    18
10102030    18
45103020    19
45203020    20
45202020    21
10102040    21
35101020    23
25101010    23
35203010    24
20106010    25
30202030    26
45203010    31
35102015    31
15101050    31
20104010    32
10101020    33
25301040    33
35201010    34
45301010    36
35202010    36
20101010    37
10102020    38
45103010    49
45101010    49
45201020    52
20106020    55
45301020    64
35101010    69
Name: kmeans.fact_157, dtype: int64
kmeans.fact_157
78      1
99      1
100     1
106     1
54      1
53      1
52      1
113     1
48      1
47      1
117     1
119     1
43      1
42      1
122     1
80      1
98      1
125     1
59      1
61      1
82      1
83      1
76      1
75      1
74      1
85      1
86      1
71      1
70      1
67      1
       ..
128    17
20     17
50     17
66     17
91     19
148    21
58     21
69     24
41     25
139    26
134    30
124    33
149    34
27     34
137    35
60     35
63     35
28     35
57     36
46     36
26     36
3      40
45     40
35     48
9      48
129    52
56     61
112    62
39     76
0      87
Name: gics.157, dtype: int64
                  n                                              names
kmeans.fact_157                                                       
0                87  3m co,dow chemical,vf corp,nucor corp,zimmer h...
1                 1                                   world heart corp
2                 6  apple inc,choice hotels intl inc,deluxe corp,v...
3                40  intl business machines corp,google inc,cerner ...
4                 1                             brigham exploration co
5                 1                            amicus therapeutics inc
6                 1                                         daxor corp
7                 1                        cadence pharmaceuticals inc
8                 2         sciclone pharmaceuticals inc,datalink corp
9                48  emerson electric co,johnson controls inc,intl ...
10                1                       breitburn energy partners lp
11                1                                  beacon power corp
12                1                                    transwitch corp
13                1                                           gevo inc
14                1                       advanced cell technology inc
15               14  anixter intl inc,watsco inc,netgear inc,inter ...
16                6  pioneer natural resources co,tejon ranch co,na...
17                1                               pilgrim's pride corp
18                2       unitedhealth group inc,molina healthcare inc
19                1                             nicholas financial inc
20               17  peabody energy corp,chipotle mexican grill inc...
21               10  ca inc,bmc software inc,successfactors inc,sol...
22                1                                         dynegy inc
23                1                                     reachlocal inc
24                1                           world fuel services corp
25                7  zoran corp,cray inc,mindspeed technologies inc...
26               36  procter & gamble co,philip morris internationa...
27               34  coca-cola co,pepsico inc,kraft foods inc,baxte...
28               35  cbs corp,waste management inc,northrop grumman...
29                1                                    microvision inc
...              ..                                                ...
127               2                           homeaway inc,logmein inc
128              17  verizon communications inc,marathon oil corp,s...
129              52  cvs caremark corp,precision castparts corp,gen...
130               1                                star scientific inc
131               1                                         vertro inc
132               1                            cytori therapeutics inc
133              15  hansen natural corp,salix pharmaceuticals ltd,...
134              30  intel corp,perrigo co,gentex corp,cree inc,on ...
135               7  devon energy corp,cimarex energy co,plains exp...
136               1                          columbia laboratories inc
137              35  freeport-mcmoran cop&gold,green mtn coffee roa...
138               3  eog resources inc,mcmoran exploration co,compl...
139              26  allscripts healthcare soltns,quality systems i...
140               1                                 antares pharma inc
141              13  medco health solutions inc,avnet inc,arrow ele...
142               1                                       telkonet inc
143               7  shutterfly inc,einstein noah restaurant grp,ca...
144               2      express scripts inc,catalyst health solutions
145               5  sotheby's,douglas dynamics inc,rentech inc,ram...
146              10  wabash national corp,amag pharmaceuticals inc,...
147               2                         dice holdings inc,zix corp
148              21  corning inc,consol energy inc,energy transfer ...
149              34  boeing co,weyerhaeuser co,tyson foods inc  -cl...
150               3  vertex pharmaceuticals inc,neoprobe corp,icad inc
151               4  acorda therapeutics inc,petmed express inc,cut...
152               1                                      heckmann corp
153               1                                         zipcar inc
154               1                             terra nitrogen co  -lp
155               9  altria group inc,lorillard inc,netflix inc,act...
156               3   overstock.com inc,1-800-flowers.com,nautilus inc

[157 rows x 2 columns]
0 :  3m co,dow chemical,vf corp,nucor corp,zimmer holdings inc,grainger (w w) inc,lubrizol corp,sigma-aldrich corp,rockwell collins inc,microchip technology inc
1 :  world heart corp
2 :  apple inc,choice hotels intl inc,deluxe corp,vonage holdings corp,united online inc,deltek inc
3 :  intl business machines corp,google inc,cerner corp,laboratory cp of amer hldgs,mednax inc,athenahealth inc,lincare holdings inc,neustar inc,align technology inc,convergys corp
4 :  brigham exploration co
5 :  amicus therapeutics inc
6 :  daxor corp
7 :  cadence pharmaceuticals inc
8 :  sciclone pharmaceuticals inc,datalink corp
9 :  emerson electric co,johnson controls inc,intl paper co,itt corp,fmc corp,nalco holding co,molex inc,aptargroup inc,sonoco products co,avery dennison corp
10 :  breitburn energy partners lp
11 :  beacon power corp
12 :  transwitch corp
13 :  gevo inc
14 :  advanced cell technology inc
15 :  anixter intl inc,watsco inc,netgear inc,inter parfums inc,houston wire & cable co,cornerstone therapeutics inc,kid brands inc,cyberoptics corp,heelys inc,igo inc
16 :  pioneer natural resources co,tejon ranch co,natural gas services group,pacira pharmaceuticals inc,eagle bulk shipping inc,uqm technologies inc
17 :  pilgrim's pride corp
18 :  unitedhealth group inc,molina healthcare inc
19 :  nicholas financial inc
20 :  peabody energy corp,chipotle mexican grill inc,alpha natural resources inc,metropcs communications inc,penn national gaming inc,hecla mining co,alaska air group inc,wendy's co,vca antech inc,cheesecake factory inc
21 :  ca inc,bmc software inc,successfactors inc,solarwinds inc,websense inc,renaissance learning inc,accelrys inc,sciquest inc,pdi inc,reis inc
22 :  dynegy inc
23 :  reachlocal inc
24 :  world fuel services corp
25 :  zoran corp,cray inc,mindspeed technologies inc,quicklogic corp,bigband networks inc,vitesse semiconductor corp,neurometrix inc
26 :  procter & gamble co,philip morris international,reynolds american inc,coach inc,hershey co,ralph lauren corp,whole foods market inc,fastenal co,avon products,hospira inc
27 :  coca-cola co,pepsico inc,kraft foods inc,baxter international inc,yum brands inc,sysco corp,mead johnson nutrition co,marathon petroleum corp,fluor corp,stanley black & decker inc
28 :  cbs corp,waste management inc,northrop grumman corp,xerox corp,harley-davidson inc,diamond offshre drilling inc,molson coors brewing co,davita inc,pharmaceutical prod dev inc,total system services inc
29 :  microvision inc
30 :  j2 global communications inc,stamps.com inc,digimarc corp
31 :  linkedin corp,ariba inc,higher one holdings inc,vocus inc,ellie mae inc,scientific learning corp
32 :  forest oil corp,petroquest energy inc
33 :  nabi biopharmaceuticals
34 :  winmark corp
35 :  johnson & johnson,abbott laboratories,colgate-palmolive co,time warner inc,kellogg co,lauder (estee) cos inc -cl a,stryker corp,ecolab inc,dover corp,clorox co/de
36 :  vermillion inc
37 :  molycorp inc
38 :  first solar inc,intrepid potash inc,memc electronic matrials inc,buffalo wild wings inc,reald inc,rubicon technology inc,heritage-crystal clean inc,u s antimony corp,primo water corp
39 :  national oilwell varco inc,alcoa inc,cameron international corp,mylan inc,starwood hotels&resorts wrld,ball corp,allegheny technologies inc,ralcorp holdings inc,meadwestvaco corp,vulcan materials co
40 :  penn virginia corp
41 :  newmont mining corp,magellan midstream prtnrs lp,autonation inc,lkq corp,cvr energy inc,spirit aerosystems holdings,treehouse foods inc,cvr partners lp,penske automotive group inc,century aluminum co
42 :  immersion corp
43 :  friendfinder networks inc
44 :  quantum corp,sonosite inc,radisys corp,westell tech inc  -cl a,active power inc,biolase technology inc,numerex corp  -cl a,dialogic inc,iteris inc,interphase corp
45 :  atmel corp,tupperware brands corp,polaris industries inc,freescale smcndctr hld i ltd,avx corp,timberland co  -cl a,hsn inc,wolverine world wide,radioshack corp,jones group inc
46 :  exxon mobil corp,conocophillips,mcdonald's corp,williams cos inc,williams partners lp,aes corp,hyatt hotels corp,airgas inc,arch coal inc,ashland inc
47 :  savient pharmaceuticals inc
48 :  continental resources inc
49 :  nvr inc,d r horton inc,meritage homes corp,parlux fragrances inc,aetrium inc
50 :  o'reilly automotive inc,safeway inc,gnc holdings inc,stillwater mining co,99 cents only stores,monro muffler brake inc,mdc holdings inc,ethan allen interiors inc,lumber liquidators hldgs inc,hhgregg inc
51 :  emcor group inc,take-two interactive sftwr,innerworkings inc,bioscrip inc,pc connection inc,gp strategies corp,network engines inc,forward industries inc,csp inc
52 :  dendreon corp
53 :  somaxon pharmaceuticals inc
54 :  prestige brands holdings
55 :  akamai technologies inc,rsc holdings inc,limelight networks inc,cbeyond inc,multimedia games holding co,tgc industries inc,motricity inc,smith micro software inc
56 :  united technologies corp,honeywell international inc,ppg industries inc,parker-hannifin corp,mattel inc,rockwell automation,sherwin-williams co,amphenol corp,ametek inc,crown holdings inc
57 :  pfizer inc,merck & co,amgen inc,bristol-myers squibb co,lilly (eli) & co,gilead sciences inc,texas instruments inc,celgene corp,allergan inc,biogen idec inc
58 :  news corp,coca-cola enterprises inc,borgwarner inc,lear corp,sunoco inc,quanta services inc,hollyfrontier corp,sunoco logistics partners lp,visteon corp,mastec inc
59 :  clearwire corp
60 :  chevron corp,schlumberger ltd,halliburton co,praxair inc,baker hughes inc,hess corp,air products & chemicals inc,murphy oil corp,nii holdings inc,oceaneering international
61 :  genmark diagnostics inc
62 :  occidental petroleum corp,apache corp,anadarko petroleum corp,noble energy inc,cabot oil & gas corp,qep resources inc,helmerich & payne,patterson-uti energy inc,unit corp,united rentals inc
63 :  cf industries holdings inc,valero energy corp,alexion pharmaceuticals inc,plains all amer pipelne  -lp,celanese corp,walter energy inc,rock-tenn co,endo pharmaceuticals hldgs,owens corning,united therapeutics corp
64 :  ambient corp
65 :  superconductor technologies
66 :  microsoft corp,teradata corp,nuance communications inc,ansys inc,acme packet inc,rollins inc,morningstar inc,medicis pharmaceut cp  -cl a,ss&c technologies hldgs inc,aci worldwide inc
67 :  actuate corp
68 :  f5 networks inc,riverbed technology inc,myriad genetics inc,tessera technologies inc,genomic health inc,telenav inc,move inc
69 :  enterprise prods prtnrs  -lp,las vegas sands corp,kinder morgan energy  -lp,republic services inc,enbridge energy prtnrs  -lp,markwest energy partners lp,targa resources partners lp,clean harbors inc,tidewater inc,tc pipelines lp
70 :  balqon corp
71 :  broadcast international inc
72 :  vmware inc -cl a,symantec corp,citrix systems inc,blackboard inc,realpage inc,quest software inc,advent software inc,rightnow technologies inc,opnet technologies inc,netscout systems inc
73 :  ebay inc,quest diagnostics inc,trw automotive holdings corp,coventry health care inc,pitney bowes inc,washington post  -cl b,valueclick inc,valassis communications inc,taleo corp,hni corp
74 :  wave systems corp  -cl a
75 :  jazz pharmaceuticals inc
76 :  ziprealty inc
77 :  southwest airlines,life time fitness inc,texas roadhouse inc,allegiant travel co,red robin gourmet burgers,benihana inc  -cl a,mortons restaurant group inc,granite city food & brewery
78 :  oragenics inc
79 :  nu skin enterprises  -cl a,select comfort corp,usana health sciences inc,nutrisystem inc,body central corp,medifast inc
80 :  general electric co
81 :  wayside technology group inc
82 :  adolor corp
83 :  infusystem holdings inc
84 :  tesla motors inc  -redh,amyris inc,a123 systems inc
85 :  leucadia national corp
86 :  mccormick & schmicks seafood
87 :  globalstar inc,delta petroleum corp
88 :  informatica corp,fortinet inc,questcor pharmaceuticals inc,commvault systems inc,u s home systems inc,datawatch corp
89 :  expedia inc,digital river inc,socket mobile inc
90 :  sequenom inc
91 :  viacom inc,motorola solutions inc,mcgraw-hill companies,altera corp,cadence design systems inc,parametric technology corp,jda software group inc,cubic corp,par pharmaceutical cos inc,tekelec
92 :  insignia systems inc
93 :  dish network corp,panera bread co,dunkin' brands group inc,cardtronics inc,bravo brio restaurant gp inc,boingo wireless inc,lincoln educational services,jamba inc,princeton review inc
94 :  healthcare services group,ipc the hospitalist co inc,metropolitan hlth ntwrks inc,pdf solutions inc,englobal corp,addus homecare corp,bsquare corp,lightbridge corp
95 :  owens & minor inc,mwi veterinary supply,systemax inc,core mark holding co inc,ultra clean holdings inc,amcon distributing co
96 :  gmx resources inc
97 :  allos therapeutics inc
98 :  blue nile inc
99 :  8x8 inc
100 :  six flags entertainment corp
101 :  qlik technologies inc,cornerstone ondemand inc,comscore inc,hughes telematics inc,rosetta stone inc,ista pharmaceuticals inc,callidus software inc,crexendo inc,oculus innovative sciences
102 :  sagent pharmaceuticals inc,lrad corp,adams golf inc,iridex corp,bidz.com inc
103 :  newfield exploration co,ultra petroleum corp,sandridge energy inc,dupont fabros technology inc,geoeye inc,iridium communications inc
104 :  automatic data processing,ultimate software group inc,thq inc,tree.com inc
105 :  broadcom corp,lsi corp,netlogic microsystems inc,cavium inc,dexcom inc,applied micro circuits corp,maxlinear inc,plx technology inc,authentec inc,repligen corp
106 :  biocryst pharmaceuticals inc
107 :  qualcomm inc,emc corp/ma,intuitive surgical inc,juniper networks inc,dolby laboratories inc,iac/interactivecorp,cubist pharmaceuticals inc,microstrategy inc,costar group inc,career education corp
108 :  meru networks inc,support.com inc,broadvision inc
109 :  verisign inc,constant contact inc,spark networks inc
110 :  roper industries inc/de,l-3 communications hldgs inc,omnicare inc,applied industrial tech inc,compass diversified holdings,jakks pacific inc,pharmerica corp,star gas partners  -lp,keyw holding corp,image sensing systems inc
111 :  mckesson corp,cardinal health inc,amerisourcebergen corp,ingram micro inc
112 :  caterpillar inc,du pont (e i) de nemours,danaher corp,southern copper corp,kimberly-clark corp,cummins inc,eaton corp,fmc technologies inc,boston scientific corp,valhi inc
113 :  monotype imaging holdings
114 :  wynn resorts ltd,sirius xm radio inc,united continental hldgs inc,regal entertainment group,ameristar casinos inc,sunrise senior living inc,ecosphere technologies inc
115 :  advance auto parts inc,tractor supply co,sally beauty holdings inc,weis markets inc,west marine inc,us auto parts network inc,destination maternity corp,tuesday morning corp,big 5 sporting goods corp,build-a-bear workshop inc
116 :  formfactor inc,affymetrix inc,capstone turbine corp,exar corp,hansen medical inc,intevac inc,anadigics inc,rockwell med technologies,trans1 inc,network equipment tech inc
117 :  santarus inc
118 :  p f changs china bistro inc,biglari holdings inc,ruths hospitality group inc,town sports intl holdings,monarch casino & resort inc,o'charley's inc,carmike cinemas inc,mtr gaming group inc,kona grill inc
119 :  hertz global holdings inc
120 :  exco resources inc,oasis petroleum inc,goodrich petroleum corp
121 :  rovi corp,pmc-sierra inc,ceva inc,xo group inc,glu mobile inc,pervasive software inc,looksmart ltd,asure software inc
122 :  technical communications cp
123 :  humana inc,amerigroup corp,wellcare health plans inc
124 :  sandisk corp,advanced micro devices,trimble navigation ltd,polycom inc,teradyne inc,adtran inc,silicon laboratories inc,masimo corp,qlogic corp,intersil corp  -cl a
125 :  loopnet inc
126 :  royal caribbean cruises ltd,mgm resorts international,cheniere energy partners lp,emeritus corp,cheniere energy inc,boyd gaming corp,assisted living concepts inc,pope resources/de  -lp,reading intl inc  -cl a,great wolf resorts inc
127 :  homeaway inc,logmein inc
128 :  verizon communications inc,marathon oil corp,sprint nextel corp,virgin media inc,windstream corp,telephone & data systems inc,helix energy solutions group,cincinnati bell inc,consolidated comm hldgs inc,alaska communications sys gp
129 :  cvs caremark corp,precision castparts corp,general dynamics corp,archer-daniels-midland co,becton dickinson & co,goodrich corp,genuine parts co,schein (henry) inc,flowserve corp,agco corp
130 :  star scientific inc
131 :  vertro inc
132 :  cytori therapeutics inc
133 :  hansen natural corp,salix pharmaceuticals ltd,viropharma inc,synaptics inc,medicines co,abiomed inc,spectrum pharmaceuticals inc,silicon image inc,conceptus inc,smart balance inc
134 :  intel corp,perrigo co,gentex corp,cree inc,on semiconductor corp,lufkin industries inc,intl rectifier corp,volcano corp,veeco instruments inc,mako surgical corp
135 :  devon energy corp,cimarex energy co,plains exploration & prod co,apco oil and gas intl inc,swift energy co,stone energy corp,venoco inc
136 :  columbia laboratories inc
137 :  freeport-mcmoran cop&gold,green mtn coffee roasters,cliffs natural resources inc,bunge ltd,buckeye partners lp,nustar energy lp,tesoro corp,triumph group inc,coeur d'alene mines corp,amylin pharmaceuticals inc
138 :  eog resources inc,mcmoran exploration co,complete genomics inc
139 :  allscripts healthcare soltns,quality systems inc,broadridge financial solutns,aspen technology inc,fair isaac corp,computer programs & systems,unisys corp,manhattan associates inc,quinstreet inc,s1 corp
140 :  antares pharma inc
141 :  medco health solutions inc,avnet inc,arrow electronics inc,wesco intl inc,madden steven ltd,united stationers inc,beacon roofing supply inc,meritor inc,brightpoint inc,dxp enterprises inc
142 :  telkonet inc
143 :  shutterfly inc,einstein noah restaurant grp,carrols restaurant group inc,mac-gray corp,cryolife inc,postrock energy corp,geomet inc
144 :  express scripts inc,catalyst health solutions
145 :  sotheby's,douglas dynamics inc,rentech inc,ram energy resources inc,reddy ice holdings inc
146 :  wabash national corp,amag pharmaceuticals inc,marine products corp,motorcar parts of amer inc,cerus corp,i d systems inc,sport chalet inc,plug power inc,spire corp,mannatech inc
147 :  dice holdings inc,zix corp
148 :  corning inc,consol energy inc,energy transfer partners -lp,energy transfer equity lp,inergy lp,oil states intl inc,polypore international inc,atwood oceanics,bristow group inc,viasat inc
149 :  boeing co,weyerhaeuser co,tyson foods inc  -cl a,be aerospace inc,hanesbrands inc,bruker corp,carter's inc,columbia sportswear co,tootsie roll industries inc,wesco aircraft holdings inc
150 :  vertex pharmaceuticals inc,neoprobe corp,icad inc
151 :  acorda therapeutics inc,petmed express inc,cutera inc,paid inc
152 :  heckmann corp
153 :  zipcar inc
154 :  terra nitrogen co  -lp
155 :  altria group inc,lorillard inc,netflix inc,activision blizzard inc,electronic arts inc,liquidity services inc,afc enterprises inc,web.com group inc,makemusic inc
156 :  overstock.com inc,1-800-flowers.com,nautilus inc
