********doing n_clusters= 68
getting quarter=q0 from ../data/fa_data/q0.csv
000000000000000000000
8        DOLBY LABORATORIES INC
33                 VISTEON CORP
22              PLANTRONICS INC
29                SYNAPTICS INC
13                 HARMONIC INC
30                 SYSTEMAX INC
38                     ZAGG INC
9                  ECHELON CORP
32    UNIVERSAL ELECTRONICS INC
27               STONERIDGE INC
Name: name, dtype: object
000000000000000000000
48        GENERAL GROWTH PPTYS INC
49               KIMCO REALTY CORP
51                     MACERICH CO
47    FEDERAL REALTY INVESTMENT TR
53            REGENCY CENTERS CORP
46     DEVELOPERS DIVERSIFIED RLTY
57             TAUBMAN CENTERS INC
61         WEINGARTEN REALTY INVST
56      TANGER FACTORY OUTLET CTRS
41                 ALEXANDER'S INC
Name: name, dtype: object
000000000000000000000
143              TFS FINANCIAL CORP
149         VALLEY NATIONAL BANCORP
79         CAPITOL FEDERAL FINL INC
111           INVESTORS BANCORP INC
150      WESTAMERICA BANCORPORATION
64           ASTORIA FINANCIAL CORP
99              GLACIER BANCORP INC
131    PROVIDENT FINANCIAL SVCS INC
127          ORITANI FINANCIAL CORP
71        BENEFICIAL MUTUAL BANCORP
Name: name, dtype: object
000000000000000000000
157    ALEXION PHARMACEUTICALS INC
181                    INCYTE CORP
198           SEATTLE GENETICS INC
155        ACORDA THERAPEUTICS INC
196      RIGEL PHARMACEUTICALS INC
154      ACHILLION PHARMACEUTICALS
179                     GERON CORP
199        SANGAMO BIOSCIENCES INC
202                      VICAL INC
167       CORCEPT THERAPEUTICS INC
Name: name, dtype: object
000000000000000000000
232                      INTEL CORP
252                VMWARE INC -CL A
245                   SYMANTEC CORP
246                   TERADATA CORP
254            WESTERN DIGITAL CORP
256    ZEBRA TECHNOLOGIES CP  -CL A
236                     NEUSTAR INC
216           COMMVAULT SYSTEMS INC
218    DUPONT FABROS TECHNOLOGY INC
210                   CORELOGIC INC
Name: name, dtype: object
000000000000000000000
274                    CORNING INC
260                  AMPHENOL CORP
290                  OWENS CORNING
276             IPG PHOTONICS CORP
263                       AVX CORP
275                      II-VI INC
267                   COHERENT INC
280                 LITTELFUSE INC
287       NATIONAL PRESTO INDS INC
271    ELECTRO SCIENTIFIC INDS INC
Name: name, dtype: object
000000000000000000000
328                    COCA-COLA CO
344     PHILIP MORRIS INTERNATIONAL
343                     PEPSICO INC
322                      HERSHEY CO
334                      MATTEL INC
313     DR PEPPER SNAPPLE GROUP INC
350         MOLSON COORS BREWING CO
354    UNITED CONTINENTAL HLDGS INC
345     ROYAL CARIBBEAN CRUISES LTD
314          ENERGIZER HOLDINGS INC
Name: name, dtype: object
000000000000000000000
366    AMERICAN INTERNATIONAL GROUP
412               TRAVELERS COS INC
395                      LOEWS CORP
368                   ALLSTATE CORP
403           PROGRESSIVE CORP-OHIO
389     HARTFORD FINANCIAL SERVICES
374              CNA FINANCIAL CORP
373       CINCINNATI FINANCIAL CORP
418              BERKLEY (W R) CORP
379        ERIE INDEMNITY CO  -CL A
Name: name, dtype: object
000000000000000000000
428      EV ENERGY PARTNERS LP
421          BILL BARRETT CORP
447           W&T OFFSHORE INC
437     NORTHERN OIL & GAS INC
433         LEGACY RESERVES LP
424     COMSTOCK RESOURCES INC
441       RESOLUTE ENERGY CORP
420     APPROACH RESOURCES INC
444        U S LIME & MINERALS
439    PANHANDLE OIL & GAS INC
Name: name, dtype: object
000000000000000000000
463                  KELLOGG CO
479                  SYSCO CORP
484      WHOLE FOODS MARKET INC
481      TYSON FOODS INC  -CL A
457           FLOWERS FOODS INC
480         TREEHOUSE FOODS INC
464       LANCASTER COLONY CORP
455               DEAN FOODS CO
459    HAIN CELESTIAL GROUP INC
462      J & J SNACK FOODS CORP
Name: name, dtype: object
000000000000000000000
525               WEYERHAEUSER CO
508           LEGGETT & PLATT INC
511                    MASCO CORP
485    ARMSTRONG WORLD INDUSTRIES
519     SIMPSON MANUFACTURING INC
523                      USG CORP
498                      HNI CORP
509        LOUISIANA-PACIFIC CORP
487     BEACON ROOFING SUPPLY INC
507                     KNOLL INC
Name: name, dtype: object
000000000000000000000
541               CATERPILLAR INC
558           EMERSON ELECTRIC CO
620                   PRAXAIR INC
584           ILLINOIS TOOL WORKS
545    CF INDUSTRIES HOLDINGS INC
556                    ECOLAB INC
555                    DOVER CORP
624    STANLEY BLACK & DECKER INC
583                      ITT CORP
532                    AMETEK INC
Name: name, dtype: object
000000000000000000000
682               STARBUCKS CORP
661                   FOSSIL INC
694            TRACTOR SUPPLY CO
681    SALLY BEAUTY HOLDINGS INC
663             GNC HOLDINGS INC
644                  AARON'S INC
665                      HSN INC
679            RENT-A-CENTER INC
656           DOMINO'S PIZZA INC
658            EZCORP INC  -CL A
Name: name, dtype: object
000000000000000000000
731               MCDONALD'S CORP
745                YUM BRANDS INC
716    CHIPOTLE MEXICAN GRILL INC
720      DUNKIN' BRANDS GROUP INC
744                    WENDY'S CO
722              BRINKER INTL INC
713        CHEESECAKE FACTORY INC
709          BJ'S RESTAURANTS INC
712        BUFFALO WILD WINGS INC
743           TEXAS ROADHOUSE INC
Name: name, dtype: object
000000000000000000000
785          REGIONS FINANCIAL CORP
756         COMMERCE BANCSHARES INC
759        CULLEN/FROST BANKERS INC
790             SVB FINANCIAL GROUP
775           FULTON FINANCIAL CORP
767    FIRST CITIZENS BANCSH  -CL A
799                  TRUSTMARK CORP
772                   F N B CORP/FL
792          SYNOVUS FINANCIAL CORP
800        UNITED BANKSHARES INC/WV
Name: name, dtype: object
000000000000000000000
835                       VISA INC
806            AMERICAN EXPRESS CO
824                 MASTERCARD INC
839               WESTERN UNION CO
813    FIDELITY NATIONAL INFO SVCS
814                     FISERV INC
833      TOTAL SYSTEM SERVICES INC
822      HENRY (JACK) & ASSOCIATES
815      FLEETCOR TECHNOLOGIES INC
816                 GREEN DOT CORP
Name: name, dtype: object
000000000000000000000
854    ENTERPRISE PRODS PRTNRS  -LP
879                WILLIAMS COS INC
880            WILLIAMS PARTNERS LP
857                        EQT CORP
865              ONEOK PARTNERS -LP
858       ENERGY TRANSFER EQUITY LP
864                       ONEOK INC
848     ENBRIDGE ENERGY PRTNRS  -LP
860            NATIONAL FUEL GAS CO
841    BOARDWALK PIPELINE PRTNRS-LP
Name: name, dtype: object
000000000000000000000
895                    DOW CHEMICAL
882    AIR PRODUCTS & CHEMICALS INC
920              PPG INDUSTRIES INC
892                   CELANESE CORP
931                       VALHI INC
896             EASTMAN CHEMICAL CO
885      ALLEGHENY TECHNOLOGIES INC
881                  ALBEMARLE CORP
883                     ASHLAND INC
884                     ASHLAND INC
Name: name, dtype: object
000000000000000000000
949                      SLM CORP
939                     DEVRY INC
937         CAREER EDUCATION CORP
936     BRIDGEPOINT EDUCATION INC
950         STRAYER EDUCATION INC
934             ADVISORY BOARD CO
935     AMERICAN PUBLIC EDUCATION
943    GRAND CANYON EDUCATION INC
947                QUINSTREET INC
938          CAPELLA EDUCATION CO
Name: name, dtype: object
000000000000000000000
953                       APPLE INC
968                        EBAY INC
1020                      YAHOO INC
998                   OMNICOM GROUP
981        INTERPUBLIC GROUP OF COS
963     CLEAR CHANNEL OUTDOOR HLDGS
1006      DONNELLEY (R R) & SONS CO
976                      GANNETT CO
982     LAMAR ADVERTISING CO  -CL A
986       LIVE NATION ENTERTAINMENT
Name: name, dtype: object
000000000000000000000
1036            GRAINGER (W W) INC
1032                   FASTENAL CO
1022              ANIXTER INTL INC
1048                    MASTEC INC
1055                WESCO INTL INC
1025         GENERAL CABLE CORP/DE
1031               EMCOR GROUP INC
1038    HUNTINGTON INGALLS IND INC
1045       MONRO MUFFLER BRAKE INC
1054             TUTOR PERINI CORP
Name: name, dtype: object
000000000000000000000
1103                        AT&T INC
1110      VERIZON COMMUNICATIONS INC
1092                    QUALCOMM INC
1070                 CENTURYLINK INC
1059             AMERICAN TOWER CORP
1064          CROWN CASTLE INTL CORP
1071               DISH NETWORK CORP
1075    FRONTIER COMMUNICATIONS CORP
1112                 WINDSTREAM CORP
1066      CHARTER COMMUNICATIONS INC
Name: name, dtype: object
000000000000000000000
1217       SIMON PROPERTY GROUP INC
1202                 PUBLIC STORAGE
1153             EQUITY RESIDENTIAL
1228           VORNADO REALTY TRUST
1131          BOSTON PROPERTIES INC
1201                   PROLOGIS INC
1185    MOTOROLA MOBILITY HLDGS INC
1215           SL GREEN REALTY CORP
1146       DIGITAL REALTY TRUST INC
1136          CAMDEN PROPERTY TRUST
Name: name, dtype: object
000000000000000000000
1253            GENERAL ELECTRIC CO
1241                    CUMMINS INC
1250                   ENTERGY CORP
1252                FIRST SOLAR INC
1242                   CALPINE CORP
1244                       CREE INC
1269                  SEABOARD CORP
1267              REGAL-BELOIT CORP
1279     VISHAY INTERTECHNOLOGY INC
1235    APPLIED INDUSTRIAL TECH INC
Name: name, dtype: object
000000000000000000000
1310         GOLDMAN SACHS GROUP INC
1329                  MORGAN STANLEY
1290                   BLACKROCK INC
1287          FRANKLIN RESOURCES INC
1289    BANK OF NEW YORK MELLON CORP
1293                   CME GROUP INC
1343               STATE STREET CORP
1291             BLACKSTONE GROUP LP
1339           SCHWAB (CHARLES) CORP
1344           PRICE (T. ROWE) GROUP
Name: name, dtype: object
000000000000000000000
1359                     DEPOMED INC
1367           PAIN THERAPEUTICS INC
1368    PERNIX THERAPEUTICS HOLDINGS
1360                     DURECT CORP
1366      PACIRA PHARMACEUTICALS INC
1352      ACELRX PHARMACEUTICALS INC
1364                 NEUROMETRIX INC
1353                             NaN
1354                             NaN
1355                             NaN
Name: name, dtype: object

TypeErrorTraceback (most recent call last)
C:\Users\richie\class_companies\analysis\overlap.py in <module>()
     58         print gdf.name[0:10]
     59         #print names
---> 60         names = ",".join( gdf.name[0:10].values.tolist())
     61         #names=0
     62 

TypeError: sequence item 7: expected string, float found
