********doing n_clusters= 11
getting quarter=q0 from ../data/fa_data/q0.csv
000000000000000000000
294             SCHLUMBERGER LTD
222                   MERCK & CO
326                     VISA INC
322    UNITED PARCEL SERVICE INC
31           AMERICAN EXPRESS CO
321       UNITEDHEALTH GROUP INC
78             CVS CAREMARK CORP
207               MASTERCARD INC
135               HALLIBURTON CO
38              BAKER HUGHES INC
Name: name, dtype: object
000000000000000000000
515           JPMORGAN CHASE & CO
653              WELLS FARGO & CO
394                 CITIGROUP INC
362          BANK OF AMERICA CORP
643                   U S BANCORP
425    CAPITAL ONE FINANCIAL CORP
366                     BB&T CORP
613            SUNTRUST BANKS INC
470           FIFTH THIRD BANCORP
535               M & T BANK CORP
Name: name, dtype: object
000000000000000000000
903                EXXON MOBIL CORP
708                    CHEVRON CORP
696                  CONOCOPHILLIPS
814       OCCIDENTAL PETROLEUM CORP
752       FREEPORT-MCMORAN COP&GOLD
667                     APACHE CORP
668         ANADARKO PETROLEUM CORP
735    ENTERPRISE PRODS PRTNRS  -LP
857                     SOUTHERN CO
748                     EXELON CORP
Name: name, dtype: object
000000000000000000000
931                       AMGEN INC
957         BRISTOL-MYERS SQUIBB CO
1028            GILEAD SCIENCES INC
971                    CELGENE CORP
951                 BIOGEN IDEC INC
929     ALEXION PHARMACEUTICALS INC
1163     VERTEX PHARMACEUTICALS INC
1067         LIFE TECHNOLOGIES CORP
1118           REGENERON PHARMACEUT
956     BIOMARIN PHARMACEUTICAL INC
Name: name, dtype: object
000000000000000000000
1334       SIMON PROPERTY GROUP INC
1310                 PUBLIC STORAGE
1238             EQUITY RESIDENTIAL
1352           VORNADO REALTY TRUST
1205          BOSTON PROPERTIES INC
1258                        HCP INC
1251       GENERAL GROWTH PPTYS INC
1309                   PROLOGIS INC
1197      AVALONBAY COMMUNITIES INC
1287    MOTOROLA MOBILITY HLDGS INC
Name: name, dtype: object
000000000000000000000
1360                      APPLE INC
1543                 MICROSOFT CORP
1500    INTL BUSINESS MACHINES CORP
1637                       AT&T INC
1510                     INTEL CORP
1672     VERIZON COMMUNICATIONS INC
1592                   QUALCOMM INC
1667               VMWARE INC -CL A
1433                CENTURYLINK INC
1684                      YAHOO INC
Name: name, dtype: object
000000000000000000000
1794       PROCTER & GAMBLE CO
1808            STARBUCKS CORP
1718                 COACH INC
1760                HERSHEY CO
1838                   VF CORP
1804         RALPH LAUREN CORP
1781                MATTEL INC
1746                FOSSIL INC
1737    ENERGIZER HOLDINGS INC
1691    ADVANCE AUTO PARTS INC
Name: name, dtype: object
000000000000000000000
1909         GOLDMAN SACHS GROUP INC
1938                  MORGAN STANLEY
1873                   BLACKROCK INC
1870          FRANKLIN RESOURCES INC
1961    PNC FINANCIAL SVCS GROUP INC
1871    BANK OF NEW YORK MELLON CORP
1976               STATE STREET CORP
1875             BLACKSTONE GROUP LP
1944       ANNALY CAPITAL MANAGEMENT
1984           PRICE (T. ROWE) GROUP
Name: name, dtype: object
000000000000000000000
2315           JOHNSON & JOHNSON
2235         GENERAL ELECTRIC CO
2459                  PFIZER INC
2003         ABBOTT LABORATORIES
2609    UNITED TECHNOLOGIES CORP
2383                       3M CO
2109             CATERPILLAR INC
2076                   BOEING CO
2169    DU PONT (E I) DE NEMOURS
2349            LILLY (ELI) & CO
Name: name, dtype: object
000000000000000000000
2891                   COCA-COLA CO
3000    PHILIP MORRIS INTERNATIONAL
2994                    PEPSICO INC
2680                 AMAZON.COM INC
2916                MCDONALD'S CORP
2779               DISNEY (WALT) CO
2746                   COMCAST CORP
2937               ALTRIA GROUP INC
2972                      NEWS CORP
3124             UNION PACIFIC CORP
Name: name, dtype: object
000000000000000000000
3182    AMERICAN INTERNATIONAL GROUP
3227                     METLIFE INC
3240        PRUDENTIAL FINANCIAL INC
3253               TRAVELERS COS INC
3180                       AFLAC INC
3223                      LOEWS CORP
3177                       AETNA INC
3184                   ALLSTATE CORP
3189                      CIGNA CORP
3236           PROGRESSIVE CORP-OHIO
Name: name, dtype: object
    kmeans.text_011                                              names
0                 0  schlumberger ltd,merck & co,visa inc,united pa...
1                 1  jpmorgan chase & co,wells fargo & co,citigroup...
2                 2  exxon mobil corp,chevron corp,conocophillips,o...
3                 3  amgen inc,bristol-myers squibb co,gilead scien...
4                 4  simon property group inc,public storage,equity...
5                 5  apple inc,microsoft corp,intl business machine...
6                 6  procter & gamble co,starbucks corp,coach inc,h...
7                 7  goldman sachs group inc,morgan stanley,blackro...
8                 8  johnson & johnson,general electric co,pfizer i...
9                 9  coca-cola co,philip morris international,pepsi...
10               10  american international group,metlife inc,prude...
10
15
20
25
30
35
40
45
50
55
60
gics.011
50     31
55     84
30    122
15    140
60    177
10    260
20    419
25    444
45    498
35    501
40    588
Name: kmeans.text_011, dtype: int64
kmeans.text_011
10     89
7     145
6     163
4     180
2     247
3     272
1     310
5     330
0     351
9     519
8     658
Name: gics.011, dtype: int64
                   n                                              names
kmeans.text_011                                                        
0                351  schlumberger ltd,merck & co,visa inc,united pa...
1                310  jpmorgan chase & co,wells fargo & co,citigroup...
2                247  exxon mobil corp,chevron corp,conocophillips,o...
3                272  amgen inc,bristol-myers squibb co,gilead scien...
4                180  simon property group inc,public storage,equity...
5                330  apple inc,microsoft corp,intl business machine...
6                163  procter & gamble co,starbucks corp,coach inc,h...
7                145  goldman sachs group inc,morgan stanley,blackro...
8                658  johnson & johnson,general electric co,pfizer i...
9                519  coca-cola co,philip morris international,pepsi...
10                89  american international group,metlife inc,prude...
0 :  schlumberger ltd,merck & co,visa inc,united parcel service inc,american express co,unitedhealth group inc,cvs caremark corp,mastercard inc,halliburton co,baker hughes inc
1 :  jpmorgan chase & co,wells fargo & co,citigroup inc,bank of america corp,u s bancorp,capital one financial corp,bb&t corp,suntrust banks inc,fifth third bancorp,m & t bank corp
2 :  exxon mobil corp,chevron corp,conocophillips,occidental petroleum corp,freeport-mcmoran cop&gold,apache corp,anadarko petroleum corp,enterprise prods prtnrs  -lp,southern co,exelon corp
3 :  amgen inc,bristol-myers squibb co,gilead sciences inc,celgene corp,biogen idec inc,alexion pharmaceuticals inc,vertex pharmaceuticals inc,life technologies corp,regeneron pharmaceut,biomarin pharmaceutical inc
4 :  simon property group inc,public storage,equity residential,vornado realty trust,boston properties inc,hcp inc,general growth pptys inc,prologis inc,avalonbay communities inc,motorola mobility hldgs inc
5 :  apple inc,microsoft corp,intl business machines corp,at&t inc,intel corp,verizon communications inc,qualcomm inc,vmware inc -cl a,centurylink inc,yahoo inc
6 :  procter & gamble co,starbucks corp,coach inc,hershey co,vf corp,ralph lauren corp,mattel inc,fossil inc,energizer holdings inc,advance auto parts inc
7 :  goldman sachs group inc,morgan stanley,blackrock inc,franklin resources inc,pnc financial svcs group inc,bank of new york mellon corp,state street corp,blackstone group lp,annaly capital management,price (t. rowe) group
8 :  johnson & johnson,general electric co,pfizer inc,abbott laboratories,united technologies corp,3m co,caterpillar inc,boeing co,du pont (e i) de nemours,lilly (eli) & co
9 :  coca-cola co,philip morris international,pepsico inc,amazon.com inc,mcdonald's corp,disney (walt) co,comcast corp,altria group inc,news corp,union pacific corp
10 :  american international group,metlife inc,prudential financial inc,travelers cos inc,aflac inc,loews corp,aetna inc,allstate corp,cigna corp,progressive corp-ohio
