------------------------
n= 11
cl= kmeans_text
type= text
------------------------
cluster=0
cluster=1
cluster=2
cluster=3
cluster=4
cluster=5
cluster=6
cluster=7
cluster=8
cluster=9
cluster=10
advance group... 
continuing!!!
intra-group:
r2    0.103876
a     0.999984
b     0.000016
dtype: float64
extra-group:
r2    0.001857
a     0.014692
b     0.985220
dtype: float64
advance group... 
continuing!!!
intra-group:
r2    0.237044
a     0.999873
b     0.000127
dtype: float64
extra-group:
r2    0.002598
a     0.016515
b     0.983402
dtype: float64
advance group... 
continuing!!!
intra-group:
r2    0.096831
a     1.000025
b    -0.000025
dtype: float64
extra-group:
r2    0.000835
a     0.016164
b     0.983768
dtype: float64
advance group... 
continuing!!!
intra-group:
r2    0.036907
a     0.999998
b     0.000002
dtype: float64
extra-group:
r2    0.000683
a     0.018739
b     0.981288
dtype: float64
advance group... 
continuing!!!
intra-group:
r2    0.252155
a     0.999972
b     0.000028
dtype: float64
extra-group:
r2    0.001096
a     0.008434
b     0.991509
dtype: float64
advance group... 
continuing!!!
intra-group:
r2    0.073593
a     0.999965
b     0.000035
dtype: float64
extra-group:
r2    0.001509
a     0.015713
b     0.984214
dtype: float64
advance group... 
continuing!!!
intra-group:
r2    0.006276
a     0.993581
b     0.009353
dtype: float64
extra-group:
r2    0.048502
a     0.470457
b     0.984572
dtype: float64
advance group... 
continuing!!!
intra-group:
r2    0.111592
a     0.999917
b     0.000083
dtype: float64
extra-group:
r2    0.001653
a     0.012525
b     0.987400
dtype: float64
advance group... 
continuing!!!
intra-group:
r2    0.072070
a     0.999958
b     0.000042
dtype: float64
extra-group:
r2    0.001690
a     0.011737
b     0.988214
dtype: float64
advance group... 
continuing!!!
intra-group:
r2    0.042544
a     0.999973
b     0.000027
dtype: float64
extra-group:
r2    0.001280
a     0.011734
b     0.988230
dtype: float64
advance group... 
continuing!!!
intra-group:
r2    0.169506
a     0.999916
b     0.000084
dtype: float64
extra-group:
r2    0.002464
a     0.014553
b     0.985363
dtype: float64
WRITING THESE!
**
                          type      mu     sigma
0  1h.RETURN.kmeans.text_011.i  0.0967  0.068711
**
1h.RETURN.kmeans.text_011.i (0.096700291881017364, 0.06871133332818892)
**
      n        r2         w
8   657  0.072070  0.201843
9   515  0.042544  0.158218
0   351  0.103876  0.107834
5   329  0.073593  0.101075
1   310  0.237044  0.095238
3   272  0.036907  0.083564
2   244  0.096831  0.074962
4   180  0.252155  0.055300
6   163  0.006276  0.050077
7   145  0.111592  0.044547
10   89  0.169506  0.027343
WRITING THESE!
**
                          type        mu     sigma
0  1h.RETURN.kmeans.text_011.e  0.003894  0.010255
**
1h.RETURN.kmeans.text_011.e (0.0038939418492768179, 0.010255124555552496)
**
      n        r2         w
8   657  0.001690  0.201843
9   515  0.001280  0.158218
0   351  0.001857  0.107834
5   329  0.001509  0.101075
1   310  0.002598  0.095238
3   272  0.000683  0.083564
2   244  0.000835  0.074962
4   180  0.001096  0.055300
6   163  0.048502  0.050077
7   145  0.001653  0.044547
10   89  0.002464  0.027343
