------------------------
n= 24
cl= hier_text
type= text
------------------------
cluster=6
cluster=7
cluster=2
cluster=14
cluster=13
cluster=11
cluster=4
cluster=15
cluster=8
cluster=5
cluster=1
cluster=3
cluster=21
cluster=0
cluster=12
cluster=10
cluster=23
cluster=18
cluster=17
cluster=16
cluster=22
cluster=9
cluster=20
cluster=19
advance group... 
continuing!!!
intra-group:
r2    0.010652
a     0.999998
b     0.000002
dtype: float64
extra-group:
r2    0.001444
a     0.015006
b     0.985041
dtype: float64
advance group... 
continuing!!!
intra-group:
r2    0.069143
a     0.999966
b     0.000034
dtype: float64
extra-group:
r2    0.001934
a     0.013812
b     0.986144
dtype: float64
advance group... 
continuing!!!
intra-group:
r2    0.003693
a     0.990361
b     0.012130
dtype: float64
extra-group:
r2    0.060031
a     0.495474
b     0.762068
dtype: float64
advance group... 
continuing!!!
intra-group:
r2    0.235489
a     0.999977
b     0.000023
dtype: float64
extra-group:
r2    0.001156
a     0.009844
b     0.990095
dtype: float64
advance group... 
continuing!!!
intra-group:
r2    0.175961
a     0.999914
b     0.000086
dtype: float64
extra-group:
r2    0.002441
a     0.013665
b     0.986253
dtype: float64
advance group... 
continuing!!!
intra-group:
r2    0.058839
a     0.999996
b     0.000004
dtype: float64
extra-group:
r2    0.001513
a     0.017007
b     0.982923
dtype: float64
advance group... 
continuing!!!
intra-group:
r2    0.140700
a     0.999918
b     0.000082
dtype: float64
extra-group:
r2    0.001786
a     0.017140
b     0.982754
dtype: float64
advance group... 
continuing!!!
intra-group:
r2    0.035182
a     0.999973
b     0.000027
dtype: float64
extra-group:
r2    0.000929
a     0.013012
b     0.986928
dtype: float64
advance group... 
continuing!!!
intra-group:
r2    0.185483
a     0.999998
b     0.000002
dtype: float64
extra-group:
r2    0.002438
a     0.017123
b     0.982779
dtype: float64
advance group... 
continuing!!!
intra-group:
r2    0.040810
a     0.999998
b     0.000002
dtype: float64
extra-group:
r2    0.000703
a     0.018110
b     0.981916
dtype: float64
advance group... 
continuing!!!
intra-group:
r2    0.089996
a     0.999961
b     0.000039
dtype: float64
extra-group:
r2    0.002041
a     0.016115
b     0.983798
dtype: float64
advance group... 
continuing!!!
intra-group:
r2    0.234927
a     0.999872
b     0.000128
dtype: float64
extra-group:
r2    0.002608
a     0.016534
b     0.983384
dtype: float64
advance group... 
continuing!!!
intra-group:
r2    0.093162
a     1.000003
b    -0.000003
dtype: float64
extra-group:
r2    0.000745
a     0.007168
b     0.992782
dtype: float64
advance group... 
continuing!!!
intra-group:
r2    0.069340
a     0.999983
b     0.000017
dtype: float64
extra-group:
r2    0.001463
a     0.013276
b     0.986663
dtype: float64
advance group... 
continuing!!!
intra-group:
r2    0.087914
a     0.999995
b     0.000005
dtype: float64
extra-group:
r2    0.001870
a     0.017674
b     0.982237
dtype: float64
advance group... 
continuing!!!
intra-group:
r2    0.153677
a     0.999977
b     0.000023
dtype: float64
extra-group:
r2    0.002262
a     0.017573
b     0.982318
dtype: float64
advance group... 
continuing!!!
intra-group:
r2    1.015322e-01
a     1.000000e+00
b    -4.018625e-08
dtype: float64
extra-group:
r2    0.000641
a     0.028736
b     0.971169
dtype: float64
advance group... 
continuing!!!
intra-group:
r2    0.371616
a     0.999968
b     0.000032
dtype: float64
extra-group:
r2    0.000789
a     0.007057
b     0.992915
dtype: float64
advance group... 
continuing!!!
intra-group:
r2    1.185121e-01
a     1.000000e+00
b    -5.737834e-15
dtype: float64
extra-group:
r2    0.000802
a     0.014598
b     0.985286
dtype: float64
advance group... 
continuing!!!
intra-group:
r2    1.956166e-01
a     1.000000e+00
b    -3.662695e-14
dtype: float64
extra-group:
r2    0.001843
a     0.012092
b     0.987831
dtype: float64
advance group... 
continuing!!!
intra-group:
r2    0.258910
a     1.000098
b    -0.000098
dtype: float64
extra-group:
r2    0.003155
a     0.018740
b     0.981155
dtype: float64
advance group... 
continuing!!!
intra-group:
r2    1.610022e-01
a     1.000000e+00
b    -8.872613e-14
dtype: float64
extra-group:
r2    0.001209
a     0.013112
b     0.986815
dtype: float64
advance group... 
continuing!!!
intra-group:
r2    2.624785e-01
a     1.000000e+00
b    -1.824609e-14
dtype: float64
extra-group:
r2    0.002401
a     0.018117
b     0.981756
dtype: float64
advance group... 
continuing!!!
intra-group:
r2    1.314203e-01
a     9.999999e-01
b     1.227949e-07
dtype: float64
extra-group:
r2    0.001362
a     0.012627
b     0.987283
dtype: float64
WRITING THESE!
**
                        type        mu    sigma
0  1h.RETURN.hier.text_024.i  0.109217  0.08184
**
1h.RETURN.hier.text_024.i (0.10921710707863985, 0.081840087029515951)
**
      n        r2         w
1   416  0.069143  0.127803
11  298  0.234927  0.091551
2   288  0.003693  0.088479
9   271  0.040810  0.083257
14  226  0.087914  0.069432
10  224  0.089996  0.068817
15  169  0.153677  0.051920
0   141  0.010652  0.043318
7   139  0.035182  0.042704
3   133  0.235489  0.040860
6   120  0.140700  0.036866
13  109  0.069340  0.033487
5    94  0.058839  0.028879
21   92  0.161002  0.028264
16   84  0.101532  0.025806
8    81  0.185483  0.024885
4    73  0.175961  0.022427
18   66  0.118512  0.020276
17   59  0.371616  0.018126
12   47  0.093162  0.014439
23   38  0.131420  0.011674
19   32  0.195617  0.009831
20   29  0.258910  0.008909
22   26  0.262478  0.007988
WRITING THESE!
**
                        type       mu     sigma
0  1h.RETURN.hier.text_024.e  0.00684  0.016583
**
1h.RETURN.hier.text_024.e (0.0068404434298372958, 0.016582870280298343)
**
      n        r2         w
1   416  0.001934  0.127803
11  298  0.002608  0.091551
2   288  0.060031  0.088479
9   271  0.000703  0.083257
14  226  0.001870  0.069432
10  224  0.002041  0.068817
15  169  0.002262  0.051920
0   141  0.001444  0.043318
7   139  0.000929  0.042704
3   133  0.001156  0.040860
6   120  0.001786  0.036866
13  109  0.001463  0.033487
5    94  0.001513  0.028879
21   92  0.001209  0.028264
16   84  0.000641  0.025806
8    81  0.002438  0.024885
4    73  0.002441  0.022427
18   66  0.000802  0.020276
17   59  0.000789  0.018126
12   47  0.000745  0.014439
23   38  0.001362  0.011674
19   32  0.001843  0.009831
20   29  0.003155  0.008909
22   26  0.002401  0.007988
