------------------------
n= 68
cl= hier_fact
type= fact
------------------------
cluster=43
cluster=54
cluster=45
cluster=8
cluster=2
cluster=37
cluster=60
cluster=19
cluster=9
cluster=46
cluster=6
cluster=21
cluster=38
cluster=40
cluster=65
cluster=12
cluster=26
cluster=11
cluster=34
cluster=33
cluster=15
cluster=31
cluster=18
cluster=10
cluster=61
cluster=13
cluster=25
cluster=0
cluster=23
cluster=1
cluster=22
cluster=20
cluster=28
cluster=4
cluster=32
cluster=7
cluster=14
cluster=56
cluster=66
cluster=62
cluster=24
cluster=17
cluster=27
cluster=47
cluster=55
cluster=29
cluster=52
cluster=63
cluster=16
cluster=3
cluster=44
cluster=41
cluster=50
cluster=57
cluster=30
cluster=5
cluster=53
cluster=49
cluster=59
cluster=35
cluster=58
cluster=51
cluster=64
cluster=48
cluster=67
cluster=36
cluster=39
cluster=42
advance group... 
continuing!!!
intra-group:
symbol   NaN
r2       NaN
a        NaN
b        NaN
dtype: float64
extra-group:
symbol   NaN
r2       NaN
a        NaN
b        NaN
dtype: float64
advance group... 
continuing!!!
intra-group:
r2    0.113026
a     1.000009
b    -0.000009
dtype: float64
extra-group:
r2    0.001394
a     0.013384
b     0.986524
dtype: float64
advance group... 
continuing!!!
intra-group:
r2    5.746194e-01
a     1.000000e+00
b     6.611378e-14
dtype: float64
extra-group:
r2    0.002235
a     0.015062
b     0.984843
dtype: float64
advance group... 
continuing!!!
intra-group:
r2    4.979952e-01
a     1.000000e+00
b     8.937295e-14
dtype: float64
extra-group:
r2    0.000803
a     0.013535
b     0.986398
dtype: float64
advance group... 
continuing!!!
intra-group:
r2    0.146490
a     0.999941
b     0.000059
dtype: float64
extra-group:
r2    0.001895
a     0.015694
b     0.984213
dtype: float64
advance group... 
continuing!!!
intra-group:
r2    1.035016e-01
a     1.000000e+00
b    -1.601045e-14
dtype: float64
extra-group:
r2    0.002069
a     0.014505
b     0.985421
dtype: float64
advance group... 
continuing!!!
intra-group:
r2    1.622923e-01
a     1.000000e+00
b     6.452130e-14
dtype: float64
extra-group:
r2    0.002778
a     0.017422
b     0.982478
dtype: float64
advance group... 
continuing!!!
intra-group:
r2    0.104088
a     1.000019
b    -0.000019
dtype: float64
extra-group:
r2    0.002095
a     0.014576
b     0.985330
dtype: float64
advance group... 
continuing!!!
intra-group:
r2    1.000000e+00
a     1.000000e+00
b     9.592327e-14
dtype: float64
extra-group:
r2    0.001664
a     0.036245
b     0.963567
dtype: float64
advance group... 
continuing!!!
intra-group:
r2    1.535857e-01
a     1.000000e+00
b     3.432548e-14
dtype: float64
extra-group:
r2    0.002367
a     0.021633
b     0.978255
dtype: float64
advance group... 
continuing!!!
intra-group:
r2    0.108943
a     1.000171
b    -0.000171
dtype: float64
extra-group:
r2    0.001886
a     0.014481
b     0.985432
dtype: float64
advance group... 
continuing!!!
intra-group:
r2    3.984304e-01
a     1.000000e+00
b    -4.019007e-14
dtype: float64
extra-group:
r2    0.000956
a     0.009974
b     0.989947
dtype: float64
advance group... 
continuing!!!
intra-group:
r2    1.029377e-01
a     1.000000e+00
b     9.436896e-16
dtype: float64
extra-group:
r2    0.001568
a     0.018179
b     0.981870
dtype: float64
advance group... 
continuing!!!
intra-group:
r2    0.075138
a     0.999993
b     0.000007
dtype: float64
extra-group:
r2    0.002264
a     0.019336
b     0.980571
dtype: float64
advance group... 
continuing!!!
intra-group:
r2    1.301767e-01
a     1.000000e+00
b     7.438494e-15
dtype: float64
extra-group:
r2    0.000501
a     0.004771
b     0.995210
dtype: float64
advance group... 
continuing!!!
intra-group:
r2    0.147367
a     0.999997
b     0.000003
dtype: float64
extra-group:
r2    0.002526
a     0.016776
b     0.983125
dtype: float64
advance group... 
continuing!!!
intra-group:
r2    0.088683
a     1.000153
b    -0.000153
dtype: float64
extra-group:
r2    0.001378
a     0.011361
b     0.988548
dtype: float64
advance group... 
continuing!!!
intra-group:
r2    0.125657
a     1.000017
b    -0.000017
dtype: float64
extra-group:
r2    0.002083
a     0.015205
b     0.984705
dtype: float64
advance group... 
continuing!!!
intra-group:
r2    1.453004e-01
a     1.000000e+00
b     1.414074e-15
dtype: float64
extra-group:
r2    0.002298
a     0.016645
b     0.983264
dtype: float64
advance group... 
continuing!!!
intra-group:
r2    2.985958e-01
a     1.000000e+00
b    -6.069219e-15
dtype: float64
extra-group:
r2    0.003549
a     0.023606
b     0.976249
dtype: float64
advance group... 
continuing!!!
intra-group:
r2    1.239338e-01
a     1.000000e+00
b     9.893152e-15
dtype: float64
extra-group:
r2    0.001784
a     0.017599
b     0.982293
dtype: float64
advance group... 
continuing!!!
intra-group:
r2    1.495339e-01
a     1.000000e+00
b     7.903143e-15
dtype: float64
extra-group:
r2    0.002689
a     0.018884
b     0.981008
dtype: float64
advance group... 
continuing!!!
intra-group:
r2    1.021070e-01
a     1.000000e+00
b    -5.496992e-14
dtype: float64
extra-group:
r2    0.001370
a     0.015856
b     0.984055
dtype: float64
advance group... 
continuing!!!
intra-group:
r2    2.194743e-01
a     1.000000e+00
b     8.895354e-14
dtype: float64
extra-group:
r2    0.000633
a     0.013820
b     0.986097
dtype: float64
advance group... 
continuing!!!
intra-group:
r2    2.612834e-01
a     1.000000e+00
b    -5.939693e-15
dtype: float64
extra-group:
r2    0.000697
a     0.009444
b     0.990479
dtype: float64
advance group... 
continuing!!!
intra-group:
r2    3.073876e-01
a     1.000000e+00
b    -7.663314e-14
dtype: float64
extra-group:
r2    0.001309
a     0.013007
b     0.986895
dtype: float64
advance group... 
continuing!!!
intra-group:
r2    1.310241e-01
a     1.000000e+00
b     7.646021e-14
dtype: float64
extra-group:
r2    0.002261
a     0.014222
b     0.985706
dtype: float64
advance group... 
continuing!!!
intra-group:
r2    1.097676e-01
a     1.000000e+00
b    -2.093811e-14
dtype: float64
extra-group:
r2    0.001160
a     0.020971
b     0.978925
dtype: float64
advance group... 
continuing!!!
intra-group:
r2    1.119108e-01
a     1.000000e+00
b     5.840883e-14
dtype: float64
extra-group:
r2    0.000854
a     0.011747
b     0.988196
dtype: float64
advance group... 
continuing!!!
intra-group:
r2    0.040829
a     0.999951
b     0.000049
dtype: float64
extra-group:
r2    0.002099
a     0.027339
b     0.972561
dtype: float64
advance group... 
continuing!!!
intra-group:
r2    2.525838e-01
a     1.000000e+00
b    -2.653433e-14
dtype: float64
extra-group:
r2    0.001994
a     0.014231
b     0.985717
dtype: float64
advance group... 
continuing!!!
intra-group:
r2    1.253564e-01
a     9.999999e-01
b     1.066588e-07
dtype: float64
extra-group:
r2    0.001468
a    -0.007661
b     1.008181
dtype: float64
advance group... 
continuing!!!
intra-group:
r2    2.056084e-01
a     1.000000e+00
b    -2.309264e-15
dtype: float64
extra-group:
r2    0.000780
a     0.024268
b     0.975680
dtype: float64
advance group... 
continuing!!!
intra-group:
r2    4.655197e-01
a     1.000000e+00
b    -1.121325e-14
dtype: float64
extra-group:
r2    0.002063
a     0.017528
b     0.982353
dtype: float64
advance group... 
continuing!!!
intra-group:
r2    1.405438e-01
a     1.000000e+00
b     6.829056e-14
dtype: float64
extra-group:
r2    0.002218
a     0.016237
b     0.983668
dtype: float64
advance group... 
continuing!!!
intra-group:
r2    2.402416e-01
a     1.000000e+00
b     6.261658e-15
dtype: float64
extra-group:
r2    0.000503
a     0.008626
b     0.991312
dtype: float64
advance group... 
continuing!!!
intra-group:
r2    1.459920e-01
a     1.000000e+00
b     2.388566e-14
dtype: float64
extra-group:
r2    0.000295
a     0.002062
b     0.997912
dtype: float64
advance group... 
continuing!!!
intra-group:
r2    1.882095e-01
a     1.000000e+00
b     2.670086e-14
dtype: float64
extra-group:
r2    0.001608
a     0.004635
b     0.995302
dtype: float64
advance group... 
continuing!!!
intra-group:
r2    5.286962e-01
a     1.000000e+00
b    -9.325873e-15
dtype: float64
extra-group:
r2    0.000965
a     0.020915
b     0.979070
dtype: float64
advance group... 
continuing!!!
intra-group:
r2    5.608369e-01
a     1.000000e+00
b     6.846375e-15
dtype: float64
extra-group:
r2    0.003484
a     0.018558
b     0.981341
dtype: float64
advance group... 
continuing!!!
intra-group:
r2    1.614234e-01
a     1.000000e+00
b    -2.612725e-15
dtype: float64
extra-group:
r2    0.002370
a     0.019188
b     0.980702
dtype: float64
advance group... 
continuing!!!
intra-group:
r2    2.008042e-01
a     1.000000e+00
b    -1.040945e-13
dtype: float64
extra-group:
r2    0.001065
a     0.059311
b     0.940642
dtype: float64
advance group... 
continuing!!!
intra-group:
r2    1.000000e+00
a     1.000000e+00
b     3.863576e-14
dtype: float64
extra-group:
r2    0.000222
a     0.007144
b     0.992790
dtype: float64
advance group... 
continuing!!!
intra-group:
symbol   NaN
r2       NaN
a        NaN
b        NaN
dtype: float64
extra-group:
symbol   NaN
r2       NaN
a        NaN
b        NaN
dtype: float64
advance group... 
continuing!!!
intra-group:
r2    5.065400e-01
a     1.000000e+00
b    -1.476597e-14
dtype: float64
extra-group:
r2    0.001073
a     0.026095
b     0.973758
dtype: float64
advance group... 
continuing!!!
intra-group:
r2    1.005216e-01
a     1.000000e+00
b    -5.089580e-14
dtype: float64
extra-group:
r2    0.001891
a     0.012581
b     0.987345
dtype: float64
advance group... 
continuing!!!
intra-group:
r2    1.000000e+00
a     1.000000e+00
b     7.704948e-14
dtype: float64
extra-group:
r2    0.002493
a     0.027738
b     0.972091
dtype: float64
advance group... 
continuing!!!
intra-group:
symbol   NaN
r2       NaN
a        NaN
b        NaN
dtype: float64
extra-group:
symbol   NaN
r2       NaN
a        NaN
b        NaN
dtype: float64
advance group... 
continuing!!!
intra-group:
r2    1.000000e+00
a     1.000000e+00
b     1.731948e-14
dtype: float64
extra-group:
r2    0.000003
a    -0.002025
b     1.002190
dtype: float64
advance group... 
continuing!!!
intra-group:
r2    1.000000e+00
a     1.000000e+00
b     7.815970e-14
dtype: float64
extra-group:
r2    0.000168
a    -0.290392
b     1.295324
dtype: float64
advance group... 
continuing!!!
intra-group:
r2    1.000000e+00
a     1.000000e+00
b    -7.194245e-14
dtype: float64
extra-group:
r2    0.000003
a     0.001384
b     0.998620
dtype: float64
advance group... 
continuing!!!
intra-group:
r2    1.000000e+00
a     1.000000e+00
b    -6.306067e-14
dtype: float64
extra-group:
r2    0.000007
a     0.002120
b     0.997822
dtype: float64
advance group... 
continuing!!!
intra-group:
r2    1.000000e+00
a     1.000000e+00
b    -5.506706e-14
dtype: float64
extra-group:
r2    0.000160
a    -0.015249
b     1.015246
dtype: float64
advance group... 
continuing!!!
intra-group:
r2    1.000000e+00
a     1.000000e+00
b    -8.881784e-14
dtype: float64
extra-group:
r2    0.003236
a     0.028556
b     0.971325
dtype: float64
advance group... 
continuing!!!
intra-group:
r2    5.073363e-01
a     1.000000e+00
b     5.384582e-14
dtype: float64
extra-group:
r2    0.000314
a     0.008824
b     0.991122
dtype: float64
advance group... 
continuing!!!
intra-group:
r2    1.000000e+00
a     1.000000e+00
b     6.905587e-14
dtype: float64
extra-group:
r2    0.002538
a     0.012385
b     0.987533
dtype: float64
advance group... 
continuing!!!
intra-group:
symbol   NaN
r2       NaN
a        NaN
b        NaN
dtype: float64
extra-group:
symbol   NaN
r2       NaN
a        NaN
b        NaN
dtype: float64
advance group... 
continuing!!!
intra-group:
symbol   NaN
r2       NaN
a        NaN
b        NaN
dtype: float64
extra-group:
symbol   NaN
r2       NaN
a        NaN
b        NaN
dtype: float64
advance group... 
continuing!!!
intra-group:
r2    1.000000e+00
a     1.000000e+00
b    -4.862777e-14
dtype: float64
extra-group:
r2    7.297694e-07
a    -4.800611e-04
b     1.000459e+00
dtype: float64
advance group... 
continuing!!!
intra-group:
r2    1.000000e+00
a     1.000000e+00
b     8.193446e-14
dtype: float64
extra-group:
r2    0.000421
a     0.008510
b     0.991440
dtype: float64
advance group... 
continuing!!!
intra-group:
symbol   NaN
r2       NaN
a        NaN
b        NaN
dtype: float64
extra-group:
symbol   NaN
r2       NaN
a        NaN
b        NaN
dtype: float64
advance group... 
continuing!!!
intra-group:
symbol   NaN
r2       NaN
a        NaN
b        NaN
dtype: float64
extra-group:
symbol   NaN
r2       NaN
a        NaN
b        NaN
dtype: float64
advance group... 
continuing!!!
intra-group:
r2    1.000000e+00
a     1.000000e+00
b    -7.194245e-14
dtype: float64
extra-group:
r2    0.000524
a     0.049759
b     0.950046
dtype: float64
advance group... 
continuing!!!
intra-group:
symbol   NaN
r2       NaN
a        NaN
b        NaN
dtype: float64
extra-group:
symbol   NaN
r2       NaN
a        NaN
b        NaN
dtype: float64
advance group... 
continuing!!!
intra-group:
symbol   NaN
r2       NaN
a        NaN
b        NaN
dtype: float64
extra-group:
symbol   NaN
r2       NaN
a        NaN
b        NaN
dtype: float64
advance group... 
continuing!!!
intra-group:
r2    1.000000e+00
a     1.000000e+00
b     4.729550e-14
dtype: float64
extra-group:
r2    0.000411
a     0.026278
b     0.973659
dtype: float64
advance group... 
continuing!!!
intra-group:
symbol   NaN
r2       NaN
a        NaN
b        NaN
dtype: float64
extra-group:
symbol   NaN
r2       NaN
a        NaN
b        NaN
dtype: float64
advance group... 
continuing!!!
intra-group:
r2    1.000000e+00
a     1.000000e+00
b    -4.796163e-14
dtype: float64
extra-group:
r2    0.000548
a     0.014131
b     0.985822
dtype: float64
WRITING THESE!
**
                        type        mu     sigma
0  1h.RETURN.hier.fact_068.i  0.133574  0.066429
**
1h.RETURN.hier.fact_068.i (0.13357434471371482, 0.066429230807042314)
**
      n        r2         w
15  137  0.147367  0.126035
13  111  0.075138  0.102116
34   75  0.140544  0.068997
20   73  0.123934  0.067157
7    59  0.104088  0.054278
4    57  0.146490  0.052438
5    43  0.103502  0.039558
1    43  0.113026  0.039558
29   42  0.040829  0.038638
10   38  0.108943  0.034959
18   38  0.145300  0.034959
16   33  0.088683  0.030359
27   32  0.109768  0.029439
6    32  0.162292  0.029439
21   27  0.149534  0.024839
17   22  0.125657  0.020239
14   20  0.130177  0.018399
9    17  0.153586  0.015639
22   16  0.102107  0.014719
19   15  0.298596  0.013799
40   15  0.161423  0.013799
45   14  0.100522  0.012879
26   13  0.131024  0.011960
28   10  0.111911  0.009200
12   10  0.102938  0.009200
23    9  0.219474  0.008280
31    8  0.125356  0.007360
36    7  0.145992  0.006440
37    6  0.188210  0.005520
30    6  0.252584  0.005520
41    5  0.200804  0.004600
11    5  0.398430  0.004600
32    5  0.205608  0.004600
35    5  0.240242  0.004600
25    4  0.307388  0.003680
24    4  0.261283  0.003680
33    3  0.465520  0.002760
39    3  0.560837  0.002760
38    2  0.528696  0.001840
3     2  0.497995  0.001840
44    2  0.506540  0.001840
2     2  0.574619  0.001840
54    2  0.507336  0.001840
WRITING THESE!
**
                        type        mu     sigma
0  1h.RETURN.hier.fact_068.e  0.002002  0.000568
**
1h.RETURN.hier.fact_068.e (0.0020016605179382805, 0.00056814944020665227)
**
      n        r2         w
15  137  0.002526  0.126035
13  111  0.002264  0.102116
34   75  0.002218  0.068997
20   73  0.001784  0.067157
7    59  0.002095  0.054278
4    57  0.001895  0.052438
5    43  0.002069  0.039558
1    43  0.001394  0.039558
29   42  0.002099  0.038638
10   38  0.001886  0.034959
18   38  0.002298  0.034959
16   33  0.001378  0.030359
27   32  0.001160  0.029439
6    32  0.002778  0.029439
21   27  0.002689  0.024839
17   22  0.002083  0.020239
14   20  0.000501  0.018399
9    17  0.002367  0.015639
22   16  0.001370  0.014719
19   15  0.003549  0.013799
40   15  0.002370  0.013799
45   14  0.001891  0.012879
26   13  0.002261  0.011960
28   10  0.000854  0.009200
12   10  0.001568  0.009200
23    9  0.000633  0.008280
31    8  0.001468  0.007360
36    7  0.000295  0.006440
37    6  0.001608  0.005520
30    6  0.001994  0.005520
41    5  0.001065  0.004600
11    5  0.000956  0.004600
32    5  0.000780  0.004600
35    5  0.000503  0.004600
25    4  0.001309  0.003680
24    4  0.000697  0.003680
33    3  0.002063  0.002760
39    3  0.003484  0.002760
38    2  0.000965  0.001840
3     2  0.000803  0.001840
44    2  0.001073  0.001840
2     2  0.002235  0.001840
54    2  0.000314  0.001840
