------------------------
n= 24
cl= kmeans_text
type= gics
------------------------
cluster=3510
cluster=3520
cluster=4510
cluster=3030
cluster=4010
cluster=4020
cluster=2030
cluster=2530
cluster=2020
cluster=2010
cluster=4030
cluster=1010
cluster=3010
cluster=6010
cluster=2520
cluster=2550
cluster=2510
cluster=4520
cluster=5010
cluster=2540
cluster=4530
cluster=1510
cluster=5510
cluster=3020
advance group... 
continuing!!!
intra-group:
r2    0.011798
a     0.999990
b     0.000010
dtype: float64
extra-group:
r2    0.001398
a     0.016069
b     0.983941
dtype: float64
advance group... 
continuing!!!
intra-group:
r2    0.044765
a     0.999996
b     0.000004
dtype: float64
extra-group:
r2    0.000800
a     0.016022
b     0.983994
dtype: float64
advance group... 
continuing!!!
intra-group:
r2    0.081979
a     0.999978
b     0.000022
dtype: float64
extra-group:
r2    0.001592
a     0.015169
b     0.984755
dtype: float64
advance group... 
continuing!!!
intra-group:
r2    0.044908
a     0.999979
b     0.000021
dtype: float64
extra-group:
r2    0.000657
a     0.007085
b     0.992921
dtype: float64
advance group... 
continuing!!!
intra-group:
r2    0.236082
a     0.999836
b     0.000164
dtype: float64
extra-group:
r2    0.002553
a     0.016270
b     0.983648
dtype: float64
advance group... 
continuing!!!
intra-group:
r2    0.118511
a     0.999835
b     0.000165
dtype: float64
extra-group:
r2    0.001687
a     0.012473
b     0.987449
dtype: float64
advance group... 
continuing!!!
intra-group:
r2    0.192445
a     1.000043
b    -0.000043
dtype: float64
extra-group:
r2    0.002456
a     0.017895
b     0.981997
dtype: float64
advance group... 
continuing!!!
intra-group:
r2    0.098778
a     0.999978
b     0.000022
dtype: float64
extra-group:
r2    0.002197
a     0.016124
b     0.983790
dtype: float64
advance group... 
continuing!!!
intra-group:
r2    0.055183
a     0.999996
b     0.000004
dtype: float64
extra-group:
r2    0.002028
a     0.019023
b     0.980892
dtype: float64
advance group... 
continuing!!!
intra-group:
r2    0.100471
a     0.999965
b     0.000035
dtype: float64
extra-group:
r2    0.002443
a     0.014875
b     0.985056
dtype: float64
advance group... 
continuing!!!
intra-group:
r2    0.175794
a     0.999957
b     0.000043
dtype: float64
extra-group:
r2    0.002458
a     0.013876
b     0.986043
dtype: float64
advance group... 
continuing!!!
intra-group:
r2    0.113883
a     1.000019
b    -0.000019
dtype: float64
extra-group:
r2    0.000742
a     0.015444
b     0.984503
dtype: float64
advance group... 
continuing!!!
intra-group:
r2    1.590872e-01
a     1.000000e+00
b     4.067117e-14
dtype: float64
extra-group:
r2    0.001450
a     0.012054
b     0.987857
dtype: float64
advance group... 
continuing!!!
intra-group:
r2    0.270386
a     0.999973
b     0.000027
dtype: float64
extra-group:
r2    0.001122
a     0.008854
b     0.991088
dtype: float64
advance group... 
continuing!!!
intra-group:
r2    0.105552
a     0.999998
b     0.000002
dtype: float64
extra-group:
r2    0.001663
a     0.014933
b     0.984973
dtype: float64
advance group... 
continuing!!!
intra-group:
r2    0.007775
a     0.995045
b     0.007754
dtype: float64
extra-group:
r2    0.058200
a     0.478006
b     1.083900
dtype: float64
advance group... 
continuing!!!
intra-group:
r2    1.996697e-01
a     1.000000e+00
b     3.868433e-14
dtype: float64
extra-group:
r2    0.002532
a     0.019938
b     0.979948
dtype: float64
advance group... 
continuing!!!
intra-group:
r2    0.070737
a     0.999928
b     0.000072
dtype: float64
extra-group:
r2    0.001865
a     0.019380
b     0.980537
dtype: float64
advance group... 
continuing!!!
intra-group:
r2    8.487141e-02
a     1.000000e+00
b     4.322707e-14
dtype: float64
extra-group:
r2    0.001195
a     0.017388
b     0.982552
dtype: float64
advance group... 
continuing!!!
intra-group:
r2    5.700968e-02
a     1.000000e+00
b    -7.325967e-14
dtype: float64
extra-group:
r2    0.001097
a     0.012005
b     0.987926
dtype: float64
advance group... 
continuing!!!
intra-group:
r2    0.083203
a     0.999947
b     0.000053
dtype: float64
extra-group:
r2    0.002527
a     0.022954
b     0.976978
dtype: float64
advance group... 
continuing!!!
intra-group:
r2    0.150747
a     0.999998
b     0.000002
dtype: float64
extra-group:
r2    0.002068
a     0.016140
b     0.983768
dtype: float64
advance group... 
continuing!!!
intra-group:
r2    0.223082
a     0.999973
b     0.000027
dtype: float64
extra-group:
r2    0.000903
a     0.009389
b     0.990576
dtype: float64
advance group... 
continuing!!!
intra-group:
r2    0.081410
a     1.000119
b    -0.000119
dtype: float64
extra-group:
r2    0.000753
a     0.009274
b     0.990667
dtype: float64
WRITING THESE!
**
                   type        mu     sigma
0  1h.RETURN.gics.024.i  0.114171  0.073802
**
1h.RETURN.gics.024.i (0.1141712121241894, 0.073802380753557759)
**
      n        r2         w
4   323  0.236082  0.099232
1   308  0.044765  0.094624
9   259  0.100471  0.079570
11  256  0.113883  0.078648
2   248  0.081979  0.076190
0   193  0.011798  0.059293
5   189  0.118511  0.058065
13  177  0.270386  0.054378
17  173  0.070737  0.053149
21  138  0.150747  0.042396
15  132  0.007775  0.040553
7   120  0.098778  0.036866
8   107  0.055183  0.032873
14  101  0.105552  0.031029
22   83  0.223082  0.025499
10   76  0.175794  0.023349
20   76  0.083203  0.023349
23   71  0.081410  0.021813
19   59  0.057010  0.018126
6    52  0.192445  0.015975
16   32  0.199670  0.009831
18   31  0.084871  0.009524
3    30  0.044908  0.009217
12   21  0.159087  0.006452
WRITING THESE!
**
                   type        mu    sigma
0  1h.RETURN.gics.024.e  0.003958  0.01117
**
1h.RETURN.gics.024.e (0.0039578539645692907, 0.011169934928109398)
**
      n        r2         w
4   323  0.002553  0.099232
1   308  0.000800  0.094624
9   259  0.002443  0.079570
11  256  0.000742  0.078648
2   248  0.001592  0.076190
0   193  0.001398  0.059293
5   189  0.001687  0.058065
13  177  0.001122  0.054378
17  173  0.001865  0.053149
21  138  0.002068  0.042396
15  132  0.058200  0.040553
7   120  0.002197  0.036866
8   107  0.002028  0.032873
14  101  0.001663  0.031029
22   83  0.000903  0.025499
10   76  0.002458  0.023349
20   76  0.002527  0.023349
23   71  0.000753  0.021813
19   59  0.001097  0.018126
6    52  0.002456  0.015975
16   32  0.002532  0.009831
18   31  0.001195  0.009524
3    30  0.000657  0.009217
12   21  0.001450  0.006452
