------------------------
n= 24
cl= kmeans_fact
type= fact
------------------------
cluster=0
cluster=1
cluster=2
cluster=3
cluster=4
cluster=5
cluster=6
cluster=7
cluster=8
cluster=9
cluster=10
cluster=11
cluster=12
cluster=13
cluster=14
cluster=15
cluster=16
cluster=17
cluster=18
cluster=19
cluster=20
cluster=21
cluster=22
cluster=23
advance group... 
continuing!!!
intra-group:
r2    1.129827e-01
a     1.000000e+00
b     3.887489e-14
dtype: float64
extra-group:
r2    0.000527
a     0.010353
b     0.989592
dtype: float64
advance group... 
continuing!!!
intra-group:
r2    0.106299
a     0.999996
b     0.000004
dtype: float64
extra-group:
r2    0.001634
a     0.014516
b     0.985386
dtype: float64
advance group... 
continuing!!!
intra-group:
symbol   NaN
r2       NaN
a        NaN
b        NaN
dtype: float64
extra-group:
symbol   NaN
r2       NaN
a        NaN
b        NaN
dtype: float64
advance group... 
continuing!!!
intra-group:
r2    1.007303e-01
a     1.000000e+00
b    -1.958030e-14
dtype: float64
extra-group:
r2    0.001899
a     0.016838
b     0.983069
dtype: float64
advance group... 
continuing!!!
intra-group:
symbol   NaN
r2       NaN
a        NaN
b        NaN
dtype: float64
extra-group:
symbol   NaN
r2       NaN
a        NaN
b        NaN
dtype: float64
advance group... 
continuing!!!
intra-group:
r2    6.818374e-02
a     1.000000e+00
b    -3.683922e-16
dtype: float64
extra-group:
r2    0.001238
a     0.014205
b     0.985741
dtype: float64
advance group... 
continuing!!!
intra-group:
r2    1.000000e+00
a     1.000000e+00
b     4.729550e-14
dtype: float64
extra-group:
r2    0.000411
a     0.026278
b     0.973659
dtype: float64
advance group... 
continuing!!!
intra-group:
symbol   NaN
r2       NaN
a        NaN
b        NaN
dtype: float64
extra-group:
symbol   NaN
r2       NaN
a        NaN
b        NaN
dtype: float64
advance group... 
continuing!!!
intra-group:
r2    1.000000e+00
a     1.000000e+00
b     8.193446e-14
dtype: float64
extra-group:
r2    0.000421
a     0.008510
b     0.991440
dtype: float64
advance group... 
continuing!!!
intra-group:
r2    1.638980e-01
a     1.000000e+00
b    -1.067242e-13
dtype: float64
extra-group:
r2    0.000849
a     0.009670
b     0.990259
dtype: float64
advance group... 
continuing!!!
intra-group:
r2    1.000000e+00
a     1.000000e+00
b     3.863576e-14
dtype: float64
extra-group:
r2    0.000222
a     0.007144
b     0.992790
dtype: float64
advance group... 
continuing!!!
intra-group:
symbol   NaN
r2       NaN
a        NaN
b        NaN
dtype: float64
extra-group:
symbol   NaN
r2       NaN
a        NaN
b        NaN
dtype: float64
advance group... 
continuing!!!
intra-group:
r2    0.086501
a     0.999992
b     0.000008
dtype: float64
extra-group:
r2    0.001523
a     0.014225
b     0.985688
dtype: float64
advance group... 
continuing!!!
intra-group:
r2    1.000000e+00
a     1.000000e+00
b    -7.194245e-14
dtype: float64
extra-group:
r2    0.000003
a     0.001384
b     0.998620
dtype: float64
advance group... 
continuing!!!
intra-group:
r2    1.000000e+00
a     1.000000e+00
b     7.815970e-14
dtype: float64
extra-group:
r2    0.000168
a    -0.290392
b     1.295324
dtype: float64
advance group... 
continuing!!!
intra-group:
r2    1.942959e-01
a     1.000000e+00
b    -5.377180e-14
dtype: float64
extra-group:
r2    0.001792
a     0.017276
b     0.982613
dtype: float64
advance group... 
continuing!!!
intra-group:
r2    0.116052
a     0.999981
b     0.000019
dtype: float64
extra-group:
r2    0.002058
a     0.015771
b     0.984144
dtype: float64
advance group... 
continuing!!!
intra-group:
r2    1.000000e+00
a     1.000000e+00
b    -4.862777e-14
dtype: float64
extra-group:
r2    7.297694e-07
a    -4.800611e-04
b     1.000459e+00
dtype: float64
advance group... 
continuing!!!
intra-group:
r2    0.090398
a     0.999984
b     0.000016
dtype: float64
extra-group:
r2    0.001774
a     0.015173
b     0.984744
dtype: float64
advance group... 
continuing!!!
intra-group:
r2    0.032142
a     0.999995
b     0.000005
dtype: float64
extra-group:
r2    0.002271
a     0.014650
b     0.985319
dtype: float64
advance group... 
continuing!!!
intra-group:
r2    2.789729e-01
a     1.000000e+00
b     3.314016e-14
dtype: float64
extra-group:
r2    0.001623
a     0.022922
b     0.976967
dtype: float64
advance group... 
continuing!!!
intra-group:
r2    1.000000e+00
a     1.000000e+00
b    -6.306067e-14
dtype: float64
extra-group:
r2    0.000007
a     0.002120
b     0.997822
dtype: float64
advance group... 
continuing!!!
intra-group:
symbol   NaN
r2       NaN
a        NaN
b        NaN
dtype: float64
extra-group:
symbol   NaN
r2       NaN
a        NaN
b        NaN
dtype: float64
advance group... 
continuing!!!
intra-group:
r2    2.258383e-01
a     1.000000e+00
b     6.074506e-15
dtype: float64
extra-group:
r2    0.001780
a     0.013360
b     0.986583
dtype: float64
WRITING THESE!
**
                          type       mu     sigma
0  1h.RETURN.kmeans.fact_024.i  0.09963  0.029972
**
1h.RETURN.kmeans.fact_024.i (0.099630365490193565, 0.029971908057155272)
**
      n        r2         w
16  390  0.116052  0.358786
18  187  0.090398  0.172033
1   147  0.106299  0.135235
12  138  0.086501  0.126955
19   87  0.032142  0.080037
3    44  0.100730  0.040478
5    44  0.068184  0.040478
0    13  0.112983  0.011960
15   12  0.194296  0.011040
9     7  0.163898  0.006440
23    7  0.225838  0.006440
20    4  0.278973  0.003680
WRITING THESE!
**
                          type        mu     sigma
0  1h.RETURN.kmeans.fact_024.e  0.001827  0.000306
**
1h.RETURN.kmeans.fact_024.e (0.0018272747248653369, 0.00030601822701425513)
**
      n        r2         w
16  390  0.002058  0.358786
18  187  0.001774  0.172033
1   147  0.001634  0.135235
12  138  0.001523  0.126955
19   87  0.002271  0.080037
3    44  0.001899  0.040478
5    44  0.001238  0.040478
0    13  0.000527  0.011960
15   12  0.001792  0.011040
9     7  0.000849  0.006440
23    7  0.001780  0.006440
20    4  0.001623  0.003680
