------------------------
n= 68
cl= kmeans_text
type= random
------------------------
cluster=62
cluster=47
cluster=17
cluster=33
cluster=52
cluster=68
cluster=18
cluster=3
cluster=60
cluster=48
cluster=36
cluster=8
cluster=64
cluster=51
cluster=44
cluster=19
cluster=6
cluster=20
cluster=15
cluster=21
cluster=34
cluster=25
cluster=42
cluster=50
cluster=10
cluster=12
cluster=39
cluster=31
cluster=9
cluster=29
cluster=30
cluster=57
cluster=4
cluster=7
cluster=63
cluster=46
cluster=13
cluster=11
cluster=65
cluster=28
cluster=56
cluster=53
cluster=14
cluster=23
cluster=26
cluster=43
cluster=32
cluster=45
cluster=38
cluster=54
cluster=58
cluster=5
cluster=66
cluster=40
cluster=49
cluster=67
cluster=59
cluster=1
cluster=16
cluster=41
cluster=55
cluster=27
cluster=22
cluster=24
cluster=61
cluster=2
cluster=37
cluster=35
advance group... 
continuing!!!
intra-group:
r2    9.914871e-02
a     1.000000e+00
b    -5.283481e-14
dtype: float64
extra-group:
r2    0.002093
a     0.014043
b     0.985888
dtype: float64
advance group... 
continuing!!!
intra-group:
r2    0.081417
a     0.999961
b     0.000039
dtype: float64
extra-group:
r2    0.001469
a     0.013317
b     0.986594
dtype: float64
advance group... 
continuing!!!
intra-group:
r2    0.087725
a     1.000095
b    -0.000095
dtype: float64
extra-group:
r2    0.001890
a     0.015509
b     0.984405
dtype: float64
advance group... 
continuing!!!
intra-group:
r2    3.610550e-02
a     1.000000e+00
b    -6.420220e-14
dtype: float64
extra-group:
r2    0.001616
a     0.019509
b     0.980411
dtype: float64
advance group... 
continuing!!!
intra-group:
r2    0.022333
a     0.999997
b     0.000003
dtype: float64
extra-group:
r2    0.001742
a     0.043600
b     0.956329
dtype: float64
advance group... 
continuing!!!
intra-group:
r2    0.038737
a     0.999937
b     0.000063
dtype: float64
extra-group:
r2    0.001948
a     0.016421
b     0.983520
dtype: float64
advance group... 
continuing!!!
intra-group:
r2    0.087814
a     0.999980
b     0.000020
dtype: float64
extra-group:
r2    0.001720
a     0.015616
b     0.984294
dtype: float64
advance group... 
continuing!!!
intra-group:
r2    0.043415
a     0.999987
b     0.000013
dtype: float64
extra-group:
r2    0.001809
a     0.021635
b     0.978272
dtype: float64
advance group... 
continuing!!!
intra-group:
r2    1.050049e-01
a     1.000000e+00
b     9.085715e-14
dtype: float64
extra-group:
r2    0.002335
a     0.018356
b     0.981543
dtype: float64
advance group... 
continuing!!!
intra-group:
r2    0.086762
a     0.999976
b     0.000024
dtype: float64
extra-group:
r2    0.001996
a     0.016664
b     0.983241
dtype: float64
advance group... 
continuing!!!
intra-group:
r2    0.026625
a     0.999989
b     0.000011
dtype: float64
extra-group:
r2    0.001398
a     0.012198
b     0.987820
dtype: float64
advance group... 
continuing!!!
intra-group:
r2    0.051915
a     0.999989
b     0.000011
dtype: float64
extra-group:
r2    0.001791
a     0.020352
b     0.979553
dtype: float64
advance group... 
continuing!!!
intra-group:
r2    1.254052e-01
a     9.999991e-01
b     9.499539e-07
dtype: float64
extra-group:
r2    0.002576
a     0.019479
b     0.980416
dtype: float64
advance group... 
continuing!!!
intra-group:
r2    0.084513
a     1.000009
b    -0.000009
dtype: float64
extra-group:
r2    0.001711
a     0.012269
b     0.987653
dtype: float64
advance group... 
continuing!!!
intra-group:
r2    0.082856
a     1.000019
b    -0.000019
dtype: float64
extra-group:
r2    0.001845
a     0.013222
b     0.986700
dtype: float64
advance group... 
continuing!!!
intra-group:
r2    0.048056
a     0.999989
b     0.000011
dtype: float64
extra-group:
r2    0.001797
a     0.017007
b     0.982900
dtype: float64
advance group... 
continuing!!!
intra-group:
r2    0.105940
a     0.999989
b     0.000011
dtype: float64
extra-group:
r2    0.002501
a     0.017843
b     0.982071
dtype: float64
advance group... 
continuing!!!
intra-group:
r2    0.050729
a     0.999997
b     0.000003
dtype: float64
extra-group:
r2    0.001916
a     0.016938
b     0.982997
dtype: float64
advance group... 
continuing!!!
intra-group:
r2    0.051819
a     0.999998
b     0.000002
dtype: float64
extra-group:
r2    0.001962
a     0.017772
b     0.982150
dtype: float64
advance group... 
continuing!!!
intra-group:
r2    0.086076
a     1.000036
b    -0.000036
dtype: float64
extra-group:
r2    0.002014
a     0.018651
b     0.981255
dtype: float64
advance group... 
continuing!!!
intra-group:
r2    0.024690
a     0.999984
b     0.000016
dtype: float64
extra-group:
r2    0.001710
a     0.004593
b     0.995456
dtype: float64
advance group... 
continuing!!!
intra-group:
r2    0.073818
a     0.999987
b     0.000014
dtype: float64
extra-group:
r2    0.001500
a     0.014529
b     0.985383
dtype: float64
advance group... 
continuing!!!
intra-group:
r2    0.019476
a     0.999999
b     0.000001
dtype: float64
extra-group:
r2    0.001818
a     0.006418
b     0.993786
dtype: float64
advance group... 
continuing!!!
intra-group:
r2    0.050874
a     0.999963
b     0.000037
dtype: float64
extra-group:
r2    0.001991
a     0.017619
b     0.982310
dtype: float64
advance group... 
continuing!!!
intra-group:
r2    0.041627
a     0.999982
b     0.000018
dtype: float64
extra-group:
r2    0.001470
a     0.008883
b     0.991110
dtype: float64
advance group... 
continuing!!!
intra-group:
r2    1.078312e-01
a     1.000000e+00
b    -3.143348e-14
dtype: float64
extra-group:
r2    0.002029
a     0.016673
b     0.983237
dtype: float64
advance group... 
continuing!!!
intra-group:
r2    1.049573e-01
a     1.000000e+00
b     4.908386e-14
dtype: float64
extra-group:
r2    0.002404
a     0.015690
b     0.984235
dtype: float64
advance group... 
continuing!!!
intra-group:
r2    0.032998
a     1.000022
b    -0.000021
dtype: float64
extra-group:
r2    0.002178
a     0.026528
b     0.973367
dtype: float64
advance group... 
continuing!!!
intra-group:
r2    0.070080
a     1.000111
b    -0.000111
dtype: float64
extra-group:
r2    0.001198
a     0.013179
b     0.986747
dtype: float64
advance group... 
continuing!!!
intra-group:
r2    0.029037
a     0.999993
b     0.000007
dtype: float64
extra-group:
r2    0.001888
a     0.013109
b     0.986882
dtype: float64
advance group... 
continuing!!!
intra-group:
r2    0.088498
a     1.000030
b    -0.000030
dtype: float64
extra-group:
r2    0.002169
a     0.016668
b     0.983246
dtype: float64
advance group... 
continuing!!!
intra-group:
r2    0.091528
a     1.000016
b    -0.000016
dtype: float64
extra-group:
r2    0.001912
a     0.015969
b     0.983940
dtype: float64
advance group... 
continuing!!!
intra-group:
r2    8.558677e-02
a     1.000000e+00
b     3.091460e-08
dtype: float64
extra-group:
r2    0.001870
a     0.014983
b     0.984938
dtype: float64
advance group... 
continuing!!!
intra-group:
r2    0.116997
a     0.999952
b     0.000048
dtype: float64
extra-group:
r2    0.001969
a     0.017751
b     0.982133
dtype: float64
advance group... 
continuing!!!
intra-group:
r2    1.041847e-01
a     1.000000e+00
b    -2.068521e-15
dtype: float64
extra-group:
r2    0.001930
a     0.015699
b     0.984208
dtype: float64
advance group... 
continuing!!!
intra-group:
r2    8.850147e-02
a     1.000000e+00
b    -5.169939e-14
dtype: float64
extra-group:
r2    0.001729
a     0.014934
b     0.984976
dtype: float64
advance group... 
continuing!!!
intra-group:
r2    0.107056
a     0.999958
b     0.000042
dtype: float64
extra-group:
r2    0.001901
a     0.014499
b     0.985417
dtype: float64
advance group... 
continuing!!!
intra-group:
r2    8.484664e-02
a     1.000000e+00
b    -7.166505e-08
dtype: float64
extra-group:
r2    0.002000
a     0.018148
b     0.981759
dtype: float64
advance group... 
continuing!!!
intra-group:
r2    0.031701
a     0.999964
b     0.000036
dtype: float64
extra-group:
r2    0.001451
a     0.019432
b     0.980499
dtype: float64
advance group... 
continuing!!!
intra-group:
r2    0.038129
a     0.999984
b     0.000016
dtype: float64
extra-group:
r2    0.002105
a     0.017627
b     0.982305
dtype: float64
advance group... 
continuing!!!
intra-group:
r2    0.080422
a     1.000107
b    -0.000107
dtype: float64
extra-group:
r2    0.001611
a     0.015685
b     0.984226
dtype: float64
advance group... 
continuing!!!
intra-group:
r2    4.821312e-02
a     1.000000e+00
b    -1.482148e-14
dtype: float64
extra-group:
r2    0.002479
a     0.026337
b     0.973542
dtype: float64
advance group... 
continuing!!!
intra-group:
r2    4.470732e-02
a     1.000000e+00
b    -7.628045e-15
dtype: float64
extra-group:
r2    0.002283
a     0.023277
b     0.976628
dtype: float64
advance group... 
continuing!!!
intra-group:
r2    7.771719e-02
a     1.000000e+00
b     5.494647e-14
dtype: float64
extra-group:
r2    0.001712
a     0.017123
b     0.982782
dtype: float64
advance group... 
continuing!!!
intra-group:
r2    0.098136
a     0.999964
b     0.000036
dtype: float64
extra-group:
r2    0.002028
a     0.014780
b     0.985138
dtype: float64
advance group... 
continuing!!!
intra-group:
r2    2.078764e-02
a     9.999996e-01
b     4.446179e-07
dtype: float64
extra-group:
r2    0.001583
a     0.009162
b     0.990933
dtype: float64
advance group... 
continuing!!!
intra-group:
r2    0.030778
a     0.999995
b     0.000005
dtype: float64
extra-group:
r2    0.001616
a     0.029864
b     0.970043
dtype: float64
advance group... 
continuing!!!
intra-group:
r2    0.053682
a     0.999954
b     0.000046
dtype: float64
extra-group:
r2    0.001326
a     0.013695
b     0.986242
dtype: float64
advance group... 
continuing!!!
intra-group:
r2    0.068628
a     1.000001
b    -0.000001
dtype: float64
extra-group:
r2    0.001894
a     0.014339
b     0.985578
dtype: float64
advance group... 
continuing!!!
intra-group:
r2    0.072183
a     1.000021
b    -0.000021
dtype: float64
extra-group:
r2    0.001410
a     0.016469
b     0.983440
dtype: float64
advance group... 
continuing!!!
intra-group:
r2    0.043871
a     0.999954
b     0.000046
dtype: float64
extra-group:
r2    0.001497
a     0.018686
b     0.981233
dtype: float64
advance group... 
continuing!!!
intra-group:
r2    0.039326
a     0.999999
b     0.000001
dtype: float64
extra-group:
r2    0.001729
a     0.019776
b     0.980136
dtype: float64
advance group... 
continuing!!!
intra-group:
r2    0.020162
a     0.999988
b     0.000012
dtype: float64
extra-group:
r2    0.001863
a     0.025570
b     0.974349
dtype: float64
advance group... 
continuing!!!
intra-group:
r2    0.046385
a     0.999962
b     0.000038
dtype: float64
extra-group:
r2    0.001584
a     0.019135
b     0.980764
dtype: float64
advance group... 
continuing!!!
intra-group:
r2    9.974467e-02
a     9.999995e-01
b     4.524582e-07
dtype: float64
extra-group:
r2    0.001920
a     0.013500
b     0.986417
dtype: float64
advance group... 
continuing!!!
intra-group:
r2    9.768293e-02
a     1.000000e+00
b    -8.035239e-15
dtype: float64
extra-group:
r2    0.001633
a     0.016844
b     0.983057
dtype: float64
advance group... 
continuing!!!
intra-group:
r2    1.072081e-01
a     1.000000e+00
b    -2.415501e-14
dtype: float64
extra-group:
r2    0.001876
a     0.015648
b     0.984261
dtype: float64
advance group... 
continuing!!!
intra-group:
r2    0.058411
a     0.999986
b     0.000014
dtype: float64
extra-group:
r2    0.001337
a     0.014965
b     0.984950
dtype: float64
advance group... 
continuing!!!
intra-group:
r2    0.118712
a     1.000279
b    -0.000279
dtype: float64
extra-group:
r2    0.002369
a     0.018320
b     0.981577
dtype: float64
advance group... 
continuing!!!
intra-group:
r2    4.901202e-02
a     1.000000e+00
b     6.894485e-15
dtype: float64
extra-group:
r2    0.002140
a     0.018897
b     0.981021
dtype: float64
advance group... 
continuing!!!
intra-group:
r2    0.054819
a     0.999998
b     0.000002
dtype: float64
extra-group:
r2    0.002235
a     0.018929
b     0.980985
dtype: float64
advance group... 
continuing!!!
intra-group:
r2    3.816516e-02
a     9.999991e-01
b     9.493133e-07
dtype: float64
extra-group:
r2    0.001838
a     0.012534
b     0.987457
dtype: float64
advance group... 
continuing!!!
intra-group:
r2    0.092327
a     1.000021
b    -0.000021
dtype: float64
extra-group:
r2    0.001628
a     0.016834
b     0.983060
dtype: float64
advance group... 
continuing!!!
intra-group:
r2    0.024611
a     1.000056
b    -0.000157
dtype: float64
extra-group:
r2    0.074874
a    -0.369442
b     3.178668
dtype: float64
advance group... 
continuing!!!
intra-group:
r2    0.094014
a     0.999986
b     0.000014
dtype: float64
extra-group:
r2    0.001902
a     0.018921
b     0.980973
dtype: float64
advance group... 
continuing!!!
intra-group:
r2    2.534255e-02
a     1.000000e+00
b    -1.643324e-13
dtype: float64
extra-group:
r2    0.002200
a     0.019402
b     0.980555
dtype: float64
advance group... 
continuing!!!
intra-group:
r2    8.642477e-02
a     1.000000e+00
b    -2.964059e-14
dtype: float64
extra-group:
r2    0.001934
a     0.017470
b     0.982441
dtype: float64
advance group... 
continuing!!!
intra-group:
r2    0.044059
a     0.999993
b     0.000007
dtype: float64
extra-group:
r2    0.001678
a     0.017947
b     0.981979
dtype: float64
WRITING THESE!
**
                     type        mu     sigma
0  1h.RETURN.random.068.i  0.065817  0.029956
**
1h.RETURN.random.068.i (0.065817283964711093, 0.029955917327048383)
**
     n        r2         w
48  66  0.068628  0.020264
65  63  0.025343  0.019343
52  59  0.020162  0.018115
56  58  0.107208  0.017808
44  58  0.098136  0.017808
43  58  0.077717  0.017808
32  58  0.085587  0.017808
34  57  0.104185  0.017501
6   57  0.087814  0.017501
29  57  0.029037  0.017501
15  56  0.048056  0.017194
23  56  0.050874  0.017194
20  55  0.024690  0.016887
57  54  0.058411  0.016580
22  54  0.019476  0.016580
67  54  0.044059  0.016580
17  53  0.050729  0.016273
5   53  0.038737  0.016273
30  53  0.088498  0.016273
54  52  0.099745  0.015966
18  52  0.051819  0.015966
4   51  0.022333  0.015659
11  51  0.051915  0.015659
45  51  0.020788  0.015659
16  51  0.105940  0.015659
61  50  0.038165  0.015352
50  49  0.043871  0.015045
47  49  0.053682  0.015045
64  48  0.094014  0.014737
12  48  0.125405  0.014737
..  ..       ...       ...
25  47  0.107831  0.014430
10  46  0.026625  0.014123
24  46  0.041627  0.014123
51  45  0.039326  0.013816
62  45  0.092327  0.013816
13  45  0.084513  0.013816
37  45  0.084847  0.013816
27  44  0.032998  0.013509
41  44  0.048213  0.013509
60  44  0.054819  0.013509
2   43  0.087725  0.013202
14  43  0.082856  0.013202
36  43  0.107056  0.013202
40  43  0.080422  0.013202
33  43  0.116997  0.013202
42  41  0.044707  0.012588
9   41  0.086762  0.012588
63  41  0.024611  0.012588
1   41  0.081417  0.012588
39  40  0.038129  0.012281
59  40  0.049012  0.012281
58  40  0.118712  0.012281
7   40  0.043415  0.012281
3   39  0.036106  0.011974
8   38  0.105005  0.011667
31  38  0.091528  0.011667
26  37  0.104957  0.011360
35  36  0.088501  0.011053
28  36  0.070080  0.011053
49  32  0.072183  0.009825

[68 rows x 3 columns]
WRITING THESE!
**
                     type       mu     sigma
0  1h.RETURN.random.068.e  0.00278  0.008145
**
1h.RETURN.random.068.e (0.00277956893994909, 0.0081452253956617003)
**
     n        r2         w
48  66  0.001894  0.020264
65  63  0.002200  0.019343
52  59  0.001863  0.018115
56  58  0.001876  0.017808
44  58  0.002028  0.017808
43  58  0.001712  0.017808
32  58  0.001870  0.017808
34  57  0.001930  0.017501
6   57  0.001720  0.017501
29  57  0.001888  0.017501
15  56  0.001797  0.017194
23  56  0.001991  0.017194
20  55  0.001710  0.016887
57  54  0.001337  0.016580
22  54  0.001818  0.016580
67  54  0.001678  0.016580
17  53  0.001916  0.016273
5   53  0.001948  0.016273
30  53  0.002169  0.016273
54  52  0.001920  0.015966
18  52  0.001962  0.015966
4   51  0.001742  0.015659
11  51  0.001791  0.015659
45  51  0.001583  0.015659
16  51  0.002501  0.015659
61  50  0.001838  0.015352
50  49  0.001497  0.015045
47  49  0.001326  0.015045
64  48  0.001902  0.014737
12  48  0.002576  0.014737
..  ..       ...       ...
25  47  0.002029  0.014430
10  46  0.001398  0.014123
24  46  0.001470  0.014123
51  45  0.001729  0.013816
62  45  0.001628  0.013816
13  45  0.001711  0.013816
37  45  0.002000  0.013816
27  44  0.002178  0.013509
41  44  0.002479  0.013509
60  44  0.002235  0.013509
2   43  0.001890  0.013202
14  43  0.001845  0.013202
36  43  0.001901  0.013202
40  43  0.001611  0.013202
33  43  0.001969  0.013202
42  41  0.002283  0.012588
9   41  0.001996  0.012588
63  41  0.074874  0.012588
1   41  0.001469  0.012588
39  40  0.002105  0.012281
59  40  0.002140  0.012281
58  40  0.002369  0.012281
7   40  0.001809  0.012281
3   39  0.001616  0.011974
8   38  0.002335  0.011667
31  38  0.001912  0.011667
26  37  0.002404  0.011360
35  36  0.001729  0.011053
28  36  0.001198  0.011053
49  32  0.001410  0.009825

[68 rows x 3 columns]
