------------------------
n= 68
cl= kmeans_text
type= text
------------------------
cluster=0
cluster=1
cluster=2
cluster=3
cluster=4
cluster=5
cluster=6
cluster=7
cluster=8
cluster=9
cluster=10
cluster=11
cluster=12
cluster=13
cluster=14
cluster=15
cluster=16
cluster=17
cluster=18
cluster=19
cluster=20
cluster=21
cluster=22
cluster=23
cluster=24
cluster=25
cluster=26
cluster=27
cluster=28
cluster=29
cluster=30
cluster=31
cluster=32
cluster=33
cluster=34
cluster=35
cluster=36
cluster=37
cluster=38
cluster=39
cluster=40
cluster=41
cluster=42
cluster=43
cluster=44
cluster=45
cluster=46
cluster=47
cluster=48
cluster=49
cluster=50
cluster=51
cluster=52
cluster=53
cluster=54
cluster=55
cluster=56
cluster=57
cluster=58
cluster=59
cluster=60
cluster=61
cluster=62
cluster=63
cluster=64
cluster=65
cluster=66
cluster=67
advance group... 
continuing!!!
intra-group:
r2    0.058072
a     1.000101
b    -0.000101
dtype: float64
extra-group:
r2    0.001142
a     0.017834
b     0.982077
dtype: float64
advance group... 
continuing!!!
intra-group:
r2    1.183113e-01
a     1.000000e+00
b    -2.349328e-14
dtype: float64
extra-group:
r2    0.000282
a     0.008037
b     0.991903
dtype: float64
advance group... 
continuing!!!
intra-group:
r2    0.199982
a     0.999919
b     0.000081
dtype: float64
extra-group:
r2    0.002640
a     0.016583
b     0.983336
dtype: float64
advance group... 
continuing!!!
intra-group:
r2    3.529998e-02
a     1.000000e+00
b     4.737980e-14
dtype: float64
extra-group:
r2    0.001008
a     0.019571
b     0.980467
dtype: float64
advance group... 
continuing!!!
intra-group:
r2    5.933960e-02
a     1.000000e+00
b     4.234086e-15
dtype: float64
extra-group:
r2    0.001783
a     0.023899
b     0.975991
dtype: float64
advance group... 
continuing!!!
intra-group:
r2    0.054249
a     0.999993
b     0.000007
dtype: float64
extra-group:
r2    0.002066
a     0.018979
b     0.980966
dtype: float64
advance group... 
continuing!!!
intra-group:
r2    9.844562e-02
a     1.000000e+00
b    -1.276360e-14
dtype: float64
extra-group:
r2    0.002071
a     0.015543
b     0.984370
dtype: float64
advance group... 
continuing!!!
intra-group:
r2    0.162171
a     0.999983
b     0.000017
dtype: float64
extra-group:
r2    0.002053
a     0.012285
b     0.987639
dtype: float64
advance group... 
continuing!!!
intra-group:
r2    1.233879e-01
a     1.000000e+00
b    -1.308477e-14
dtype: float64
extra-group:
r2    0.000878
a     0.022321
b     0.977589
dtype: float64
advance group... 
continuing!!!
intra-group:
r2    1.179000e-01
a     1.000000e+00
b    -4.663837e-14
dtype: float64
extra-group:
r2    0.001046
a     0.009864
b     0.990067
dtype: float64
advance group... 
continuing!!!
intra-group:
r2    0.156308
a     0.999961
b     0.000039
dtype: float64
extra-group:
r2    0.002631
a     0.017776
b     0.982111
dtype: float64
advance group... 
continuing!!!
intra-group:
r2    0.134482
a     0.999967
b     0.000033
dtype: float64
extra-group:
r2    0.002898
a     0.022582
b     0.977301
dtype: float64
advance group... 
continuing!!!
intra-group:
r2    0.016586
a     0.999102
b     0.001996
dtype: float64
extra-group:
r2    0.049502
a    -0.087407
b     2.303406
dtype: float64
advance group... 
continuing!!!
intra-group:
r2    0.123081
a     1.000030
b    -0.000030
dtype: float64
extra-group:
r2    0.001386
a     0.012871
b     0.987039
dtype: float64
advance group... 
continuing!!!
intra-group:
r2    3.954601e-01
a     1.000000e+00
b     2.802356e-15
dtype: float64
extra-group:
r2    0.004441
a     0.020838
b     0.979045
dtype: float64
advance group... 
continuing!!!
intra-group:
r2    0.045432
a     0.999999
b     0.000001
dtype: float64
extra-group:
r2    0.002103
a     0.017593
b     0.982342
dtype: float64
advance group... 
continuing!!!
intra-group:
r2    0.177073
a     0.999997
b     0.000003
dtype: float64
extra-group:
r2    0.001246
a     0.012905
b     0.987030
dtype: float64
advance group... 
continuing!!!
intra-group:
r2    2.128364e-01
a     1.000000e+00
b     2.469267e-14
dtype: float64
extra-group:
r2    0.003340
a     0.022919
b     0.976951
dtype: float64
advance group... 
continuing!!!
intra-group:
r2    1.524274e-01
a     1.000000e+00
b     9.986456e-15
dtype: float64
extra-group:
r2    0.003365
a     0.024158
b     0.975734
dtype: float64
advance group... 
continuing!!!
intra-group:
r2    0.032214
a     0.999970
b     0.000030
dtype: float64
extra-group:
r2    0.000840
a     0.013037
b     0.986902
dtype: float64
advance group... 
continuing!!!
intra-group:
r2    0.174124
a     0.999972
b     0.000028
dtype: float64
extra-group:
r2    0.002063
a     0.019815
b     0.980061
dtype: float64
advance group... 
continuing!!!
intra-group:
r2    4.448575e-02
a     1.000000e+00
b    -4.544513e-14
dtype: float64
extra-group:
r2    0.001456
a     0.018383
b     0.981560
dtype: float64
advance group... 
continuing!!!
intra-group:
r2    0.262414
a     0.999968
b     0.000032
dtype: float64
extra-group:
r2    0.001264
a     0.009563
b     0.990378
dtype: float64
advance group... 
continuing!!!
intra-group:
r2    0.066976
a     0.999990
b     0.000010
dtype: float64
extra-group:
r2    0.002078
a     0.017384
b     0.982533
dtype: float64
advance group... 
continuing!!!
intra-group:
r2    1.788254e-01
a     1.000001e+00
b    -9.160461e-07
dtype: float64
extra-group:
r2    0.002372
a     0.018201
b     0.981697
dtype: float64
advance group... 
continuing!!!
intra-group:
r2    0.058164
a     0.999990
b     0.000010
dtype: float64
extra-group:
r2    0.000678
a     0.042065
b     0.957863
dtype: float64
advance group... 
continuing!!!
intra-group:
r2    0.038296
a     0.999997
b     0.000003
dtype: float64
extra-group:
r2    0.001676
a     0.018640
b     0.981292
dtype: float64
advance group... 
continuing!!!
intra-group:
r2    0.089520
a     0.999981
b     0.000019
dtype: float64
extra-group:
r2    0.000789
a     0.007460
b     0.992488
dtype: float64
advance group... 
continuing!!!
intra-group:
r2    0.121161
a     1.000023
b    -0.000023
dtype: float64
extra-group:
r2    0.002219
a     0.017171
b     0.982729
dtype: float64
advance group... 
continuing!!!
intra-group:
r2    0.127465
a     1.000011
b    -0.000011
dtype: float64
extra-group:
r2    0.002346
a     0.018729
b     0.981173
dtype: float64
advance group... 
continuing!!!
intra-group:
r2    3.002844e-01
a     1.000000e+00
b     4.067259e-14
dtype: float64
extra-group:
r2    0.003335
a     0.018626
b     0.981264
dtype: float64
advance group... 
continuing!!!
intra-group:
r2    0.023263
a     0.999999
b     0.000001
dtype: float64
extra-group:
r2    0.001002
a     0.044072
b     0.955871
dtype: float64
advance group... 
continuing!!!
intra-group:
r2    6.163719e-02
a     1.000000e+00
b     1.311988e-13
dtype: float64
extra-group:
r2    0.001380
a     0.020602
b     0.979316
dtype: float64
advance group... 
continuing!!!
intra-group:
r2    7.033156e-02
a     1.000000e+00
b     2.704499e-10
dtype: float64
extra-group:
r2    0.000901
a     0.020954
b     0.978985
dtype: float64
advance group... 
continuing!!!
intra-group:
r2    0.024939
a     0.999971
b     0.000029
dtype: float64
extra-group:
r2    0.000939
a     0.016014
b     0.983933
dtype: float64
advance group... 
continuing!!!
intra-group:
r2    0.061372
a     0.999991
b     0.000009
dtype: float64
extra-group:
r2    0.002668
a     0.027367
b     0.972543
dtype: float64
advance group... 
continuing!!!
intra-group:
r2    0.121968
a     0.999885
b     0.000115
dtype: float64
extra-group:
r2    0.002596
a     0.020001
b     0.979913
dtype: float64
advance group... 
continuing!!!
intra-group:
r2    0.015495
a     0.999992
b     0.000008
dtype: float64
extra-group:
r2    0.001529
a     0.008337
b     0.991698
dtype: float64
advance group... 
continuing!!!
intra-group:
r2    0.153451
a     1.000299
b    -0.000299
dtype: float64
extra-group:
r2    0.001828
a     0.014683
b     0.985251
dtype: float64
advance group... 
continuing!!!
intra-group:
r2    0.110802
a     0.999993
b     0.000007
dtype: float64
extra-group:
r2    0.001712
a     0.015183
b     0.984729
dtype: float64
advance group... 
continuing!!!
intra-group:
r2    0.203776
a     0.999900
b     0.000100
dtype: float64
extra-group:
r2    0.003267
a     0.019615
b     0.980284
dtype: float64
advance group... 
continuing!!!
intra-group:
r2    1.168630e-01
a     1.000000e+00
b     4.262573e-14
dtype: float64
extra-group:
r2    0.000715
a     0.013620
b     0.986273
dtype: float64
advance group... 
continuing!!!
intra-group:
r2    0.284477
a     0.999889
b     0.000111
dtype: float64
extra-group:
r2    0.001373
a     0.019409
b     0.980458
dtype: float64
advance group... 
continuing!!!
intra-group:
r2    0.091389
a     1.000014
b    -0.000014
dtype: float64
extra-group:
r2    0.000571
a     0.032261
b     0.967634
dtype: float64
advance group... 
continuing!!!
intra-group:
r2    0.109510
a     1.000033
b    -0.000033
dtype: float64
extra-group:
r2    0.002893
a     0.018522
b     0.981400
dtype: float64
advance group... 
continuing!!!
intra-group:
r2    0.026105
a     0.999999
b     0.000001
dtype: float64
extra-group:
r2    0.000644
a     0.023252
b     0.976722
dtype: float64
advance group... 
continuing!!!
intra-group:
r2    0.086608
a     1.000147
b    -0.000146
dtype: float64
extra-group:
r2    0.001898
a     0.016744
b     0.983198
dtype: float64
advance group... 
continuing!!!
intra-group:
r2    8.276821e-02
a     1.000000e+00
b    -9.241093e-14
dtype: float64
extra-group:
r2    0.000740
a     0.014719
b     0.985224
dtype: float64
advance group... 
continuing!!!
intra-group:
r2    3.359031e-02
a     9.999996e-01
b     4.125142e-07
dtype: float64
extra-group:
r2    0.001863
a    -0.010771
b     1.011238
dtype: float64
advance group... 
continuing!!!
intra-group:
r2    0.190622
a     0.999989
b     0.000011
dtype: float64
extra-group:
r2    0.002409
a     0.016883
b     0.983000
dtype: float64
advance group... 
continuing!!!
intra-group:
r2    0.208349
a     1.000045
b    -0.000045
dtype: float64
extra-group:
r2    0.002302
a     0.018825
b     0.981059
dtype: float64
advance group... 
continuing!!!
intra-group:
r2    5.059378e-02
a     1.000000e+00
b     2.058446e-13
dtype: float64
extra-group:
r2    0.000960
a    -0.016257
b     1.016626
dtype: float64
advance group... 
continuing!!!
intra-group:
r2    0.104863
a     1.000057
b    -0.000057
dtype: float64
extra-group:
r2    0.001816
a     0.012749
b     0.987169
dtype: float64
advance group... 
continuing!!!
intra-group:
r2    0.105327
a     1.000011
b    -0.000011
dtype: float64
extra-group:
r2    0.001658
a     0.017305
b     0.982601
dtype: float64
advance group... 
continuing!!!
intra-group:
r2    0.147495
a     1.000125
b    -0.000125
dtype: float64
extra-group:
r2    0.002601
a     0.016131
b     0.983784
dtype: float64
advance group... 
continuing!!!
intra-group:
r2    2.448798e-01
a     1.000000e+00
b    -1.879449e-14
dtype: float64
extra-group:
r2    0.002468
a     0.017211
b     0.982660
dtype: float64
advance group... 
continuing!!!
intra-group:
r2    3.892789e-01
a     1.000000e+00
b     8.287082e-14
dtype: float64
extra-group:
r2    0.000831
a     0.004750
b     0.995236
dtype: float64
advance group... 
continuing!!!
intra-group:
r2    0.102685
a     0.999990
b     0.000010
dtype: float64
extra-group:
r2    0.002138
a     0.015234
b     0.984681
dtype: float64
advance group... 
continuing!!!
intra-group:
r2    3.034964e-01
a     1.000000e+00
b    -1.349245e-13
dtype: float64
extra-group:
r2    0.003250
a     0.020441
b     0.979438
dtype: float64
advance group... 
continuing!!!
intra-group:
r2    2.742676e-01
a     1.000000e+00
b    -3.563816e-14
dtype: float64
extra-group:
r2    0.000811
a     0.007039
b     0.992903
dtype: float64
advance group... 
continuing!!!
intra-group:
r2    0.097811
a     0.999995
b     0.000005
dtype: float64
extra-group:
r2    0.001983
a     0.017811
b     0.982099
dtype: float64
advance group... 
continuing!!!
intra-group:
r2    0.164355
a     0.999899
b     0.000101
dtype: float64
extra-group:
r2    0.001648
a     0.011144
b     0.988792
dtype: float64
advance group... 
continuing!!!
intra-group:
r2    3.760386e-01
a     1.000000e+00
b    -6.131207e-14
dtype: float64
extra-group:
r2    0.003657
a     0.019366
b     0.980527
dtype: float64
advance group... 
continuing!!!
intra-group:
r2    1.113300e-01
a     1.000000e+00
b     3.158877e-14
dtype: float64
extra-group:
r2    0.000700
a     0.011531
b     0.988401
dtype: float64
advance group... 
continuing!!!
intra-group:
r2    0.172607
a     0.999939
b     0.000061
dtype: float64
extra-group:
r2    0.001867
a     0.021046
b     0.978854
dtype: float64
advance group... 
continuing!!!
intra-group:
r2    1.203476e-01
a     1.000000e+00
b     2.190840e-14
dtype: float64
extra-group:
r2    0.001265
a     0.013894
b     0.986024
dtype: float64
advance group... 
continuing!!!
intra-group:
r2    1.155691e-01
a     1.000000e+00
b     1.117213e-14
dtype: float64
extra-group:
r2    0.000716
a     0.009026
b     0.990948
dtype: float64
advance group... 
continuing!!!
intra-group:
r2    1.647276e-01
a     1.000000e+00
b    -1.862593e-14
dtype: float64
extra-group:
r2    0.001234
a     0.013195
b     0.986728
dtype: float64
WRITING THESE!
**
                          type        mu     sigma
0  1h.RETURN.kmeans.text_068.i  0.129121  0.090305
**
1h.RETURN.kmeans.text_068.i (0.12912102137626913, 0.090305103724497682)
**
      n        r2         w
11  118  0.134482  0.036252
22  115  0.262414  0.035330
36  114  0.121968  0.035023
37  111  0.015495  0.034101
2    91  0.199982  0.027957
57   82  0.102685  0.025192
28   76  0.121161  0.023349
24   72  0.178825  0.022120
34   70  0.024939  0.021505
19   69  0.032214  0.021198
33   67  0.070332  0.020584
41   65  0.116863  0.019969
12   61  0.016586  0.018740
43   60  0.091389  0.018433
21   60  0.044486  0.018433
39   59  0.110802  0.018126
14   58  0.395460  0.017819
7    58  0.162171  0.017819
26   58  0.038296  0.017819
49   57  0.190622  0.017512
6    56  0.098446  0.017204
31   55  0.023263  0.016897
3    54  0.035300  0.016590
60   54  0.097811  0.016590
56   53  0.389279  0.016283
44   52  0.109510  0.015975
4    51  0.059340  0.015668
17   51  0.212836  0.015668
27   50  0.089520  0.015361
45   50  0.026105  0.015361
..  ...       ...       ...
0    39  0.058072  0.011982
53   38  0.105327  0.011674
61   37  0.164355  0.011367
9    37  0.117900  0.011367
20   36  0.174124  0.011060
52   36  0.104863  0.011060
35   36  0.061372  0.011060
29   36  0.127465  0.011060
42   35  0.284477  0.010753
15   35  0.045432  0.010753
65   33  0.120348  0.010138
32   30  0.061637  0.009217
48   30  0.033590  0.009217
50   29  0.208349  0.008909
40   28  0.203776  0.008602
8    28  0.123388  0.008602
66   27  0.115569  0.008295
64   27  0.172607  0.008295
46   27  0.086608  0.008295
30   26  0.300284  0.007988
51   24  0.050594  0.007373
58   24  0.303496  0.007373
1    23  0.118311  0.007066
59   22  0.274268  0.006759
47   22  0.082768  0.006759
25   20  0.058164  0.006144
18   20  0.152427  0.006144
63   19  0.111330  0.005837
38   15  0.153451  0.004608
55   14  0.244880  0.004301

[68 rows x 3 columns]
WRITING THESE!
**
                          type        mu    sigma
0  1h.RETURN.kmeans.text_068.e  0.002731  0.00652
**
1h.RETURN.kmeans.text_068.e (0.0027305346989873937, 0.006520023881350148)
**
      n        r2         w
11  118  0.002898  0.036252
22  115  0.001264  0.035330
36  114  0.002596  0.035023
37  111  0.001529  0.034101
2    91  0.002640  0.027957
57   82  0.002138  0.025192
28   76  0.002219  0.023349
24   72  0.002372  0.022120
34   70  0.000939  0.021505
19   69  0.000840  0.021198
33   67  0.000901  0.020584
41   65  0.000715  0.019969
12   61  0.049502  0.018740
43   60  0.000571  0.018433
21   60  0.001456  0.018433
39   59  0.001712  0.018126
14   58  0.004441  0.017819
7    58  0.002053  0.017819
26   58  0.001676  0.017819
49   57  0.002409  0.017512
6    56  0.002071  0.017204
31   55  0.001002  0.016897
3    54  0.001008  0.016590
60   54  0.001983  0.016590
56   53  0.000831  0.016283
44   52  0.002893  0.015975
4    51  0.001783  0.015668
17   51  0.003340  0.015668
27   50  0.000789  0.015361
45   50  0.000644  0.015361
..  ...       ...       ...
0    39  0.001142  0.011982
53   38  0.001658  0.011674
61   37  0.001648  0.011367
9    37  0.001046  0.011367
20   36  0.002063  0.011060
52   36  0.001816  0.011060
35   36  0.002668  0.011060
29   36  0.002346  0.011060
42   35  0.001373  0.010753
15   35  0.002103  0.010753
65   33  0.001265  0.010138
32   30  0.001380  0.009217
48   30  0.001863  0.009217
50   29  0.002302  0.008909
40   28  0.003267  0.008602
8    28  0.000878  0.008602
66   27  0.000716  0.008295
64   27  0.001867  0.008295
46   27  0.001898  0.008295
30   26  0.003335  0.007988
51   24  0.000960  0.007373
58   24  0.003250  0.007373
1    23  0.000282  0.007066
59   22  0.000811  0.006759
47   22  0.000740  0.006759
25   20  0.000678  0.006144
18   20  0.003365  0.006144
63   19  0.000700  0.005837
38   15  0.001828  0.004608
55   14  0.002468  0.004301

[68 rows x 3 columns]
