doing n_clusters= 68
getting quarter=q0 from ../data/fa_data/q0.csv
<class 'pandas.core.frame.DataFrame'>
Int64Index: 1595 entries, 0 to 3264
Data columns (total 32 columns):
symbol                        1595 non-null object
act_m_che__ppent              1595 non-null float64
ap__act_m_che_ppent           1595 non-null float64
ap_revtq2                     1595 non-null float64
capxq__act_m_che_ppent        1595 non-null float64
capxq_revtq2                  1595 non-null float64
cfroq__act_m_che_ppent        1595 non-null float64
cfroq_revtq2                  1595 non-null float64
cogsq_revtq2                  1595 non-null float64
dpq_capxq                     1595 non-null float64
dpq_gpq                       1595 non-null float64
dpq_revtq2                    1595 non-null float64
gpq__act_m_che_ppent          1595 non-null float64
gpq_revtq2                    1595 non-null float64
invt__act_m_che               1595 non-null float64
invt_revtq2                   1595 non-null float64
lct_m_dlc__act_m_che          1595 non-null float64
lct_m_dlc__act_m_che_ppent    1595 non-null float64
oiadpq_revtq2                 1595 non-null float64
ppent_ppegt                   1595 non-null float64
rect__act_m_che               1595 non-null float64
rect_revtq2                   1595 non-null float64
revtltm_pqoq                  1595 non-null float64
revtq2_ppent                  1595 non-null float64
revtq2_pqoq                   1595 non-null float64
revtq2_pyoy                   1595 non-null float64
xrdq2__act_m_che_ppent        1595 non-null float64
xrdq2_revtq2                  1595 non-null float64
name                          1595 non-null object
fyr_used                      1595 non-null float64
gics8                         1595 non-null int32
mc                            1595 non-null float64
dtypes: float64(29), int32(1), object(2)
memory usage: 405.0+ KB
None
<class 'pandas.core.frame.DataFrame'>
Int64Index: 1595 entries, 0 to 3264
Data columns (total 27 columns):
act_m_che__ppent              1595 non-null float64
ap__act_m_che_ppent           1595 non-null float64
ap_revtq2                     1595 non-null float64
capxq__act_m_che_ppent        1595 non-null float64
capxq_revtq2                  1595 non-null float64
cfroq__act_m_che_ppent        1595 non-null float64
cfroq_revtq2                  1595 non-null float64
cogsq_revtq2                  1595 non-null float64
dpq_capxq                     1595 non-null float64
dpq_gpq                       1595 non-null float64
dpq_revtq2                    1595 non-null float64
gpq__act_m_che_ppent          1595 non-null float64
gpq_revtq2                    1595 non-null float64
invt__act_m_che               1595 non-null float64
invt_revtq2                   1595 non-null float64
lct_m_dlc__act_m_che          1595 non-null float64
lct_m_dlc__act_m_che_ppent    1595 non-null float64
oiadpq_revtq2                 1595 non-null float64
ppent_ppegt                   1595 non-null float64
rect__act_m_che               1595 non-null float64
rect_revtq2                   1595 non-null float64
revtltm_pqoq                  1595 non-null float64
revtq2_ppent                  1595 non-null float64
revtq2_pqoq                   1595 non-null float64
revtq2_pyoy                   1595 non-null float64
xrdq2__act_m_che_ppent        1595 non-null float64
xrdq2_revtq2                  1595 non-null float64
dtypes: float64(27)
memory usage: 348.9 KB
None
                             mu   sd   100%   75%   50%   25%    00%
act_m_che__ppent            0.0  1.0  27.09  0.00 -0.21 -0.32  -0.40
ap__act_m_che_ppent         0.0  1.0  15.04  0.17 -0.22 -0.49  -0.84
ap_revtq2                   0.0  1.0  35.03  0.02 -0.09 -0.19  -0.34
capxq__act_m_che_ppent      0.0  1.0  13.41  0.18 -0.29 -0.55  -0.94
capxq_revtq2                0.0  1.0  30.74 -0.08 -0.17 -0.22  -0.29
cfroq__act_m_che_ppent      0.0  1.0   5.77  0.19 -0.10 -0.24 -21.83
cfroq_revtq2                0.0  1.0   0.25  0.07  0.04  0.01 -38.60
cogsq_revtq2                0.0  1.0  39.48  0.08 -0.01 -0.13  -0.38
dpq_capxq                   0.0  1.0  35.25 -0.01 -0.12 -0.18  -5.49
dpq_gpq                     0.0  1.0  31.60  0.04 -0.07 -0.12 -19.72
dpq_revtq2                  0.0  1.0  30.14  0.03 -0.19 -0.30  -0.47
gpq__act_m_che_ppent        0.0  1.0  11.66  0.23 -0.29 -0.58  -1.70
gpq_revtq2                  0.0  1.0   0.38  0.13  0.01 -0.08 -39.48
invt__act_m_che             0.0  1.0   2.93  0.70  0.05 -0.84  -1.51
invt_revtq2                 0.0  1.0  39.82 -0.01 -0.04 -0.07  -0.08
lct_m_dlc__act_m_che        0.0  1.0  33.39  0.04 -0.17 -0.28  -0.53
lct_m_dlc__act_m_che_ppent  0.0  1.0  14.78  0.09 -0.25 -0.47  -0.83
oiadpq_revtq2               0.0  1.0   0.14  0.05  0.04  0.03 -39.32
ppent_ppegt                 0.0  1.0   2.92  0.63 -0.08 -0.70  -2.49
rect__act_m_che             0.0  1.0   2.49  0.65 -0.04 -0.61  -2.48
rect_revtq2                 0.0  1.0  36.44  0.08 -0.04 -0.17  -0.48
revtltm_pqoq                0.0  1.0  39.23  0.01 -0.05 -0.09  -0.72
revtq2_ppent                0.0  1.0  15.94 -0.02 -0.26 -0.39  -0.50
revtq2_pqoq                 0.0  1.0  24.23  0.06 -0.04 -0.11 -23.02
revtq2_pyoy                 0.0  1.0  32.17  0.01 -0.08 -0.14  -0.78
xrdq2__act_m_che_ppent      0.0  1.0  19.14  0.02 -0.36 -0.36  -0.36
xrdq2_revtq2                0.0  1.0  39.62 -0.02 -0.05 -0.05  -0.05
kmeans_class dist: Counter({0: 135, 48: 121, 57: 113, 16: 101, 50: 91, 58: 73, 24: 64, 26: 62, 41: 55, 17: 51, 40: 50, 60: 50, 36: 48, 61: 48, 2: 47, 12: 44, 15: 36, 49: 35, 65: 34, 33: 30, 38: 25, 47: 25, 63: 24, 7: 22, 21: 22, 19: 19, 43: 18, 44: 15, 42: 14, 28: 10, 31: 10, 51: 10, 56: 10, 25: 8, 39: 7, 10: 6, 37: 6, 55: 6, 59: 6, 11: 5, 45: 5, 46: 3, 54: 3, 27: 2, 29: 2, 53: 2, 1: 1, 3: 1, 4: 1, 5: 1, 6: 1, 8: 1, 9: 1, 13: 1, 14: 1, 18: 1, 20: 1, 22: 1, 23: 1, 30: 1, 32: 1, 34: 1, 35: 1, 52: 1, 62: 1, 64: 1, 66: 1, 67: 1})
_n,inertia 68 4362.49870705
******************writing: ../data/kmeans_fact.068.csv
cluster 0:
                            name             mc     gics8
111             SCHLUMBERGER LTD  105412.577930  10101020
129     UNITED TECHNOLOGIES CORP   67471.936661  20101010
15               CATERPILLAR INC   58792.037415  20106010
26      DU PONT (E I) DE NEMOURS   44942.796818  15101020
51   HONEYWELL INTERNATIONAL INC   37407.751413  20101010
34           EMERSON ELECTRIC CO   34766.331748  20104010
127              TIME WARNER INC   33306.319839  25401030
30                  DANAHER CORP   31395.150765  20105010
62                    KELLOGG CO   19609.519890  30202030
20                   CUMMINS INC   18091.700591  20106010
[['rect__act_m_che, rect_revtq2, ap__act_m_che_ppent, oiadpq_revtq2, cogsq_revtq2, cfroq_revtq2, revtq2_pqoq, ap_revtq2, invt_revtq2']]
cluster 1:
                 name         mc     gics8
135  WORLD HEART CORP  11.740225  35101010
[['invt_revtq2, xrdq2_revtq2, cogsq_revtq2, rect_revtq2, ap_revtq2, dpq_revtq2, invt__act_m_che, xrdq2__act_m_che_ppent, capxq_revtq2']]
cluster 2:
                           name             mc     gics8
147                CHEVRON CORP  197974.835570  10102010
178  VERIZON COMMUNICATIONS INC  102367.964456  50101020
155              HALLIBURTON CO   40731.659020  10101020
141                 APACHE CORP   39561.916488  10102020
169                 PRAXAIR INC   29759.581820  15101040
156                   HESS CORP   20168.620793  10102010
164           MARATHON OIL CORP   19220.880054  10102020
171          SPRINT NEXTEL CORP   11253.679971  50102010
177            VIRGIN MEDIA INC    7944.090048  25401025
165            NII HOLDINGS INC    6589.361753  50102010
[['capxq__act_m_che_ppent, rect__act_m_che, dpq_revtq2, capxq_revtq2, dpq_gpq, cfroq_revtq2, gpq_revtq2, oiadpq_revtq2, lct_m_dlc__act_m_che']]
cluster 3:
               name         mc     gics8
183  VERMILLION INC  41.324363  35101010
[['xrdq2__act_m_che_ppent, lct_m_dlc__act_m_che_ppent, ap__act_m_che_ppent, lct_m_dlc__act_m_che, ap_revtq2, capxq__act_m_che_ppent, xrdq2_revtq2, capxq_revtq2, gpq__act_m_che_ppent']]
cluster 4:
                name        mc     gics8
184  TRANSWITCH CORP  86.67639  45301020
[['dpq_capxq, xrdq2__act_m_che_ppent, lct_m_dlc__act_m_che_ppent, rect__act_m_che, gpq__act_m_che_ppent, act_m_che__ppent, rect_revtq2, revtq2_ppent, gpq_revtq2']]
cluster 5:
                            name          mc     gics8
185  CADENCE PHARMACEUTICALS INC  415.833268  35202010
[['revtltm_pqoq, revtq2_pqoq, invt__act_m_che, ppent_ppegt, capxq__act_m_che_ppent, ap__act_m_che_ppent, xrdq2__act_m_che_ppent, lct_m_dlc__act_m_che_ppent, ap_revtq2']]
cluster 6:
           name         mc     gics8
186  DAXOR CORP  44.544089  35101010
[['lct_m_dlc__act_m_che, lct_m_dlc__act_m_che_ppent, ap_revtq2, ppent_ppegt, dpq_revtq2, xrdq2__act_m_che_ppent, invt__act_m_che, xrdq2_revtq2, ap__act_m_che_ppent']]
cluster 7:
                            name            mc     gics8
191                BROADCOM CORP  19072.750816  45301020
205   VERTEX PHARMACEUTICALS INC   9392.303131  35201010
194                     LSI CORP   3890.062834  45301020
198    NETLOGIC MICROSYSTEMS INC   2071.546082  45301020
208                   ZORAN CORP    405.529435  45301020
188  APPLIED MICRO CIRCUITS CORP    366.285028  45301020
197                NEOPROBE CORP    299.299760  35101010
187           ANTARES PHARMA INC    251.469081  35101020
195   MINDSPEED TECHNOLOGIES INC    196.411197  45301020
196                MAXLINEAR INC    187.564994  45301020
[['xrdq2__act_m_che_ppent, gpq__act_m_che_ppent, lct_m_dlc__act_m_che_ppent, ap__act_m_che_ppent, cfroq__act_m_che_ppent, invt__act_m_che, gpq_revtq2, xrdq2_revtq2, capxq__act_m_che_ppent']]
cluster 8:
                  name         mc     gics8
209  BEACON POWER CORP  25.819938  20104020
[['capxq_revtq2, dpq_revtq2, dpq_gpq, ap_revtq2, lct_m_dlc__act_m_che, ppent_ppegt, capxq__act_m_che_ppent, revtq2_pyoy, xrdq2_revtq2']]
cluster 9:
         name          mc     gics8
210  GEVO INC  276.963744  10102030
[['revtq2_pyoy, ppent_ppegt, invt__act_m_che, xrdq2__act_m_che_ppent, revtltm_pqoq, capxq__act_m_che_ppent, dpq_gpq, cogsq_revtq2, dpq_revtq2']]
cluster 10:
                          name           mc     gics8
214                    NVR INC  3551.027124  25201030
212             D R HORTON INC  3323.962822  25201030
213        MERITAGE HOMES CORP   607.031780  25201030
215      PARLUX FRAGRANCES INC    68.504072  30302010
211                AETRIUM INC    17.142506  45301010
216  UNIVERSAL POWER GROUP INC    11.847199  20107010
[['act_m_che__ppent, revtq2_ppent, invt__act_m_che, revtq2_pqoq, invt_revtq2, cogsq_revtq2, dpq_capxq, oiadpq_revtq2, cfroq_revtq2']]
cluster 11:
                           name           mc     gics8
220      TERRA NITROGEN CO  -LP  3426.574565  15101030
218  NU SKIN ENTERPRISES  -CL A  2626.208992  30302010
219         SELECT COMFORT CORP   889.137104  25504060
221   USANA HEALTH SCIENCES INC   411.453888  30302010
217                MEDIFAST INC   253.537609  30302010
[['gpq__act_m_che_ppent, invt__act_m_che, cfroq__act_m_che_ppent, capxq__act_m_che_ppent, ap__act_m_che_ppent, gpq_revtq2, lct_m_dlc__act_m_che, lct_m_dlc__act_m_che_ppent, cfroq_revtq2']]
cluster 12:
                             name            mc     gics8
245           NEWMONT MINING CORP  30945.420665  15104030
264               WEYERHAEUSER CO   9711.679834  40402070
248       O'REILLY AUTOMOTIVE INC   8820.774005  25504050
242  MAGELLAN MIDSTREAM PRTNRS LP   6760.837998  10102040
224                AUTONATION INC   5882.311184  25504050
239                      LKQ CORP   3741.972712  25501010
231              GNC HOLDINGS INC   2513.073295  25504040
228                CVR ENERGY INC   2460.783035  10102030
256   SPIRIT AEROSYSTEMS HOLDINGS   2396.408186  20101010
258           TREEHOUSE FOODS INC   1964.848998  30202030
[['invt__act_m_che, ppent_ppegt, invt_revtq2, cogsq_revtq2, oiadpq_revtq2, cfroq_revtq2, revtq2_pqoq, revtltm_pqoq, dpq_gpq']]
cluster 13:
                       name         mc     gics8
266  NICHOLAS FINANCIAL INC  132.24829  40202010
[['act_m_che__ppent, rect_revtq2, rect__act_m_che, revtq2_ppent, gpq_revtq2, cfroq_revtq2, ap_revtq2, oiadpq_revtq2, xrdq2_revtq2']]
cluster 14:
                     name          mc     gics8
267  PILGRIM'S PRIDE CORP  746.397027  30202030
[['dpq_gpq, invt__act_m_che, cogsq_revtq2, ppent_ppegt, oiadpq_revtq2, invt_revtq2, cfroq_revtq2, revtltm_pqoq, xrdq2_revtq2']]
cluster 15:
                             name            mc     gics8
274                      EBAY INC  39773.339422  45101010
286    MEDCO HEALTH SOLUTIONS INC  21198.012172  35102015
273         QUEST DIAGNOSTICS INC   7921.675073  35102015
299  TRW AUTOMOTIVE HOLDINGS CORP   5157.606780  25101010
272      COVENTRY HEALTH CARE INC   4881.069171  35102030
291              PITNEY BOWES INC   4105.499229  20201060
303        WASHINGTON POST  -CL B   2821.682003  25401040
296             MADDEN STEVEN LTD   1546.441605  25203020
277               EMCOR GROUP INC   1531.881286  20103010
302                VALUECLICK INC   1210.677650  45101010
[['rect__act_m_che, ap__act_m_che_ppent, lct_m_dlc__act_m_che_ppent, revtq2_ppent, act_m_che__ppent, rect_revtq2, ap_revtq2, dpq_capxq, cogsq_revtq2']]
cluster 16:
                             name            mc     gics8
357               KRAFT FOODS INC  61217.290622  30202030
384          SOUTHERN COPPER CORP  28549.159212  15104020
369    NATIONAL OILWELL VARCO INC  27983.902642  10101020
314              BAKER HUGHES INC  26560.528928  10101020
391  THERMO FISHER SCIENTIFIC INC  20976.284905  35203010
304                     ALCOA INC  13620.528328  15104010
324    CF INDUSTRIES HOLDINGS INC  13103.164682  15101030
343          FMC TECHNOLOGIES INC  10679.291644  10101020
367                     MYLAN INC   8842.725090  35202010
375                    PERRIGO CO   8789.787510  35202010
[['ppent_ppegt, invt__act_m_che, dpq_gpq, oiadpq_revtq2, cfroq_revtq2, cogsq_revtq2, rect_revtq2, invt_revtq2, revtq2_pqoq']]
cluster 17:
                             name             mc     gics8
434                MICROSOFT CORP  222801.603195  45103020
452                 SYMANTEC CORP   12858.137894  45103020
417            CITRIX SYSTEMS INC   11362.108851  45103010
412                        CA INC   10472.475735  45103020
453                 TERADATA CORP    8817.423783  45102010
436     NUANCE COMMUNICATIONS INC    5646.081771  45103010
408                     ANSYS INC    4975.039114  45103010
445                   ROLLINS INC    3071.770740  20201050
432               MORNINGSTAR INC    3015.163192  25401040
433  MEDICIS PHARMACEUT CP  -CL A    2381.198604  35202010
[['lct_m_dlc__act_m_che_ppent, rect__act_m_che, gpq__act_m_che_ppent, cfroq__act_m_che_ppent, xrdq2__act_m_che_ppent, lct_m_dlc__act_m_che, gpq_revtq2, rect_revtq2, dpq_capxq']]
cluster 18:
             name         mc     gics8
456  TELKONET INC  14.795389  45201020
[['revtq2_ppent, ap__act_m_che_ppent, act_m_che__ppent, gpq__act_m_che_ppent, lct_m_dlc__act_m_che_ppent, rect__act_m_che, cfroq__act_m_che_ppent, xrdq2__act_m_che_ppent, lct_m_dlc__act_m_che']]
cluster 19:
                       name            mc     gics8
467        ALTRIA GROUP INC  56317.275330  30203010
474   REYNOLDS AMERICAN INC  21899.998599  30203010
460               COACH INC  16220.287025  25203010
465           LORILLARD INC  15487.379746  30203010
469             NETFLIX INC  12346.544075  25502020
473  POLARIS INDUSTRIES INC   3788.207835  25202010
464                 HSN INC   1888.617053  25502010
462            ENTEGRIS INC   1014.812385  45301010
466  LIQUIDITY SERVICES INC    674.335419  45101010
470         NUTRISYSTEM INC    357.196307  25502020
[['invt__act_m_che, gpq__act_m_che_ppent, cfroq__act_m_che_ppent, lct_m_dlc__act_m_che_ppent, ap__act_m_che_ppent, revtq2_ppent, dpq_capxq, cfroq_revtq2, oiadpq_revtq2']]
cluster 20:
                             name           mc     gics8
476  BREITBURN ENERGY PARTNERS LP  1091.648263  10102020
[['ppent_ppegt, dpq_revtq2, capxq_revtq2, gpq_revtq2, cfroq_revtq2, dpq_gpq, oiadpq_revtq2, ap_revtq2, revtltm_pqoq']]
cluster 21:
                             name            mc     gics8
478       ANADARKO PETROLEUM CORP  36713.431053  10102020
480             DEVON ENERGY CORP  28352.940765  10102020
481             EOG RESOURCES INC  24865.567952  10102020
486              NOBLE ENERGY INC  15639.720108  10102020
479          CABOT OIL & GAS CORP   7909.532500  10102020
498             CIMAREX ENERGY CO   6083.070083  10102020
489  PLAINS EXPLORATION & PROD CO   4146.809978  10102020
488      PATTERSON-UTI ENERGY INC   3801.918495  10101010
477     APCO OIL AND GAS INTL INC   2329.979740  10102020
495                     UNIT CORP   2296.737046  10101010
[['capxq__act_m_che_ppent, capxq_revtq2, dpq_revtq2, rect__act_m_che, dpq_gpq, ppent_ppegt, lct_m_dlc__act_m_che, gpq_revtq2, ap_revtq2']]
cluster 22:
              name         mc     gics8
499  ORAGENICS INC  13.355238  35201010
[['ap__act_m_che_ppent, xrdq2__act_m_che_ppent, ap_revtq2, lct_m_dlc__act_m_che_ppent, invt__act_m_che, lct_m_dlc__act_m_che, xrdq2_revtq2, dpq_gpq, cogsq_revtq2']]
cluster 23:
           name         mc     gics8
500  DYNEGY INC  538.03496  55105010
[['ppent_ppegt, dpq_revtq2, capxq_revtq2, cogsq_revtq2, revtq2_pyoy, ap_revtq2, oiadpq_revtq2, revtltm_pqoq, invt_revtq2']]
cluster 24:
                        name            mc     gics8
538   MOTOROLA SOLUTIONS INC  14442.615553  45201020
535    MCGRAW-HILL COMPANIES  12687.742670  25401040
504              ALTERA CORP  11789.122667  45301020
550             SANDISK CORP   8767.628715  45202020
547  ROPER INDUSTRIES INC/DE   7392.278552  20104010
531   LINEAR TECHNOLOGY CORP   6516.388065  45301020
530          KLA-TENCOR CORP   6129.888152  45301010
529     KINETIC CONCEPTS INC   4925.557282  35101010
505   ADVANCED MICRO DEVICES   4719.529947  45301020
557   TRIMBLE NAVIGATION LTD   4558.897805  45203020
[['gpq__act_m_che_ppent, cfroq__act_m_che_ppent, xrdq2__act_m_che_ppent, gpq_revtq2, act_m_che__ppent, revtq2_ppent, rect__act_m_che, cfroq_revtq2, lct_m_dlc__act_m_che_ppent']]
cluster 25:
                            name           mc     gics8
567                 HOMEAWAY INC  3340.078989  25502020
570                  LOGMEIN INC   755.596578  45101010
568            DICE HOLDINGS INC   676.090517  45101010
572                     ZIX CORP   217.595039  45101010
571                     REIS INC   106.036901  45101010
566                  ADOLOR CORP   101.292572  35202010
569    FRIENDFINDER NETWORKS INC    88.908749  45101010
565  BROADCAST INTERNATIONAL INC    45.346044  50101010
[['lct_m_dlc__act_m_che_ppent, gpq__act_m_che_ppent, lct_m_dlc__act_m_che, cfroq__act_m_che_ppent, xrdq2__act_m_che_ppent, capxq__act_m_che_ppent, rect__act_m_che, revtq2_ppent, gpq_revtq2']]
cluster 26:
                             name             mc     gics8
598   INTL BUSINESS MACHINES CORP  205308.369433  45102010
593                    GOOGLE INC  174550.487974  45101010
631                    VIACOM INC   27820.009557  25401030
584                   CERNER CORP   11142.749984  35103010
597           HARLEY-DAVIDSON INC    9139.677955  25102020
602   LABORATORY CP OF AMER HLDGS    8469.942004  35102015
608  ALLSCRIPTS HEALTHCARE SOLTNS    3374.534510  35103010
607                    MEDNAX INC    3181.903161  35102015
577               ACME PACKET INC    3130.928863  45201020
614           QUALITY SYSTEMS INC    2692.873176  35103010
[['rect__act_m_che, gpq__act_m_che_ppent, cfroq__act_m_che_ppent, capxq__act_m_che_ppent, rect_revtq2, gpq_revtq2, cfroq_revtq2, oiadpq_revtq2, lct_m_dlc__act_m_che_ppent']]
cluster 27:
                          name           mc     gics8
635  HERTZ GLOBAL HOLDINGS INC  4663.858612  20304020
636               WINMARK CORP   233.185319  25504040
[['capxq__act_m_che_ppent, capxq_revtq2, rect__act_m_che, ppent_ppegt, cfroq__act_m_che_ppent, gpq__act_m_che_ppent, dpq_revtq2, revtq2_pqoq, rect_revtq2']]
cluster 28:
                          name            mc     gics8
645     UNITEDHEALTH GROUP INC  50798.880489  35102030
639        EXPRESS SCRIPTS INC  22916.341399  35102015
641                 HUMANA INC  12952.643330  35102030
640                EXPEDIA INC   8307.667643  25502020
637            AMERIGROUP CORP   2392.097165  35102030
646  WELLCARE HEALTH PLANS INC   1955.841158  35102030
642      MOLINA HEALTHCARE INC    885.772244  35102030
638          DIGITAL RIVER INC    798.451592  45101010
643              BLUE NILE INC    560.472247  25502020
644          SOCKET MOBILE INC      8.191943  45202020
[['ap__act_m_che_ppent, lct_m_dlc__act_m_che_ppent, revtq2_ppent, gpq__act_m_che_ppent, lct_m_dlc__act_m_che, cfroq__act_m_che_ppent, rect__act_m_che, capxq__act_m_che_ppent, ap_revtq2']]
cluster 29:
                             name           mc     gics8
647      WORLD FUEL SERVICES CORP  2641.953936  10102030
648  WAYSIDE TECHNOLOGY GROUP INC    54.785525  45203030
[['revtq2_ppent, act_m_che__ppent, ap__act_m_che_ppent, rect__act_m_che, dpq_capxq, lct_m_dlc__act_m_che_ppent, revtq2_pyoy, cogsq_revtq2, revtq2_pqoq']]
cluster 30:
             name           mc     gics8
649  MOLYCORP INC  4741.765084  15104020
[['revtq2_pyoy, capxq__act_m_che_ppent, revtq2_pqoq, revtltm_pqoq, ppent_ppegt, capxq_revtq2, invt__act_m_che, ap_revtq2, cfroq_revtq2']]
cluster 31:
                             name           mc     gics8
656       NEWFIELD EXPLORATION CO  6871.516381  10102020
659          ULTRA PETROLEUM CORP  5122.904282  10102020
650        BRIGHAM EXPLORATION CO  3388.479379  10102020
658          SANDRIDGE ENERGY INC  3008.798177  10102020
657           OASIS PETROLEUM INC  2458.627490  10102020
652               FOREST OIL CORP  2227.610078  10102020
651  DUPONT FABROS TECHNOLOGY INC  1416.346833  40402020
654                 HECKMANN CORP   675.850636  30201030
655    IRIDIUM COMMUNICATIONS INC   540.985010  50101010
653         COMPLETE GENOMICS INC   299.528154  35203010
[['capxq_revtq2, capxq__act_m_che_ppent, dpq_revtq2, ppent_ppegt, rect__act_m_che, revtq2_pyoy, ap_revtq2, lct_m_dlc__act_m_che, revtq2_pqoq']]
cluster 32:
                    name          mc     gics8
660  STAR SCIENTIFIC INC  317.380439  30203010
[['ap_revtq2, invt__act_m_che, dpq_revtq2, capxq_revtq2, invt_revtq2, revtq2_pqoq, cogsq_revtq2, ap__act_m_che_ppent, xrdq2_revtq2']]
cluster 33:
                          name            mc     gics8
664                  BOEING CO  49514.577512  20101010
684                SAFEWAY INC   6413.666861  30101030
661     ADVANCE AUTO PARTS INC   4497.651845  25504050
685          TRACTOR SUPPLY CO   4393.611909  25504040
666           BE AEROSPACE INC   3604.905190  20101010
681  SALLY BEAUTY HOLDINGS INC   3099.713317  25504040
669               CARTER'S INC   1796.641130  25203010
676    MONRO MUFFLER BRAKE INC   1207.220036  25504050
689           WEIS MARKETS INC   1051.728940  30101030
672  ETHAN ALLEN INTERIORS INC    494.710522  25201020
[['invt__act_m_che, ap__act_m_che_ppent, invt_revtq2, dpq_capxq, oiadpq_revtq2, revtq2_pqoq, ap_revtq2, cogsq_revtq2, cfroq_revtq2']]
cluster 34:
               name          mc     gics8
691  REACHLOCAL INC  425.180107  25401010
[['gpq__act_m_che_ppent, ap__act_m_che_ppent, lct_m_dlc__act_m_che_ppent, lct_m_dlc__act_m_che, capxq__act_m_che_ppent, xrdq2__act_m_che_ppent, cfroq__act_m_che_ppent, revtq2_ppent, rect__act_m_che']]
cluster 35:
                        name         mc     gics8
692  NABI BIOPHARMACEUTICALS  81.052293  35201010
[['xrdq2__act_m_che_ppent, lct_m_dlc__act_m_che_ppent, dpq_capxq, gpq__act_m_che_ppent, cfroq__act_m_che_ppent, lct_m_dlc__act_m_che, revtq2_ppent, ap__act_m_che_ppent, xrdq2_revtq2']]
cluster 36:
                         name             mc     gics8
740          EXXON MOBIL CORP  359893.717184  10102010
711              COCA-COLA CO  161541.843002  30201030
725               PEPSICO INC  102057.120483  30201030
701            CONOCOPHILLIPS   95927.214985  10102010
723                 NEWS CORP   45365.462059  25401030
696  BAXTER INTERNATIONAL INC   31719.339233  35101010
710      JOHNSON CONTROLS INC   21670.067511  25101010
718   MARATHON PETROLEUM CORP   13193.360489  10102030
705                FLUOR CORP   10553.362467  20103010
720           MURPHY OIL CORP   10368.425285  10102010
[['ap__act_m_che_ppent, ppent_ppegt, rect__act_m_che, ap_revtq2, cogsq_revtq2, oiadpq_revtq2, rect_revtq2, revtq2_pyoy, cfroq_revtq2']]
cluster 37:
                             name           mc     gics8
743  J2 GLOBAL COMMUNICATIONS INC  1454.469110  45101010
744                   LOOPNET INC   584.974650  45101010
745     MONOTYPE IMAGING HOLDINGS   420.579180  45103010
742                       8X8 INC   270.855135  50101010
746      WAVE SYSTEMS CORP  -CL A   191.249596  45103020
741                  AMBIENT CORP   124.742841  45201020
[['gpq__act_m_che_ppent, cfroq__act_m_che_ppent, xrdq2__act_m_che_ppent, lct_m_dlc__act_m_che_ppent, ap__act_m_che_ppent, capxq__act_m_che_ppent, revtq2_ppent, lct_m_dlc__act_m_che, gpq_revtq2']]
cluster 38:
                           name            mc     gics8
751   AUTOMATIC DATA PROCESSING  24554.722790  45102020
753            ANIXTER INTL INC   2060.183550  45203030
771                  WATSCO INC   1965.187258  20107010
767  TAKE-TWO INTERACTIVE SFTWR   1141.679231  45103030
765                 NETGEAR INC   1042.781447  45201020
749     ACORDA THERAPEUTICS INC   1018.410144  35201010
754   BEACON ROOFING SUPPLY INC    855.091809  20107010
763           INTER PARFUMS INC    505.644357  30302010
756    CORE MARK HOLDING CO INC    405.036695  25501010
761     HOUSTON WIRE & CABLE CO    260.641447  20107010
[['act_m_che__ppent, revtq2_ppent, invt__act_m_che, revtq2_pqoq, ap__act_m_che_ppent, lct_m_dlc__act_m_che_ppent, ap_revtq2, invt_revtq2, cogsq_revtq2']]
cluster 39:
                             name          mc     gics8
778    SAGENT PHARMACEUTICALS INC  600.522229  35202010
777  SCICLONE PHARMACEUTICALS INC  272.477915  35201010
774                 DATALINK CORP  148.861157  45202020
776                     LRAD CORP   72.774699  45203010
772                ADAMS GOLF INC   44.983419  25202010
775                   IRIDEX CORP   35.882240  35101010
773                  BIDZ.COM INC   12.020430  25502020
[['act_m_che__ppent, revtq2_ppent, invt__act_m_che, rect_revtq2, dpq_capxq, revtq2_pyoy, invt_revtq2, oiadpq_revtq2, cogsq_revtq2']]
cluster 40:
                            name            mc     gics8
828               YUM BRANDS INC  25282.049503  25301040
788          PEABODY ENERGY CORP  13216.492713  10102050
794   CHIPOTLE MEXICAN GRILL INC   9806.914021  25301040
822          SIRIUS XM RADIO INC   7108.043366  25401025
806           SOUTHWEST AIRLINES   6930.462546  20302010
800            HYATT HOTELS CORP   5862.816893  25301020
816  ROYAL CARIBBEAN CRUISES LTD   5634.811978  25301020
808    MGM RESORTS INTERNATIONAL   5409.102925  25301010
813              PANERA BREAD CO   3501.908538  25301040
810     PENN NATIONAL GAMING INC   3139.760551  25301010
[['lct_m_dlc__act_m_che, ppent_ppegt, dpq_revtq2, dpq_gpq, cfroq_revtq2, oiadpq_revtq2, cogsq_revtq2, gpq_revtq2, capxq_revtq2']]
cluster 41:
                             name             mc     gics8
849           GENERAL ELECTRIC CO  172891.489407  20105010
859               MCDONALD'S CORP   93275.996364  25301040
835                      CBS CORP   16733.399490  25401020
883          WASTE MANAGEMENT INC   15605.835620  20201050
868         REPUBLIC SERVICES INC   11430.540230  20201050
843  DIAMOND OFFSHRE DRILLING INC    8860.193105  10101010
874       MOLSON COORS BREWING CO    8189.999866  30201010
844                    DAVITA INC    6878.332919  35102015
866           QUANTA SERVICES INC    3986.813677  20103010
865   PHARMACEUTICAL PROD DEV INC    3585.427412  35203010
[['rect__act_m_che, ppent_ppegt, rect_revtq2, dpq_revtq2, dpq_gpq, cfroq_revtq2, oiadpq_revtq2, cogsq_revtq2, revtq2_pqoq']]
cluster 42:
                          name            mc     gics8
892              MCKESSON CORP  19687.102037  35102010
887        CARDINAL HEALTH INC  14921.750259  35102010
884     AMERISOURCEBERGEN CORP  10767.737807  35102010
886                  AVNET INC   4009.398373  45203030
885      ARROW ELECTRONICS INC   3585.691366  45203030
891           INGRAM MICRO INC   2808.750628  45203030
889  CATALYST HEALTH SOLUTIONS   2661.235219  35102015
895          OWENS & MINOR INC   1877.359424  35102010
897             WESCO INTL INC   1864.985617  20107010
893      MWI VETERINARY SUPPLY    929.366001  35102010
[['revtq2_ppent, ap__act_m_che_ppent, act_m_che__ppent, invt__act_m_che, lct_m_dlc__act_m_che_ppent, rect__act_m_che, cogsq_revtq2, ap_revtq2, oiadpq_revtq2']]
cluster 43:
                             name           mc     gics8
907     HEALTHCARE SERVICES GROUP  1041.544068  20201070
909    IPC THE HOSPITALIST CO INC   658.565883  35102015
915  SPECTRUM PHARMACEUTICALS INC   452.698740  35201010
900                  BIOSCRIP INC   344.967465  35102015
913             PC CONNECTION INC   236.480309  45203030
906            GP STRATEGIES CORP   234.165382  20202010
911  METROPOLITAN HLTH NTWRKS INC   210.776324  35102030
902  CORNERSTONE THERAPEUTICS INC   200.745658  35202010
899             ALMOST FAMILY INC   184.968123  35102015
914             PDF SOLUTIONS INC   140.880243  45301010
[['revtq2_ppent, act_m_che__ppent, rect__act_m_che, gpq__act_m_che_ppent, dpq_capxq, lct_m_dlc__act_m_che_ppent, rect_revtq2, ap__act_m_che_ppent, cogsq_revtq2']]
cluster 44:
                         name           mc     gics8
917          BMC SOFTWARE INC  7127.055107  45103020
923          INFORMATICA CORP  4457.132040  45103010
921              FORTINET INC  2925.225454  45103020
919     COMMVAULT SYSTEMS INC  1505.807393  45103020
926  RENAISSANCE LEARNING INC   456.428173  45103030
929              SCIQUEST INC   331.498842  45101010
922            IMMERSION CORP   202.186039  45202020
927              SANTARUS INC   185.709735  35202010
916    ALLOS THERAPEUTICS INC   178.589046  35201010
924         MERU NETWORKS INC   159.880901  45201020
[['gpq__act_m_che_ppent, lct_m_dlc__act_m_che_ppent, revtq2_ppent, xrdq2__act_m_che_ppent, rect__act_m_che, lct_m_dlc__act_m_che, act_m_che__ppent, dpq_capxq, cfroq__act_m_che_ppent']]
cluster 45:
                            name          mc     gics8
935  SAVIENT PHARMACEUTICALS INC  306.800709  35201010
931      CYTORI THERAPEUTICS INC  173.151757  35201010
932      AMICUS THERAPEUTICS INC  158.799360  35201010
933      GENMARK DIAGNOSTICS INC  127.966058  35101010
934              MICROVISION INC   97.439396  45203010
[['xrdq2__act_m_che_ppent, ap_revtq2, ap__act_m_che_ppent, lct_m_dlc__act_m_che_ppent, dpq_revtq2, xrdq2_revtq2, lct_m_dlc__act_m_che, invt__act_m_che, cogsq_revtq2']]
cluster 46:
                        name           mc     gics8
938       EXCO RESOURCES INC  2863.569103  10102020
936  GOODRICH PETROLEUM CORP   578.673811  10102020
937        GMX RESOURCES INC   171.638438  10102020
[['capxq_revtq2, capxq__act_m_che_ppent, dpq_revtq2, dpq_gpq, ap_revtq2, ppent_ppegt, lct_m_dlc__act_m_che, revtq2_pyoy, revtq2_pqoq']]
cluster 47:
                             name           mc     gics8
944               F5 NETWORKS INC  6584.901151  45201020
953                     ROVI CORP  5463.079209  45103020
954       RIVERBED TECHNOLOGY INC  3850.489803  45201020
952  QUESTCOR PHARMACEUTICALS INC  1872.644413  35202010
956                SOLARWINDS INC  1803.289180  45103010
949           MYRIAD GENETICS INC  1710.218579  35201010
950                PMC-SIERRA INC  1422.228208  45301020
961          VONAGE HOLDINGS CORP   814.232076  50101010
958      TESSERA TECHNOLOGIES INC   720.496547  45301010
945            GENOMIC HEALTH INC   719.609178  35201010
[['gpq__act_m_che_ppent, cfroq__act_m_che_ppent, xrdq2__act_m_che_ppent, revtq2_ppent, lct_m_dlc__act_m_che_ppent, rect__act_m_che, ap__act_m_che_ppent, gpq_revtq2, lct_m_dlc__act_m_che']]
cluster 48:
                       name            mc     gics8
1042                  3M CO  58877.275230  20105010
996            DOW CHEMICAL  33605.677812  15101020
1027    KIMBERLY-CLARK CORP  27124.554281  30301010
974   BECTON DICKINSON & CO  17695.810692  35101010
1051             NUCOR CORP  11419.442799  15104050
1084    ZIMMER HOLDINGS INC  10831.855537  35101010
1013     GRAINGER (W W) INC  10770.513730  20107010
1036             MATTEL INC   9251.340961  25202010
1035          LUBRIZOL CORP   8679.745575  15101050
985    ROCKWELL COLLINS INC   7760.748013  20101010
[['invt__act_m_che, oiadpq_revtq2, cfroq_revtq2, rect_revtq2, cogsq_revtq2, invt_revtq2, gpq_revtq2, revtq2_pqoq, cfroq__act_m_che_ppent']]
cluster 49:
                              name             mc     gics8
1099                    INTEL CORP  106387.045565  45301020
1095     GREEN MTN COFFEE ROASTERS   16029.875246  30202030
1107   METROPCS COMMUNICATIONS INC    4035.174697  50102010
1096                   GENTEX CORP    3713.209432  25101010
1092                      CREE INC    3554.555117  45301020
1105           OIL STATES INTL INC    3391.003091  10101020
1100           INTREPID POTASH INC    2573.415523  15101030
1112                SHUTTERFLY INC    1846.655313  25502020
1119  MEMC ELECTRONIC MATRIALS INC    1607.494026  45301010
1101           INTL RECTIFIER CORP    1593.017274  45301020
[['capxq__act_m_che_ppent, ppent_ppegt, invt__act_m_che, capxq_revtq2, cfroq_revtq2, revtq2_pyoy, oiadpq_revtq2, gpq_revtq2, revtltm_pqoq']]
cluster 50:
                              name           mc     gics8
1154              GENUINE PARTS CO  8625.320318  25501010
1138            CROWN HOLDINGS INC  5359.021094  15103010
1207                WHIRLPOOL CORP  4764.439896  25201040
1126                    ATMEL CORP  4183.566893  45301020
1198        TUPPERWARE BRANDS CORP  4075.828947  25201050
1176         NEWELL RUBBERMAID INC  4032.975960  25201050
1153  FREESCALE SMCNDCTR HLD I LTD  2817.500000  45301020
1129                      AVX CORP  2228.388702  45203015
1194          TIMBERLAND CO  -CL A  2181.970746  25203020
1145                   DIEBOLD INC  1846.135427  45202010
[['invt__act_m_che, ap__act_m_che_ppent, act_m_che__ppent, dpq_capxq, oiadpq_revtq2, ap_revtq2, cogsq_revtq2, cfroq_revtq2, revtq2_ppent']]
cluster 51:
                          name           mc     gics8
1216             LINKEDIN CORP  8098.090548  45101010
1211                 ARIBA INC  2646.639961  45103020
1218   HIGHER ONE HOLDINGS INC   908.218262  20201070
1212      CONSTANT CONTACT INC   567.356183  45101010
1220                 VOCUS INC   416.806823  45101010
1214             EPOCRATES INC   249.029013  35103010
1213             ELLIE MAE INC   113.380597  45103010
1217        SPARK NETWORKS INC    67.136471  45101010
1219  SCIENTIFIC LEARNING CORP    53.051676  45103010
1215      INSIGNIA SYSTEMS INC    51.321764  25401010
[['capxq__act_m_che_ppent, lct_m_dlc__act_m_che_ppent, gpq__act_m_che_ppent, lct_m_dlc__act_m_che, xrdq2__act_m_che_ppent, rect__act_m_che, cfroq__act_m_che_ppent, gpq_revtq2, capxq_revtq2']]
cluster 52:
                              name          mc     gics8
1221  ADVANCED CELL TECHNOLOGY INC  263.719339  35201010
[['xrdq2__act_m_che_ppent, ap__act_m_che_ppent, ap_revtq2, lct_m_dlc__act_m_che_ppent, lct_m_dlc__act_m_che, xrdq2_revtq2, cogsq_revtq2, dpq_revtq2, capxq__act_m_che_ppent']]
cluster 53:
                          name           mc     gics8
1222  JAZZ PHARMACEUTICALS INC  1790.197724  35202010
1223  PRESTIGE BRANDS HOLDINGS   540.912492  30302010
[['revtq2_ppent, act_m_che__ppent, gpq__act_m_che_ppent, dpq_capxq, cfroq__act_m_che_ppent, lct_m_dlc__act_m_che_ppent, rect__act_m_che, gpq_revtq2, cfroq_revtq2']]
cluster 54:
                      name           mc     gics8
1224        CLEARWIRE CORP  2935.166316  50102010
1226        GLOBALSTAR INC   239.846185  50101010
1225  DELTA PETROLEUM CORP    93.685895  10102020
[['dpq_revtq2, dpq_gpq, capxq_revtq2, ppent_ppegt, ap_revtq2, lct_m_dlc__act_m_che, revtq2_pyoy, revtltm_pqoq, revtq2_pqoq']]
cluster 55:
                             name           mc     gics8
1231      TESLA MOTORS INC  -REDH  2572.489608  25102010
1227                   AMYRIS INC   901.024347  10102030
1232                   ZIPCAR INC   820.490919  20304020
1230                 SEQUENOM INC   607.655015  35203010
1228             A123 SYSTEMS INC   602.399242  20104010
1229  SUPERCONDUCTOR TECHNOLOGIES    56.815162  45203015
[['capxq__act_m_che_ppent, capxq_revtq2, xrdq2__act_m_che_ppent, ppent_ppegt, dpq_gpq, invt__act_m_che, dpq_revtq2, lct_m_dlc__act_m_che, ap_revtq2']]
cluster 56:
                              name           mc     gics8
1237        LEUCADIA NATIONAL CORP  7246.685520  40201030
1234                     SOTHEBY'S  2513.647404  25302020
1241  SIX FLAGS ENTERTAINMENT CORP  1831.863567  25301030
1242           SWISHER HYGIENE INC   769.617051  20201050
1236           JAMES RIVER COAL CO   385.171087  10102050
1238          DOUGLAS DYNAMICS INC   319.496784  20106010
1233                  AMERIGON INC   297.362565  25101010
1240                   RENTECH INC   223.343994  10102030
1239      RAM ENERGY RESOURCES INC    80.703242  10102020
1235        REDDY ICE HOLDINGS INC    45.597943  30202030
[['revtq2_pqoq, ppent_ppegt, rect__act_m_che, revtq2_pyoy, revtltm_pqoq, cfroq__act_m_che_ppent, capxq__act_m_che_ppent, cfroq_revtq2, dpq_revtq2']]
cluster 57:
                             name             mc     gics8
1323  PHILIP MORRIS INTERNATIONAL  122100.113764  30203010
1267            CVS CAREMARK CORP   48334.859795  30101010
1319     PRECISION CASTPARTS CORP   23598.603636  20101010
1281        GENERAL DYNAMICS CORP   23181.891068  20101010
1245    ARCHER-DANIELS-MIDLAND CO   19252.479691  30202010
1292                   HERSHEY CO   13331.565247  30202030
1349                      VF CORP   12829.506732  25203010
1259   CAMERON INTERNATIONAL CORP   12733.603466  10101020
1327            RALPH LAUREN CORP   12668.964266  25203010
1351       WHOLE FOODS MARKET INC   11701.363909  30101030
[['invt__act_m_che, cogsq_revtq2, oiadpq_revtq2, invt_revtq2, cfroq_revtq2, gpq_revtq2, xrdq2_revtq2, dpq_gpq, ap_revtq2']]
cluster 58:
                         name             mc     gics8
1392        JOHNSON & JOHNSON  180330.177504  35202010
1408      PROCTER & GAMBLE CO  176122.136860  30301010
1407               PFIZER INC  148084.366888  35202010
1402               MERCK & CO  102032.300835  35202010
1358      ABBOTT LABORATORIES   81735.831402  35202010
1362                AMGEN INC   51194.218872  35201010
1367  BRISTOL-MYERS SQUIBB CO   50575.000000  35202010
1371     COLGATE-PALMOLIVE CO   43770.040420  30301010
1394         LILLY (ELI) & CO   43424.901970  35202010
1384      GILEAD SCIENCES INC   30966.913290  35201010
[['cfroq__act_m_che_ppent, gpq__act_m_che_ppent, ppent_ppegt, gpq_revtq2, invt__act_m_che, xrdq2__act_m_che_ppent, cfroq_revtq2, oiadpq_revtq2, revtq2_pqoq']]
cluster 59:
                              name          mc     gics8
1431                  MEDICINES CO  787.370720  35202010
1429                  ACTUATE CORP  301.028510  45103010
1434                       THQ INC  133.239921  45103030
1433             SOLTA MEDICAL INC  103.870891  35101010
1432  MCCORMICK & SCHMICKS SEAFOOD   92.788796  25301040
1430               I D SYSTEMS INC   60.403316  45203010
[['dpq_capxq, gpq__act_m_che_ppent, lct_m_dlc__act_m_che_ppent, xrdq2__act_m_che_ppent, cfroq__act_m_che_ppent, revtq2_ppent, act_m_che__ppent, dpq_revtq2, lct_m_dlc__act_m_che']]
cluster 60:
                              name            mc     gics8
1449     FREEPORT-MCMORAN COP&GOLD  44660.280579  15104020
1443  CLIFFS NATURAL RESOURCES INC  12096.942992  15104050
1439                     BUNGE LTD   9534.669222  30202010
1437   ALPHA NATURAL RESOURCES INC   7487.047931  10102050
1441           BUCKEYE PARTNERS LP   5852.230696  10102040
1464              NUSTAR ENERGY LP   3824.944605  10102030
1482                   TESORO CORP   3460.769676  10102030
1448        DRESSER-RAND GROUP INC   3387.347933  10101020
1480             TRIUMPH GROUP INC   2568.485914  20101010
1442      COEUR D'ALENE MINES CORP   2552.517904  15104040
[['ppent_ppegt, invt__act_m_che, revtq2_pyoy, revtq2_pqoq, revtltm_pqoq, cogsq_revtq2, oiadpq_revtq2, cfroq_revtq2, invt_revtq2']]
cluster 61:
                              name            mc     gics8
1499  ENTERPRISE PRODS PRTNRS  -LP  36011.814939  10102040
1507          LAS VEGAS SANDS CORP  33993.774688  25301010
1506     KINDER MORGAN ENERGY  -LP  23132.377128  10102040
1531              WYNN RESORTS LTD  19331.046667  25301010
1530          WILLIAMS PARTNERS LP  15738.053314  10102040
1528            VALERO ENERGY CORP  12967.734979  10102030
1490   ALEXION PHARMACEUTICALS INC  10663.328215  35201010
1513  PLAINS ALL AMER PIPELNE  -LP   9055.522145  10102040
1489                      AES CORP   8495.487937  55105010
1493                 CELANESE CORP   7349.690015  15101050
[['ppent_ppegt, rect__act_m_che, revtq2_pqoq, dpq_gpq, revtq2_pyoy, oiadpq_revtq2, cfroq_revtq2, revtltm_pqoq, lct_m_dlc__act_m_che']]
cluster 62:
               name           mc     gics8
1533  DENDREON CORP  1828.083589  35201010
[['revtq2_pyoy, ppent_ppegt, revtltm_pqoq, revtq2_pqoq, dpq_revtq2, invt__act_m_che, dpq_gpq, gpq_revtq2, capxq_revtq2']]
cluster 63:
                         name             mc     gics8
1535                APPLE INC  356700.380215  45202010
1551             QUALCOMM INC   86298.418465  45201020
1544              EMC CORP/MA   46647.131470  45202020
1555         VMWARE INC -CL A   39781.045135  45103020
1547   INTUITIVE SURGICAL INC   14910.784657  35101010
1537  ACTIVISION BLIZZARD INC   11174.534448  45103030
1549     JUNIPER NETWORKS INC   11145.727207  45201020
1545      ELECTRONIC ARTS INC    7473.979975  45103030
1556             VERISIGN INC    5181.740361  45101010
1541   DOLBY LABORATORIES INC    3710.416567  45203015
[['gpq__act_m_che_ppent, cfroq__act_m_che_ppent, lct_m_dlc__act_m_che_ppent, capxq__act_m_che_ppent, lct_m_dlc__act_m_che, ppent_ppegt, xrdq2__act_m_che_ppent, gpq_revtq2, cfroq_revtq2']]
cluster 64:
                             name         mc     gics8
1558  SOMAXON PHARMACEUTICALS INC  47.198002  35202010
[['revtltm_pqoq, revtq2_pqoq, gpq__act_m_che_ppent, lct_m_dlc__act_m_che_ppent, ppent_ppegt, revtq2_ppent, ap__act_m_che_ppent, gpq_revtq2, capxq__act_m_che_ppent']]
cluster 65:
                              name            mc     gics8
1576     OCCIDENTAL PETROLEUM CORP  70499.727994  10102010
1571                   CORNING INC  23567.039581  45203015
1592              WILLIAMS COS INC  15870.119865  10102040
1565             CONSOL ENERGY INC  10350.903057  10102050
1569  ENERGY TRANSFER PARTNERS -LP   9410.255578  10102040
1582  PIONEER NATURAL RESOURCES CO   9086.761320  10102020
1570               FIRST SOLAR INC   8627.370692  45301020
1568     ENERGY TRANSFER EQUITY LP   8526.477083  10102040
1583             QEP RESOURCES INC   6228.824888  10102020
1572             HELMERICH & PAYNE   6100.393541  10101010
[['ppent_ppegt, capxq_revtq2, capxq__act_m_che_ppent, dpq_revtq2, dpq_gpq, rect__act_m_che, rect_revtq2, cfroq_revtq2, gpq_revtq2']]
cluster 66:
                           name           mc     gics8
1593  CONTINENTAL RESOURCES INC  10089.65392  10102020
[['capxq__act_m_che_ppent, capxq_revtq2, rect__act_m_che, ppent_ppegt, revtltm_pqoq, dpq_revtq2, ap_revtq2, revtq2_pyoy, rect_revtq2']]
cluster 67:
                    name          mc     gics8
1594  PENN VIRGINIA CORP  371.491912  10102020
[['dpq_revtq2, capxq_revtq2, dpq_gpq, rect__act_m_che, ppent_ppegt, capxq__act_m_che_ppent, rect_revtq2, gpq_revtq2, cfroq_revtq2']]
hc_ward*******class dist: Counter({12: 187, 40: 141, 15: 96, 32: 88, 19: 84, 2: 82, 1: 70, 6: 66, 34: 64, 54: 58, 37: 57, 0: 56, 26: 49, 60: 45, 31: 40, 11: 39, 65: 27, 24: 26, 25: 23, 46: 23, 29: 21, 33: 19, 10: 18, 18: 17, 20: 17, 23: 14, 38: 13, 14: 12, 28: 12, 56: 11, 45: 10, 7: 9, 17: 9, 21: 9, 22: 9, 13: 7, 61: 7, 62: 7, 4: 5, 66: 5, 8: 4, 9: 3, 16: 3, 50: 3, 3: 2, 5: 2, 27: 2, 30: 2, 52: 2, 55: 2, 35: 1, 36: 1, 39: 1, 41: 1, 42: 1, 43: 1, 44: 1, 47: 1, 48: 1, 49: 1, 51: 1, 53: 1, 57: 1, 58: 1, 59: 1, 63: 1, 64: 1, 67: 1})
************************writing: ../data/hier_fact.068.csv
cluster 43:
                           name          mc     gics8
0  ADVANCED CELL TECHNOLOGY INC  263.719339  35201010
[nan]
cluster 54:
                             name             mc     gics8
2318  PHILIP MORRIS INTERNATIONAL  122100.113764  30203010
2040          NEWMONT MINING CORP   30945.420665  15104030
713                     COACH INC   16220.287025  25203010
1460                   HERSHEY CO   13331.565247  30202030
2488            RALPH LAUREN CORP   12668.964266  25203010
3143       WHOLE FOODS MARKET INC   11701.363909  30101030
1112                  FASTENAL CO    9876.975093  20107010
3212              WEYERHAEUSER CO    9711.679834  40402070
1457                  HOSPIRA INC    7627.620408  35202010
1197                   FOSSIL INC    6111.258806  25203010
[nan]
cluster 45:
                             name            mc     gics8
2797                SYMANTEC CORP  12858.137894  45103020
523                        CA INC  10472.475735  45103020
451              BMC SOFTWARE INC   7127.055107  45103020
2613           SUCCESSFACTORS INC   1933.997819  45103010
3125                 WEBSENSE INC    818.632535  45103020
2494     RENAISSANCE LEARNING INC    456.428173  45103030
83                   ACCELRYS INC    360.892996  45103010
2716                 SCIQUEST INC    331.498842  45101010
2259                      PDI INC    106.593285  35102015
5     BROADCAST INTERNATIONAL INC     45.346044  50101010
[nan]
cluster 8:
                         name          mc     gics8
644       STAR SCIENTIFIC INC  317.380439  30203010
852   CYTORI THERAPEUTICS INC  173.151757  35201010
1998          MICROVISION INC   97.439396  45203010
8                 BALQON CORP   29.540969  20106010
[nan]
cluster 2:
                              name             mc     gics8
1690                  COCA-COLA CO  161541.843002  30201030
2272                   PEPSICO INC  102057.120483  30201030
3167              WILLIAMS COS INC   15870.119865  10102040
3180          WILLIAMS PARTNERS LP   15738.053314  10102040
1954       MARATHON PETROLEUM CORP   13193.360489  10102030
3072            VALERO ENERGY CORP   12967.734979  10102030
704              CONSOL ENERGY INC   10350.903057  10102050
1078  ENERGY TRANSFER PARTNERS -LP    9410.255578  10102040
2225  PLAINS ALL AMER PIPELNE  -LP    9055.522145  10102040
1073     ENERGY TRANSFER EQUITY LP    8526.477083  10102040
[nan]
cluster 37:
                            name             mc     gics8
2283         PROCTER & GAMBLE CO  176122.136860  30301010
3245              YUM BRANDS INC   25282.049503  25301040
1288                 CORNING INC   23567.039581  45203015
3214            WYNN RESORTS LTD   19331.046667  25301010
501          PEABODY ENERGY CORP   13216.492713  10102050
900            DISH NETWORK CORP   11087.865256  25401025
681   CHIPOTLE MEXICAN GRILL INC    9806.914021  25301040
340                AVON PRODUCTS    9716.744887  30302010
2640         SIRIUS XM RADIO INC    7108.043366  25401025
1806          SOUTHWEST AIRLINES    6930.462546  20302010
[nan]
cluster 60:
                           name             mc     gics8
1561                 INTEL CORP  106387.045565  45301020
2961      TEXAS INSTRUMENTS INC   30280.953931  45301020
1290  GREEN MTN COFFEE ROASTERS   16029.875246  30202030
1533               ILLUMINA INC    7306.038212  35203010
2004  MAXIM INTEGRATED PRODUCTS    6817.728746  45301020
1514             IDEXX LABS INC    4533.977213  35101010
2782     SKYWORKS SOLUTIONS INC    3840.357007  45301020
1303                GENTEX CORP    3713.209432  25101010
753                    CREE INC    3554.555117  45301020
2019  NATIONAL INSTRUMENTS CORP    3054.915180  45203010
[nan]
cluster 19:
                             name             mc     gics8
1495  INTL BUSINESS MACHINES CORP  205308.369433  45102010
1847              MCDONALD'S CORP   93275.996364  25301040
2959              TIME WARNER INC   33306.319839  25401030
2409                  PRAXAIR INC   29759.581820  15101040
567                      CBS CORP   16733.399490  25401020
3165         WASTE MANAGEMENT INC   15605.835620  20201050
2079        NORTHROP GRUMMAN CORP   15183.352913  20101010
1903        MCGRAW-HILL COMPANIES   12687.742670  25401040
977                    ECOLAB INC   12429.839319  15101050
3233                   XEROX CORP   11648.834460  45204010
[nan]
cluster 9:
                             name          mc     gics8
2777  SAVIENT PHARMACEUTICALS INC  306.800709  35201010
1192      AMICUS THERAPEUTICS INC  158.799360  35201010
34                  ORAGENICS INC   13.355238  35201010
[nan]
cluster 46:
                            name           mc     gics8
341                    AVNET INC  4009.398373  45203030
352             ANIXTER INTL INC  2060.183550  45203030
3192                  WATSCO INC  1965.187258  20107010
2174           OWENS & MINOR INC  1877.359424  35102010
3128              WESCO INTL INC  1864.985617  20107010
3035       UNITED STATIONERS INC  1412.230299  20201060
2946  TAKE-TWO INTERACTIVE SFTWR  1141.679231  45103030
2107                 NETGEAR INC  1042.781447  45201020
2001       MWI VETERINARY SUPPLY   929.366001  35102010
400    BEACON ROOFING SUPPLY INC   855.091809  20107010
[nan]
cluster 6:
                              name            mc     gics8
605                    CERNER CORP  11142.749984  35103010
1742   LABORATORY CP OF AMER HLDGS   8469.942004  35102015
1869  ALLSCRIPTS HEALTHCARE SOLTNS   3374.534510  35103010
1860                    MEDNAX INC   3181.903161  35102015
2428           QUALITY SYSTEMS INC   2692.873176  35103010
480   BROADRIDGE FINANCIAL SOLUTNS   2575.433899  45102020
1019                    EMDEON INC   2169.605245  35103010
2326    PARAMETRIC TECHNOLOGY CORP   2115.305969  45103010
1769          LINCARE HOLDINGS INC   2011.307493  35102015
2104                   NEUSTAR INC   1839.758301  45102020
[nan]
cluster 21:
                           name            mc     gics8
1068        EXPRESS SCRIPTS INC  22916.341399  35102015
1852              MCKESSON CORP  19687.102037  35102010
532         CARDINAL HEALTH INC  14921.750259  35102010
64       AMERISOURCEBERGEN CORP  10767.737807  35102010
1534           INGRAM MICRO INC   2808.750628  45203030
634   CATALYST HEALTH SOLUTIONS   2661.235219  35102015
600             BRIGHTPOINT INC    650.298587  45203030
2022               NAVARRE CORP     65.514570  25401030
44                 TELKONET INC     14.795389  45201020
[nan]
cluster 38:
                              name           mc     gics8
1218               FIRST SOLAR INC  8627.370692  45301020
1580           INTREPID POTASH INC  2573.415523  15101030
3144  MEMC ELECTRONIC MATRIALS INC  1607.494026  45301010
510         BUFFALO WILD WINGS INC  1130.516046  25301040
2489                     REALD INC   761.650497  45103030
2905                TEJON RANCH CO   542.894054  40403010
2443        RUBICON TECHNOLOGY INC   296.864617  45301010
1376    HERITAGE-CRYSTAL CLEAN INC   237.029918  20201050
46               U S ANTIMONY CORP   175.080439  15104020
2371              PRIMO WATER CORP   167.170157  30201030
[nan]
cluster 40:
                             name             mc     gics8
2653             SCHLUMBERGER LTD  105412.577930  10101020
3042     UNITED TECHNOLOGIES CORP   67471.936661  20101010
2134                    NEWS CORP   45365.462059  25401030
866      DU PONT (E I) DE NEMOURS   44942.796818  15101020
1436  HONEYWELL INTERNATIONAL INC   37407.751413  20101010
1027          EMERSON ELECTRIC CO   34766.331748  20104010
1627         JOHNSON CONTROLS INC   21670.067511  25101010
1648                   KELLOGG CO   19609.519890  30202030
682                   CUMMINS INC   18091.700591  20106010
1077                   EATON CORP   14650.245522  20106020
[nan]
cluster 65:
                         name             mc     gics8
1638        JOHNSON & JOHNSON  180330.177504  35202010
2278               PFIZER INC  148084.366888  35202010
1961               MERCK & CO  102032.300835  35202010
2416             QUALCOMM INC   86298.418465  45201020
75        ABBOTT LABORATORIES   81735.831402  35202010
205                 AMGEN INC   51194.218872  35201010
459   BRISTOL-MYERS SQUIBB CO   50575.000000  35202010
1760         LILLY (ELI) & CO   43424.901970  35202010
1278      GILEAD SCIENCES INC   30966.913290  35201010
599              CELGENE CORP   27356.794027  35201010
[nan]
cluster 12:
                           name            mc     gics8
1926                      3M CO  58877.275230  20105010
826           CVS CAREMARK CORP  48334.859795  30101010
923                DOW CHEMICAL  33605.677812  15101020
1678        KIMBERLY-CLARK CORP  27124.554281  30301010
2252   PRECISION CASTPARTS CORP  23598.603636  20101010
1254      GENERAL DYNAMICS CORP  23181.891068  20101010
109   ARCHER-DANIELS-MIDLAND CO  19252.479691  30202010
51                    ALCOA INC  13620.528328  15104010
3056                    VF CORP  12829.506732  25203010
2115                 NUCOR CORP  11419.442799  15104050
[nan]
cluster 26:
                           name            mc     gics8
359                   BOEING CO  49514.577512  20101010
2202    O'REILLY AUTOMOTIVE INC   8820.774005  25504050
2789                SAFEWAY INC   6413.666861  30101030
56       ADVANCE AUTO PARTS INC   4497.651845  25504050
2928          TRACTOR SUPPLY CO   4393.611909  25504040
2297     POLARIS INDUSTRIES INC   3788.207835  25202010
398            BE AEROSPACE INC   3604.905190  20101010
2573  SALLY BEAUTY HOLDINGS INC   3099.713317  25504040
2819       TIMBERLAND CO  -CL A   2181.970746  25203020
2454               RUDDICK CORP   2009.526404  30101030
[nan]
cluster 11:
                            name             mc     gics8
57                     APPLE INC  356700.380215  45202010
970                     EBAY INC   39773.339422  45101010
1905  MEDCO HEALTH SOLUTIONS INC   21198.012172  35102015
890        QUEST DIAGNOSTICS INC    7921.675073  35102015
819     COVENTRY HEALTH CARE INC    4881.069171  35102030
2238            PITNEY BOWES INC    4105.499229  20201060
291        ARROW ELECTRONICS INC    3585.691366  45203030
2149                OMNICARE INC    3440.670494  35102015
3178      WASHINGTON POST  -CL B    2821.682003  25401040
1995                  MASTEC INC    1879.351539  20103010
[nan]
cluster 34:
                              name            mc     gics8
3063                    VIACOM INC  27820.009557  25401030
144                   ALLERGAN INC  24976.756034  35202010
1011  LAUDER (ESTEE) COS INC -CL A  19266.508460  30302010
2795                  STRYKER CORP  18965.947175  35101010
192                    ALTERA CORP  11789.122667  45301020
1210    FOREST LABORATORIES  -CL A   9399.873137  35202010
2677                  SANDISK CORP   8767.628715  45202020
3223                    XILINX INC   8230.301459  45301020
2518       ROPER INDUSTRIES INC/DE   7392.278552  20104010
1759        LINEAR TECHNOLOGY CORP   6516.388065  45301020
[nan]
cluster 33:
                             name           mc     gics8
225                AUTONATION INC  5882.311184  25504050
2710  SPIRIT AEROSYSTEMS HOLDINGS  2396.408186  20101010
2230  PENSKE AUTOMOTIVE GROUP INC  1679.213995  25504050
3115  WESCO AIRCRAFT HOLDINGS INC  1053.364196  20305010
1313       GROUP 1 AUTOMOTIVE INC   986.594272  25504050
1862             MDC HOLDINGS INC   929.686751  25201030
2558  SONIC AUTOMOTIVE INC  -CL A   735.242049  25504050
2545         RUSH ENTERPRISES INC   697.016431  20107010
71    ASBURY AUTOMOTIVE GROUP INC   606.674577  25504050
1714     LITHIA MOTORS INC  -CL A   499.337960  25504050
[nan]
cluster 15:
                              name            mc     gics8
1672               KRAFT FOODS INC  61217.290622  30202030
1132     FREEPORT-MCMORAN COP&GOLD  44660.280579  15104020
2084    NATIONAL OILWELL VARCO INC  27983.902642  10101020
538     CAMERON INTERNATIONAL CORP  12733.603466  10101020
659   CLIFFS NATURAL RESOURCES INC  12096.942992  15104050
410                      BUNGE LTD   9534.669222  30202010
1927  MAGELLAN MIDSTREAM PRTNRS LP   6760.837998  10102040
476            BUCKEYE PARTNERS LP   5852.230696  10102040
2434          RALCORP HOLDINGS INC   4772.838645  30202030
2831           TRANSDIGM GROUP INC   4605.911886  20101010
[nan]
cluster 31:
                           name             mc     gics8
1974             MICROSOFT CORP  222801.603195  45103020
1309                 GOOGLE INC  174550.487974  45101010
1021                EMC CORP/MA   46647.131470  45202020
3078           VMWARE INC -CL A   39781.045135  45103020
1597     INTUITIVE SURGICAL INC   14910.784657  35101010
805          CITRIX SYSTEMS INC   11362.108851  45103010
1639       JUNIPER NETWORKS INC   11145.727207  45201020
2830              TERADATA CORP    8817.423783  45102010
2114  NUANCE COMMUNICATIONS INC    5646.081771  45103010
238                   ANSYS INC    4975.039114  45103010
[nan]
cluster 18:
                            name            mc     gics8
1940            ALTRIA GROUP INC  56317.275330  30203010
2435       REYNOLDS AMERICAN INC  21899.998599  30203010
1774               LORILLARD INC  15487.379746  30203010
2890      TERRA NITROGEN CO  -LP   3426.574565  15101030
2117  NU SKIN ENTERPRISES  -CL A   2626.208992  30302010
94       ACORDA THERAPEUTICS INC   1018.410144  35201010
2594         SELECT COMFORT CORP    889.137104  25504060
1789      LIQUIDITY SERVICES INC    674.335419  45101010
3033   USANA HEALTH SCIENCES INC    411.453888  30302010
2110             NUTRISYSTEM INC    357.196307  25502020
[nan]
cluster 10:
                              name            mc     gics8
1040             EOG RESOURCES INC  24865.567952  10102020
2025              NOBLE ENERGY INC  15639.720108  10102020
2410  PIONEER NATURAL RESOURCES CO   9086.761320  10102020
712           CABOT OIL & GAS CORP   7909.532500  10102020
2051       NEWFIELD EXPLORATION CO   6871.516381  10102020
3013          ULTRA PETROLEUM CORP   5122.904282  10102020
2412  PLAINS EXPLORATION & PROD CO   4146.809978  10102020
2595          SANDRIDGE ENERGY INC   3008.798177  10102020
1221               FOREST OIL CORP   2227.610078  10102020
1928        MCMORAN EXPLORATION CO   2039.721971  10102020
[nan]
cluster 61:
                              name          mc     gics8
2623    SAGENT PHARMACEUTICALS INC  600.522229  35202010
2588  SCICLONE PHARMACEUTICALS INC  272.477915  35201010
946                  DATALINK CORP  148.861157  45202020
1790                     LRAD CORP   72.774699  45203010
106                 ADAMS GOLF INC   44.983419  25202010
1588                   IRIDEX CORP   35.882240  35101010
422                   BIDZ.COM INC   12.020430  25502020
[nan]
cluster 13:
                           name           mc     gics8
345                HOMEAWAY INC  3340.078989  25502020
1777                LOGMEIN INC   755.596578  45101010
894           DICE HOLDINGS INC   676.090517  45101010
3258                   ZIX CORP   217.595039  45101010
2461                   REIS INC   106.036901  45101010
108                 ADOLOR CORP   101.292572  35202010
1153  FRIENDFINDER NETWORKS INC    88.908749  45101010
[nan]
cluster 25:
                             name            mc     gics8
110     AUTOMATIC DATA PROCESSING  24554.722790  45102020
2049                  NETFLIX INC  12346.544075  25502020
1488          IAC/INTERACTIVECORP   3451.301668  45101010
915      DUNKIN' BRANDS GROUP INC   3328.208894  25301040
588    CADENCE DESIGN SYSTEMS INC   2486.513603  45103010
2610               SHUTTERFLY INC   1846.655313  25502020
2996  ULTIMATE SOFTWARE GROUP INC   1306.965300  45103010
596         CAREER EDUCATION CORP   1294.236537  25302010
875                   DENNYS CORP    369.176305  25301040
133           AFC ENTERPRISES INC    316.769200  25301040
[nan]
cluster 0:
                            name             mc     gics8
3111  VERIZON COMMUNICATIONS INC  102367.964456  50101020
2221   OCCIDENTAL PETROLEUM CORP   70499.727994  10102010
249                  APACHE CORP   39561.916488  10102020
252      ANADARKO PETROLEUM CORP   36713.431053  10102020
956            DEVON ENERGY CORP   28352.940765  10102020
1964           MARATHON OIL CORP   19220.880054  10102020
2555          SPRINT NEXTEL CORP   11253.679971  50102010
3076            VIRGIN MEDIA INC    7944.090048  25401025
2062            NII HOLDINGS INC    6589.361753  50102010
3154             WINDSTREAM CORP    6476.999903  50101020
[nan]
cluster 23:
                              name           mc     gics8
1381     HEALTHCARE SERVICES GROUP  1041.544068  20201070
1575    IPC THE HOSPITALIST CO INC   658.565883  35102015
2246             PC CONNECTION INC   236.480309  45203030
1318            GP STRATEGIES CORP   234.165382  20202010
1865  METROPOLITAN HLTH NTWRKS INC   210.776324  35102030
2258             PDF SOLUTIONS INC   140.880243  45301010
1030                 ENGLOBAL CORP    87.255082  10101020
114            ADDUS HOMECARE CORP    53.977743  35102015
2039           NETWORK ENGINES INC    53.699098  45201020
494                   BSQUARE CORP    50.003109  45103010
[nan]
cluster 1:
                              name           mc     gics8
1850      MICROCHIP TECHNOLOGY INC  6252.315835  45301020
1677               KLA-TENCOR CORP  6129.888152  45301010
3100  VARIAN SEMICONDUCTOR EQUIPMT  4652.551347  45301010
314                     ATMEL CORP  4183.566893  45301020
2949        TUPPERWARE BRANDS CORP  4075.828947  25201050
1217  FREESCALE SMCNDCTR HLD I LTD  2817.500000  45301020
343                       AVX CORP  2228.388702  45203015
3205          WOODWARD GOVERNOR CO  2220.510410  20104010
2123          NOVELLUS SYSTEMS INC  1947.547348  45301010
1970                MICROSEMI CORP  1346.031613  45301020
[nan]
cluster 22:
                           name            mc     gics8
3001     UNITEDHEALTH GROUP INC  50798.880489  35102030
1475                 HUMANA INC  12952.643330  35102030
1102                EXPEDIA INC   8307.667643  25502020
146             AMERIGROUP CORP   2392.097165  35102030
3129  WELLCARE HEALTH PLANS INC   1955.841158  35102030
1946      MOLINA HEALTHCARE INC    885.772244  35102030
935           DIGITAL RIVER INC    798.451592  45101010
2063              BLUE NILE INC    560.472247  25502020
2586          SOCKET MOBILE INC      8.191943  45202020
[nan]
cluster 20:
                             name            mc     gics8
481                 BROADCOM CORP  19072.750816  45301020
3095   VERTEX PHARMACEUTICALS INC   9392.303131  35201010
2042    NETLOGIC MICROSYSTEMS INC   2071.546082  45301020
3264                   ZORAN CORP    405.529435  45301020
199   APPLIED MICRO CIRCUITS CORP    366.285028  45301020
2041                NEOPROBE CORP    299.299760  35101010
162            ANTARES PHARMA INC    251.469081  35101020
748                      CRAY INC    205.509379  45202010
1979   MINDSPEED TECHNOLOGIES INC    196.411197  45301020
2005                MAXLINEAR INC    187.564994  45301020
[nan]
cluster 28:
                              name           mc     gics8
1545              INFORMATICA CORP  4457.132040  45103010
1227                  FORTINET INC  2925.225454  45103020
2417  QUESTCOR PHARMACEUTICALS INC  1872.644413  35202010
821          COMMVAULT SYSTEMS INC  1505.807393  45103020
566      COLUMBIA LABORATORIES INC   201.588770  35202010
2684                  SANTARUS INC   185.709735  35202010
190         ALLOS THERAPEUTICS INC   178.589046  35201010
1883             MERU NETWORKS INC   159.880901  45201020
2711               SUPPORT.COM INC   120.792983  45101010
505                BROADVISION INC    40.319750  45101010
[nan]
cluster 4:
                              name           mc     gics8
1628  J2 GLOBAL COMMUNICATIONS INC  1454.469110  45101010
1780                   LOOPNET INC   584.974650  45101010
2965     MONOTYPE IMAGING HOLDINGS   420.579180  45103010
1000                       8X8 INC   270.855135  50101010
198                   AMBIENT CORP   124.742841  45201020
[nan]
cluster 32:
                          name             mc     gics8
3225          EXXON MOBIL CORP  359893.717184  10102010
830               CHEVRON CORP  197974.835570  10102010
721             CONOCOPHILLIPS   95927.214985  10102010
547            CATERPILLAR INC   58792.037415  20106010
654       COLGATE-PALMOLIVE CO   43770.040420  30301010
1358            HALLIBURTON CO   40731.659020  10101020
370   BAXTER INTERNATIONAL INC   31719.339233  35101010
893               DANAHER CORP   31395.150765  20105010
2581      SOUTHERN COPPER CORP   28549.159212  15104020
419           BAKER HUGHES INC   26560.528928  10101020
[nan]
cluster 7:
                            name           mc     gics8
1472   HERTZ GLOBAL HOLDINGS INC  4663.858612  20304020
405       BRIGHAM EXPLORATION CO  3388.479379  10102020
2930     TESLA MOTORS INC  -REDH  2572.489608  25102010
2143         OASIS PETROLEUM INC  2458.627490  10102020
218                   AMYRIS INC   901.024347  10102030
3256                  ZIPCAR INC   820.490919  20304020
1387               HECKMANN CORP   675.850636  30201030
246             A123 SYSTEMS INC   602.399242  20104010
1585  IRIDIUM COMMUNICATIONS INC   540.985010  50101010
[nan]
cluster 14:
                          name           mc     gics8
1772             LINKEDIN CORP  8098.090548  45101010
3093              VERISIGN INC  5181.740361  45101010
265                  ARIBA INC  2646.639961  45103020
2178   HIGHER ONE HOLDINGS INC   908.218262  20201070
2717              SEQUENOM INC   607.655015  35203010
794       CONSTANT CONTACT INC   567.356183  45101010
3082                 VOCUS INC   416.806823  45101010
1013             ELLIE MAE INC   113.380597  45103010
2672  SMITH MICRO SOFTWARE INC    67.503542  45103010
1783        SPARK NETWORKS INC    67.136471  45101010
[nan]
cluster 56:
                              name           mc     gics8
1804        LEUCADIA NATIONAL CORP  7246.685520  40201030
2643  SIX FLAGS ENTERTAINMENT CORP  1831.863567  25301030
2786           SWISHER HYGIENE INC   769.617051  20201050
2914      SPEEDWAY MOTORSPORTS INC   556.140280  25301030
1645           JAMES RIVER COAL CO   385.171087  10102050
1276   GULF ISLAND FABRICATION INC   352.837972  10101020
2311          DOUGLAS DYNAMICS INC   319.496784  20106010
274                   AMERIGON INC   297.362565  25101010
2543                   RENTECH INC   223.343994  10102030
2437      RAM ENERGY RESOURCES INC    80.703242  10102020
[nan]
cluster 66:
                          name          mc     gics8
2753            STAMPS.COM INC  279.555755  45101010
3119  WAVE SYSTEMS CORP  -CL A  191.249596  45103020
3257             ZIPREALTY INC   46.047678  40403040
3106                VERTRO INC   10.927260  45101010
303         ASURE SOFTWARE INC   10.797500  45103010
[nan]
cluster 62:
                           name           mc     gics8
2124                    NVR INC  3551.027124  25201030
891              D R HORTON INC  3323.962822  25201030
1986        MERITAGE HOMES CORP   607.031780  25201030
2233      PARLUX FRAGRANCES INC    68.504072  30302010
1522                    IGO INC    45.131552  45202020
321                 AETRIUM INC    17.142506  45301010
3011  UNIVERSAL POWER GROUP INC    11.847199  20107010
[nan]
cluster 24:
                             name            mc     gics8
325       ACTIVISION BLIZZARD INC  11174.534448  45103030
1059          ELECTRONIC ARTS INC   7473.979975  45103030
1150              F5 NETWORKS INC   6584.901151  45201020
2520                    ROVI CORP   5463.079209  45103020
2547      RIVERBED TECHNOLOGY INC   3850.489803  45201020
2515                  ROLLINS INC   3071.770740  20201050
2780               SOLARWINDS INC   1803.289180  45103010
2008          MYRIAD GENETICS INC   1710.218579  35201010
2321               PMC-SIERRA INC   1422.228208  45301020
2732  SS&C TECHNOLOGIES HLDGS INC   1275.913732  45103010
[nan]
cluster 17:
                              name          mc     gics8
1864                  MEDICINES CO  787.370720  35202010
2708  SPECTRUM PHARMACEUTICALS INC  452.698740  35201010
1669             KEYW HOLDING CORP  309.831961  20101010
2397  PERNIX THERAPEUTICS HOLDINGS  200.945723  35202010
765   CORNERSTONE THERAPEUTICS INC  200.745658  35202010
329                  AUTHENTEC INC  127.031607  45301020
2662             SOLTA MEDICAL INC  103.870891  35101010
1980  MCCORMICK & SCHMICKS SEAFOOD   92.788796  25301040
1512               I D SYSTEMS INC   60.403316  45203010
[nan]
cluster 27:
                             name            mc     gics8
670     CONTINENTAL RESOURCES INC  10089.653920  10102020
372  BREITBURN ENERGY PARTNERS LP   1091.648263  10102020
[nan]
cluster 47:
                  name         mc     gics8
387  BEACON POWER CORP  25.819938  20104020
[nan]
cluster 55:
                              name             mc     gics8
1258           GENERAL ELECTRIC CO  172891.489407  20105010
390   BIOCRYST PHARMACEUTICALS INC     148.995003  35201010
[nan]
cluster 29:
                              name            mc     gics8
1046  ENTERPRISE PRODS PRTNRS  -LP  36011.814939  10102040
1809          LAS VEGAS SANDS CORP  33993.774688  25301010
1680     KINDER MORGAN ENERGY  -LP  23132.377128  10102040
2533         REPUBLIC SERVICES INC  11430.540230  20201050
990    ENBRIDGE ENERGY PRTNRS  -LP   7287.536888  10102040
2000   MARKWEST ENERGY PARTNERS LP   3611.438119  10102040
2052   TARGA RESOURCES PARTNERS LP   2966.460054  10102040
2833                 TIDEWATER INC   2780.722382  10101020
421                      SOTHEBY'S   2513.647404  25302020
524                    CABELAS INC   1627.798463  25504040
[nan]
cluster 52:
                name          mc     gics8
429     ACTUATE CORP  301.028510  45103010
1537  IMMERSION CORP  202.186039  45202020
[nan]
cluster 63:
                            name          mc     gics8
530  CADENCE PHARMACEUTICALS INC  415.833268  35202010
[nan]
cluster 16:
                      name           mc     gics8
675         CLEARWIRE CORP  2935.166316  50102010
1328        GLOBALSTAR INC   239.846185  50101010
927   DELTA PETROLEUM CORP    93.685895  10102020
[nan]
cluster 3:
               name           mc     gics8
914   DENDREON CORP  1828.083589  35201010
1267       GEVO INC   276.963744  10102030
[nan]
cluster 44:
           name         mc     gics8
965  DAXOR CORP  44.544089  35101010
[nan]
cluster 41:
           name         mc     gics8
968  DYNEGY INC  538.03496  55105010
[nan]
cluster 50:
                         name           mc     gics8
3219       EXCO RESOURCES INC  2863.569103  10102020
1257  GOODRICH PETROLEUM CORP   578.673811  10102020
1295        GMX RESOURCES INC   171.638438  10102020
[nan]
cluster 57:
                         name          mc     gics8
1300  GENMARK DIAGNOSTICS INC  127.966058  35101010
[nan]
cluster 30:
                              name           mc     gics8
1560      WORLD FUEL SERVICES CORP  2641.953936  10102030
3195  WAYSIDE TECHNOLOGY GROUP INC    54.785525  45203030
[nan]
cluster 5:
                          name           mc     gics8
1622  JAZZ PHARMACEUTICALS INC  1790.197724  35202010
2237  PRESTIGE BRANDS HOLDINGS   540.912492  30302010
[nan]
cluster 53:
              name           mc     gics8
1854  MOLYCORP INC  4741.765084  15104020
[nan]
cluster 49:
                         name         mc     gics8
2012  NABI BIOPHARMACEUTICALS  81.052293  35201010
[nan]
cluster 59:
                        name         mc     gics8
2061  NICHOLAS FINANCIAL INC  132.24829  40202010
[nan]
cluster 35:
                      name          mc     gics8
2355  PILGRIM'S PRIDE CORP  746.397027  30202030
[nan]
cluster 58:
                    name          mc     gics8
2400  PENN VIRGINIA CORP  371.491912  10102020
[nan]
cluster 51:
                name          mc     gics8
2493  REACHLOCAL INC  425.180107  25401010
[nan]
cluster 64:
                             name         mc     gics8
2591  SUPERCONDUCTOR TECHNOLOGIES  56.815162  45203015
[nan]
cluster 48:
                             name         mc     gics8
2691  SOMAXON PHARMACEUTICALS INC  47.198002  35202010
[nan]
cluster 67:
                 name        mc     gics8
2960  TRANSWITCH CORP  86.67639  45301020
[nan]
cluster 36:
                name         mc     gics8
3089  VERMILLION INC  41.324363  35101010
[nan]
cluster 39:
                  name         mc     gics8
3151  WORLD HEART CORP  11.740225  35101010
[nan]
cluster 42:
              name          mc     gics8
3155  WINMARK CORP  233.185319  25504040
[nan]
<class 'pandas.core.frame.DataFrame'>
Int64Index: 1595 entries, 0 to 3264
Data columns (total 34 columns):
symbol                        1595 non-null object
act_m_che__ppent              1595 non-null float64
ap__act_m_che_ppent           1595 non-null float64
ap_revtq2                     1595 non-null float64
capxq__act_m_che_ppent        1595 non-null float64
capxq_revtq2                  1595 non-null float64
cfroq__act_m_che_ppent        1595 non-null float64
cfroq_revtq2                  1595 non-null float64
cogsq_revtq2                  1595 non-null float64
dpq_capxq                     1595 non-null float64
dpq_gpq                       1595 non-null float64
dpq_revtq2                    1595 non-null float64
gpq__act_m_che_ppent          1595 non-null float64
gpq_revtq2                    1595 non-null float64
invt__act_m_che               1595 non-null float64
invt_revtq2                   1595 non-null float64
lct_m_dlc__act_m_che          1595 non-null float64
lct_m_dlc__act_m_che_ppent    1595 non-null float64
oiadpq_revtq2                 1595 non-null float64
ppent_ppegt                   1595 non-null float64
rect__act_m_che               1595 non-null float64
rect_revtq2                   1595 non-null float64
revtltm_pqoq                  1595 non-null float64
revtq2_ppent                  1595 non-null float64
revtq2_pqoq                   1595 non-null float64
revtq2_pyoy                   1595 non-null float64
xrdq2__act_m_che_ppent        1595 non-null float64
xrdq2_revtq2                  1595 non-null float64
name                          1595 non-null object
fyr_used                      1595 non-null float64
gics8                         1595 non-null int32
mc                            1595 non-null float64
kmeans.fact_068               1595 non-null int64
hier.fact_068                 1595 non-null int64
dtypes: float64(29), int32(1), int64(2), object(2)
memory usage: 429.9+ KB
None
