doing n_clusters= 24
reading ../data/yf_data.csv
<class 'pandas.core.frame.DataFrame'>
RangeIndex: 3370 entries, 0 to 3369
Data columns (total 2 columns):
symbol     3370 non-null object
content    3370 non-null object
dtypes: object(2)
memory usage: 52.7+ KB
None
reading ../data/gf_data.csv
<class 'pandas.core.frame.DataFrame'>
RangeIndex: 3617 entries, 0 to 3616
Data columns (total 2 columns):
symbol     3617 non-null object
content    3617 non-null object
dtypes: object(2)
memory usage: 56.6+ KB
None
reading ../data/mw_data.csv
<class 'pandas.core.frame.DataFrame'>
RangeIndex: 3368 entries, 0 to 3367
Data columns (total 2 columns):
symbol     3368 non-null object
content    3368 non-null object
dtypes: object(2)
memory usage: 52.7+ KB
None
<class 'pandas.core.frame.DataFrame'>
Int64Index: 3818 entries, 0 to 3817
Data columns (total 4 columns):
symbol       3818 non-null object
yfcontent    3371 non-null object
gfcontent    3618 non-null object
mwcontent    3368 non-null object
dtypes: object(4)
memory usage: 149.1+ KB
None
<class 'pandas.core.frame.DataFrame'>
Int64Index: 3818 entries, 0 to 3817
Data columns (total 2 columns):
symbol     3818 non-null object
content    3818 non-null object
dtypes: object(2)
memory usage: 89.5+ KB
None
0    Agilent Technologies, Inc. provides applicatio...
1    Alcoa Corporation produces and sells bauxite, ...
2    AAC Holdings, Inc. provides inpatient substanc...
3    American Airlines Group Inc., through its subs...
4    Altisource Asset Management Corporation, an as...
Name: content, dtype: object
<class 'pandas.core.frame.DataFrame'>
Int64Index: 3762 entries, 0 to 3843
Data columns (total 4 columns):
symbol    3762 non-null object
name      3762 non-null object
mc        3762 non-null float64
gics8     3762 non-null int32
dtypes: float64(1), int32(1), object(2)
memory usage: 132.3+ KB
None
preview
  symbol                                            content  \
0      A  Agilent Technologies, Inc. provides applicatio...   
1     AA  Alcoa Corporation produces and sells bauxite, ...   
2    AAC  AAC Holdings, Inc. provides inpatient substanc...   
3   AAMC  Altisource Asset Management Corporation, an as...   
4   AAME  Atlantic American Corporation, through its sub...   

                         name            mc     gics8  
0    AGILENT TECHNOLOGIES INC  17983.699509  35203010  
1                  ALCOA CORP   5880.946347  15104010  
2            AAC HOLDINGS INC    157.941638  35102020  
3  ALTISOURCE ASSET MGMT CORP    113.704504  60102040  
4      ATLANTIC AMERICAN CORP     75.561401  40301030  
Initialization complete
Iteration  0, inertia 4335.148
Iteration  1, inertia 2435.767
Iteration  2, inertia 2401.840
Iteration  3, inertia 2391.733
Iteration  4, inertia 2386.975
Iteration  5, inertia 2381.282
Iteration  6, inertia 2377.632
Iteration  7, inertia 2376.006
Iteration  8, inertia 2374.950
Iteration  9, inertia 2373.825
Iteration 10, inertia 2372.715
Iteration 11, inertia 2372.130
Iteration 12, inertia 2371.757
Iteration 13, inertia 2371.563
Iteration 14, inertia 2371.357
Iteration 15, inertia 2371.272
Iteration 16, inertia 2371.253
Iteration 17, inertia 2371.243
Converged at iteration 17: center shift 0.000000e+00 within tolerance 9.206262e-08
Initialization complete
Iteration  0, inertia 4309.712
Iteration  1, inertia 2461.926
Iteration  2, inertia 2404.509
Iteration  3, inertia 2389.183
Iteration  4, inertia 2384.977
Iteration  5, inertia 2382.685
Iteration  6, inertia 2380.613
Iteration  7, inertia 2379.006
Iteration  8, inertia 2378.051
Iteration  9, inertia 2377.674
Iteration 10, inertia 2377.422
Iteration 11, inertia 2377.138
Iteration 12, inertia 2376.221
Iteration 13, inertia 2375.523
Iteration 14, inertia 2375.117
Iteration 15, inertia 2374.912
Iteration 16, inertia 2374.859
Iteration 17, inertia 2374.840
Iteration 18, inertia 2374.827
Iteration 19, inertia 2374.811
Converged at iteration 19: center shift 0.000000e+00 within tolerance 9.206262e-08
Initialization complete
Iteration  0, inertia 4246.502
Iteration  1, inertia 2427.270
Iteration  2, inertia 2394.723
Iteration  3, inertia 2382.012
Iteration  4, inertia 2377.970
Iteration  5, inertia 2376.646
Iteration  6, inertia 2375.895
Iteration  7, inertia 2375.145
Iteration  8, inertia 2374.579
Iteration  9, inertia 2374.102
Iteration 10, inertia 2373.673
Iteration 11, inertia 2373.404
Iteration 12, inertia 2373.237
Iteration 13, inertia 2373.162
Iteration 14, inertia 2373.143
Converged at iteration 14: center shift 0.000000e+00 within tolerance 9.206262e-08
Initialization complete
Iteration  0, inertia 4212.695
Iteration  1, inertia 2433.763
Iteration  2, inertia 2401.797
Iteration  3, inertia 2388.753
Iteration  4, inertia 2380.636
Iteration  5, inertia 2376.942
Iteration  6, inertia 2375.002
Iteration  7, inertia 2373.916
Iteration  8, inertia 2372.832
Iteration  9, inertia 2371.270
Iteration 10, inertia 2370.389
Iteration 11, inertia 2369.972
Iteration 12, inertia 2369.676
Iteration 13, inertia 2369.319
Iteration 14, inertia 2368.914
Iteration 15, inertia 2368.284
Iteration 16, inertia 2367.711
Iteration 17, inertia 2367.243
Iteration 18, inertia 2366.829
Iteration 19, inertia 2366.515
Iteration 20, inertia 2366.278
Iteration 21, inertia 2366.155
Iteration 22, inertia 2366.027
Iteration 23, inertia 2365.863
Iteration 24, inertia 2365.792
Iteration 25, inertia 2365.748
Iteration 26, inertia 2365.719
Iteration 27, inertia 2365.673
Iteration 28, inertia 2365.658
Converged at iteration 28: center shift 0.000000e+00 within tolerance 9.206262e-08
Initialization complete
Iteration  0, inertia 4258.948
Iteration  1, inertia 2438.322
Iteration  2, inertia 2399.351
Iteration  3, inertia 2387.686
Iteration  4, inertia 2382.543
Iteration  5, inertia 2379.955
Iteration  6, inertia 2378.291
Iteration  7, inertia 2377.063
Iteration  8, inertia 2375.776
Iteration  9, inertia 2374.581
Iteration 10, inertia 2373.810
Iteration 11, inertia 2373.107
Iteration 12, inertia 2372.675
Iteration 13, inertia 2372.126
Iteration 14, inertia 2371.582
Iteration 15, inertia 2371.193
Iteration 16, inertia 2371.058
Iteration 17, inertia 2370.929
Iteration 18, inertia 2370.785
Iteration 19, inertia 2370.614
Iteration 20, inertia 2370.455
Iteration 21, inertia 2370.130
Iteration 22, inertia 2369.715
Iteration 23, inertia 2369.125
Iteration 24, inertia 2368.610
Iteration 25, inertia 2367.869
Iteration 26, inertia 2367.254
Iteration 27, inertia 2366.818
Iteration 28, inertia 2366.496
Iteration 29, inertia 2366.134
Iteration 30, inertia 2365.875
Iteration 31, inertia 2365.701
Iteration 32, inertia 2365.559
Iteration 33, inertia 2365.490
Iteration 34, inertia 2365.411
Iteration 35, inertia 2365.299
Iteration 36, inertia 2365.211
Iteration 37, inertia 2365.158
Iteration 38, inertia 2365.120
Converged at iteration 38: center shift 0.000000e+00 within tolerance 9.206262e-08
Initialization complete
Iteration  0, inertia 4195.010
Iteration  1, inertia 2415.705
Iteration  2, inertia 2387.344
Iteration  3, inertia 2377.879
Iteration  4, inertia 2374.513
Iteration  5, inertia 2372.941
Iteration  6, inertia 2372.180
Iteration  7, inertia 2371.558
Iteration  8, inertia 2370.900
Iteration  9, inertia 2370.447
Iteration 10, inertia 2369.987
Iteration 11, inertia 2369.446
Iteration 12, inertia 2368.960
Iteration 13, inertia 2368.381
Iteration 14, inertia 2367.329
Iteration 15, inertia 2366.113
Iteration 16, inertia 2365.502
Iteration 17, inertia 2364.999
Iteration 18, inertia 2364.666
Iteration 19, inertia 2364.400
Iteration 20, inertia 2364.262
Iteration 21, inertia 2364.167
Iteration 22, inertia 2364.072
Iteration 23, inertia 2364.010
Iteration 24, inertia 2363.962
Iteration 25, inertia 2363.875
Iteration 26, inertia 2363.860
Iteration 27, inertia 2363.846
Iteration 28, inertia 2363.834
Converged at iteration 28: center shift 0.000000e+00 within tolerance 9.206262e-08
Initialization complete
Iteration  0, inertia 4230.307
Iteration  1, inertia 2428.468
Iteration  2, inertia 2392.428
Iteration  3, inertia 2378.049
Iteration  4, inertia 2370.149
Iteration  5, inertia 2364.486
Iteration  6, inertia 2361.746
Iteration  7, inertia 2360.179
Iteration  8, inertia 2358.906
Iteration  9, inertia 2358.197
Iteration 10, inertia 2357.740
Iteration 11, inertia 2357.409
Iteration 12, inertia 2357.100
Iteration 13, inertia 2356.744
Iteration 14, inertia 2356.506
Iteration 15, inertia 2356.420
Iteration 16, inertia 2356.396
Iteration 17, inertia 2356.382
Converged at iteration 17: center shift 0.000000e+00 within tolerance 9.206262e-08
Initialization complete
Iteration  0, inertia 4260.477
Iteration  1, inertia 2429.995
Iteration  2, inertia 2396.232
Iteration  3, inertia 2385.495
Iteration  4, inertia 2380.565
Iteration  5, inertia 2378.069
Iteration  6, inertia 2376.647
Iteration  7, inertia 2375.778
Iteration  8, inertia 2375.171
Iteration  9, inertia 2374.650
Iteration 10, inertia 2374.271
Iteration 11, inertia 2373.922
Iteration 12, inertia 2373.649
Iteration 13, inertia 2373.381
Iteration 14, inertia 2373.166
Iteration 15, inertia 2372.909
Iteration 16, inertia 2372.523
Iteration 17, inertia 2372.096
Iteration 18, inertia 2371.375
Iteration 19, inertia 2370.994
Iteration 20, inertia 2370.804
Iteration 21, inertia 2370.655
Iteration 22, inertia 2370.559
Iteration 23, inertia 2370.484
Iteration 24, inertia 2370.425
Iteration 25, inertia 2370.348
Iteration 26, inertia 2370.328
Iteration 27, inertia 2370.280
Iteration 28, inertia 2370.225
Iteration 29, inertia 2370.219
Converged at iteration 29: center shift 0.000000e+00 within tolerance 9.206262e-08
Initialization complete
Iteration  0, inertia 4327.047
Iteration  1, inertia 2446.680
Iteration  2, inertia 2407.206
Iteration  3, inertia 2391.675
Iteration  4, inertia 2385.780
Iteration  5, inertia 2383.524
Iteration  6, inertia 2382.079
Iteration  7, inertia 2380.434
Iteration  8, inertia 2379.377
Iteration  9, inertia 2378.945
Iteration 10, inertia 2378.624
Iteration 11, inertia 2378.404
Iteration 12, inertia 2378.336
Iteration 13, inertia 2378.207
Iteration 14, inertia 2377.992
Iteration 15, inertia 2377.761
Iteration 16, inertia 2377.649
Iteration 17, inertia 2377.583
Iteration 18, inertia 2377.541
Iteration 19, inertia 2377.534
Converged at iteration 19: center shift 0.000000e+00 within tolerance 9.206262e-08
Initialization complete
Iteration  0, inertia 4279.543
Iteration  1, inertia 2447.201
Iteration  2, inertia 2409.055
Iteration  3, inertia 2394.726
Iteration  4, inertia 2386.228
Iteration  5, inertia 2380.438
Iteration  6, inertia 2376.011
Iteration  7, inertia 2373.238
Iteration  8, inertia 2370.804
Iteration  9, inertia 2368.860
Iteration 10, inertia 2368.659
Iteration 11, inertia 2368.560
Iteration 12, inertia 2368.425
Iteration 13, inertia 2368.329
Iteration 14, inertia 2368.280
Iteration 15, inertia 2368.247
Iteration 16, inertia 2368.198
Iteration 17, inertia 2368.156
Iteration 18, inertia 2368.107
Iteration 19, inertia 2368.077
Iteration 20, inertia 2368.035
Iteration 21, inertia 2368.010
Iteration 22, inertia 2367.996
Converged at iteration 22: center shift 0.000000e+00 within tolerance 9.206262e-08
[ 4 12 21 ..., 18 17  4]
top centroids:
[[600 532 343 767 824  50 792  99 483 842 484 949 201  86 451 208 353 486
  781]
 [943 187 208 919 297 284 694 692 115 733 681 283 144 691 202 143 296 873
  311]
 [532 101 102  27 275 201 841 815 343 100 767 208 276 424 600 253 358 231
  792]
 [642 394 613 347 107 744 917 734 208 808 328 476 983 791 615 844  31  30
  284]
 [573 735 208 895 288 153 117 896 287 289 924 470 916 286 957 943 680 556
  921]
 [735 126 208 370 882 371 385 124 153 827 384 799 114 833  61 564 477 407
  953]
 [834 735 712 861 287 915 896 321 208  76 277 341 847 575 557 804 212 957
  472]
 [153 841 416 417 693 827 431 573 549  34 208 861 349 778 427 629 753 166
  529]
 [394 613 255 642 880 395 328 585 690 698 772 541 937 676 697 827  86 208
  536]
 [483 389 841 549 468 358  85 342 485 929  45 451 208 824 361 609 186 753
  725]
 [382 937 947 841 536  56  57 208 764 827 775 130 362  61 753 477 953 313
  512]
 [471 519 160 745 735 514 827 208 779 201 409 708 841 416 251 687  95  70
  525]
 [735 827 208 569 878 457 867 556 670 957 390 833 564 731 176 228  60 993
  132]
 [896 341 735 827 212 457 678 556 712 208 238 201  46 970 268 564 279 841
   57]
 [141 187 694 162 943 208 681 873 944 644 463 115 144 163 919 945 284 440
  733]
 [744 343 767 949 483 780 208 638 768 666 830 205 433 745 486 845 166 284
  664]
 [798 158 797 208 338 392 159 648 379 647 664 667 370 490 876 378  17 998
  391]
 [328 978 712 318 394 320 208 962 935 191 397 613 841 777 827 857 303 259
  783]
 [102 101 841 532 201 358 275 549 949  27 483 471 208 600 979 513 424 343
  231]
 [971 841 292 234 204 572 208 990  43 908 594 616 618 973 338 263 861 479
  735]
 [856 861 841 188 263 549 208 336 825 705 905 753  76 460 840  67 594 891
  735]
 [841 208 827 861 753 549 648 428 135 905 682 358 828 651 735 229 637 409
  477]
 [266 588 484 207 342 483 835 147 486 388 481 532 826 823 584 560  64 208
  824]
 [882  73  24 799 372 208 577 992 198 735 800 427 576 126 124 986 647 648
  403]]
    kmeans.text_024                                           features
0                 0  [mortgage, loans, estate, real, securities, ag...
1                 1  [treatment, clinical, company, therapeutics, d...
2                 2  [loans, bank, banking, accounts, deposit, comm...
3                 3  [oil, gas, natural, exploration, basin, proper...
4                 4  [medical, products, company, surgical, diagnos...
5                 5  [products, brands, company, food, stores, food...
6                 6  [semiconductor, products, power, solutions, de...
7                 7  [care, services, health, healthcare, pharmacy,...
8                 8  [gas, natural, crude, oil, storage, gathering,...
9                 9  [investment, funds, services, management, inst...
10               10  [freight, transportation, truckload, services,...
11               11  [insurance, life, casualty, property, products...
12               12  [products, segment, company, materials, steel,...
13               13  [systems, equipment, products, segment, compon...
14               14  [cancer, clinical, phase, cell, treatment, com...
15               15  [properties, estate, real, trust, investment, ...
16               16  [restaurants, casino, restaurant, company, ent...
17               17  [energy, water, power, electric, gas, electric...
18               18  [banking, bank, services, loans, commercial, f...
19               19  [video, services, digital, content, communicat...
20               20  [software, solutions, services, cloud, data, m...
21               21  [services, company, segment, solutions, provid...
22               22  [debt, million, investments, companies, equity...
23               23  [stores, apparel, accessories, retail, footwea...
n,inertia 24 2356.38165136
cluster 0:
                           name            mc     gics8
18                  LENNAR CORP  11981.146140  25201030
24    ANNALY CAPITAL MANAGEMENT  11657.032795  40204010
3          AGNC INVESTMENT CORP   6620.000000  40204010
39  STARWOOD PROPERTY TRUST INC   5618.310631  40204010
25       NEW RESIDENTIAL INV CP   4865.098882  40204010
22      MGIC INVESTMENT CORP/WI   3615.786112  40102010
34             RADIAN GROUP INC   3568.359723  40102010
40  TWO HARBORS INVESTMENT CORP   3471.684531  40204010
10      CHIMERA INVESTMENT CORP   3359.375055  40204010
20            MFA FINANCIAL INC   3027.290239  40204010
[[u'mortgage, loans, estate, real, securities, agency, residential, backed, investment, servicing, investments, trust, commercial, assets, income, company, federal, invests, related']]
cluster 1:
                            name             mc     gics8
45                    ABBVIE INC  104441.344030  35201010
117          GILEAD SCIENCES INC   84210.010399  35201010
77                    BIOGEN INC   53624.844169  35201010
175    REGENERON PHARMACEUTICALS   48598.100961  35201010
205   VERTEX PHARMACEUTICALS INC   29351.716469  35201010
62   ALEXION PHARMACEUTICALS INC   26134.079590  35201010
79   BIOMARIN PHARMACEUTICAL INC   15595.643144  35201010
61   ALNYLAM PHARMACEUTICALS INC    6118.580370  35201010
200     UNITED THERAPEUTICS CORP    5459.922497  35201010
147   NEUROCRINE BIOSCIENCES INC    4689.317084  35201010
[[u'treatment, clinical, company, therapeutics, diseases, development, phase, pharmaceuticals, biopharmaceutical, product, patients, developing, candidates, pharmaceutical, commercialization, candidate, disease, stage, drug']]
cluster 2:
                           name           mc     gics8
331  NEW YORK CMNTY BANCORP INC  6302.617228  40102010
340             PACWEST BANCORP  5709.818092  40101015
339      BANK OF THE OZARKS INC  5643.511277  40101015
391    WESTERN ALLIANCE BANCORP  4798.028103  40101015
366                    SLM CORP  4569.660229  40202010
377          TFS FINANCIAL CORP  4568.717347  40102010
341   PROSPERITY BANCSHARES INC  4414.759264  40101015
306       INVESTORS BANCORP INC  4096.817941  40101015
228              BANKUNITED INC  3614.363566  40101015
388     VALLEY NATIONAL BANCORP  3013.075660  40101015
[[u'loans, bank, banking, accounts, deposit, commercial, services, savings, estate, bancorp, real, company, deposits, holding, mortgage, credit, financial, consumer, residential']]
cluster 3:
                             name            mc     gics8
412                CONOCOPHILLIPS  57426.365596  10102020
428             EOG RESOURCES INC  52928.803815  10102020
466     OCCIDENTAL PETROLEUM CORP  46096.632965  10102010
475  PIONEER NATURAL RESOURCES CO  29383.721672  10102020
396       ANADARKO PETROLEUM CORP  28742.954282  10102020
421             DEVON ENERGY CORP  19409.400803  10102020
418          CONCHO RESOURCES INC  19280.405589  10102020
395                   APACHE CORP  18991.291530  10102020
436          FREEPORT-MCMORAN INC  16336.629945  15104025
409     CONTINENTAL RESOURCES INC  15366.505563  10102020
[[u'oil, gas, natural, exploration, basin, properties, texas, production, company, royalty, energy, interests, wells, reserves, net, shale, acres, acquisition, development']]
cluster 4:
                             name             mc     gics8
590             JOHNSON & JOHNSON  342172.590836  35202010
517           ABBOTT LABORATORIES   74581.993837  35101010
637  THERMO FISHER SCIENTIFIC INC   67188.109435  35203010
558                  DANAHER CORP   56763.495156  35101010
633                  STRYKER CORP   50430.158630  35101010
537         BECTON DICKINSON & CO   38951.626180  35101010
543        BOSTON SCIENTIFIC CORP   35787.816225  35101010
588        INTUITIVE SURGICAL INC   31647.262625  35101010
535      BAXTER INTERNATIONAL INC   30972.544387  35101010
650                    ZOETIS INC   29435.489833  35202010
[[u'medical, products, company, surgical, diagnostic, care, blood, systems, devices, diagnostics, tissue, instruments, testing, device, used, treatment, patient, manufactures, therapy']]
cluster 5:
                            name             mc     gics8
751          PROCTER & GAMBLE CO  229101.167328  30301010
750                   PFIZER INC  192283.940965  35202010
716                 COCA-COLA CO  187157.396740  30201030
752  PHILIP MORRIS INTERNATIONAL  176405.715031  30203010
747                  PEPSICO INC  163062.898254  30201030
730             ALTRIA GROUP INC  136505.157282  30203010
758        REYNOLDS AMERICAN INC   93572.119539  30203010
769               STARBUCKS CORP   86601.410637  25301040
675        COSTCO WHOLESALE CORP   74936.009681  30101040
726   MONDELEZ INTERNATIONAL INC   68441.160278  30202030
[[u'products, brands, company, food, stores, foods, frozen, brand, care, segment, fresh, retail, beverages, sells, america, markets, international, grocery, united']]
cluster 6:
                       name             mc     gics8
854              INTEL CORP  165850.985748  45301020
921   TEXAS INSTRUMENTS INC   79050.149702  45301020
887             NVIDIA CORP   77845.954285  45301020
811   APPLIED MATERIALS INC   47422.799835  45301010
878   MICRON TECHNOLOGY INC   30392.879494  45301020
808          ANALOG DEVICES   24884.953440  45301020
867       LAM RESEARCH CORP   24564.194612  45301010
815           AMPHENOL CORP   22126.228626  45203015
908     ROCKWELL AUTOMATION   19863.536628  20104010
916  SKYWORKS SOLUTIONS INC   19040.399437  45301020
[[u'semiconductor, products, power, solutions, devices, test, systems, electronic, company, applications, design, equipment, signal, memory, manufacturing, rf, components, used, integrated']]
cluster 7:
                              name             mc     gics8
985                     MERCK & CO  175086.441015  35202010
1003        UNITEDHEALTH GROUP INC  165449.247055  35102030
1006  WALGREENS BOOTS ALLIANCE INC   88022.629905  30101010
957                CVS HEALTH CORP   78688.742821  30101010
940                     ANTHEM INC   46836.102397  35102030
965     EXPRESS SCRIPTS HOLDING CO   35172.409024  35102015
975                     HUMANA INC   33020.714798  35102030
979                  MCKESSON CORP   29985.280518  35102010
968               HCA HOLDINGS INC   29960.132284  35102020
945            CARDINAL HEALTH INC   22812.040771  35102010
[[u'care, services, health, healthcare, pharmacy, segment, hospitals, medical, management, acute, company, solutions, facilities, rehabilitation, home, nursing, provides, centers, living']]
cluster 8:
                              name             mc     gics8
1115              EXXON MOBIL CORP  346374.750000  10102010
1031                  CHEVRON CORP  199250.531264  10102010
1044  ENTERPRISE PRODS PRTNRS  -LP   56635.612403  10102040
1088                   SOUTHERN CO   49501.192685  55101010
1056             KINDER MORGAN INC   43375.491338  10102040
1080                   PHILLIPS 66   40023.422150  10102030
1104            VALERO ENERGY CORP   28412.717682  10102030
1090                 SEMPRA ENERGY   27800.760536  55103010
1062       MARATHON PETROLEUM CORP   26956.859287  10102030
1114          WILLIAMS PARTNERS LP   25171.179009  10102040
[[u'gas, natural, crude, oil, storage, gathering, energy, midstream, petroleum, pipelines, refined, lp, transportation, partners, pipeline, segment, assets, company, logistics']]
cluster 9:
                              name            mc     gics8
1148       GOLDMAN SACHS GROUP INC  84943.354559  40203020
1168                MORGAN STANLEY  76503.752463  40203020
1127                 BLACKROCK INC  62855.652022  40203010
1178         SCHWAB (CHARLES) CORP  51241.724034  40203020
1126  BANK OF NEW YORK MELLON CORP  48042.318193  40203010
1151     INTERCONTINENTAL EXCHANGE  34743.870090  40203040
1183             STATE STREET CORP  30067.400170  40203010
1124        FRANKLIN RESOURCES INC  23534.445603  40203010
1171           NORTHERN TRUST CORP  19914.289022  40203010
1120    TD AMERITRADE HOLDING CORP  19298.399597  40203020
[[u'investment, funds, services, management, institutional, financial, asset, equity, investors, trading, advisory, income, company, securities, fixed, mutual, clients, provides, private']]
cluster 10:
                              name            mc     gics8
1235     UNITED PARCEL SERVICE INC  89672.112122  20301010
1205                    FEDEX CORP  50461.671088  20301010
1200                      CSX CORP  46346.574308  20304010
1202           DELTA AIR LINES INC  35055.378538  20302010
1218            SOUTHWEST AIRLINES  34641.124270  20302010
1221         NORFOLK SOUTHERN CORP  32687.484234  20304010
1234  UNITED CONTINENTAL HLDGS INC  23639.675047  20302010
1195          ALASKA AIR GROUP INC  10274.455964  20302010
1199    C H ROBINSON WORLDWIDE INC   9607.621595  20301010
1216          KANSAS CITY SOUTHERN   9565.323576  20304010
[[u'freight, transportation, truckload, services, logistics, air, aircraft, company, rail, segment, regional, brokerage, fleet, america, provides, international, united, dry, leasing']]
cluster 11:
                              name            mc     gics8
1248  AMERICAN INTERNATIONAL GROUP  57858.846625  40301030
1293                   METLIFE INC  53860.600495  40301020
1243                     AETNA INC  46514.289583  35102030
1305      PRUDENTIAL FINANCIAL INC  44410.669890  40301020
1255                    CIGNA CORP  41020.343264  35102030
1317             TRAVELERS COS INC  33773.871233  40301040
1250                 ALLSTATE CORP  30922.800446  40301040
1246                     AFLAC INC  29340.707926  40301020
1301         PROGRESSIVE CORP-OHIO  24148.012823  40301040
1280   HARTFORD FINANCIAL SERVICES  17976.152733  40301030
[[u'insurance, life, casualty, property, products, liability, segment, company, reinsurance, commercial, group, policies, services, health, coverage, personal, automobile, annuities, lines']]
cluster 12:
                              name             mc     gics8
1412                HOME DEPOT INC  187307.096329  25504030
1465                         3M CO  116605.055559  20105010
1553            UNION PACIFIC CORP   86694.379925  20304010
1450              LILLY (ELI) & CO   86254.191826  35202010
1385                  DOW CHEMICAL   74010.755364  15101020
1382      DU PONT (E I) DE NEMOURS   66785.668333  15101020
1506                   PRAXAIR INC   36630.884253  15101040
1339  AIR PRODUCTS & CHEMICALS INC   31071.463045  15101040
1522           SHERWIN-WILLIAMS CO   30845.856274  15101050
1504            PPG INDUSTRIES INC   27000.587857  15101050
[[u'products, segment, company, materials, steel, industrial, specialty, manufactures, packaging, used, furniture, sells, markets, produces, chemicals, construction, aluminum, wood, building']]
cluster 13:
                             name             mc     gics8
1604                    BOEING CO  107467.497103  20101010
1666  HONEYWELL INTERNATIONAL INC   99223.533015  20105010
1775     UNITED TECHNOLOGIES CORP   95642.526253  20101010
1691         LOCKHEED MARTIN CORP   77373.919368  20101010
1649        GENERAL DYNAMICS CORP   58116.685929  20101010
1676          ILLINOIS TOOL WORKS   46756.794958  20106020
1735                  RAYTHEON CO   45945.989822  20101010
1710        NORTHROP GRUMMAN CORP   43123.980330  20101010
1636          EMERSON ELECTRIC CO   37664.043885  20104010
1631                   DEERE & CO   35860.961036  20106015
[[u'systems, equipment, products, segment, components, industrial, parts, manufactures, power, company, control, commercial, aerospace, vehicles, defense, markets, designs, services, aircraft']]
cluster 14:
                         name             mc     gics8
1793                AMGEN INC  116274.357086  35201010
1812             CELGENE CORP   91689.401192  35201010
1804  BRISTOL-MYERS SQUIBB CO   88575.657990  35202010
1848              INCYTE CORP   26347.805886  35201010
1870     SEATTLE GENETICS INC    9515.714758  35201010
1876               TESARO INC    8353.848269  35201010
1829             EXELIXIS INC    6147.118361  35201010
1852          KITE PHARMA INC    4073.394835  35201010
1803         BLUEBIRD BIO INC    3619.639255  35201010
1828      EXACT SCIENCES CORP    3450.465907  35201010
[[u'cancer, clinical, phase, cell, treatment, company, patients, stage, trial, oncology, inhibitor, biopharmaceutical, candidates, cells, therapeutics, trials, development, ii, product']]
cluster 15:
                           name            mc     gics8
2031   SIMON PROPERTY GROUP INC  48082.260566  60101070
2005             PUBLIC STORAGE  37506.181407  60101080
2004               PROLOGIS INC  29039.766948  60101020
1954              WELLTOWER INC  26587.627811  60101050
1899  AVALONBAY COMMUNITIES INC  26435.738280  60101060
1935         EQUITY RESIDENTIAL  24014.481987  60101060
2048                 VENTAS INC  23928.412643  60101050
1948                    GGP INC  19761.541373  60101070
1905      BOSTON PROPERTIES INC  18503.446124  60101040
1926   DIGITAL REALTY TRUST INC  18292.843967  60101080
[[u'properties, estate, real, trust, investment, reit, company, office, realty, ownership, self, communities, hotels, property, invests, shopping, centers, development, owned']]
cluster 16:
                              name             mc     gics8
2092               MCDONALD'S CORP  119813.145523  25301040
2091          LAS VEGAS SANDS CORP   45025.198792  25301010
2117                YUM BRANDS INC   24184.999466  25301040
2094     MGM RESORTS INTERNATIONAL   17785.468830  25301010
2069    CHIPOTLE MEXICAN GRILL INC   13901.373196  25301040
2116              WYNN RESORTS LTD   12515.553482  25301010
2078        DARDEN RESTAURANTS INC   10749.076881  25301040
2107  SIX FLAGS ENTERTAINMENT CORP    5634.207567  25301030
2077      DUNKIN' BRANDS GROUP INC    5136.746689  25301040
2115                    WENDY'S CO    3917.073716  25301040
[[u'restaurants, casino, restaurant, company, entertainment, gaming, casual, operates, franchises, operated, owned, owns, food, items, states, franchise, 2016, x27, games']]
cluster 17:
                            name             mc     gics8
2170         GENERAL ELECTRIC CO  238635.296259  20105010
2196          NEXTERA ENERGY INC   64087.921143  55101010
2141             CATERPILLAR INC   59038.633795  20106010
2153            DUKE ENERGY CORP   58275.000000  55101010
2234                   TESLA INC   51393.181898  25102010
2152      DOMINION RESOURCES INC   49263.279808  55103010
2154                  ECOLAB INC   36754.599380  15101050
2122  AMERICAN ELECTRIC POWER CO   33588.845520  55101010
2205                   PG&E CORP   33511.332898  55101010
2164                 EXELON CORP   32487.484456  55101010
[[u'energy, water, power, electric, gas, electricity, company, utility, transmission, coal, generation, natural, services, regulated, segment, solar, distribution, customers, renewable']]
cluster 18:
                              name             mc     gics8
2322           JPMORGAN CHASE & CO  298293.420587  40101010
2375              WELLS FARGO & CO  261728.984637  40101010
2257          BANK OF AMERICA CORP  226813.078317  40101010
2269                 CITIGROUP INC  165415.745681  40101010
2370                   U S BANCORP   85840.615600  40101010
2337  PNC FINANCIAL SVCS GROUP INC   56919.600296  40101015
2284    CAPITAL ONE FINANCIAL CORP   38268.779929  40202010
2260                     BB&T CORP   34183.018967  40101015
2357            SUNTRUST BANKS INC   26262.447692  40101015
2327               M & T BANK CORP   24151.364442  40101015
[[u'banking, bank, services, loans, commercial, financial, deposit, management, trust, accounts, investment, insurance, company, mortgage, wealth, lending, holding, estate, consumer']]
cluster 19:
                            name             mc     gics8
2383                   APPLE INC  794094.976211  45202030
2446                ALPHABET INC  657848.626617  45101010
2435                FACEBOOK INC  427918.690613  45101010
2524                    AT&T INC  233297.240554  50101020
2546  VERIZON COMMUNICATIONS INC  183734.783495  50101020
2414                COMCAST CORP  183410.139714  25401025
2422            DISNEY (WALT) CO  170688.000488  25401030
2419           CISCO SYSTEMS INC  157119.655798  45201020
2410  CHARTER COMMUNICATIONS INC   84509.883693  25401025
2499                QUALCOMM INC   82889.238422  45301020
[[u'video, services, digital, content, communications, media, company, wireless, advertising, television, mobile, network, networks, voice, entertainment, data, solutions, internet, products']]
cluster 20:
                             name             mc     gics8
2681               MICROSOFT CORP  522924.322929  45103020
2700                  ORACLE CORP  181759.542465  45103020
2653  INTL BUSINESS MACHINES CORP  141657.339506  45102010
2600           SALESFORCE.COM INC   62079.616928  45103010
2758             VMWARE INC -CL A   37682.630998  45103020
2628                  EQUINIX INC   33171.753255  60101080
2763         WESTERN DIGITAL CORP   25058.010178  45202030
2562                 AUTODESK INC   21111.349696  45103010
2762                  WORKDAY INC   19374.320496  45103010
2741                SYMANTEC CORP   18379.319859  45103020
[[u'software, solutions, services, cloud, data, management, company, enterprise, security, platform, technology, provides, applications, information, service, analytics, mobile, support, products']]
cluster 21:
                           name             mc     gics8
2788             AMAZON.COM INC  458158.215332  25502020
3075                   VISA INC  211559.697815  45102020
2956             MASTERCARD INC  124841.757706  45102020
3037           SCHLUMBERGER LTD   99216.270424  10101020
2993        PRICELINE GROUP INC   88329.024590  25502020
2801        AMERICAN EXPRESS CO   68360.097542  40202010
2886          GENERAL MOTORS CO   48705.001831  25102010
2778  AUTOMATIC DATA PROCESSING   44050.963716  45102020
2873              FORD MOTOR CO   43753.449845  25102010
2896             HALLIBURTON CO   40384.861588  10101020
[[u'services, company, segment, solutions, provides, management, operates, homes, business, technology, payment, financial, segments, operations, products, consulting, offers, group, international']]
cluster 22:
                           name           mc     gics8
3101          ARES CAPITAL CORP  6986.399837  40203010
3131      PROSPECT CAPITAL CORP  2933.068413  40203010
3111         FS INVESTMENT CORP  2213.626926  40203010
3121   MAIN STREET CAPITAL CORP  2110.522481  40203010
3103           CARLYLE GROUP LP  1480.366699  40203010
3100     APOLLO INVESTMENT CORP  1384.076377  40203010
3143  TPG SPECIALTY LENDING INC  1229.692203  40203010
3113      GOLUB CAPITAL BDC INC  1160.912529  40203010
3119       HERCULES CAPITAL INC  1104.565386  40203010
3126  NEW MOUNTAIN FINANCE CORP  1008.923457  40203010
[[u'debt, million, investments, companies, equity, investment, senior, capital, invests, fund, invest, loans, seeks, secured, middle, market, amp, company, securities']]
cluster 23:
                      name             mc     gics8
3259   WAL-MART STORES INC  236341.922791  30101040
3215              NIKE INC   85375.360504  25203020
3210  LOWE'S COMPANIES INC   72787.302643  25504030
3244     TJX COMPANIES INC   48137.843581  25504010
3242           TARGET CORP   30799.037599  25503020
3205             KROGER CO   26879.160141  30101030
3230       ROSS STORES INC   23932.905718  25504010
3251               VF CORP   21064.471197  25203010
3149          AUTOZONE INC   19186.169881  25504050
3178       DOLLAR TREE INC   18654.779083  25503020
[[u'stores, apparel, accessories, retail, footwear, company, merchandise, women, com, products, retailer, home, men, brands, brand, wholesale, operated, operates, goods']]
<class 'pandas.core.frame.DataFrame'>
Int64Index: 3264 entries, 0 to 3263
Data columns (total 7 columns):
kmeans.text_024    3264 non-null int64
features           3264 non-null object
symbol             3264 non-null object
content            3264 non-null object
name               3264 non-null object
mc                 3264 non-null float64
gics8              3264 non-null int32
dtypes: float64(1), int32(1), int64(1), object(4)
memory usage: 191.2+ KB
None
     symbol                                            content  \
0         A  Agilent Technologies, Inc. provides applicatio...   
1        AA  Alcoa Corporation produces and sells bauxite, ...   
2       AAC  AAC Holdings, Inc. provides inpatient substanc...   
3      AAMC  Altisource Asset Management Corporation, an as...   
4      AAME  Atlantic American Corporation, through its sub...   
5       AAN  Aaron?s, Inc. operates an omnichannel provider...   
6      AAOI  Applied Optoelectronics, Inc. designs, manufac...   
7      AAON  AAON, Inc., together with its subsidiaries, en...   
8       AAP  Advance Auto Parts, Inc. provides automotive r...   
9      AAPL  Apple Inc. designs, manufactures, and markets ...   
10      AAT  American Assets Trust, Inc. operates as a real...   
11     AAWW  Atlas Air Worldwide Holdings, Inc., through it...   
12       AB  AllianceBernstein Holding L.P. is publicly own...   
13     ABAX  Abaxis, Inc. develops, manufactures, markets, ...   
14     ABBV  AbbVie Inc. discovers, develops, manufactures,...   
15      ABC  AmerisourceBergen Corporation sources and dist...   
16     ABCB  Ameris Bancorp operates as the holding company...   
17     ABCD  Cambium Learning Group, Inc. operates as an ed...   
18     ABCO  The Advisory Board Company provides best pract...   
19     ABDC  Alcentra Capital Corporation is a business dev...   
20      ABG  Asbury Automotive Group, Inc. operates as an a...   
21     ABIO  ARCA biopharma, Inc., a biopharmaceutical comp...   
22      ABM  ABM Industries Incorporated provides integrate...   
23     ABMD  ABIOMED, Inc. engages in the research, develop...   
24      ABR  Arbor Realty Trust, Inc. invests in a diversif...   
25      ABT  Abbott Laboratories manufactures and sells hea...   
26     ABTL  Autobytel Inc. operates as an automotive marke...   
27     ACAD  ACADIA Pharmaceuticals Inc., a biopharmaceutic...   
28      ACC  American Campus Communities, Inc. is a real es...   
29     ACCO  ACCO Brands Corporation designs, manufactures,...   
...     ...                                                ...   
3234   ZEUS  Olympic Steel, Inc. processes and distributes ...   
3235   ZFGN  Zafgen, Inc., a biopharmaceutical company, foc...   
3236   ZGNX  Zogenix, Inc., a pharmaceutical company, devel...   
3237   ZION  Zions Bancorporation, a financial holding comp...   
3238   ZIOP  ZIOPHARM Oncology, Inc., a biotechnology compa...   
3239   ZIXI  Zix Corporation provides email encryption, dat...   
3240     ZN  Zion Oil &amp; Gas, Inc. engages in the explor...   
3241   ZNGA  Zynga Inc. develops, markets, and operates soc...   
3242   ZOES  Zoe&#x27;s Kitchen, Inc., through its subsidia...   
3243    ZTS  Zoetis Inc. engages in the discovery, developm...   
3244   ZUMZ  Zumiez Inc. operates as a specialty retailer o...   
3245   AFAM    Almost Family, Inc. is a provider of home he...   
3246   AGTC    Applied Genetic Technologies Corporation is ...   
3247    ATU    Actuant Corporation designs, manufactures an...   
3248    BDE    Black Diamond, Inc., through its ownership o...   
3249   DORM    Dorman Products, Inc. is a supplier of repla...   
3250   FRSH    Papa Murphy's Holdings, Inc. is a holding co...   
3251    GHC    Graham Holdings Company is a diversified edu...   
3252   HRTX    Heron Therapeutics, Inc. is a biotechnology ...   
3253   IMDZ    Immune Design Corp. is a clinical-stage immu...   
3254   INFU    InfuSystem Holdings, Inc. is a provider of i...   
3255    KWR    Quaker Chemical Corporation is a provider of...   
3256   LIVE    Live Ventures Incorporated is a holding comp...   
3257    MPO    Molopo Energy Limited is an Australia-based ...   
3258   ONVO    Organovo Holdings, Inc. is an early commerci...   
3259    OZM    Och-Ziff Capital Management Group LLC (Och-Z...   
3260   PTEN    Patterson-UTI Energy, Inc. is an oilfield se...   
3261   XBKS    Xenith Bankshares, Inc., formerly Hampton Ro...   
3262   NYLD      NRG Yield, Inc. operates as a dividend gro...   
3263   VBIV      VBI Vaccines, Inc. is a biopharmaceutical ...   

                              name             mc     gics8  kmeans.text_024  \
0         AGILENT TECHNOLOGIES INC   17983.699509  35203010                4   
1                       ALCOA CORP    5880.946347  15104010               12   
2                 AAC HOLDINGS INC     157.941638  35102020               21   
3       ALTISOURCE ASSET MGMT CORP     113.704504  60102040                9   
4           ATLANTIC AMERICAN CORP      75.561401  40301030               11   
5                      AARON'S INC    2468.972825  25504060               23   
6      APPLIED OPTOELECTRONICS INC    1214.596263  45201020               19   
7                         AAON INC    1868.100153  20102010               13   
8           ADVANCE AUTO PARTS INC   10952.463666  25504050               13   
9                        APPLE INC  794094.976211  45202030               19   
10       AMERICAN ASSETS TRUST INC    1812.215115  60101010               15   
11    ATLAS AIR WORLDWIDE HLDG INC    1163.147455  20301010               10   
12    ALLIANCEBERNSTEIN HOLDING LP    2023.837189  40203010                9   
13                      ABAXIS INC    1049.322781  35101010                4   
14                      ABBVIE INC  104441.344030  35201010                1   
15          AMERISOURCEBERGEN CORP   18925.695025  35102010                7   
16                  AMERIS BANCORP    1631.819578  40101015                2   
17      CAMBIUM LEARNING GROUP INC     230.592872  25302010               21   
18               ADVISORY BOARD CO    2084.183746  20202020               20   
19           ALCENTRA CAPITAL CORP     181.736523  40203010               22   
20     ASBURY AUTOMOTIVE GROUP INC    1194.009014  25504050               21   
21              ARCA BIOPHARMA INC      22.014888  35201010                1   
22              ABM INDUSTRIES INC    2305.177016  20201050               21   
23                     ABIOMED INC    5819.029433  35101010                4   
24          ARBOR REALTY TRUST INC     423.616548  40204010                0   
25             ABBOTT LABORATORIES   74581.993837  35101010                4   
26                   AUTOBYTEL INC     144.699981  45101010               21   
27      ACADIA PHARMACEUTICALS INC    3331.460516  35201010                1   
28     AMERICAN CAMPUS COMMUNITIES    6253.346401  60101060               15   
29                ACCO BRANDS CORP    1270.787157  20201060                5   
...                            ...            ...       ...              ...   
3234             OLYMPIC STEEL INC     186.714536  15104050               12   
3235                    ZAFGEN INC     110.770419  35201010                1   
3236                   ZOGENIX INC     339.938092  35202010                1   
3237          ZIONS BANCORPORATION    8018.710471  40101015               18   
3238         ZIOPHARM ONCOLOGY INC     974.329095  35201010               14   
3239                      ZIX CORP     314.967260  45103010               20   
3240            ZION OIL & GAS INC      68.549842  10102020                3   
3241                     ZYNGA INC    2931.524325  45103030               19   
3242             ZOE'S KITCHEN INC     347.953191  25301040               16   
3243                    ZOETIS INC   29435.489833  35202010                4   
3244                    ZUMIEZ INC     380.411245  25504010               23   
3245             ALMOST FAMILY INC     777.768104  35102015                7   
3246  APPLIED GENETIC TECHNOLOGIES      92.192697  35201010                1   
3247           ACTUANT CORP  -CL A    1487.613339  20106020               13   
3248             BLACK DIAMOND INC     177.076706  25202010                5   
3249           DORMAN PRODUCTS INC    2809.012346  25101010               13   
3250    PAPA MURPHY'S HOLDINGS INC      82.220786  25301040               23   
3251            GRAHAM HOLDINGS CO    3306.928754  25302010               21   
3252        HERON THERAPEUTICS INC     757.126464  35201010                1   
3253            IMMUNE DESIGN CORP     171.148480  35201010               14   
3254       INFUSYSTEM HOLDINGS INC      29.494607  35102015                7   
3255          QUAKER CHEMICAL CORP    1821.106792  15101050               12   
3256             LIVE VENTURES INC      22.041822  25201020               21   
3257    MIDSTATES PETROLEUM CO INC     431.911357  10102020                3   
3258         ORGANOVO HOLDINGS INC     299.795725  35201010                4   
3259     OCH-ZIFF CAPITAL MGMT LLC    1054.596235  40203010                9   
3260      PATTERSON-UTI ENERGY INC    3672.547897  10101010                3   
3261         XENITH BANKSHARES INC     621.124373  40101015               18   
3262                 NRG YIELD INC    3124.882474  55105010               17   
3263              VBI VACCINES INC     169.278261  35201010                4   

      hier.text_024  
0                 6  
1                 7  
2                 2  
3                14  
4                13  
5                 2  
6                11  
7                 4  
8                 7  
9                15  
10               14  
11                2  
12                8  
13                6  
14                5  
15                1  
16                3  
17                1  
18                1  
19               21  
20                7  
21                5  
22                1  
23                6  
24               14  
25                6  
26                1  
27                5  
28                0  
29                2  
...             ...  
3234             10  
3235              5  
3236              5  
3237              3  
3238              5  
3239             12  
3240             23  
3241             15  
3242             19  
3243              6  
3244             17  
3245              1  
3246              5  
3247             10  
3248              2  
3249              7  
3250              2  
3251              1  
3252              5  
3253              5  
3254              7  
3255             10  
3256             15  
3257             23  
3258              7  
3259              8  
3260              4  
3261              3  
3262              7  
3263              5  

[3264 rows x 7 columns]
cluster 6:
                              name             mc     gics8
1586             JOHNSON & JOHNSON  342172.590836  35202010
1901                    MERCK & CO  175086.441015  35202010
1710              LILLY (ELI) & CO   86254.191826  35202010
25             ABBOTT LABORATORIES   74581.993837  35101010
2861  THERMO FISHER SCIENTIFIC INC   67188.109435  35203010
843                   DANAHER CORP   56763.495156  35101010
2773                  STRYKER CORP   50430.158630  35101010
337          BECTON DICKINSON & CO   38951.626180  35101010
437         BOSTON SCIENTIFIC CORP   35787.816225  35101010
1550        INTUITIVE SURGICAL INC   31647.262625  35101010
[nan]
cluster 7:
                          name             mc     gics8
1221       GENERAL ELECTRIC CO  238635.296259  20105010
1514                INTEL CORP  165850.985748  45301020
302                  BOEING CO  107467.497103  20101010
3017  UNITED TECHNOLOGIES CORP   95642.526253  20101010
2940     TEXAS INSTRUMENTS INC   79050.149702  45301020
1718      LOCKHEED MARTIN CORP   77373.919368  20101010
490            CATERPILLAR INC   59038.633795  20106010
1218     GENERAL DYNAMICS CORP   58116.685929  20101010
168        AMERICAN TOWER CORP   54551.175697  60101080
1251         GENERAL MOTORS CO   48705.001831  25102010
[nan]
cluster 2:
                             name             mc     gics8
3152          WAL-MART STORES INC  236341.922791  30101040
2263          PROCTER & GAMBLE CO  229101.167328  30301010
1346               HOME DEPOT INC  187307.096329  25504030
1641                 COCA-COLA CO  187157.396740  30201030
2300  PHILIP MORRIS INTERNATIONAL  176405.715031  30203010
2239                  PEPSICO INC  163062.898254  30201030
1878             ALTRIA GROUP INC  136505.157282  30203010
2393        REYNOLDS AMERICAN INC   93572.119539  30203010
2548               STARBUCKS CORP   86601.410637  25301040
2014                     NIKE INC   85375.360504  25203020
[nan]
cluster 14:
                          name            mc     gics8
2680  SIMON PROPERTY GROUP INC  48082.260566  60101070
2292              PROLOGIS INC  29039.766948  60101020
1342             WELLTOWER INC  26587.627811  60101050
999         EQUITY RESIDENTIAL  24014.481987  60101060
3088                VENTAS INC  23928.412643  60101050
1234                   GGP INC  19761.541373  60101070
455      BOSTON PROPERTIES INC  18503.446124  60101040
857   DIGITAL REALTY TRUST INC  18292.843967  60101080
3061      VORNADO REALTY TRUST  17578.647557  60101040
1016      ESSEX PROPERTY TRUST  16777.928853  60101060
[nan]
cluster 13:
                              name            mc     gics8
95    AMERICAN INTERNATIONAL GROUP  57858.846625  40301030
1824                   METLIFE INC  53860.600495  40301020
2346      PRUDENTIAL FINANCIAL INC  44410.669890  40301020
2905             TRAVELERS COS INC  33773.871233  40301040
128                  ALLSTATE CORP  30922.800446  40301040
2267         PROGRESSIVE CORP-OHIO  24148.012823  40301040
1370   HARTFORD FINANCIAL SERVICES  17976.152733  40301030
2252   PRINCIPAL FINANCIAL GRP INC  17444.454780  40301020
1661                    LOEWS CORP  15505.034743  40301030
1719         LINCOLN NATIONAL CORP  14525.515096  40301020
[nan]
cluster 11:
                            name             mc     gics8
2785                    AT&T INC  233297.240554  50101020
3094  VERIZON COMMUNICATIONS INC  183734.783495  50101020
726            CISCO SYSTEMS INC  157119.655798  45201020
586   CHARTER COMMUNICATIONS INC   84509.883693  25401025
2375                QUALCOMM INC   82889.238422  45301020
519       CROWN CASTLE INTL CORP   35647.671301  60101080
997                  EQUINIX INC   33171.753255  60101080
849            DISH NETWORK CORP   29117.106726  25401025
1250                 CORNING INC   26468.400421  45203015
2620      SIRIUS XM HOLDINGS INC   22761.680108  25401025
[nan]
cluster 4:
                             name            mc     gics8
2632             SCHLUMBERGER LTD  99216.270424  10101020
1319               HALLIBURTON CO  40384.861588  10101020
3145         WASTE MANAGEMENT INC  31357.643275  20201050
357              BAKER HUGHES INC  24337.380455  10101020
2494        REPUBLIC SERVICES INC  20893.794627  20201050
3056          VULCAN MATERIALS CO  16667.905013  15102010
283   AMERICAN WATER WORKS CO INC  13712.958000  55104010
2031   NATIONAL OILWELL VARCO INC  12929.641374  10101020
1065                  FASTENAL CO  12420.992156  20107010
1311           GRAINGER (W W) INC  10121.708107  20107010
[nan]
cluster 15:
                     name             mc     gics8
9               APPLE INC  794094.976211  45202030
172        AMAZON.COM INC  458158.215332  25502020
1067         FACEBOOK INC  427918.690613  45101010
625          COMCAST CORP  183410.139714  25401025
847      DISNEY (WALT) CO  170688.000488  25401030
2213  PRICELINE GROUP INC   88329.024590  25502020
2938      TIME WARNER INC   75182.751656  25401030
2001          NETFLIX INC   67105.677094  25502020
46      ADOBE SYSTEMS INC   66614.787533  45103010
2864      T-MOBILE US INC   54600.439894  50102010
[nan]
cluster 8:
                              name            mc     gics8
3003                   U S BANCORP  85840.615600  40101010
1287       GOLDMAN SACHS GROUP INC  84943.354559  40203020
1908                MORGAN STANLEY  76503.752463  40203020
383                  BLACKROCK INC  62855.652022  40203010
2554         SCHWAB (CHARLES) CORP  51241.724034  40203020
367   BANK OF NEW YORK MELLON CORP  48042.318193  40203010
627                  CME GROUP INC  39185.817005  40203040
1460     INTERCONTINENTAL EXCHANGE  34743.870090  40203040
2746             STATE STREET CORP  30067.400170  40203010
342         FRANKLIN RESOURCES INC  23534.445603  40203010
[nan]
cluster 5:
                            name             mc     gics8
2251                  PFIZER INC  192283.940965  35202010
150                    AMGEN INC  116274.357086  35201010
14                    ABBVIE INC  104441.344030  35201010
542                 CELGENE CORP   91689.401192  35201010
395      BRISTOL-MYERS SQUIBB CO   88575.657990  35202010
1241         GILEAD SCIENCES INC   84210.010399  35201010
361                   BIOGEN INC   53624.844169  35201010
2418   REGENERON PHARMACEUTICALS   48598.100961  35201010
310     BAXTER INTERNATIONAL INC   30972.544387  35101010
3076  VERTEX PHARMACEUTICALS INC   29351.716469  35201010
[nan]
cluster 1:
                              name             mc     gics8
3023                      VISA INC  211559.697815  45102020
2985        UNITEDHEALTH GROUP INC  165449.247055  35102030
1771                MASTERCARD INC  124841.757706  45102020
3106  WALGREENS BOOTS ALLIANCE INC   88022.629905  30101010
783                CVS HEALTH CORP   78688.742821  30101010
292            AMERICAN EXPRESS CO   68360.097542  40202010
186                     ANTHEM INC   46836.102397  35102030
72                       AETNA INC   46514.289583  35102030
588                     CIGNA CORP   41020.343264  35102030
1861          MARSH & MCLENNAN COS   38369.296112  40301010
[nan]
cluster 3:
                              name             mc     gics8
1594           JPMORGAN CHASE & CO  298293.420587  40101010
3123              WELLS FARGO & CO  261728.984637  40101010
304           BANK OF AMERICA CORP  226813.078317  40101010
460                  CITIGROUP INC  165415.745681  40101010
2306  PNC FINANCIAL SVCS GROUP INC   56919.600296  40101015
656     CAPITAL ONE FINANCIAL CORP   38268.779929  40202010
317                      BB&T CORP   34183.018967  40101015
2731            SUNTRUST BANKS INC   26262.447692  40101015
1924               M & T BANK CORP   24151.364442  40101015
1618                       KEYCORP   19403.429055  40101015
[nan]
cluster 21:
                           name           mc     gics8
208           ARES CAPITAL CORP  6986.399837  40203010
2351      PROSPECT CAPITAL CORP  2933.068413  40203010
1185         FS INVESTMENT CORP  2213.626926  40203010
1774   MAIN STREET CAPITAL CORP  2110.522481  40203010
563            CARLYLE GROUP LP  1480.366699  40203010
98       APOLLO INVESTMENT CORP  1384.076377  40203010
2913  TPG SPECIALTY LENDING INC  1229.692203  40203010
1210      GOLUB CAPITAL BDC INC  1160.912529  40203010
1427       HERCULES CAPITAL INC  1104.565386  40203010
2022  NEW MOUNTAIN FINANCE CORP  1008.923457  40203010
[nan]
cluster 0:
                            name            mc     gics8
1762        LAS VEGAS SANDS CORP  45025.198792  25301010
272    AVALONBAY COMMUNITIES INC  26435.738280  60101060
1833   MGM RESORTS INTERNATIONAL  17785.468830  25301010
1988         NEWMONT MINING CORP  17761.991962  15104030
3194            WYNN RESORTS LTD  12515.553482  25301010
841               D R HORTON INC  12486.420151  25201030
1772  MID-AMERICA APT CMNTYS INC  11344.986561  60101060
2960                     UDR INC  10123.726303  60101060
2074                     NVR INC   8450.055184  25201030
696        CAMDEN PROPERTY TRUST   8038.074019  60101060
[nan]
cluster 12:
                             name             mc     gics8
1267                 ALPHABET INC  657848.626617  45101010
1916               MICROSOFT CORP  522924.322929  45103020
2160                  ORACLE CORP  181759.542465  45103020
1452  INTL BUSINESS MACHINES CORP  141657.339506  45102010
2070                  NVIDIA CORP   77845.954285  45301020
712            SALESFORCE.COM INC   62079.616928  45103010
55      AUTOMATIC DATA PROCESSING   44050.963716  45102020
755      COGNIZANT TECH SOLUTIONS   38296.778023  45102010
3058             VMWARE INC -CL A   37682.630998  45103020
3113         WESTERN DIGITAL CORP   25058.010178  45202030
[nan]
cluster 10:
                              name             mc     gics8
1864                         3M CO  116605.055559  20105010
1396   HONEYWELL INTERNATIONAL INC   99223.533015  20105010
2987            UNION PACIFIC CORP   86694.379925  20304010
871                   DOW CHEMICAL   74010.755364  15101020
817       DU PONT (E I) DE NEMOURS   66785.668333  15101020
1886                   MONSANTO CO   50798.368124  15101030
918                     ECOLAB INC   36754.599380  15101050
2367                   PRAXAIR INC   36630.884253  15101040
194   AIR PRODUCTS & CHEMICALS INC   31071.463045  15101040
2611           SHERWIN-WILLIAMS CO   30845.856274  15101050
[nan]
cluster 23:
                              name            mc     gics8
671                 CONOCOPHILLIPS  57426.365596  10102020
987              EOG RESOURCES INC  52928.803815  10102020
2368  PIONEER NATURAL RESOURCES CO  29383.721672  10102020
193        ANADARKO PETROLEUM CORP  28742.954282  10102020
895              DEVON ENERGY CORP  19409.400803  10102020
792           CONCHO RESOURCES INC  19280.405589  10102020
191                    APACHE CORP  18991.291530  10102020
614      CONTINENTAL RESOURCES INC  15366.505563  10102020
1358                     HESS CORP  15190.039962  10102020
1971              NOBLE ENERGY INC  13363.199701  10102020
[nan]
cluster 18:
                            name            mc     gics8
1987          NEXTERA ENERGY INC  64087.921143  55101010
889             DUKE ENERGY CORP  58275.000000  55101010
2912                   TESLA INC  51393.181898  25102010
2667                 SOUTHERN CO  49501.192685  55101010
804       DOMINION RESOURCES INC  49263.279808  55103010
69    AMERICAN ELECTRIC POWER CO  33588.845520  55101010
2211                   PG&E CORP  33511.332898  55101010
1045                 EXELON CORP  32487.484456  55101010
2703               SEMPRA ENERGY  27800.760536  55103010
2324                    PPL CORP  26478.167079  55101010
[nan]
cluster 17:
                   name            mc     gics8
2853  TJX COMPANIES INC  48137.843581  25504010
2481    ROSS STORES INC  23932.905718  25504010
3037            VF CORP  21064.471197  25203010
1672       L BRANDS INC  14211.339607  25504010
658           COACH INC  12556.736758  25203010
2845       TIFFANY & CO  11450.265152  25504040
1278            GAP INC   9183.240211  25504010
2362           PVH CORP   7783.669958  25203010
2910  TRACTOR SUPPLY CO   7498.361631  25504040
1329    HANESBRANDS INC   7414.017673  25203010
[nan]
cluster 16:
                              name           mc     gics8
84            AGNC INVESTMENT CORP  6620.000000  40204010
2043        NEW RESIDENTIAL INV CP  4865.098882  40204010
1929       MGIC INVESTMENT CORP/WI  3615.786112  40102010
2411              RADIAN GROUP INC  3568.359723  40102010
2935   TWO HARBORS INVESTMENT CORP  3471.684531  40204010
593        CHIMERA INVESTMENT CORP  3359.375055  40204010
1825             MFA FINANCIAL INC  3027.290239  40204010
454     BLACKSTONE MORTGAGE TR INC  2881.529652  40204010
1264        GENWORTH FINANCIAL INC  1791.050957  40301020
1563  INVESCO MORTGAGE CAPITAL INC  1747.728123  40204010
[nan]
cluster 22:
                              name            mc     gics8
1778             MARRIOTT INTL INC  39063.929535  25301020
1379     HILTON WORLDWIDE HOLDINGS  20582.026548  25301020
1419     HOST HOTELS & RESORTS INC  13316.958067  60101030
3193        WYNDHAM WORLDWIDE CORP   9967.490891  25301020
1313             HYATT HOTELS CORP   7266.712295  25301020
1402  HOSPITALITY PROPERTIES TRUST   4699.713409  60101030
576         CHOICE HOTELS INTL INC   3556.239017  25301020
2607  SUNSTONE HOTEL INVESTORS INC   3442.920066  60101030
2725     EXTENDED STAY AMERICA INC   3423.255415  25301020
1699      LASALLE HOTEL PROPERTIES   3214.301037  60101030
[nan]
cluster 9:
                              name             mc     gics8
3208              EXXON MOBIL CORP  346374.750000  10102010
787                   CHEVRON CORP  199250.531264  10102010
990   ENTERPRISE PRODS PRTNRS  -LP   56635.612403  10102040
2180     OCCIDENTAL PETROLEUM CORP   46096.632965  10102010
1632             KINDER MORGAN INC   43375.491338  10102040
2354                   PHILLIPS 66   40023.422150  10102030
3053            VALERO ENERGY CORP   28412.717682  10102030
1893       MARATHON PETROLEUM CORP   26956.859287  10102030
3163          WILLIAMS PARTNERS LP   25171.179009  10102040
3147              WILLIAMS COS INC   24697.399685  10102040
[nan]
cluster 20:
                             name            mc     gics8
2993    UNITED PARCEL SERVICE INC  89672.112122  20301010
1093                   FEDEX CORP  50461.671088  20301010
583    C H ROBINSON WORLDWIDE INC   9607.621595  20301010
1049     EXPEDITORS INTL WASH INC   9465.801538  20301010
1570  HUNT (JB) TRANSPRT SVCS INC   9241.871499  20304020
2112         OLD DOMINION FREIGHT   7024.423002  20304020
3215            XPO LOGISTICS INC   5870.253645  20301010
1749          LANDSTAR SYSTEM INC   3416.630636  20304020
2760      SWIFT TRANSPORTATION CO   3045.308409  20304020
1640    KNIGHT TRANSPORTATION INC   2576.787955  20304020
[nan]
cluster 19:
                              name             mc     gics8
1797               MCDONALD'S CORP  119813.145523  25301040
629     CHIPOTLE MEXICAN GRILL INC   13901.373196  25301040
880         DARDEN RESTAURANTS INC   10749.076881  25301040
864       DUNKIN' BRANDS GROUP INC    5136.746689  25301040
3117                    WENDY'S CO    3917.073716  25301040
1286                   GRUBHUB INC    3787.429678  45101010
2941           TEXAS ROADHOUSE INC    3427.128173  25301040
1566           JACK IN THE BOX INC    3060.001061  25301040
2371  PAPA JOHNS INTERNATIONAL INC    2870.008259  25301040
470         CHEESECAKE FACTORY INC    2808.586780  25301040
[nan]
<class 'pandas.core.frame.DataFrame'>
Int64Index: 3264 entries, 0 to 3263
Data columns (total 7 columns):
symbol             3264 non-null object
content            3264 non-null object
name               3264 non-null object
mc                 3264 non-null float64
gics8              3264 non-null int32
kmeans.text_024    3264 non-null int64
hier.text_024      3264 non-null int64
dtypes: float64(1), int32(1), int64(2), object(3)
memory usage: 191.2+ KB
None
done
