doing n_clusters= 2
reading ../data/yf_data.csv
<class 'pandas.core.frame.DataFrame'>
RangeIndex: 3370 entries, 0 to 3369
Data columns (total 2 columns):
symbol     3370 non-null object
content    3370 non-null object
dtypes: object(2)
memory usage: 52.7+ KB
None
reading ../data/gf_data.csv
<class 'pandas.core.frame.DataFrame'>
RangeIndex: 3617 entries, 0 to 3616
Data columns (total 2 columns):
symbol     3617 non-null object
content    3617 non-null object
dtypes: object(2)
memory usage: 56.6+ KB
None
reading ../data/mw_data.csv
<class 'pandas.core.frame.DataFrame'>
RangeIndex: 3368 entries, 0 to 3367
Data columns (total 2 columns):
symbol     3368 non-null object
content    3368 non-null object
dtypes: object(2)
memory usage: 52.7+ KB
None
<class 'pandas.core.frame.DataFrame'>
Int64Index: 3818 entries, 0 to 3817
Data columns (total 4 columns):
symbol       3818 non-null object
yfcontent    3371 non-null object
gfcontent    3618 non-null object
mwcontent    3368 non-null object
dtypes: object(4)
memory usage: 149.1+ KB
None
<class 'pandas.core.frame.DataFrame'>
Int64Index: 3818 entries, 0 to 3817
Data columns (total 2 columns):
symbol     3818 non-null object
content    3818 non-null object
dtypes: object(2)
memory usage: 89.5+ KB
None
0    Agilent Technologies, Inc. provides applicatio...
1    Alcoa Corporation produces and sells bauxite, ...
2    AAC Holdings, Inc. provides inpatient substanc...
3    American Airlines Group Inc., through its subs...
4    Altisource Asset Management Corporation, an as...
Name: content, dtype: object
n,inertia 2 3208.43701657
cluster 0:
                               name            mc
10                Apple Inc. (AAPL)  7.980300e+11
1165          Alphabet Inc. (GOOGL)  6.523600e+11
1790   Microsoft Corporation (MSFT)  5.226000e+11
174          Amazon.com Inc. (AMZN)  4.587800e+11
997              Facebook Inc. (FB)  4.291000e+11
2974  Exxon Mobil Corporation (XOM)  3.471600e+11
1468    Johnson &amp; Johnson (JNJ)  3.421200e+11
1116  General Electric Company (GE)  2.435900e+11
2922     Wal-Mart Stores Inc. (WMT)  2.388000e+11
2578              AT&amp;T Inc. (T)  2.351000e+11
[[u'company, services, products, segment, solutions, gas, systems, management, provides, operates, oil, natural, energy, insurance, development, offers, properties, segments, states']]
cluster 1:
                                              name            mc
3237                JPMorgan Chase &amp; Co. (JPM)  3.011700e+11
3403               Wells Fargo &amp; Company (WFC)  2.651600e+11
3072             Bank of America Corporation (BAC)  2.293900e+11
3107                            Citigroup Inc. (C)  1.682100e+11
3209             The Goldman Sachs Group Inc. (GS)  8.816000e+10
3392                            U.S. Bancorp (USB)  8.612000e+10
3258                           Morgan Stanley (MS)  7.732000e+10
3312   The PNC Financial Services Group Inc. (PNC)  5.747000e+10
3337         The Charles Schwab Corporation (SCHW)  5.116000e+10
3083  The Bank of New York Mellon Corporation (BK)  4.840000e+10
[[u'loans, bank, banking, services, commercial, deposit, accounts, financial, mortgage, estate, company, real, savings, credit, holding, investment, deposits, management, consumer']]
