doing n_clusters= 3
reading ../data/yf_data.csv
<class 'pandas.core.frame.DataFrame'>
RangeIndex: 3370 entries, 0 to 3369
Data columns (total 2 columns):
symbol     3370 non-null object
content    3370 non-null object
dtypes: object(2)
memory usage: 52.7+ KB
None
reading ../data/gf_data.csv
<class 'pandas.core.frame.DataFrame'>
RangeIndex: 3617 entries, 0 to 3616
Data columns (total 2 columns):
symbol     3617 non-null object
content    3617 non-null object
dtypes: object(2)
memory usage: 56.6+ KB
None
reading ../data/mw_data.csv
<class 'pandas.core.frame.DataFrame'>
RangeIndex: 3368 entries, 0 to 3367
Data columns (total 2 columns):
symbol     3368 non-null object
content    3368 non-null object
dtypes: object(2)
memory usage: 52.7+ KB
None
<class 'pandas.core.frame.DataFrame'>
Int64Index: 3818 entries, 0 to 3817
Data columns (total 4 columns):
symbol       3818 non-null object
yfcontent    3371 non-null object
gfcontent    3618 non-null object
mwcontent    3368 non-null object
dtypes: object(4)
memory usage: 149.1+ KB
None
<class 'pandas.core.frame.DataFrame'>
Int64Index: 3818 entries, 0 to 3817
Data columns (total 2 columns):
symbol     3818 non-null object
content    3818 non-null object
dtypes: object(2)
memory usage: 89.5+ KB
None
0    Agilent Technologies, Inc. provides applicatio...
1    Alcoa Corporation produces and sells bauxite, ...
2    AAC Holdings, Inc. provides inpatient substanc...
3    American Airlines Group Inc., through its subs...
4    Altisource Asset Management Corporation, an as...
Name: content, dtype: object
n,inertia 3 3171.1258373
cluster 0:
                                       name            mc
10                        Apple Inc. (AAPL)  7.980300e+11
1064                  Alphabet Inc. (GOOGL)  6.523600e+11
1658           Microsoft Corporation (MSFT)  5.226000e+11
167                  Amazon.com Inc. (AMZN)  4.587800e+11
904                      Facebook Inc. (FB)  4.291000e+11
1358            Johnson &amp; Johnson (JNJ)  3.421200e+11
1020          General Electric Company (GE)  2.435900e+11
2668             Wal-Mart Stores Inc. (WMT)  2.388000e+11
2355                      AT&amp;T Inc. (T)  2.351000e+11
1922  The Procter &amp; Gamble Company (PG)  2.205700e+11
[[u'company, services, products, segment, solutions, systems, management, provides, operates, insurance, offers, technology, markets, equipment, segments, real, development, investment, business']]
cluster 1:
                                              name            mc
2967                JPMorgan Chase &amp; Co. (JPM)  3.011700e+11
3132               Wells Fargo &amp; Company (WFC)  2.651600e+11
2802             Bank of America Corporation (BAC)  2.293900e+11
2837                            Citigroup Inc. (C)  1.682100e+11
2939             The Goldman Sachs Group Inc. (GS)  8.816000e+10
3121                            U.S. Bancorp (USB)  8.612000e+10
2988                           Morgan Stanley (MS)  7.732000e+10
3042   The PNC Financial Services Group Inc. (PNC)  5.747000e+10
3067         The Charles Schwab Corporation (SCHW)  5.116000e+10
2813  The Bank of New York Mellon Corporation (BK)  4.840000e+10
[[u'loans, bank, banking, services, commercial, deposit, accounts, financial, mortgage, estate, company, real, savings, credit, holding, investment, deposits, management, consumer']]
cluster 2:
                                         name            mc
3406            Exxon Mobil Corporation (XOM)  3.471600e+11
3192                Chevron Corporation (CVX)  2.018100e+11
3283                NextEra Energy Inc. (NEE)  6.427000e+10
3182                     ConocoPhillips (COP)  5.874000e+10
3202            Duke Energy Corporation (DUK)  5.835000e+10
3218  Enterprise Products Partners L.P. (EPD)  5.806000e+10
3217                 EOG Resources Inc. (EOG)  5.415000e+10
3356                The Southern Company (SO)  4.961000e+10
3195              Dominion Resources Inc. (D)  4.943000e+10
3304   Occidental Petroleum Corporation (OXY)  4.636000e+10
[[u'gas, natural, oil, energy, crude, company, exploration, basin, texas, production, gathering, segment, services, storage, midstream, properties, petroleum, liquids, approximately']]
