doing n_clusters= 4
reading ../data/yf_data.csv
<class 'pandas.core.frame.DataFrame'>
RangeIndex: 3370 entries, 0 to 3369
Data columns (total 2 columns):
symbol     3370 non-null object
content    3370 non-null object
dtypes: object(2)
memory usage: 52.7+ KB
None
reading ../data/gf_data.csv
<class 'pandas.core.frame.DataFrame'>
RangeIndex: 3617 entries, 0 to 3616
Data columns (total 2 columns):
symbol     3617 non-null object
content    3617 non-null object
dtypes: object(2)
memory usage: 56.6+ KB
None
reading ../data/mw_data.csv
<class 'pandas.core.frame.DataFrame'>
RangeIndex: 3368 entries, 0 to 3367
Data columns (total 2 columns):
symbol     3368 non-null object
content    3368 non-null object
dtypes: object(2)
memory usage: 52.7+ KB
None
<class 'pandas.core.frame.DataFrame'>
Int64Index: 3818 entries, 0 to 3817
Data columns (total 4 columns):
symbol       3818 non-null object
yfcontent    3371 non-null object
gfcontent    3618 non-null object
mwcontent    3368 non-null object
dtypes: object(4)
memory usage: 149.1+ KB
None
<class 'pandas.core.frame.DataFrame'>
Int64Index: 3818 entries, 0 to 3817
Data columns (total 2 columns):
symbol     3818 non-null object
content    3818 non-null object
dtypes: object(2)
memory usage: 89.5+ KB
None
0    Agilent Technologies, Inc. provides applicatio...
1    Alcoa Corporation produces and sells bauxite, ...
2    AAC Holdings, Inc. provides inpatient substanc...
3    American Airlines Group Inc., through its subs...
4    Altisource Asset Management Corporation, an as...
Name: content, dtype: object
n,inertia 4 3140.35409588
cluster 0:
                                       name            mc
8                         Apple Inc. (AAPL)  7.980300e+11
907                   Alphabet Inc. (GOOGL)  6.523600e+11
1414           Microsoft Corporation (MSFT)  5.226000e+11
132                  Amazon.com Inc. (AMZN)  4.587800e+11
776                      Facebook Inc. (FB)  4.291000e+11
1156            Johnson &amp; Johnson (JNJ)  3.421200e+11
868           General Electric Company (GE)  2.435900e+11
2287             Wal-Mart Stores Inc. (WMT)  2.388000e+11
2013                      AT&amp;T Inc. (T)  2.351000e+11
1644  The Procter &amp; Gamble Company (PG)  2.205700e+11
[[u'company, services, products, segment, solutions, systems, provides, management, offers, operates, equipment, technology, software, segments, markets, data, including, industrial, treatment']]
cluster 1:
                                              name            mc
2562             The Goldman Sachs Group Inc. (GS)  8.816000e+10
2648                           Morgan Stanley (MS)  7.732000e+10
2462                            Chubb Limited (CB)  6.466000e+10
2749               Simon Property Group Inc. (SPG)  5.677000e+10
2419       American International Group Inc. (AIG)  5.666000e+10
2433              American Tower Corporation (AMT)  5.454000e+10
2637                            MetLife Inc. (MET)  5.431000e+10
2733         The Charles Schwab Corporation (SCHW)  5.116000e+10
2451  The Bank of New York Mellon Corporation (BK)  4.840000e+10
2703               Prudential Financial Inc. (PRU)  4.461000e+10
[[u'investment, estate, real, insurance, properties, trust, company, mortgage, investments, property, services, invests, management, equity, loans, debt, segment, income, commercial']]
cluster 2:
                                             name            mc
2984               JPMorgan Chase &amp; Co. (JPM)  3.011700e+11
3133              Wells Fargo &amp; Company (WFC)  2.651600e+11
2824            Bank of America Corporation (BAC)  2.293900e+11
2858                           Citigroup Inc. (C)  1.682100e+11
3122                           U.S. Bancorp (USB)  8.612000e+10
3049  The PNC Financial Services Group Inc. (PNC)  5.747000e+10
2889      Capital One Financial Corporation (COF)  3.875000e+10
2828                   BB&amp;T Corporation (BBT)  3.428000e+10
3090                    SunTrust Banks Inc. (STI)  2.613000e+10
3006               M&amp;T Bank Corporation (MTB)  2.420000e+10
[[u'loans, bank, banking, services, commercial, deposit, accounts, financial, company, estate, mortgage, savings, credit, holding, real, deposits, consumer, bancorp, management']]
cluster 3:
                                         name            mc
3406            Exxon Mobil Corporation (XOM)  3.471600e+11
3192                Chevron Corporation (CVX)  2.018100e+11
3285                NextEra Energy Inc. (NEE)  6.427000e+10
3182                     ConocoPhillips (COP)  5.874000e+10
3203            Duke Energy Corporation (DUK)  5.835000e+10
3219  Enterprise Products Partners L.P. (EPD)  5.806000e+10
3218                 EOG Resources Inc. (EOG)  5.415000e+10
3357                The Southern Company (SO)  4.961000e+10
3195              Dominion Resources Inc. (D)  4.943000e+10
3306   Occidental Petroleum Corporation (OXY)  4.636000e+10
[[u'gas, natural, oil, energy, crude, company, exploration, basin, texas, production, gathering, segment, storage, midstream, services, properties, petroleum, liquids, approximately']]
