doing n_clusters= 5
reading ../data/yf_data.csv
<class 'pandas.core.frame.DataFrame'>
RangeIndex: 3370 entries, 0 to 3369
Data columns (total 2 columns):
symbol     3370 non-null object
content    3370 non-null object
dtypes: object(2)
memory usage: 52.7+ KB
None
reading ../data/gf_data.csv
<class 'pandas.core.frame.DataFrame'>
RangeIndex: 3617 entries, 0 to 3616
Data columns (total 2 columns):
symbol     3617 non-null object
content    3617 non-null object
dtypes: object(2)
memory usage: 56.6+ KB
None
reading ../data/mw_data.csv
<class 'pandas.core.frame.DataFrame'>
RangeIndex: 3368 entries, 0 to 3367
Data columns (total 2 columns):
symbol     3368 non-null object
content    3368 non-null object
dtypes: object(2)
memory usage: 52.7+ KB
None
<class 'pandas.core.frame.DataFrame'>
Int64Index: 3818 entries, 0 to 3817
Data columns (total 4 columns):
symbol       3818 non-null object
yfcontent    3371 non-null object
gfcontent    3618 non-null object
mwcontent    3368 non-null object
dtypes: object(4)
memory usage: 149.1+ KB
None
<class 'pandas.core.frame.DataFrame'>
Int64Index: 3818 entries, 0 to 3817
Data columns (total 2 columns):
symbol     3818 non-null object
content    3818 non-null object
dtypes: object(2)
memory usage: 89.5+ KB
None
0    Agilent Technologies, Inc. provides applicatio...
1    Alcoa Corporation produces and sells bauxite, ...
2    AAC Holdings, Inc. provides inpatient substanc...
3    American Airlines Group Inc., through its subs...
4    Altisource Asset Management Corporation, an as...
Name: content, dtype: object
n,inertia 5 3116.67388749
cluster 0:
                                           name            mc
182                  Merck &amp; Co. Inc. (MRK)  1.744500e+11
24                            Amgen Inc. (AMGN)  1.151000e+11
0                            AbbVie Inc. (ABBV)  1.043700e+11
67                   Celgene Corporation (CELG)  9.130000e+10
53           Bristol-Myers Squibb Company (BMY)  8.899000e+10
129                 Gilead Sciences Inc. (GILD)  8.394000e+10
47                           Biogen Inc. (BIIB)  5.342000e+10
228       Regeneron Pharmaceuticals Inc. (REGN)  4.758000e+10
276  Vertex Pharmaceuticals Incorporated (VRTX)  2.940000e+10
149                   Incyte Corporation (INCY)  2.691000e+10
[[u'treatment, clinical, phase, cancer, company, development, therapeutics, patients, diseases, biopharmaceutical, product, stage, developing, drug, pharmaceuticals, candidates, cell, trial, candidate']]
cluster 1:
                                       name            mc
304                       Apple Inc. (AAPL)  7.980300e+11
1103                  Alphabet Inc. (GOOGL)  6.523600e+11
1578           Microsoft Corporation (MSFT)  5.226000e+11
410                  Amazon.com Inc. (AMZN)  4.587800e+11
984                      Facebook Inc. (FB)  4.291000e+11
1335            Johnson &amp; Johnson (JNJ)  3.421200e+11
1069          General Electric Company (GE)  2.435900e+11
2388             Wal-Mart Stores Inc. (WMT)  2.388000e+11
2129                      AT&amp;T Inc. (T)  2.351000e+11
1786  The Procter &amp; Gamble Company (PG)  2.205700e+11
[[u'services, products, company, segment, solutions, systems, provides, management, insurance, offers, operates, equipment, software, segments, technology, markets, data, industrial, business']]
cluster 2:
                                              name            mc
2617             The Goldman Sachs Group Inc. (GS)  8.816000e+10
2683                           Morgan Stanley (MS)  7.732000e+10
2763               Simon Property Group Inc. (SPG)  5.677000e+10
2528  The Bank of New York Mellon Corporation (BK)  4.840000e+10
2725                          Public Storage (PSA)  3.729000e+10
2534                The Blackstone Group L.P. (BX)  3.643000e+10
2769                State Street Corporation (STT)  3.040000e+10
2721                           Prologis Inc. (PLD)  2.973000e+10
2623                          Welltower Inc. (HCN)  2.682000e+10
2522              AvalonBay Communities Inc. (AVB)  2.635000e+10
[[u'investment, estate, real, properties, trust, investments, company, mortgage, invests, equity, debt, loans, management, income, million, reit, capital, securities, services']]
cluster 3:
                                             name            mc
2985               JPMorgan Chase &amp; Co. (JPM)  3.011700e+11
3134              Wells Fargo &amp; Company (WFC)  2.651600e+11
2824            Bank of America Corporation (BAC)  2.293900e+11
2858                           Citigroup Inc. (C)  1.682100e+11
3123                           U.S. Bancorp (USB)  8.612000e+10
3050  The PNC Financial Services Group Inc. (PNC)  5.747000e+10
2890      Capital One Financial Corporation (COF)  3.875000e+10
2828                   BB&amp;T Corporation (BBT)  3.428000e+10
3091                    SunTrust Banks Inc. (STI)  2.613000e+10
3007               M&amp;T Bank Corporation (MTB)  2.420000e+10
[[u'loans, bank, banking, services, commercial, deposit, accounts, financial, company, estate, mortgage, savings, credit, holding, real, deposits, consumer, bancorp, management']]
cluster 4:
                                         name            mc
3406            Exxon Mobil Corporation (XOM)  3.471600e+11
3193                Chevron Corporation (CVX)  2.018100e+11
3285                NextEra Energy Inc. (NEE)  6.427000e+10
3183                     ConocoPhillips (COP)  5.874000e+10
3204            Duke Energy Corporation (DUK)  5.835000e+10
3220  Enterprise Products Partners L.P. (EPD)  5.806000e+10
3219                 EOG Resources Inc. (EOG)  5.415000e+10
3357                The Southern Company (SO)  4.961000e+10
3196              Dominion Resources Inc. (D)  4.943000e+10
3306   Occidental Petroleum Corporation (OXY)  4.636000e+10
[[u'gas, natural, oil, energy, crude, company, exploration, basin, texas, production, gathering, segment, storage, midstream, services, properties, petroleum, liquids, approximately']]
