doing n_clusters= 6
reading ../data/yf_data.csv
<class 'pandas.core.frame.DataFrame'>
RangeIndex: 3370 entries, 0 to 3369
Data columns (total 2 columns):
symbol     3370 non-null object
content    3370 non-null object
dtypes: object(2)
memory usage: 52.7+ KB
None
reading ../data/gf_data.csv
<class 'pandas.core.frame.DataFrame'>
RangeIndex: 3617 entries, 0 to 3616
Data columns (total 2 columns):
symbol     3617 non-null object
content    3617 non-null object
dtypes: object(2)
memory usage: 56.6+ KB
None
reading ../data/mw_data.csv
<class 'pandas.core.frame.DataFrame'>
RangeIndex: 3368 entries, 0 to 3367
Data columns (total 2 columns):
symbol     3368 non-null object
content    3368 non-null object
dtypes: object(2)
memory usage: 52.7+ KB
None
<class 'pandas.core.frame.DataFrame'>
Int64Index: 3818 entries, 0 to 3817
Data columns (total 4 columns):
symbol       3818 non-null object
yfcontent    3371 non-null object
gfcontent    3618 non-null object
mwcontent    3368 non-null object
dtypes: object(4)
memory usage: 149.1+ KB
None
<class 'pandas.core.frame.DataFrame'>
Int64Index: 3818 entries, 0 to 3817
Data columns (total 2 columns):
symbol     3818 non-null object
content    3818 non-null object
dtypes: object(2)
memory usage: 89.5+ KB
None
0    Agilent Technologies, Inc. provides applicatio...
1    Alcoa Corporation produces and sells bauxite, ...
2    AAC Holdings, Inc. provides inpatient substanc...
3    American Airlines Group Inc., through its subs...
4    Altisource Asset Management Corporation, an as...
Name: content, dtype: object
n,inertia 6 3094.51185163
cluster 0:
                                       name            mc
18                       Chubb Limited (CB)  6.466000e+10
7   American International Group Inc. (AIG)  5.666000e+10
61                       MetLife Inc. (MET)  5.431000e+10
2                          Aetna Inc. (AET)  4.689000e+10
15                       Anthem Inc. (ANTM)  4.675000e+10
75          Prudential Financial Inc. (PRU)  4.461000e+10
19                   Cigna Corporation (CI)  4.083000e+10
87       The Travelers Companies Inc. (TRV)  3.375000e+10
50                        Humana Inc. (HUM)  3.289000e+10
10           The Allstate Corporation (ALL)  3.067000e+10
[[u'insurance, life, casualty, property, products, segment, liability, company, services, commercial, group, health, reinsurance, financial, personal, coverage, annuities, policies, automobile']]
cluster 1:
                                        name            mc
353            Exxon Mobil Corporation (XOM)  3.471600e+11
145                Chevron Corporation (CVX)  2.018100e+11
233                NextEra Energy Inc. (NEE)  6.427000e+10
136                     ConocoPhillips (COP)  5.874000e+10
155            Duke Energy Corporation (DUK)  5.835000e+10
171  Enterprise Products Partners L.P. (EPD)  5.806000e+10
170                 EOG Resources Inc. (EOG)  5.415000e+10
304                The Southern Company (SO)  4.961000e+10
148              Dominion Resources Inc. (D)  4.943000e+10
254   Occidental Petroleum Corporation (OXY)  4.636000e+10
[[u'gas, natural, oil, energy, crude, company, exploration, basin, texas, production, gathering, segment, storage, midstream, services, properties, petroleum, liquids, approximately']]
cluster 2:
                                       name            mc
1021                  Alphabet Inc. (GOOGL)  6.523600e+11
460                  Amazon.com Inc. (AMZN)  4.587800e+11
926                      Facebook Inc. (FB)  4.291000e+11
1184            Johnson &amp; Johnson (JNJ)  3.421200e+11
2004             Wal-Mart Stores Inc. (WMT)  2.388000e+11
1545  The Procter &amp; Gamble Company (PG)  2.205700e+11
1541                      Pfizer Inc. (PFE)  1.937200e+11
1062               The Home Depot Inc. (HD)  1.877400e+11
1216             The Coca-Cola Company (KO)  1.875700e+11
706             Comcast Corporation (CMCSA)  1.846300e+11
[[u'products, company, segment, systems, services, treatment, stores, equipment, operates, manufactures, markets, industrial, power, clinical, sells, development, used, segments, product']]
cluster 3:
                                       name            mc
2094                      Apple Inc. (AAPL)  7.980300e+11
2495           Microsoft Corporation (MSFT)  5.226000e+11
2335          General Electric Company (GE)  2.435900e+11
2664                      AT&amp;T Inc. (T)  2.351000e+11
2711                          Visa Inc. (V)  2.132300e+11
2732       Verizon Communications Inc. (VZ)  1.852800e+11
2538              Oracle Corporation (ORCL)  1.823200e+11
2401               Intel Corporation (INTC)  1.666300e+11
2704  UnitedHealth Group Incorporated (UNH)  1.663200e+11
2228              Cisco Systems Inc. (CSCO)  1.563000e+11
[[u'services, solutions, management, software, company, data, segment, provides, technology, systems, cloud, products, information, offers, communications, security, business, service, support']]
cluster 4:
                                              name            mc
2891             The Goldman Sachs Group Inc. (GS)  8.816000e+10
2956                           Morgan Stanley (MS)  7.732000e+10
3034               Simon Property Group Inc. (SPG)  5.677000e+10
2803  The Bank of New York Mellon Corporation (BK)  4.840000e+10
2998                          Public Storage (PSA)  3.729000e+10
2809                The Blackstone Group L.P. (BX)  3.643000e+10
3040                State Street Corporation (STT)  3.040000e+10
2994                           Prologis Inc. (PLD)  2.973000e+10
2897                          Welltower Inc. (HCN)  2.682000e+10
2799              AvalonBay Communities Inc. (AVB)  2.635000e+10
[[u'investment, estate, real, properties, trust, investments, company, invests, mortgage, debt, equity, loans, management, income, million, reit, capital, securities, services']]
cluster 5:
                                             name            mc
3254               JPMorgan Chase &amp; Co. (JPM)  3.011700e+11
3403              Wells Fargo &amp; Company (WFC)  2.651600e+11
3094            Bank of America Corporation (BAC)  2.293900e+11
3128                           Citigroup Inc. (C)  1.682100e+11
3392                           U.S. Bancorp (USB)  8.612000e+10
3319  The PNC Financial Services Group Inc. (PNC)  5.747000e+10
3160      Capital One Financial Corporation (COF)  3.875000e+10
3098                   BB&amp;T Corporation (BBT)  3.428000e+10
3360                    SunTrust Banks Inc. (STI)  2.613000e+10
3276               M&amp;T Bank Corporation (MTB)  2.420000e+10
[[u'loans, bank, banking, services, commercial, deposit, accounts, financial, company, estate, mortgage, savings, credit, holding, real, deposits, consumer, bancorp, management']]
