doing n_clusters= 7
reading ../data/yf_data.csv
<class 'pandas.core.frame.DataFrame'>
RangeIndex: 3370 entries, 0 to 3369
Data columns (total 2 columns):
symbol     3370 non-null object
content    3370 non-null object
dtypes: object(2)
memory usage: 52.7+ KB
None
reading ../data/gf_data.csv
<class 'pandas.core.frame.DataFrame'>
RangeIndex: 3617 entries, 0 to 3616
Data columns (total 2 columns):
symbol     3617 non-null object
content    3617 non-null object
dtypes: object(2)
memory usage: 56.6+ KB
None
reading ../data/mw_data.csv
<class 'pandas.core.frame.DataFrame'>
RangeIndex: 3368 entries, 0 to 3367
Data columns (total 2 columns):
symbol     3368 non-null object
content    3368 non-null object
dtypes: object(2)
memory usage: 52.7+ KB
None
<class 'pandas.core.frame.DataFrame'>
Int64Index: 3818 entries, 0 to 3817
Data columns (total 4 columns):
symbol       3818 non-null object
yfcontent    3371 non-null object
gfcontent    3618 non-null object
mwcontent    3368 non-null object
dtypes: object(4)
memory usage: 149.1+ KB
None
<class 'pandas.core.frame.DataFrame'>
Int64Index: 3818 entries, 0 to 3817
Data columns (total 2 columns):
symbol     3818 non-null object
content    3818 non-null object
dtypes: object(2)
memory usage: 89.5+ KB
None
0    Agilent Technologies, Inc. provides applicatio...
1    Alcoa Corporation produces and sells bauxite, ...
2    AAC Holdings, Inc. provides inpatient substanc...
3    American Airlines Group Inc., through its subs...
4    Altisource Asset Management Corporation, an as...
Name: content, dtype: object
n,inertia 7 3073.74632869
cluster 0:
                                       name            mc
543                   Alphabet Inc. (GOOGL)  6.523600e+11
75                   Amazon.com Inc. (AMZN)  4.587800e+11
462                      Facebook Inc. (FB)  4.291000e+11
688             Johnson &amp; Johnson (JNJ)  3.421200e+11
1408             Wal-Mart Stores Inc. (WMT)  2.388000e+11
999   The Procter &amp; Gamble Company (PG)  2.205700e+11
585                The Home Depot Inc. (HD)  1.877400e+11
715              The Coca-Cola Company (KO)  1.875700e+11
274             Comcast Corporation (CMCSA)  1.846300e+11
1017  Philip Morris International Inc. (PM)  1.782100e+11
[[u'products, company, segment, systems, services, stores, equipment, operates, manufactures, industrial, power, markets, sells, segments, offers, provides, used, food, states']]
cluster 1:
                                             name            mc
1659               JPMorgan Chase &amp; Co. (JPM)  3.011700e+11
1807              Wells Fargo &amp; Company (WFC)  2.651600e+11
1499            Bank of America Corporation (BAC)  2.293900e+11
1533                           Citigroup Inc. (C)  1.682100e+11
1796                           U.S. Bancorp (USB)  8.612000e+10
1724  The PNC Financial Services Group Inc. (PNC)  5.747000e+10
1565      Capital One Financial Corporation (COF)  3.875000e+10
1503                   BB&amp;T Corporation (BBT)  3.428000e+10
1764                    SunTrust Banks Inc. (STI)  2.613000e+10
1681               M&amp;T Bank Corporation (MTB)  2.420000e+10
[[u'loans, bank, banking, services, commercial, deposit, accounts, financial, company, estate, mortgage, savings, credit, holding, real, deposits, consumer, bancorp, management']]
cluster 2:
                                         name            mc
1836                       Chubb Limited (CB)  6.466000e+10
1825  American International Group Inc. (AIG)  5.666000e+10
1881                       MetLife Inc. (MET)  5.431000e+10
1820                         Aetna Inc. (AET)  4.689000e+10
1833                       Anthem Inc. (ANTM)  4.675000e+10
1896          Prudential Financial Inc. (PRU)  4.461000e+10
1838                   Cigna Corporation (CI)  4.083000e+10
1909       The Travelers Companies Inc. (TRV)  3.375000e+10
1870                        Humana Inc. (HUM)  3.289000e+10
1828           The Allstate Corporation (ALL)  3.067000e+10
[[u'insurance, life, casualty, property, products, services, segment, liability, company, group, commercial, health, reinsurance, financial, personal, annuities, coverage, policies, automobile']]
cluster 3:
                                       name            mc
2136                      Pfizer Inc. (PFE)  1.937200e+11
2103             Merck &amp; Co. Inc. (MRK)  1.744500e+11
1944                      Amgen Inc. (AMGN)  1.151000e+11
1920                     AbbVie Inc. (ABBV)  1.043700e+11
1989             Celgene Corporation (CELG)  9.130000e+10
1975     Bristol-Myers Squibb Company (BMY)  8.899000e+10
2050            Gilead Sciences Inc. (GILD)  8.394000e+10
1969                     Biogen Inc. (BIIB)  5.342000e+10
2149  Regeneron Pharmaceuticals Inc. (REGN)  4.758000e+10
1965        Baxter International Inc. (BAX)  3.110000e+10
[[u'treatment, clinical, phase, cancer, company, development, therapeutics, patients, diseases, biopharmaceutical, product, stage, developing, drug, pharmaceuticals, candidates, cell, trial, candidate']]
cluster 4:
                                       name            mc
2216                      Apple Inc. (AAPL)  7.980300e+11
2586           Microsoft Corporation (MSFT)  5.226000e+11
2438          General Electric Company (GE)  2.435900e+11
2744                      AT&amp;T Inc. (T)  2.351000e+11
2788                          Visa Inc. (V)  2.132300e+11
2808       Verizon Communications Inc. (VZ)  1.852800e+11
2625              Oracle Corporation (ORCL)  1.823200e+11
2496               Intel Corporation (INTC)  1.666300e+11
2783  UnitedHealth Group Incorporated (UNH)  1.663200e+11
2340              Cisco Systems Inc. (CSCO)  1.563000e+11
[[u'services, solutions, management, software, company, data, segment, provides, technology, systems, cloud, products, information, communications, security, offers, business, digital, network']]
cluster 5:
                                         name            mc
3089            Exxon Mobil Corporation (XOM)  3.471600e+11
2882                Chevron Corporation (CVX)  2.018100e+11
2970                NextEra Energy Inc. (NEE)  6.427000e+10
2874                     ConocoPhillips (COP)  5.874000e+10
2892            Duke Energy Corporation (DUK)  5.835000e+10
2908  Enterprise Products Partners L.P. (EPD)  5.806000e+10
2907                 EOG Resources Inc. (EOG)  5.415000e+10
3040                The Southern Company (SO)  4.961000e+10
2885              Dominion Resources Inc. (D)  4.943000e+10
2991   Occidental Petroleum Corporation (OXY)  4.636000e+10
[[u'gas, natural, oil, energy, crude, company, exploration, basin, texas, production, gathering, segment, storage, midstream, services, properties, liquids, petroleum, approximately']]
cluster 6:
                                              name            mc
3225             The Goldman Sachs Group Inc. (GS)  8.816000e+10
3290                           Morgan Stanley (MS)  7.732000e+10
3366               Simon Property Group Inc. (SPG)  5.677000e+10
3136  The Bank of New York Mellon Corporation (BK)  4.840000e+10
3332                          Public Storage (PSA)  3.729000e+10
3142                The Blackstone Group L.P. (BX)  3.643000e+10
3372                State Street Corporation (STT)  3.040000e+10
3328                           Prologis Inc. (PLD)  2.973000e+10
3231                          Welltower Inc. (HCN)  2.682000e+10
3131              AvalonBay Communities Inc. (AVB)  2.635000e+10
[[u'investment, estate, real, properties, trust, investments, company, invests, mortgage, debt, equity, loans, management, income, million, reit, capital, securities, services']]
