doing n_clusters= 8
reading ../data/yf_data.csv
<class 'pandas.core.frame.DataFrame'>
RangeIndex: 3370 entries, 0 to 3369
Data columns (total 2 columns):
symbol     3370 non-null object
content    3370 non-null object
dtypes: object(2)
memory usage: 52.7+ KB
None
reading ../data/gf_data.csv
<class 'pandas.core.frame.DataFrame'>
RangeIndex: 3617 entries, 0 to 3616
Data columns (total 2 columns):
symbol     3617 non-null object
content    3617 non-null object
dtypes: object(2)
memory usage: 56.6+ KB
None
reading ../data/mw_data.csv
<class 'pandas.core.frame.DataFrame'>
RangeIndex: 3368 entries, 0 to 3367
Data columns (total 2 columns):
symbol     3368 non-null object
content    3368 non-null object
dtypes: object(2)
memory usage: 52.7+ KB
None
<class 'pandas.core.frame.DataFrame'>
Int64Index: 3818 entries, 0 to 3817
Data columns (total 4 columns):
symbol       3818 non-null object
yfcontent    3371 non-null object
gfcontent    3618 non-null object
mwcontent    3368 non-null object
dtypes: object(4)
memory usage: 149.1+ KB
None
<class 'pandas.core.frame.DataFrame'>
Int64Index: 3818 entries, 0 to 3817
Data columns (total 2 columns):
symbol     3818 non-null object
content    3818 non-null object
dtypes: object(2)
memory usage: 89.5+ KB
None
0    Agilent Technologies, Inc. provides applicatio...
1    Alcoa Corporation produces and sells bauxite, ...
2    AAC Holdings, Inc. provides inpatient substanc...
3    American Airlines Group Inc., through its subs...
4    Altisource Asset Management Corporation, an as...
Name: content, dtype: object
n,inertia 8 3057.54568127
cluster 0:
                                       name            mc
536                   Alphabet Inc. (GOOGL)  6.523600e+11
75                   Amazon.com Inc. (AMZN)  4.587800e+11
458                      Facebook Inc. (FB)  4.291000e+11
678             Johnson &amp; Johnson (JNJ)  3.421200e+11
1387             Wal-Mart Stores Inc. (WMT)  2.388000e+11
985   The Procter &amp; Gamble Company (PG)  2.205700e+11
982                       Pfizer Inc. (PFE)  1.937200e+11
576                The Home Depot Inc. (HD)  1.877400e+11
704              The Coca-Cola Company (KO)  1.875700e+11
274             Comcast Corporation (CMCSA)  1.846300e+11
[[u'products, company, segment, systems, services, equipment, stores, operates, industrial, manufactures, power, markets, sells, segments, offers, used, food, specialty, provides']]
cluster 1:
                                             name            mc
1636               JPMorgan Chase &amp; Co. (JPM)  3.011700e+11
1783              Wells Fargo &amp; Company (WFC)  2.651600e+11
1476            Bank of America Corporation (BAC)  2.293900e+11
1510                           Citigroup Inc. (C)  1.682100e+11
1772                           U.S. Bancorp (USB)  8.612000e+10
1701  The PNC Financial Services Group Inc. (PNC)  5.747000e+10
1542      Capital One Financial Corporation (COF)  3.875000e+10
1480                   BB&amp;T Corporation (BBT)  3.428000e+10
1741                    SunTrust Banks Inc. (STI)  2.613000e+10
1658               M&amp;T Bank Corporation (MTB)  2.420000e+10
[[u'loans, bank, banking, services, commercial, deposit, accounts, financial, company, estate, mortgage, savings, credit, holding, real, deposits, consumer, bancorp, management']]
cluster 2:
                                       name            mc
1795                      Apple Inc. (AAPL)  7.980300e+11
2182           Microsoft Corporation (MSFT)  5.226000e+11
2026          General Electric Company (GE)  2.435900e+11
2348                      AT&amp;T Inc. (T)  2.351000e+11
2392                          Visa Inc. (V)  2.132300e+11
2412       Verizon Communications Inc. (VZ)  1.852800e+11
2224              Oracle Corporation (ORCL)  1.823200e+11
2087               Intel Corporation (INTC)  1.666300e+11
2387  UnitedHealth Group Incorporated (UNH)  1.663200e+11
1923              Cisco Systems Inc. (CSCO)  1.563000e+11
[[u'services, solutions, management, software, company, data, segment, provides, technology, systems, cloud, products, information, communications, security, offers, business, digital, network']]
cluster 3:
                                              name            mc
2493             The Goldman Sachs Group Inc. (GS)  8.816000e+10
2518                           Morgan Stanley (MS)  7.732000e+10
2459  The Bank of New York Mellon Corporation (BK)  4.840000e+10
2462                The Blackstone Group L.P. (BX)  3.643000e+10
2552                State Street Corporation (STT)  3.040000e+10
2458                 Franklin Resources Inc. (BEN)  2.360000e+10
2526             Northern Trust Corporation (NTRS)  1.996000e+10
2560               T. Rowe Price Group Inc. (TROW)  1.704000e+10
2504                            Invesco Ltd. (IVZ)  1.286000e+10
2523          Annaly Capital Management Inc. (NLY)  1.172000e+10
[[u'investment, investments, debt, mortgage, equity, securities, loans, capital, companies, funds, invests, million, fund, services, management, company, income, senior, invest']]
cluster 4:
                                            name            mc
2752                  Merck &amp; Co. Inc. (MRK)  1.744500e+11
2595                           Amgen Inc. (AMGN)  1.151000e+11
2571                          AbbVie Inc. (ABBV)  1.043700e+11
2638                  Celgene Corporation (CELG)  9.130000e+10
2624          Bristol-Myers Squibb Company (BMY)  8.899000e+10
2699                 Gilead Sciences Inc. (GILD)  8.394000e+10
2618                          Biogen Inc. (BIIB)  5.342000e+10
2797       Regeneron Pharmaceuticals Inc. (REGN)  4.758000e+10
2845  Vertex Pharmaceuticals Incorporated (VRTX)  2.940000e+10
2719                   Incyte Corporation (INCY)  2.691000e+10
[[u'treatment, clinical, phase, cancer, company, development, therapeutics, patients, diseases, biopharmaceutical, product, stage, developing, pharmaceuticals, candidates, drug, cell, trial, candidate']]
cluster 5:
                                         name            mc
3109            Exxon Mobil Corporation (XOM)  3.471600e+11
2910                Chevron Corporation (CVX)  2.018100e+11
2996                NextEra Energy Inc. (NEE)  6.427000e+10
2901                     ConocoPhillips (COP)  5.874000e+10
2920            Duke Energy Corporation (DUK)  5.835000e+10
2936  Enterprise Products Partners L.P. (EPD)  5.806000e+10
2935                 EOG Resources Inc. (EOG)  5.415000e+10
3061                The Southern Company (SO)  4.961000e+10
2913              Dominion Resources Inc. (D)  4.943000e+10
3017   Occidental Petroleum Corporation (OXY)  4.636000e+10
[[u'gas, natural, oil, energy, crude, exploration, company, basin, texas, production, gathering, segment, storage, midstream, services, liquids, petroleum, transportation, shale']]
cluster 6:
                                  name            mc
3285   Simon Property Group Inc. (SPG)  5.677000e+10
3256              Public Storage (PSA)  3.729000e+10
3254               Prologis Inc. (PLD)  2.973000e+10
3197              Welltower Inc. (HCN)  2.682000e+10
3135  AvalonBay Communities Inc. (AVB)  2.635000e+10
3177          Equity Residential (EQR)  2.497000e+10
3307                 Ventas Inc. (VTR)  2.399000e+10
3142      Boston Properties Inc. (BXP)  2.081000e+10
3190                    GGP Inc. (GGP)  2.034000e+10
3304        Vornado Realty Trust (VNO)  1.899000e+10
[[u'properties, estate, real, trust, investment, company, reit, realty, office, property, ownership, invests, communities, hotels, income, self, centers, shopping, development']]
cluster 7:
                                         name            mc
3334                       Chubb Limited (CB)  6.466000e+10
3323  American International Group Inc. (AIG)  5.666000e+10
3377                       MetLife Inc. (MET)  5.431000e+10
3318                         Aetna Inc. (AET)  4.689000e+10
3331                       Anthem Inc. (ANTM)  4.675000e+10
3391          Prudential Financial Inc. (PRU)  4.461000e+10
3335                   Cigna Corporation (CI)  4.083000e+10
3403       The Travelers Companies Inc. (TRV)  3.375000e+10
3366                        Humana Inc. (HUM)  3.289000e+10
3326           The Allstate Corporation (ALL)  3.067000e+10
[[u'insurance, life, casualty, property, products, segment, liability, company, services, commercial, group, health, reinsurance, financial, personal, coverage, annuities, policies, automobile']]
