doing n_clusters= 9
reading ../data/yf_data.csv
<class 'pandas.core.frame.DataFrame'>
RangeIndex: 3370 entries, 0 to 3369
Data columns (total 2 columns):
symbol     3370 non-null object
content    3370 non-null object
dtypes: object(2)
memory usage: 52.7+ KB
None
reading ../data/gf_data.csv
<class 'pandas.core.frame.DataFrame'>
RangeIndex: 3617 entries, 0 to 3616
Data columns (total 2 columns):
symbol     3617 non-null object
content    3617 non-null object
dtypes: object(2)
memory usage: 56.6+ KB
None
reading ../data/mw_data.csv
<class 'pandas.core.frame.DataFrame'>
RangeIndex: 3368 entries, 0 to 3367
Data columns (total 2 columns):
symbol     3368 non-null object
content    3368 non-null object
dtypes: object(2)
memory usage: 52.7+ KB
None
<class 'pandas.core.frame.DataFrame'>
Int64Index: 3818 entries, 0 to 3817
Data columns (total 4 columns):
symbol       3818 non-null object
yfcontent    3371 non-null object
gfcontent    3618 non-null object
mwcontent    3368 non-null object
dtypes: object(4)
memory usage: 149.1+ KB
None
<class 'pandas.core.frame.DataFrame'>
Int64Index: 3818 entries, 0 to 3817
Data columns (total 2 columns):
symbol     3818 non-null object
content    3818 non-null object
dtypes: object(2)
memory usage: 89.5+ KB
None
0    Agilent Technologies, Inc. provides applicatio...
1    Alcoa Corporation produces and sells bauxite, ...
2    AAC Holdings, Inc. provides inpatient substanc...
3    American Airlines Group Inc., through its subs...
4    Altisource Asset Management Corporation, an as...
Name: content, dtype: object
n,inertia 9 3042.94191804
cluster 0:
                                        name            mc
241            Exxon Mobil Corporation (XOM)  3.471600e+11
43                 Chevron Corporation (CVX)  2.018100e+11
127                NextEra Energy Inc. (NEE)  6.427000e+10
36                      ConocoPhillips (COP)  5.874000e+10
53             Duke Energy Corporation (DUK)  5.835000e+10
69   Enterprise Products Partners L.P. (EPD)  5.806000e+10
68                  EOG Resources Inc. (EOG)  5.415000e+10
193                The Southern Company (SO)  4.961000e+10
46               Dominion Resources Inc. (D)  4.943000e+10
146   Occidental Petroleum Corporation (OXY)  4.636000e+10
[[u'gas, natural, oil, energy, crude, exploration, company, basin, texas, production, gathering, storage, midstream, segment, properties, services, liquids, petroleum, approximately']]
cluster 1:
                                       name            mc
620                   Alphabet Inc. (GOOGL)  6.523600e+11
297                  Amazon.com Inc. (AMZN)  4.587800e+11
569                      Facebook Inc. (FB)  4.291000e+11
717             Johnson &amp; Johnson (JNJ)  3.421200e+11
1223             Wal-Mart Stores Inc. (WMT)  2.388000e+11
923   The Procter &amp; Gamble Company (PG)  2.205700e+11
922                       Pfizer Inc. (PFE)  1.937200e+11
647                The Home Depot Inc. (HD)  1.877400e+11
735              The Coca-Cola Company (KO)  1.875700e+11
433             Comcast Corporation (CMCSA)  1.846300e+11
[[u'company, products, stores, segment, services, operates, care, states, brands, retail, food, united, offers, accessories, segments, brand, home, restaurants, sells']]
cluster 2:
                                              name            mc
1320             The Goldman Sachs Group Inc. (GS)  8.816000e+10
1341                           Morgan Stanley (MS)  7.732000e+10
1292  The Bank of New York Mellon Corporation (BK)  4.840000e+10
1295                The Blackstone Group L.P. (BX)  3.643000e+10
1365                State Street Corporation (STT)  3.040000e+10
1291                 Franklin Resources Inc. (BEN)  2.360000e+10
1346             Northern Trust Corporation (NTRS)  1.996000e+10
1286               Ameriprise Financial Inc. (AMP)  1.918000e+10
1373               T. Rowe Price Group Inc. (TROW)  1.704000e+10
1329                            Invesco Ltd. (IVZ)  1.286000e+10
[[u'investment, debt, investments, equity, companies, funds, million, fund, capital, services, invests, management, senior, securities, loans, invest, company, institutional, asset']]
cluster 3:
                                  name            mc
1561   Simon Property Group Inc. (SPG)  5.677000e+10
1536              Public Storage (PSA)  3.729000e+10
1533               Prologis Inc. (PLD)  2.973000e+10
1465              Welltower Inc. (HCN)  2.682000e+10
1401  AvalonBay Communities Inc. (AVB)  2.635000e+10
1446          Equity Residential (EQR)  2.497000e+10
1583                 Ventas Inc. (VTR)  2.399000e+10
1408      Boston Properties Inc. (BXP)  2.081000e+10
1458                    GGP Inc. (GGP)  2.034000e+10
1581        Vornado Realty Trust (VNO)  1.899000e+10
[[u'estate, real, properties, trust, investment, mortgage, reit, company, realty, office, invests, income, property, residential, investments, loans, commercial, ownership, communities']]
cluster 4:
                                                   name            mc
1595                                  Apple Inc. (AAPL)  7.980300e+11
1914                       Microsoft Corporation (MSFT)  5.226000e+11
2045                                  AT&amp;T Inc. (T)  2.351000e+11
2082                                      Visa Inc. (V)  2.132300e+11
2102                   Verizon Communications Inc. (VZ)  1.852800e+11
1946                          Oracle Corporation (ORCL)  1.823200e+11
1836                           Intel Corporation (INTC)  1.666300e+11
2078              UnitedHealth Group Incorporated (UNH)  1.663200e+11
1707                          Cisco Systems Inc. (CSCO)  1.563000e+11
1819  International Business Machines Corporation (IBM)  1.427800e+11
[[u'services, solutions, management, software, data, company, provides, technology, segment, cloud, information, security, communications, business, products, network, digital, offers, service']]
cluster 5:
                                           name            mc
2338              General Electric Company (GE)  2.435900e+11
2464                           3M Company (MMM)  1.169400e+11
2197                    The Boeing Company (BA)  1.099200e+11
2378         Honeywell International Inc. (HON)  1.001700e+11
2589                 Schlumberger Limited (SLB)  9.970000e+10
2659      United Technologies Corporation (UTX)  9.708000e+10
2440          Lockheed Martin Corporation (LMT)  7.896000e+10
2278             The Dow Chemical Company (DOW)  7.488000e+10
2271  E. I. du Pont de Nemours and Company (DD)  6.747000e+10
2636        Thermo Fisher Scientific Inc. (TMO)  6.711000e+10
[[u'products, systems, segment, equipment, power, industrial, services, company, components, solutions, manufactures, energy, materials, markets, applications, used, control, construction, water']]
cluster 6:
                                            name            mc
2883                  Merck &amp; Co. Inc. (MRK)  1.744500e+11
2728                           Amgen Inc. (AMGN)  1.151000e+11
2704                          AbbVie Inc. (ABBV)  1.043700e+11
2769                  Celgene Corporation (CELG)  9.130000e+10
2756          Bristol-Myers Squibb Company (BMY)  8.899000e+10
2831                 Gilead Sciences Inc. (GILD)  8.394000e+10
2750                          Biogen Inc. (BIIB)  5.342000e+10
2928       Regeneron Pharmaceuticals Inc. (REGN)  4.758000e+10
2976  Vertex Pharmaceuticals Incorporated (VRTX)  2.940000e+10
2850                   Incyte Corporation (INCY)  2.691000e+10
[[u'treatment, clinical, phase, cancer, company, development, therapeutics, patients, diseases, biopharmaceutical, product, stage, developing, drug, pharmaceuticals, candidates, cell, trial, candidate']]
cluster 7:
                                         name            mc
3009                       Chubb Limited (CB)  6.466000e+10
3002  American International Group Inc. (AIG)  5.666000e+10
3048                       MetLife Inc. (MET)  5.431000e+10
2997                         Aetna Inc. (AET)  4.689000e+10
3062          Prudential Financial Inc. (PRU)  4.461000e+10
3010                   Cigna Corporation (CI)  4.083000e+10
3074       The Travelers Companies Inc. (TRV)  3.375000e+10
3038                        Humana Inc. (HUM)  3.289000e+10
3004           The Allstate Corporation (ALL)  3.067000e+10
3000                 Aflac Incorporated (AFL)  2.932000e+10
[[u'insurance, life, casualty, property, products, liability, segment, company, reinsurance, commercial, group, health, services, personal, coverage, policies, annuities, automobile, accident']]
cluster 8:
                                             name            mc
3257               JPMorgan Chase &amp; Co. (JPM)  3.011700e+11
3403              Wells Fargo &amp; Company (WFC)  2.651600e+11
3096            Bank of America Corporation (BAC)  2.293900e+11
3130                           Citigroup Inc. (C)  1.682100e+11
3392                           U.S. Bancorp (USB)  8.612000e+10
3322  The PNC Financial Services Group Inc. (PNC)  5.747000e+10
3162      Capital One Financial Corporation (COF)  3.875000e+10
3100                   BB&amp;T Corporation (BBT)  3.428000e+10
3361                    SunTrust Banks Inc. (STI)  2.613000e+10
3279               M&amp;T Bank Corporation (MTB)  2.420000e+10
[[u'loans, bank, banking, services, commercial, deposit, accounts, financial, company, estate, mortgage, savings, credit, holding, real, deposits, consumer, bancorp, management']]
