doing n_clusters= 100
reading ../data/yf_data.csv
<class 'pandas.core.frame.DataFrame'>
RangeIndex: 3370 entries, 0 to 3369
Data columns (total 2 columns):
symbol     3370 non-null object
content    3370 non-null object
dtypes: object(2)
memory usage: 52.7+ KB
None
reading ../data/gf_data.csv
<class 'pandas.core.frame.DataFrame'>
RangeIndex: 3617 entries, 0 to 3616
Data columns (total 2 columns):
symbol     3617 non-null object
content    3617 non-null object
dtypes: object(2)
memory usage: 56.6+ KB
None
reading ../data/mw_data.csv
<class 'pandas.core.frame.DataFrame'>
RangeIndex: 3368 entries, 0 to 3367
Data columns (total 2 columns):
symbol     3368 non-null object
content    3368 non-null object
dtypes: object(2)
memory usage: 52.7+ KB
None
<class 'pandas.core.frame.DataFrame'>
Int64Index: 3818 entries, 0 to 3817
Data columns (total 4 columns):
symbol       3818 non-null object
yfcontent    3371 non-null object
gfcontent    3618 non-null object
mwcontent    3368 non-null object
dtypes: object(4)
memory usage: 149.1+ KB
None
<class 'pandas.core.frame.DataFrame'>
Int64Index: 3818 entries, 0 to 3817
Data columns (total 2 columns):
symbol     3818 non-null object
content    3818 non-null object
dtypes: object(2)
memory usage: 89.5+ KB
None
0    Agilent Technologies, Inc. provides applicatio...
1    Alcoa Corporation produces and sells bauxite, ...
2    AAC Holdings, Inc. provides inpatient substanc...
3    American Airlines Group Inc., through its subs...
4    Altisource Asset Management Corporation, an as...
Name: content, dtype: object
n,inertia 100 2708.66091405
cluster 0:
                                       name            mc
3           Ares Capital Corporation (ARCC)  7.030000e+09
5                 The Carlyle Group LP (CG)  5.760000e+09
35      Prospect Capital Corporation (PSEC)  2.950000e+09
14         FS Investment Corporation (FSIC)  2.210000e+09
25   Main Street Capital Corporation (MAIN)  2.130000e+09
2      Apollo Investment Corporation (AINV)  1.380000e+09
47        TPG Specialty Lending Inc. (TSLX)  1.230000e+09
16            Golub Capital BDC Inc. (GBDC)  1.160000e+09
22             Hercules Capital Inc. (HTGC)  1.100000e+09
30  New Mountain Finance Corporation (NMFC)  1.080000e+09
[[u'debt, investments, million, companies, equity, senior, investment, fund, capital, invests, invest, loans, lien, seeks, secured, middle, mezzanine, subordinated, market']]
cluster 1:
                                      name            mc
52  Blackhawk Network Holdings Inc. (HAWK)  2.360000e+09
50            Green Dot Corporation (GDOT)  1.780000e+09
51               Green Bancorp Inc. (GNBC)  7.051300e+08
53            Veritex Holdings Inc. (VBTX)  3.892600e+08
49             A.H. Belo Corporation (AHC)  1.195200e+08
[[u'prepaid, banking, online, cards, green, services, dot, veritex, bank, dallas, loans, company, account, debit, reload, publishing, marketing, mail, belo']]
cluster 2:
                                         name           mc
57                     Ring Energy Inc. (REI)  664240000.0
58                      CVR Partners LP (UAN)  532430000.0
55                   Lilis Energy Inc. (LLEX)  271260000.0
54  Independence Contract Drilling Inc. (ICD)  164850000.0
59                                        NaN   74970000.0
56                PetroQuest Energy Inc. (PQ)   48590000.0
[[u'oil, gas, net, energy, natural, properties, texas, lilis, drilling, cvr, ring, basin, cubic, company, acres, underlying, feet, petroquest, day']]
cluster 3:
                                            name            mc
120               JPMorgan Chase &amp; Co. (JPM)  3.011700e+11
161              Wells Fargo &amp; Company (WFC)  2.651600e+11
66             Bank of America Corporation (BAC)  2.293900e+11
79                            Citigroup Inc. (C)  1.682100e+11
157                           U.S. Bancorp (USB)  8.612000e+10
130  The PNC Financial Services Group Inc. (PNC)  5.747000e+10
93       Capital One Financial Corporation (COF)  3.875000e+10
69                    BB&amp;T Corporation (BBT)  3.428000e+10
148                    SunTrust Banks Inc. (STI)  2.613000e+10
124               M&amp;T Bank Corporation (MTB)  2.420000e+10
[[u'banking, services, bank, loans, commercial, financial, management, wealth, deposit, investment, trust, insurance, lending, mortgage, company, accounts, consumer, segment, credit']]
cluster 4:
                                  name            mc
204      Exxon Mobil Corporation (XOM)  3.471600e+11
173               ConocoPhillips (COP)  5.874000e+10
179           EOG Resources Inc. (EOG)  5.415000e+10
172   Continental Resources Inc. (CLR)  1.582000e+10
190     Marathon Oil Corporation (MRO)  1.235000e+10
195  Range Resources Corporation (RRC)  6.220000e+09
207   Patterson-UTI Energy Inc. (PTEN)  4.850000e+09
199   U.S. Silica Holdings Inc. (SLCA)  3.280000e+09
171    Black Stone Minerals L.P. (BSM)  3.220000e+09
185        Hi-Crush Partners LP (HCLP)  1.370000e+09
[[u'oil, gas, natural, texas, properties, exploration, wells, company, crude, energy, production, oklahoma, interests, field, producing, gulf, reserves, located, drilling']]
cluster 5:
                                 name            mc
218     Bio-Techne Corporation (TECH)  4.100000e+09
211  Emergent BioSolutions Inc. (EBS)  1.220000e+09
215           MacroGenics Inc. (MGNX)  6.736400e+08
210  Celldex Therapeutics Inc. (CLDX)  3.853200e+08
208                Agenus Inc. (AGEN)  3.402200e+08
216               Novavax Inc. (NVAX)  2.939200e+08
221          VBI Vaccines Inc. (VBIV)  1.702600e+08
214    Kindred Biosciences Inc. (KIN)  1.631700e+08
209  AVEO Pharmaceuticals Inc. (AVEO)  1.055900e+08
217                Pfenex Inc. (PFNX)  9.875000e+07
[[u'vaccine, antibody, candidates, vaccines, clinical, company, monoclonal, stage, candidate, infectious, product, kind, protein, diseases, development, cdx, biosimilar, treatment, xoma']]
cluster 6:
                                           name            mc
251                   NextEra Energy Inc. (NEE)  6.427000e+10
234               Duke Energy Corporation (DUK)  5.835000e+10
272                           Tesla Inc. (TSLA)  5.106000e+10
268                   The Southern Company (SO)  4.961000e+10
232                 Dominion Resources Inc. (D)  4.943000e+10
223  American Electric Power Company Inc. (AEP)  3.379000e+10
258                  PG&amp;E Corporation (PCG)  3.349000e+10
241                    Exelon Corporation (EXC)  3.246000e+10
270                         Sempra Energy (SRE)  2.797000e+10
263                       PPL Corporation (PPL)  2.652000e+10
[[u'gas, electric, energy, electricity, natural, transmission, regulated, utility, distribution, generation, power, company, segment, customers, services, miles, operations, utilities, wholesale']]
cluster 7:
                                              name            mc
282                     Carnival Corporation (CCL)  4.455000e+10
293                       Omnicom Group Inc. (OMC)  1.940000e+10
290  The Interpublic Group of Companies Inc. (IPG)  9.610000e+09
283                          CDK Global Inc. (CDK)  8.920000e+09
287                          Ellie Mae Inc. (ELLI)  3.680000e+09
291               Manhattan Associates Inc. (MANH)  3.300000e+09
296                    Universal Corporation (UVV)  1.760000e+09
285          CSG Systems International Inc. (CSGS)  1.330000e+09
288                               Gogo Inc. (GOGO)  1.100000e+09
295                       PROS Holdings Inc. (PRO)  8.641200e+08
[[u'solutions, america, services, advertising, marketing, tobacco, management, company, north, encompass, communications, software, pros, cruise, journal, relations, digital, mdc, segment']]
cluster 8:
                                   name            mc
298  Cadence Design Systems Inc. (CDNS)  9.170000e+09
301            Jabil Circuit Inc. (JBL)  5.210000e+09
308          Sanmina Corporation (SANM)  2.750000e+09
307                 Plexus Corp. (PLXS)  1.690000e+09
311        TTM Technologies Inc. (TTMI)  1.620000e+09
297    Benchmark Electronics Inc. (BHE)  1.550000e+09
302       Kimball Electronics Inc. (KE)  4.408200e+08
299         Ducommun Incorporated (DCO)  3.502500e+08
306    Park Electrochemical Corp. (PKE)  3.288100e+08
304           LMI Aerospace Inc. (LMIA)  1.884500e+08
[[u'assemblies, manufacturing, design, circuit, printed, services, assembly, electronic, engineering, testing, aerospace, board, electronics, product, defense, company, products, solutions, test']]
cluster 9:
                                           name            mc
355                  Celgene Corporation (CELG)  9.130000e+10
342                          Biogen Inc. (BIIB)  5.342000e+10
456       Regeneron Pharmaceuticals Inc. (REGN)  4.758000e+10
489  Vertex Pharmaceuticals Incorporated (VRTX)  2.940000e+10
407                   Incyte Corporation (INCY)  2.691000e+10
327         Alexion Pharmaceuticals Inc. (ALXN)  2.556000e+10
345         BioMarin Pharmaceutical Inc. (BMRN)  1.557000e+10
469                Seattle Genetics Inc. (SGEN)  9.500000e+09
482                          Tesaro Inc. (TSRO)  8.210000e+09
326         Alnylam Pharmaceuticals Inc. (ALNY)  6.180000e+09
[[u'treatment, clinical, phase, company, cancer, development, therapeutics, patients, diseases, biopharmaceutical, trial, pharmaceuticals, stage, developing, product, candidates, drug, candidate, commercialization']]
cluster 10:
                                        name            mc
515     Annaly Capital Management Inc. (NLY)  1.172000e+10
499             AGNC Investment Corp. (AGNC)  7.160000e+09
517   New Residential Investment Corp. (NRZ)  4.940000e+09
513        MGIC Investment Corporation (MTG)  3.930000e+09
525                  Radian Group Inc. (RDN)  3.540000e+09
528       Two Harbors Investment Corp. (TWO)  3.460000e+09
504     Chimera Investment Corporation (CIM)  3.380000e+09
511                 MFA Financial Inc. (MFA)  3.220000e+09
510      Invesco Mortgage Capital Inc. (IVR)  1.780000e+09
518  Nationstar Mortgage Holdings Inc. (NSM)  1.710000e+09
[[u'mortgage, agency, residential, loans, securities, backed, investment, rmbs, estate, real, servicing, mbs, investments, assets, trust, loan, government, company, federal']]
cluster 11:
                                        name            mc
536                   D.R. Horton Inc. (DHI)  1.269000e+10
540                 Lennar Corporation (LEN)  1.197000e+10
545                           NVR Inc. (NVR)  8.720000e+09
547                    PulteGroup Inc. (PHM)  7.300000e+09
549                 Toll Brothers Inc. (TOL)  6.150000e+09
548  Taylor Morrison Home Corporation (TMHC)  3.530000e+09
550              TRI Pointe Group Inc. (TPH)  2.020000e+09
539                            KB Home (KBH)  1.830000e+09
542               M.D.C. Holdings Inc. (MDC)  1.770000e+09
544         Meritage Homes Corporation (MTH)  1.640000e+09
[[u'homes, homebuilding, detached, title, land, operations, family, single, homebuyers, company, attached, arizona, communities, carolina, lots, mortgage, home, california, builds']]
cluster 12:
                                          name            mc
568             Vulcan Materials Company (VMC)  1.665000e+10
561       Martin Marietta Materials Inc. (MLM)  1.434000e+10
556                 Eagle Materials Inc. (EXP)  4.820000e+09
563       Simpson Manufacturing Co. Inc. (SSD)  1.950000e+09
560    Granite Construction Incorporated (GVA)  1.870000e+09
569               Headwaters Incorporated (HW)  1.820000e+09
566             Tutor Perini Corporation (TPC)  1.310000e+09
567                  U.S. Concrete Inc. (USCR)  1.080000e+09
554                    Chase Corporation (CCF)  9.533200e+08
564  Sterling Construction Company Inc. (STRL)  2.778900e+08
[[u'construction, concrete, materials, aggregates, cement, infrastructure, projects, company, building, segment, products, civil, dredging, ready, asphalt, sand, water, mixed, facilities']]
cluster 13:
                                       name            mc
573                    Welltower Inc. (HCN)  2.682000e+10
583                       Ventas Inc. (VTR)  2.399000e+10
574                          HCP Inc. (HCP)  1.499000e+10
579   Omega Healthcare Investors Inc. (OHI)  6.600000e+09
575  Healthcare Trust of America Inc. (HTA)  6.390000e+09
577     Medical Properties Trust Inc. (MPW)  4.800000e+09
570   Acadia Healthcare Company Inc. (ACHC)  3.830000e+09
578    National Health Investors Inc. (NHI)  3.130000e+09
576               LTC Properties Inc. (LTC)  1.900000e+09
580      Sabra Health Care REIT Inc. (SBRA)  1.580000e+09
[[u'facilities, healthcare, properties, living, estate, real, senior, housing, care, invests, trust, nursing, skilled, investment, medical, reit, assisted, health, acute']]
cluster 14:
                                       name            mc
586        Peabody Energy Corporation (BTU)  2.260000e+09
588     Cliffs Natural Resources Inc. (CLF)  1.920000e+09
584        Alliance Holdings GP L.P. (AHGP)  1.730000e+09
585  Alliance Resource Partners L.P. (ARLP)  1.660000e+09
590              Warrior Met Coal LLC (HCC)  1.250000e+09
595     SunCoke Energy Partners L.P. (SXCP)  7.464600e+08
589              Foresight Energy LP (FELP)  7.034400e+08
594               SunCoke Energy Inc. (SXC)  5.550800e+08
592              NACCO Industries Inc. (NC)  4.503500e+08
593    Natural Resource Partners L.P. (NRP)  3.798000e+08
[[u'coal, mining, mines, coke, company, complex, located, illinois, basin, llc, westmoreland, river, ore, resource, indiana, lp, energy, metallurgical, partners']]
cluster 15:
                                        name            mc
601              Comcast Corporation (CMCSA)  1.846300e+11
602            The Walt Disney Company (DIS)  1.682600e+11
616                   Time Warner Inc. (TWX)  7.572000e+10
609                      Netflix Inc. (NFLX)  6.768000e+10
604     Twenty-First Century Fox Inc. (FOXA)  5.011000e+10
599                    CBS Corporation (CBS)  2.509000e+10
603    Discovery Communications Inc. (DISCA)  1.528000e+10
617                       Viacom Inc. (VIAB)  1.430000e+10
613  Scripps Networks Interactive Inc. (SNI)  8.830000e+09
598                 AMC Networks Inc. (AMCX)  3.540000e+09
[[u'television, networks, entertainment, media, content, programming, broadcast, digital, cable, stations, segment, cbs, network, company, broadcasting, news, streaming, filmed, video']]
cluster 16:
                                                name            mc
622                         Markel Corporation (MKL)  1.330000e+10
625                        Alleghany Corporation (Y)  8.810000e+09
624                  W. R. Berkley Corporation (WRB)  8.140000e+09
620                  EMC Insurance Group Inc. (EMCI)  5.586900e+08
621                             HCI Group Inc. (HCI)  4.341500e+08
619                 Baldwin &amp; Lyons Inc. (BWINB)  3.602400e+08
623  Reinsurance Group of America Incorporated (RGA)           NaN
[[u'reinsurance, insurance, casualty, property, liability, berkley, emc, markel, hci, surety, segment, operations, group, company, products, facultative, treaty, life, homeowners']]
cluster 17:
                                      name            mc
630                The Boeing Company (BA)  1.099200e+11
644     Honeywell International Inc. (HON)  1.001700e+11
671  United Technologies Corporation (UTX)  9.708000e+10
654      Lockheed Martin Corporation (LMT)  7.896000e+10
641      General Dynamics Corporation (GD)  5.909000e+10
665                 Raytheon Company (RTN)  4.665000e+10
660     Northrop Grumman Corporation (NOC)  4.362000e+10
632            Rockwell Collins Inc. (COL)  1.987000e+10
645               Harris Corporation (HRS)  1.314000e+10
653             L3 Technologies Inc. (LLL)  1.267000e+10
[[u'systems, defense, aircraft, segment, aerospace, services, products, solutions, commercial, security, control, sensors, electronic, company, technologies, manufactures, communications, military, space']]
cluster 18:
                                       name            mc
682     United States Steel Corporation (X)  3.420000e+09
681       Worthington Industries Inc. (WOR)  2.650000e+09
677         NCI Building Systems Inc. (NCS)  1.200000e+09
679    Sturm Ruger &amp; Company Inc. (RGR)  1.130000e+09
676          Insteel Industries Inc. (IIIN)  6.110900e+08
680                Tesco Corporation (TESO)  2.382800e+08
683               Olympic Steel Inc. (ZEUS)  1.913200e+08
675              L.B. Foster Company (FSTR)  1.854600e+08
678           Northwest Pipe Company (NWPX)  1.324500e+08
674  Friedman Industries Incorporated (FRD)  3.778000e+07
[[u'steel, tubular, pipe, products, flat, metal, rolled, coil, segment, concrete, engineered, rail, construction, water, firearms, welded, services, systems, manufactures']]
cluster 19:
                                         name            mc
710  Johnson Controls International plc (JCI)  3.996000e+10
700                Emerson Electric Co. (EMR)  3.828000e+10
719                         Praxair Inc. (PX)  3.688000e+10
688     Air Products and Chemicals Inc. (APD)  3.116000e+10
695                        Cummins Inc. (CMI)  2.591000e+10
721             Roper Technologies Inc. (ROP)  2.261000e+10
717          Parker-Hannifin Corporation (PH)  2.094000e+10
690                     BorgWarner Inc. (BWA)  8.570000e+09
711           Lennox International Inc. (LII)  7.490000e+09
702               Flowserve Corporation (FLS)  6.410000e+09
[[u'systems, industrial, products, control, fuel, air, components, segment, equipment, controls, energy, manufactures, engineered, gases, aerospace, pumps, power, gas, engine']]
cluster 20:
                                     name            mc
754         General Electric Company (GE)  2.435900e+11
760       Lam Research Corporation (LRCX)  2.458000e+10
759         KLA-Tencor Corporation (KLAC)  1.596000e+10
733                     AMETEK Inc. (AME)  1.382000e+10
741             Calpine Corporation (CPN)  4.960000e+09
775            Seaboard Corporation (SEB)  4.480000e+09
761           MKS Instruments Inc. (MKSI)  4.270000e+09
762  Monolithic Power Systems Inc. (MPWR)  3.920000e+09
753               First Solar Inc. (FSLR)  3.790000e+09
748                         EnerSys (ENS)  3.470000e+09
[[u'power, solar, systems, energy, products, company, solutions, semiconductor, equipment, industrial, control, applications, generation, electricity, segment, components, used, renewable, dc']]
cluster 21:
                                          name            mc
796  Marsh &amp; McLennan Companies Inc. (MMC)  3.836000e+10
795                         Intuit Inc. (INTU)  3.207000e+10
801          Thomson Reuters Corporation (TRI)  3.094000e+10
799       Robert Half International Inc. (RHI)  5.880000e+09
793                   H&amp;R Block Inc. (HRB)  5.310000e+09
797                         MAXIMUS Inc. (MMS)  4.060000e+09
802                      WageWorks Inc. (WAGE)  2.600000e+09
785          The Advisory Board Company (ABCO)  2.080000e+09
791                  FTI Consulting Inc. (FCN)  1.400000e+09
787                   Benefitfocus Inc. (BNFT)  9.561100e+08
[[u'tax, consulting, services, health, risk, financial, advisory, accounting, benefits, programs, management, preparation, best, business, segment, provides, insurance, valuation, practices']]
cluster 22:
                                        name            mc
809                       Pepsico Inc. (PEP)  1.624100e+11
808  Mettler-Toledo International Inc. (MTD)  1.456000e+10
804                   Ball Corporation (BLL)  1.406000e+10
806                Crown Holdings Inc. (CCK)  7.620000e+09
803                    AptarGroup Inc. (ATR)  5.140000e+09
811              Silgan Holdings Inc. (SLGN)  3.400000e+09
807   Cooper Tire &amp; Rubber Company (CTB)  1.910000e+09
805          Craft Brew Alliance Inc. (BREW)  3.072400e+08
810                 Castle Brands Inc. (ROX)  2.833100e+08
[[u'beverage, food, packaging, containers, closures, aerosol, metal, operations, jefferson, america, tire, segment, european, beer, aluminum, cans, tires, company, manufactures']]
cluster 23:
                                                 name            mc
828                                MetLife Inc. (MET)  5.431000e+10
813                                  Aetna Inc. (AET)  4.689000e+10
832                   Prudential Financial Inc. (PRU)  4.461000e+10
816                            Cigna Corporation (CI)  4.083000e+10
814                          Aflac Incorporated (AFL)  2.932000e+10
822  The Hartford Financial Services Group Inc. (HIG)  1.779000e+10
830              Principal Financial Group Inc. (PFG)  1.753000e+10
827                Lincoln National Corporation (LNC)  1.466000e+10
834                                  Unum Group (UNM)  1.038000e+10
833                       Torchmark Corporation (TMK)  8.700000e+09
[[u'insurance, life, annuities, products, group, annuity, disability, plans, term, health, individual, segment, retirement, supplemental, company, universal, benefits, fixed, variable']]
cluster 24:
                               name            mc
865       Oracle Corporation (ORCL)  1.823200e+11
876               VMware Inc. (VMW)  3.779000e+10
851             Equinix Inc. (EQIX)  3.325000e+10
871  Rockwell Automation Inc. (ROK)  2.027000e+10
870              Red Hat Inc. (RHT)  1.532000e+10
860   Motorola Solutions Inc. (MSI)  1.321000e+10
847      Citrix Systems Inc. (CTXS)  1.251000e+10
873            Synopsys Inc. (SNPS)  1.069000e+10
838     Arista Networks Inc. (ANET)  1.037000e+10
844           CDW Corporation (CDW)  8.970000e+09
[[u'software, cloud, solutions, services, data, hardware, network, networking, application, applications, enterprise, products, systems, company, technology, infrastructure, storage, support, management']]
cluster 25:
                               name            mc
893        General Mills Inc. (GIS)  3.240000e+10
917        Target Corporation (TGT)  3.089000e+10
900             Kellogg Company (K)  2.488000e+10
920          Tyson Foods Inc. (TSN)  2.149000e+10
888         Dollar Tree Inc. (DLTR)  1.885000e+10
895  Hormel Foods Corporation (HRL)  1.842000e+10
896       The Hershey Company (HSY)  1.704000e+10
886     Campbell Soup Company (CPB)  1.698000e+10
883       Conagra Brands Inc. (CAG)  1.605000e+10
907        Pinnacle Foods Inc. (PF)  7.060000e+09
[[u'frozen, foods, food, products, stores, grocery, fresh, foodservice, snacks, dairy, snack, company, refrigerated, brands, chicken, fruit, retail, vegetables, beverages']]
cluster 26:
                                        name            mc
929             Hyatt Hotels Corporation (H)  7.280000e+09
937      Sunstone Hotel Investors Inc. (SHO)  3.480000e+09
933           LaSalle Hotel Properties (LHO)  3.230000e+09
935  Ryman Hospitality Properties Inc. (RHP)  3.210000e+09
936                  RLJ Lodging Trust (RLJ)  2.520000e+09
927    DiamondRock Hospitality Company (DRH)  2.230000e+09
934            Pebblebrook Hotel Trust (PEB)  2.200000e+09
939    Xenia Hotels &amp; Resorts Inc. (XHR)  1.910000e+09
932       Summit Hotel Properties Inc. (INN)  1.790000e+09
925          Chesapeake Lodging Trust (CHSP)  1.370000e+09
[[u'hotels, hotel, trust, upscale, hospitality, hyatt, ashford, hilton, lodging, marriott, estate, investment, real, properties, company, resort, upper, rooms, reit']]
cluster 27:
                                     name            mc
947        The Blackstone Group L.P. (BX)  3.643000e+10
972        State Street Corporation (STT)  3.040000e+10
945         Franklin Resources Inc. (BEN)  2.360000e+10
966     Northern Trust Corporation (NTRS)  1.996000e+10
973       T. Rowe Price Group Inc. (TROW)  1.704000e+10
959                    Invesco Ltd. (IVZ)  1.286000e+10
943    Apollo Global Management LLC (APO)  1.074000e+10
941  Affiliated Managers Group Inc. (AMG)  8.640000e+09
971            SEI Investments Co. (SEIC)  7.950000e+09
967       Oaktree Capital Group LLC (OAK)  7.030000e+09
[[u'investment, funds, management, institutional, equity, asset, services, investors, income, fixed, mutual, firm, advisory, private, investments, company, financial, fund, manages']]
cluster 28:
                                                  name            mc
998                          Stryker Corporation (SYK)  5.113000e+10
991                     Intuitive Surgical Inc. (ISRG)  3.206000e+10
984                    The Cooper Companies Inc. (COO)  1.040000e+10
995                               NuVasive Inc. (NUVA)  3.590000e+09
989   Integra LifeSciences Holdings Corporation (IART)  3.580000e+09
988                         Globus Medical Inc. (GMED)  2.930000e+09
1000                  Wright Medical Group N.V. (WMGI)  2.820000e+09
1002                       ASC ACQUISITION LLC. (SCAI)  2.270000e+09
1001                                               NaN  1.610000e+09
993                           MiMedx Group Inc. (MDXG)  1.580000e+09
[[u'surgical, surgery, spine, bone, medical, tissue, products, spinal, procedures, implants, minimally, devices, surgeons, company, used, vascular, invasive, instruments, orthopedic']]
cluster 29:
                                           name            mc
1034                           3M Company (MMM)  1.169400e+11
1017             The Dow Chemical Company (DOW)  7.488000e+10
1016  E. I. du Pont de Nemours and Company (DD)  6.747000e+10
1004       Archer-Daniels-Midland Company (ADM)  2.359000e+10
1005                Albemarle Corporation (ALB)  1.222000e+10
1012                  Celanese Corporation (CE)  1.190000e+10
1018             Eastman Chemical Company (EMN)  1.146000e+10
1021                      FMC Corporation (FMC)  9.960000e+09
1027              Ingredion Incorporated (INGR)  8.280000e+09
1053        Westlake Chemical Corporation (WLK)  8.110000e+09
[[u'products, materials, specialty, chemicals, segment, ingredients, industrial, performance, solutions, chemical, food, polymers, company, engineered, adhesives, nutrition, used, packaging, applications']]
cluster 30:
                                        name            mc
1063              Delta Air Lines Inc. (DAL)  3.534000e+10
1066            Southwest Airlines Co. (LUV)  3.509000e+10
1069  United Continental Holdings Inc. (UAL)  2.415000e+10
1055      American Airlines Group Inc. (AAL)  2.227000e+10
1060             Alaska Air Group Inc. (ALK)  1.045000e+10
1065      JetBlue Airways Corporation (JBLU)  7.100000e+09
1071         LATAM Airlines Group S.A. (LTM)  6.790000e+09
1058              Air Lease Corporation (AL)  3.850000e+09
1067             Spirit Airlines Inc. (SAVE)  3.730000e+09
1064             Hawaiian Holdings Inc. (HA)  2.750000e+09
[[u'aircraft, air, airlines, cargo, scheduled, company, leasing, regional, transportation, boeing, airbus, engines, airline, passenger, fleet, lease, skywest, routes, services']]
cluster 31:
                                                   name            mc
1088                                      Visa Inc. (V)  2.132300e+11
1081                       Mastercard Incorporated (MA)  1.260300e+11
1076  Fidelity National Information Services Inc. (FIS)  2.750000e+10
1077                                 Fiserv Inc. (FISV)  2.563000e+10
1079                         Global Payments Inc. (GPN)  1.373000e+10
1089                                 Vantiv Inc. (VNTV)  1.259000e+10
1078                   FleetCor Technologies Inc. (FLT)  1.253000e+10
1086                   Total System Services Inc. (TSS)  1.077000e+10
1092                     The Western Union Company (WU)  8.960000e+09
1080            Jack Henry &amp; Associates Inc. (JKHY)  7.810000e+09
[[u'payment, services, payments, solutions, processing, financial, card, electronic, transactions, merchants, transaction, merchant, segment, company, provides, institutions, prepaid, mobile, management']]
cluster 32:
                                           name            mc
1093                     Amazon.com Inc. (AMZN)  4.587800e+11
1098            The Priceline Group Inc. (PCLN)  8.886000e+10
1094                        Expedia Inc. (EXPE)  2.137000e+10
1095                      Foot Locker Inc. (FL)  7.710000e+09
1099                   Sabre Corporation (SABR)  6.340000e+09
1101                    TripAdvisor Inc. (TRIP)  6.230000e+09
1103                           Yelp Inc. (YELP)  2.240000e+09
1100                     Stamps.com Inc. (STMP)  2.050000e+09
1097  Liberty TripAdvisor Holdings Inc. (LTRPA)  1.040000e+09
1096              1-800-FLOWERS.COM Inc. (FLWS)  6.696600e+08
[[u'com, travel, tripadvisor, travelzoo, yelp, amazon, websites, online, reservation, expedia, airline, advertising, mailing, locker, hotel, shipping, company, vacation, priceline']]
cluster 33:
                                      name            mc
1104          AmeriGas Partners L.P. (APU)  4.080000e+09
1107          NGL Energy Partners LP (NGL)  1.880000e+09
1110  Suburban Propane Partners L.P. (SPH)  1.430000e+09
1111  Westlake Chemical Partners LP (WLKP)  6.764900e+08
1106              Global Partners LP (GLP)  6.554200e+08
1105        Ferrellgas Partners L.P. (FGP)  5.603900e+08
1109          Star Gas Partners L.P. (SGU)  5.565200e+08
1108    Renewable Energy Group Inc. (REGI)  4.399800e+08
[[u'propane, heating, gasoline, oil, diesel, fuel, partners, crude, ethylene, gas, biomass, westlake, amerigas, refined, renewable, segment, natural, distribution, production']]
cluster 34:
                                        name            mc
1134            The TJX Companies Inc. (TJX)  4.787000e+10
1126  Leggett &amp; Platt Incorporated (LEG)  6.700000e+09
1137                        Wayfair Inc. (W)  5.360000e+09
1138              Williams-Sonoma Inc. (WSM)  4.290000e+09
1112                      Aaron's Inc. (AAN)  2.440000e+09
1113                     Big Lots Inc. (BIG)  2.130000e+09
1131                                 RH (RH)  2.080000e+09
1132                    Steelcase Inc. (SCS)  1.940000e+09
1128               Herman Miller Inc. (MLHR)  1.900000e+09
1119                   HNI Corporation (HNI)  1.870000e+09
[[u'furniture, home, seating, furnishings, chairs, stores, tables, products, accessories, office, company, desks, kimball, upholstered, retail, upholstery, decorative, dining, fabrics']]
cluster 35:
                                           name            mc
1154                Las Vegas Sands Corp. (LVS)  4.498000e+10
1139            Activision Blizzard Inc. (ATVI)  4.211000e+10
1147                  Electronic Arts Inc. (EA)  3.318000e+10
1156            MGM Resorts International (MGM)  1.796000e+10
1153                          Hasbro Inc. (HAS)  1.263000e+10
1165                Wynn Resorts Limited (WYNN)  1.246000e+10
1150  Gaming and Leisure Properties Inc. (GLPI)  7.530000e+09
1163  Take-Two Interactive Software Inc. (TTWO)  6.850000e+09
1166                          Zynga Inc. (ZNGA)  2.970000e+09
1140              Boyd Gaming Corporation (BYD)  2.830000e+09
[[u'casino, gaming, games, entertainment, vegas, las, casinos, hotel, company, table, resort, caesars, resorts, nevada, racing, hollywood, interactive, slot, poker']]
cluster 36:
                                        name            mc
1202  Occidental Petroleum Corporation (OXY)  4.636000e+10
1218            Williams Partners L.P. (WPZ)  3.933000e+10
1170    Anadarko Petroleum Corporation (APC)  2.987000e+10
1192     Energy Transfer Partners L.P. (ETP)  2.685000e+10
1217       The Williams Companies Inc. (WMB)  2.495000e+10
1181          Devon Energy Corporation (DVN)  2.018000e+10
1191       Energy Transfer Equity L.P. (ETE)  2.013000e+10
1193                  Hess Corporation (HES)  1.556000e+10
1201               ONEOK Partners L.P. (OKS)  1.441000e+10
1205        Spectra Energy Partners LP (SEP)  1.379000e+10
[[u'gas, natural, gathering, oil, midstream, crude, liquids, storage, transportation, processing, partners, pipelines, energy, lp, pipeline, ngl, production, company, ngls']]
cluster 37:
                                       name            mc
1221       American Tower Corporation (AMT)  5.454000e+10
1242                    Prologis Inc. (PLD)  2.973000e+10
1254                  Weyerhaeuser Co. (WY)  2.483000e+10
1249         Sirius XM Holdings Inc. (SIRI)  2.291000e+10
1223                  CBRE Group Inc. (CBG)  1.122000e+10
1229          Duke Realty Corporation (DRE)  1.025000e+10
1230         Extra Space Storage Inc. (EXR)  1.006000e+10
1255                  Zillow Group Inc. (Z)  7.550000e+09
1234    The Howard Hughes Corporation (HHC)  5.230000e+09
1236  Jones Lang LaSalle Incorporated (JLL)  5.080000e+09
[[u'real, estate, segment, land, timber, properties, company, operations, management, development, property, services, timberlands, rental, investment, acres, leasing, commercial, resort']]
cluster 38:
                                       name            mc
1274                   Illumina Inc. (ILMN)  2.584000e+10
1271                    Hologic Inc. (HOLX)  1.204000e+10
1288      Varian Medical Systems Inc. (VAR)  8.740000e+09
1267      Exact Sciences Corporation (EXAS)  3.390000e+09
1268         Foundation Medicine Inc. (FMI)  1.330000e+09
1270             Genomic Health Inc. (GHDX)  1.010000e+09
1258            Analogic Corporation (ALOG)  8.936000e+08
1278                 NeoGenomics Inc. (NEO)  5.808100e+08
1276                    Landauer Inc. (LDR)  5.113900e+08
1281  Progenics Pharmaceuticals Inc. (PGNX)  4.908700e+08
[[u'cancer, imaging, diagnostic, molecular, radiation, detection, therapy, medical, company, breast, testing, treatment, clinical, services, genetic, genomic, analysis, tomography, systems']]
cluster 39:
                                                 name            mc
1294          Service Corporation International (SCI)  6.010000e+09
1292                            Hillenbrand Inc. (HI)  2.290000e+09
1293        Matthews International Corporation (MATW)  2.040000e+09
1291                     Carriage Services Inc. (CSV)  4.352600e+08
1296                    StoneMor Partners L.P. (STON)  3.456900e+08
1295  Security National Financial Corporation (SNFCA)  9.611000e+07
[[u'funeral, cemetery, memorialization, cremation, cemeteries, caskets, burial, homes, merchandise, services, batesville, interment, mortuary, products, segment, urns, brand, sgk, vaults']]
cluster 40:
                                                   name            mc
1310                    Helmerich &amp; Payne Inc. (HP)  6.520000e+09
1311                            Kirby Corporation (KEX)  3.620000e+09
1301                               Dril-Quip Inc. (DRQ)  2.030000e+09
1313                 McDermott International Inc. (MDR)  1.850000e+09
1300                Diamond Offshore Drilling Inc. (DO)  1.840000e+09
1316                          Rowan Companies plc (RDC)  1.740000e+09
1304  Fortress Transportation and Infrastructure Inv...  1.210000e+09
1299                         Seacor Holdings Inc. (CKH)  1.140000e+09
1308            Helix Energy Solutions Group Inc. (HLX)  8.755900e+08
1297                         Atwood Oceanics Inc. (ATW)  7.005200e+08
[[u'offshore, vessels, drilling, seismic, deepwater, oil, gas, marine, services, exploration, bulk, company, gulf, production, shipping, rigs, subsea, transportation, fleet']]
cluster 41:
                                            name            mc
1323            Dick's Sporting Goods Inc. (DKS)  4.650000e+09
1326                      Five Below Inc. (FIVE)  2.900000e+09
1327                         Groupon Inc. (GRPN)  1.860000e+09
1333                   Vista Outdoor Inc. (VSTO)  1.240000e+09
1324                 Callaway Golf Company (ELY)  1.190000e+09
1329               ClubCorp Holdings Inc. (MYCC)  8.512300e+08
1334                  Winmark Corporation (WINA)  5.404000e+08
1328                  Hibbett Sports Inc. (HIBB)  5.073100e+08
1321     Big 5 Sporting Goods Corporation (BGFV)  2.946000e+08
1332  Sportsman's Warehouse Holdings Inc. (SPWH)  2.409400e+08
[[u'sports, goods, sporting, clubs, golf, stores, accessories, cafepress, athletic, outdoor, fitness, apparel, fishing, hunting, merchandise, shooting, products, equipment, hibbett']]
cluster 42:
                                     name            mc
1369  Thermo Fisher Scientific Inc. (TMO)  6.711000e+10
1338        Applied Materials Inc. (AMAT)  4.760000e+10
1366            PPG Industries Inc. (PPG)  2.734000e+10
1350           Corning Incorporated (GLW)  2.673000e+10
1339           Amphenol Corporation (APH)  2.228000e+10
1335        Agilent Technologies Inc. (A)  1.809000e+10
1372             Waters Corporation (WAT)  1.405000e+10
1353     IPG Photonics Corporation (IPGP)  7.300000e+09
1359                   Owens Corning (OC)  6.880000e+09
1364               PerkinElmer Inc. (PKI)  6.820000e+09
[[u'optical, fiber, cable, glass, products, lasers, components, optic, systems, materials, cables, manufactures, technologies, segment, instruments, company, equipment, laser, display']]
cluster 43:
                                     name            mc
1374                 Autodesk Inc. (ADSK)  2.422000e+10
1376            Cognex Corporation (CGNX)  7.880000e+09
1378         3D Systems Corporation (DDD)  2.470000e+09
1379  Electronics for Imaging Inc. (EFII)  2.190000e+09
1383               Proto Labs Inc. (PRLB)  1.690000e+09
1384                Stratasys Ltd. (SSYS)  1.480000e+09
1380        FARO Technologies Inc. (FARO)  5.825500e+08
1381         Eastman Kodak Company (KODK)  4.203500e+08
1385             The ExOne Company (XONE)  2.214600e+08
1377       CyberOptics Corporation (CYBE)  1.499700e+08
[[u'3d, printing, software, solutions, dimensional, print, inkjet, vision, manufacturing, faro, inspection, products, digital, metrology, design, systems, materials, machines, laser']]
cluster 44:
                                             name            mc
1395                       Caterpillar Inc. (CAT)  6.034000e+10
1406               Illinois Tool Works Inc. (ITW)  4.733000e+10
1398                     Deere &amp; Company (DE)  3.848000e+10
1421                            PACCAR Inc (PCAR)  2.207000e+10
1399                      Dover Corporation (DOV)  1.294000e+10
1431                    United Rentals Inc. (URI)  9.300000e+09
1404  The Goodyear Tire &amp; Rubber Company (GT)  7.980000e+09
1412              The Middleby Corporation (MIDD)  7.400000e+09
1428                       The Toro Company (TTC)  7.160000e+09
1403                             Graco Inc. (GGG)  6.140000e+09
[[u'equipment, segment, parts, construction, products, services, cranes, company, manufactures, systems, trucks, truck, industrial, used, maintenance, commercial, vehicles, mining, sells']]
cluster 45:
                                        name            mc
1450                      Facebook Inc. (FB)  4.291000e+11
1457                Intel Corporation (INTC)  1.666300e+11
1444               Cisco Systems Inc. (CSCO)  1.563000e+11
1472            QUALCOMM Incorporated (QCOM)  8.520000e+10
1486                 T-Mobile US Inc. (TMUS)  5.514000e+10
1439  Crown Castle International Corp. (CCI)  3.641000e+10
1452                           HP Inc. (HPQ)  3.217000e+10
1497       Western Digital Corporation (WDC)  2.524000e+10
1462            Juniper Networks Inc. (JNPR)  1.128000e+10
1488                     Trimble Inc. (TRMB)  8.990000e+09
[[u'wireless, mobile, solutions, communications, network, data, products, networks, software, services, devices, systems, company, security, access, voice, service, communication, networking']]
cluster 46:
                                    name            mc
1519              Royal Gold Inc. (RGLD)  5.150000e+09
1525      Texas Pacific Land Trust (TPL)  2.270000e+09
1521          Sabine Royalty Trust (SBR)  5.496400e+08
1508     Dorchester Minerals L.P. (DMLP)  5.092100e+08
1516   Permian Basin Royalty Trust (PBT)  4.595600e+08
1505  BP Prudhoe Bay Royalty Trust (BPT)  4.237200e+08
1517           PDL BioPharma Inc. (PDLI)  3.750900e+08
1524  San Juan Basin Royalty Trust (SJT)  3.560900e+08
1512                  Mesabi Trust (MSB)  1.823700e+08
1518       SandRidge Permian Trust (PER)  1.548800e+08
[[u'royalty, trust, interests, properties, oil, gas, producing, overriding, net, wells, profits, holds, sandridge, basin, texas, natural, located, hugoton, mexico']]
cluster 47:
                                         name            mc
1563            East West Bancorp Inc. (EWBC)  7.850000e+09
1607           Bank of the Ozarks Inc. (OZRK)  5.720000e+09
1608                   PacWest Bancorp (PACW)  5.570000e+09
1609          Prosperity Bancshares Inc. (PB)  4.470000e+09
1579           Hancock Holding Company (HBHC)  3.970000e+09
1638     Texas Capital Bancshares Inc. (TCBI)  3.730000e+09
1534                    BankUnited Inc. (BKU)  3.580000e+09
1583  Home Bancshares Inc. (Conway AR) (HOMB)  3.440000e+09
1547            Cathay General Bancorp (CATY)  2.910000e+09
1573        First Midwest Bancorp Inc. (FMBI)  2.510000e+09
[[u'bank, loans, banking, deposit, accounts, services, commercial, company, savings, estate, holding, bancorp, deposits, real, mortgage, credit, financial, checking, consumer']]
cluster 48:
                                   name            mc
1667         Waste Management Inc. (WM)  3.115000e+10
1662       Republic Services Inc. (RSG)  2.075000e+10
1666       Waste Connections Inc. (WCN)  1.613000e+10
1664             Stericycle Inc. (SRCL)  7.130000e+09
1655           Clean Harbors Inc. (CLH)  3.280000e+09
1656  Covanta Holding Corporation (CVA)  1.860000e+09
1665                   Valhi Inc. (VHI)  1.170000e+09
1658             US Ecology Inc. (ECOL)  1.080000e+09
1657  Casella Waste Systems Inc. (CWST)  5.754300e+08
1659  Heritage-Crystal Clean Inc (HCCI)  3.570700e+08
[[u'waste, disposal, services, hazardous, recycling, management, environmental, collection, solid, segment, landfill, facilities, oil, treatment, company, landfills, industrial, energy, transfer']]
cluster 49:
                                                   name            mc
1695                         Wal-Mart Stores Inc. (WMT)  2.388000e+11
1680                                 L Brands Inc. (LB)  1.395000e+10
1692                            Tiffany &amp; Co. (TIF)  1.159000e+10
1676  International Flavors &amp; Fragrances Inc. (IFF)  1.065000e+10
1687                      Ralph Lauren Corporation (RL)  5.700000e+09
1669                  Bed Bath &amp; Beyond Inc. (BBBY)  5.130000e+09
1681                  The Michaels Companies Inc. (MIK)  3.740000e+09
1672                              CST Brands Inc. (CST)  3.670000e+09
1690            Sensient Technologies Corporation (SXT)  3.540000e+09
1688                                    Sunoco LP (SUN)  3.510000e+09
[[u'stores, retail, wholesale, fragrances, pawn, company, products, merchandise, motor, segment, fragrance, fuel, operates, convenience, coffee, flavors, walmart, operated, specialty']]
cluster 50:
                                              name            mc
1721                  McDonald's Corporation (MCD)  1.207500e+11
1736                        Yum! Brands Inc. (YUM)  2.440000e+10
1707             Chipotle Mexican Grill Inc. (CMG)  1.390000e+10
1711                 Darden Restaurants Inc. (DRI)  1.081000e+10
1735                     The Wendy's Company (WEN)  3.930000e+09
1705  Cracker Barrel Old Country Store Inc. (CBRL)  3.820000e+09
1714                           GrubHub Inc. (GRUB)  3.740000e+09
1734                   Texas Roadhouse Inc. (TXRH)  3.450000e+09
1717                   Jack in the Box Inc. (JACK)  3.060000e+09
1723         Papa John's International Inc. (PZZA)  2.870000e+09
[[u'restaurants, restaurant, company, grill, chicken, menu, casual, franchises, dining, operated, franchised, operates, owned, salads, franchise, taco, items, burgers, sandwiches']]
cluster 51:
                                     name            mc
1754            TAL Education Group (TAL)  1.001000e+10
1748   Grand Canyon Education Inc. (LOPE)  3.670000e+09
1756        Graham Holdings Company (GHC)  3.360000e+09
1745      DeVry Education Group Inc. (DV)  2.300000e+09
1743                    Chegg Inc. (CHGG)  1.090000e+09
1744     Capella Education Company (CPLA)  1.020000e+09
1753        Strayer Education Inc. (STRA)  9.362200e+08
1749                       K12 Inc. (LRN)  7.896800e+08
1742  Career Education Corporation (CECO)  6.532100e+08
1741     Bridgepoint Education Inc. (BPI)  3.981300e+08
[[u'education, learning, programs, university, degree, students, courses, online, educational, college, postsecondary, school, skills, schools, nursing, career, institute, kaplan, services']]
cluster 52:
                                               name            mc
1765               International Paper Company (IP)  2.110000e+10
1768         Packaging Corporation of America (PKG)  9.280000e+09
1764        Graphic Packaging Holding Company (GPK)  4.150000e+09
1757                       Bemis Company Inc. (BMS)  4.030000e+09
1762                               Greif Inc. (GEF)  2.870000e+09
1766  KapStone Paper and Packaging Corporation (KS)  1.960000e+09
1767                         Neenah Paper Inc. (NP)  1.270000e+09
1770    Schweitzer-Mauduit International Inc. (SWM)  1.170000e+09
1763                 P. H. Glatfelter Company (GLT)  7.862300e+08
1758             Clearwater Paper Corporation (CLW)  7.476200e+08
[[u'packaging, paper, papers, paperboard, products, printing, corrugated, segment, company, specialty, print, rolls, consumer, food, dss, coated, industrial, materials, labels']]
cluster 53:
                                       name            mc
1825               The Home Depot Inc. (HD)  1.877400e+11
1886  Philip Morris International Inc. (PM)  1.782100e+11
1861                 Altria Group Inc. (MO)  1.369500e+11
1889           Reynolds American Inc. (RAI)  9.466000e+10
1873              NVIDIA Corporation (NVDA)  8.086000e+10
1849            Lowe's Companies Inc. (LOW)  7.258000e+10
1862                 Monsanto Company (MON)  5.095000e+10
1907        Constellation Brands Inc. (STZ)  3.565000e+10
1904     The Sherwin-Williams Company (SHW)  3.095000e+10
1891     Royal Caribbean Cruises Ltd. (RCL)  2.283000e+10
[[u'products, company, segment, services, wood, manufactures, building, brands, sells, markets, brand, offers, industrial, accessories, home, operates, lighting, america, doors']]
cluster 54:
                                     name            mc
1952                Alphabet Inc. (GOOGL)  6.523600e+11
1963         Microsoft Corporation (MSFT)  5.226000e+11
1943            Salesforce.com inc. (CRM)  6.217000e+10
1945                     eBay Inc. (EBAY)  3.662000e+10
1967                   NetApp Inc. (NTAP)  1.071000e+10
1981  Computer Sciences Corporation (CSC)  9.750000e+09
1971                   Splunk Inc. (SPLK)  9.120000e+09
1976            Veeva Systems Inc. (VEEV)  8.410000e+09
1951                  GoDaddy Inc. (GDDY)  6.750000e+09
1960                  LogMeIn Inc. (LOGM)  5.950000e+09
[[u'cloud, data, software, platform, analytics, solutions, services, management, customer, company, business, digital, enterprise, based, customers, marketing, provides, enables, support']]
cluster 55:
                                name            mc
1989     Concho Resources Inc. (CXO)  1.952000e+10
2003        Cimarex Energy Co. (XEC)  1.118000e+10
1991  Diamondback Energy Inc. (FANG)  1.012000e+10
1995        Parsley Energy Inc. (PE)  9.050000e+09
1999         RSP Permian Inc. (RSPP)  6.350000e+09
1990       Energen Corporation (EGN)  5.690000e+09
2002           WPX Energy Inc. (WPX)  5.030000e+09
1994     Laredo Petroleum Inc. (LPI)  3.090000e+09
1996        QEP Resources Inc. (QEP)  2.720000e+09
1986  Callon Petroleum Company (CPE)  2.540000e+09
[[u'basin, oil, gas, permian, natural, reserves, exploration, texas, company, midland, properties, proved, production, equivalent, resources, net, barrels, acres, wells']]
cluster 56:
                                   name            mc
2004                  Apple Inc. (AAPL)  7.980300e+11
2005  Adobe Systems Incorporated (ADBE)  6.749000e+10
2048                 Yahoo! Inc. (YHOO)  4.810000e+10
2017      Dolby Laboratories Inc. (DLB)  5.160000e+09
2022               GameStop Corp. (GME)  2.450000e+09
2012                     Box Inc. (BOX)  2.310000e+09
2029             Pandora Media Inc. (P)  2.220000e+09
2006              Ambarella Inc. (AMBA)  2.110000e+09
2042            TiVo Corporation (TIVO)  1.930000e+09
2039           Shutterstock Inc. (SSTK)  1.540000e+09
[[u'video, content, digital, media, software, services, solutions, company, platform, advertising, mobile, products, devices, applications, provides, cloud, audio, service, technology']]
cluster 57:
                                          name            mc
2052                 Domino's Pizza Inc. (DPZ)  9.420000e+09
2057               Panera Bread Company (PNRA)  7.020000e+09
2059  Weight Watchers International Inc. (WTW)  1.670000e+09
2053                  FTD Companies Inc. (FTD)  5.116500e+08
2055                       Medifast Inc. (MED)  5.104800e+08
2054                   GNC Holdings Inc. (GNC)  4.979300e+08
2056                 Overstock.com Inc. (OSTK)  3.624300e+08
2058                 Vitamin Shoppe Inc. (VSI)  2.837700e+08
2050          Build-A-Bear Workshop Inc. (BBW)  1.678200e+08
2060        Papa Murphy's Holdings Inc. (FRSH)  8.493000e+07
[[u'franchise, stores, weight, international, pizza, company, moissanite, com, domestic, products, overstock, gnc, segment, medifast, shoppe, retail, supplements, watchers, bakery']]
cluster 58:
                                             name            mc
2074        UnitedHealth Group Incorporated (UNH)  1.663200e+11
2061                           Anthem Inc. (ANTM)  4.675000e+10
2069                            Humana Inc. (HUM)  3.289000e+10
2063                    Cerner Corporation (CERN)  2.118000e+10
2064                    Centene Corporation (CNC)  1.293000e+10
2076             WellCare Health Plans Inc. (WCG)  7.600000e+09
2062                     athenahealth Inc. (ATHN)  5.190000e+09
2071                 Molina Healthcare Inc. (MOH)  3.840000e+09
2068                      HealthEquity Inc. (HQY)  2.680000e+09
2070  Allscripts Healthcare Solutions Inc. (MDRX)  2.160000e+09
[[u'health, care, medicare, plans, medicaid, healthcare, services, insurance, solutions, clinical, organizations, information, benefits, segment, programs, wellness, benefit, company, managed']]
cluster 59:
                                     name            mc
2090                    Ecolab Inc. (ECL)  3.686000e+10
2098        HD Supply Holdings Inc. (HDS)  8.450000e+09
2095              Fluor Corporation (FLR)  6.410000e+09
2102  Jacobs Engineering Group Inc. (JEC)  6.380000e+09
2079                          AECOM (ACM)  5.080000e+09
2084         Aspen Technology Inc. (AZPN)  4.340000e+09
2096             The GEO Group Inc. (GEO)  3.810000e+09
2092               EMCOR Group Inc. (EME)  3.750000e+09
2107                    MasTec Inc. (MTZ)  3.430000e+09
2089           Dycom Industries Inc. (DY)  3.350000e+09
[[u'services, engineering, construction, energy, maintenance, management, segment, infrastructure, consulting, provides, industrial, power, company, project, procurement, facilities, environmental, design, solutions']]
cluster 60:
                                        name            mc
2119         Baxter International Inc. (BAX)  3.110000e+10
2130               HCA Healthcare Inc. (HCA)  3.014000e+10
2121              Cardinal Health Inc. (CAH)  2.322000e+10
2125                       DaVita Inc. (DVA)  1.257000e+10
2140    Universal Health Services Inc. (UHS)  1.152000e+10
2128  Envision Healthcare Corporation (EVHC)  6.490000e+09
2132           HealthSouth Corporation (HLS)  4.120000e+09
2131   Healthcare Services Group Inc. (HCSG)  3.400000e+09
2122                Chemed Corporation (CHE)  3.180000e+09
2136            LifePoint Health Inc. (LPNT)  2.500000e+09
[[u'care, services, health, hospitals, nursing, rehabilitation, healthcare, acute, hospice, outpatient, home, centers, surgery, facilities, skilled, inpatient, therapy, patients, clinics']]
cluster 61:
                                              name            mc
2149     International Speedway Corporation (ISCA)  1.610000e+09
2148  Entravision Communications Corporation (EVC)  5.059100e+08
2147           Entercom Communications Corp. (ETM)  3.949100e+08
2151                Saga Communications Inc. (SGA)  2.886300e+08
2144           Beasley Broadcast Group Inc. (BBGI)  2.422300e+08
2150               RELM Wireless Corporation (RWC)  6.576000e+07
2146             Emmis Communications Corp. (EMMS)  3.985000e+07
2145                     Cumulus Media Inc. (CMLS)  1.450000e+07
[[u'radio, stations, fm, broadcasting, advertising, television, motorsports, media, relm, broadcast, speedway, communications, news, digital, cumulus, company, events, modulation, megahertz']]
cluster 62:
                                          name            mc
2176               Micron Technology Inc. (MU)  3.078000e+10
2152                 Analog Devices Inc. (ADI)  2.966000e+10
2188            Skyworks Solutions Inc. (SWKS)  1.917000e+10
2170  Microchip Technology Incorporated (MCHP)  1.735000e+10
2194                        Xilinx Inc. (XLNX)  1.660000e+10
2177     Maxim Integrated Products Inc. (MXIM)  1.324000e+10
2183                         Qorvo Inc. (QRVO)  9.550000e+09
2165         Keysight Technologies Inc. (KEYS)  6.920000e+09
2181         ON Semiconductor Corporation (ON)  6.480000e+09
2174              Microsemi Corporation (MSCC)  5.560000e+09
[[u'signal, analog, products, solutions, semiconductor, power, devices, rf, communications, circuits, memory, integrated, frequency, mixed, radio, applications, markets, automotive, wireless']]
cluster 63:
                                      name            mc
2215         Juno Therapeutics Inc. (JUNO)  2.510000e+09
2226         ZIOPHARM Oncology Inc. (ZIOP)  9.814700e+08
2224           TG Therapeutics Inc. (TGTX)  7.579000e+08
2214     Inovio Pharmaceuticals Inc. (INO)  5.354500e+08
2201  Bellicum Pharmaceuticals Inc. (BLCM)  4.171000e+08
2218      Lion Biotechnologies Inc. (LBIO)  3.616400e+08
2203                    BioTime Inc. (BTX)  3.415000e+08
2197                   Advaxis Inc. (ADXS)  3.372700e+08
2222      Aratana Therapeutics Inc. (PETX)  2.524200e+08
2221       Osiris Therapeutics Inc. (OSIR)  2.054300e+08
[[u'cell, cells, cancer, clinical, therapeutics, immune, stem, treatment, immunotherapy, company, therapy, phase, stage, immunotherapies, diseases, antigen, developing, product, development']]
cluster 64:
                                              name            mc
2229              AvalonBay Communities Inc. (AVB)  2.635000e+10
2236  Mid-America Apartment Communities Inc. (MAA)  1.178000e+10
2239                    Sun Communities Inc. (SUI)  6.500000e+09
2238         Senior Housing Properties Trust (SNH)  5.070000e+09
2230  Bright Horizons Family Solutions Inc. (BFAM)  4.560000e+09
2234                                     EdR (EDR)  2.830000e+09
2231            Brookdale Senior Living Inc. (BKD)  2.610000e+09
2232                          Care.com Inc. (CRCM)  4.542900e+08
2228             Addus HomeCare Corporation (ADUS)  4.364400e+08
2233       Capital Senior Living Corporation (CSU)  4.115700e+08
[[u'communities, living, care, housing, senior, services, assisted, child, apartment, collegiate, trust, home, residents, caregivers, real, manufactured, reit, segment, assistance']]
cluster 65:
                                      name            mc
2260            Schlumberger Limited (SLB)  9.970000e+10
2249             Halliburton Company (HAL)  4.147000e+10
2241       Baker Hughes Incorporated (BHI)  2.477000e+10
2247                  TechnipFMC plc (FTI)  1.497000e+10
2251     National Oilwell Varco Inc. (NOV)  1.323000e+10
2258                        RPC Inc. (RES)  4.360000e+09
2253  Oceaneering International Inc. (OII)  2.660000e+09
2261   Superior Energy Services Inc. (SPN)  1.810000e+09
2246  Forum Energy Technologies Inc. (FET)  1.660000e+09
2254   Oil States International Inc. (OIS)  1.580000e+09
[[u'drilling, services, oil, gas, production, completion, subsea, offshore, segment, oilfield, fluids, rig, exploration, drill, products, tubing, technologies, equipment, pressure']]
cluster 66:
                                       name            mc
2278              Synchrony Financial (SYF)  2.177000e+10
2280  Western Alliance Bancorporation (WAL)  4.790000e+09
2277                  SLM Corporation (SLM)  4.710000e+09
2265   Credit Acceptance Corporation (CACC)  4.300000e+09
2270             Navient Corporation (NAVI)  3.970000e+09
2269           LendingClub Corporation (LC)  2.290000e+09
2279                LendingTree Inc. (TREE)  1.880000e+09
2274                  PRA Group Inc. (PRAA)  1.720000e+09
2268       Encore Capital Group Inc. (ECPG)  9.870300e+08
2276                   Bankrate Inc. (RATE)  9.443300e+08
[[u'loans, credit, finance, financial, company, dealers, consumer, services, loan, cards, education, consumers, automobile, accounts, financing, small, lending, installment, business']]
cluster 67:
                                                   name            mc
2320  International Business Machines Corporation (IBM)  1.427800e+11
2291                     American Express Company (AXP)  6.864000e+10
2305  Cognizant Technology Solutions Corporation (CTSH)  3.853000e+10
2332                         McKesson Corporation (MCK)  3.245000e+10
2282                AmerisourceBergen Corporation (ABC)  1.947000e+10
2350                    Quintiles IMS Holdings Inc. (Q)  1.827000e+10
2312                                 Equifax Inc. (EFX)  1.639000e+10
2306               Quest Diagnostics Incorporated (DGX)  1.449000e+10
2285            Alliance Data Systems Corporation (ADS)  1.309000e+10
2326                                  Gartner Inc. (IT)  1.026000e+10
[[u'services, solutions, management, information, technology, segment, healthcare, consulting, company, staffing, provides, business, data, software, clients, financial, analytics, research, outsourcing']]
cluster 68:
                                       name            mc
2415            Johnson &amp; Johnson (JNJ)  3.421200e+11
2380              Abbott Laboratories (ABT)  7.489000e+10
2389     Becton Dickinson and Company (BDX)  4.186000e+10
2390    Boston Scientific Corporation (BSX)  3.617000e+10
2405  Edwards Lifesciences Corporation (EW)  2.368000e+10
2388                  C. R. Bard Inc. (BCR)  2.227000e+10
2430                      ResMed Inc. (RMD)  9.700000e+09
2440            Teleflex Incorporated (TFX)  8.840000e+09
2399                     DexCom Inc. (DXCM)  5.840000e+09
2379                    ABIOMED Inc. (ABMD)  5.690000e+09
[[u'medical, products, care, blood, devices, company, diagnostic, patient, device, heart, systems, vascular, catheters, patients, surgical, monitoring, treatment, used, disease']]
cluster 69:
                                            name            mc
2464                       ServiceNow Inc. (NOW)  1.687000e+10
2453                                CA Inc. (CA)  1.306000e+10
2450                           Ansys Inc. (ANSS)  1.045000e+10
2451                Arrow Electronics Inc. (ARW)  6.570000e+09
2468                              PTC Inc. (PTC)  6.350000e+09
2465           Nuance Communications Inc. (NUAN)  5.430000e+09
2467                     Pegasystems Inc. (PEGA)  4.360000e+09
2458  The Dun &amp; Bradstreet Corporation (DNB)  3.860000e+09
2466                     Pitney Bowes Inc. (PBI)  2.800000e+09
2470                                         NaN  2.790000e+09
[[u'solutions, customer, management, enterprise, services, software, analytics, service, technology, cloud, applications, company, support, provides, sales, information, suite, egain, qad']]
cluster 70:
                                  name            mc
2493               Teradyne Inc. (TER)  6.930000e+09
2480   Bio-Rad Laboratories Inc. (BIO)  6.490000e+09
2479      Amkor Technology Inc. (AMKR)  2.620000e+09
2488       Myriad Genetics Inc. (MYGN)  1.440000e+09
2483            FormFactor Inc. (FORM)  9.556100e+08
2487    MTS Systems Corporation (MTSC)  8.931700e+08
2491  Rudolph Technologies Inc. (RTEC)  7.655600e+08
2485   GenMark Diagnostics Inc. (GNMK)  6.126000e+08
2496   Meridian Bioscience Inc. (VIVO)  5.739600e+08
2490         PDF Solutions Inc. (PDFS)  5.435300e+08
[[u'test, semiconductor, systems, testing, tests, diagnostics, wafer, diagnostic, products, company, used, molecular, manufacturing, burn, equipment, segment, probe, design, solutions']]
cluster 71:
                                    name           mc
2505              RPX Corporation (RPXC)  678560000.0
2499  Acacia Research Corporation (ACTG)  227640000.0
2504          Pendrell Corporation (PCO)  156570000.0
2503  Network-1 Technologies Inc. (NTIP)  105840000.0
2502   Marathon Patent Group Inc. (MARA)    6050000.0
2506         Spherix Incorporated (SPEX)    5440000.0
2500      Crossroads Systems Inc. (CRDS)    4110000.0
2501       Inventergy Global Inc. (INVT)    2220000.0
[[u'patent, patents, intellectual, licensing, technologies, patented, property, rights, ip, unauthorized, company, legal, 972, crossroads, pending, cinema, digital, inventergy, data']]
cluster 72:
                                            name            mc
2512                  The Coca-Cola Company (KO)  1.875700e+11
2517                Starbucks Corporation (SBUX)  8.886000e+10
2513          Mondelez International Inc. (MDLZ)  6.939000e+10
2514         Monster Beverage Corporation (MNST)  2.708000e+10
2507       Coca-Cola European Partners Plc (CCE)  1.953000e+10
2510          Dr Pepper Snapple Group Inc. (DPS)  1.671000e+10
2518          The WhiteWave Foods Company (WWAV)  9.980000e+09
2511              National Beverage Corp. (FIZZ)  4.070000e+09
2508  Coca-Cola Bottling Co. Consolidated (COKE)  1.910000e+09
2509                      Cott Corporation (COT)  1.790000e+09
[[u'beverages, cola, drinks, coca, beverage, coffee, monster, carbonated, sparkling, drink, starbucks, company, cott, tea, juice, products, brands, beer, reed']]
cluster 73:
                                                  name            mc
2543             SBA Communications Corporation (SBAC)  1.611000e+10
2526                          CoStar Group Inc. (CSGP)  8.310000e+09
2552                            W. P. Carey Inc. (WPC)  6.800000e+09
2547               Starwood Property Trust Inc. (STWD)  5.620000e+09
2529                Gramercy Property Trust Inc. (GPT)  4.330000e+09
2545                  Spirit Realty Capital Inc. (SRC)  3.510000e+09
2524             Blackstone Mortgage Trust Inc. (BXMT)  2.900000e+09
2544                          Select Income REIT (SIR)  2.150000e+09
2522  Apollo Commercial Real Estate Finance Inc. (ARI)  1.670000e+09
2533                        Ladder Capital Corp (LADR)  1.650000e+09
[[u'real, estate, trust, properties, investment, commercial, loans, mortgage, property, company, investments, reit, income, invests, capital, york, debt, new, financing']]
cluster 74:
                                                 name            mc
2596                                Pfizer Inc. (PFE)  1.937200e+11
2589                       Merck &amp; Co. Inc. (MRK)  1.744500e+11
2557                                Amgen Inc. (AMGN)  1.151000e+11
2553                               AbbVie Inc. (ABBV)  1.043700e+11
2564               Bristol-Myers Squibb Company (BMY)  8.899000e+10
2574                      Gilead Sciences Inc. (GILD)  8.394000e+10
2587                      Eli Lilly and Company (LLY)  8.184000e+10
2605                                Zoetis Inc. (ZTS)  2.960000e+10
2586  Laboratory Corporation of America Holdings (LH)  1.428000e+10
2578                   IDEXX Laboratories Inc. (IDXX)  1.424000e+10
[[u'pharmaceutical, pain, products, company, drug, animal, treatment, pharmaceuticals, human, product, development, health, chronic, treat, diseases, develops, formulation, research, patients']]
cluster 75:
                                       name            mc
2635                      AT&amp;T Inc. (T)  2.351000e+11
2638       Verizon Communications Inc. (VZ)  1.852800e+11
2614     Charter Communications Inc. (CHTR)  9.639000e+10
2617        DISH Network Corporation (DISH)  2.960000e+10
2630     Level 3 Communications Inc. (LVLT)  2.153000e+10
2627  Liberty Broadband Corporation (LBRDK)  1.518000e+10
2616                 CenturyLink Inc. (CTL)  1.365000e+10
2633            EchoStar Corporation (SATS)  5.540000e+09
2609         ARRIS International plc (ARRS)  5.060000e+09
2637                     ViaSat Inc. (VSAT)  3.690000e+09
[[u'services, voice, communications, data, broadband, wireless, internet, satellite, access, network, video, distance, customers, provides, local, company, telecommunications, managed, cloud']]
cluster 76:
                                 name            mc
2656      General Motors Company (GM)  4.943000e+10
2653           Ford Motor Company (F)  4.328000e+10
2667  O'Reilly Automotive Inc. (ORLY)  2.288000e+10
2646              AutoZone Inc. (AZO)  1.914000e+10
2661                CarMax Inc. (KMX)  1.199000e+10
2641    Advance Auto Parts Inc. (AAP)  1.118000e+10
2663            LKQ Corporation (LKQ)  9.570000e+09
2644       Ally Financial Inc. (ALLY)  8.630000e+09
2649               Copart Inc. (CPRT)  6.730000e+09
2660  KAR Auction Services Inc. (KAR)  5.890000e+09
[[u'automotive, vehicle, vehicles, parts, products, collision, company, repair, services, aftermarket, car, segment, trucks, auto, finance, truck, used, dealerships, new']]
cluster 77:
                                              name            mc
2698             The Goldman Sachs Group Inc. (GS)  8.816000e+10
2712                           Morgan Stanley (MS)  7.732000e+10
2718         The Charles Schwab Corporation (SCHW)  5.116000e+10
2686  The Bank of New York Mellon Corporation (BK)  4.840000e+10
2690                          CME Group Inc. (CME)  3.970000e+10
2700          Intercontinental Exchange Inc. (ICE)  3.512000e+10
2709                     Moody's Corporation (MCO)  2.192000e+10
2684      TD Ameritrade Holding Corporation (AMTD)  1.934000e+10
2683               Ameriprise Financial Inc. (AMP)  1.918000e+10
2699         Interactive Brokers Group Inc. (IBKR)  1.430000e+10
[[u'services, financial, trading, investment, securities, brokerage, institutional, management, exchange, funds, segment, company, advisory, futures, corporate, clearing, execution, provides, investors']]
cluster 78:
                                        name            mc
2732       Marriott International Inc. (MAR)  3.896000e+10
2728    Hilton Worldwide Holdings Inc. (HLT)  2.099000e+10
2730    Host Hotels &amp; Resorts Inc. (HST)  1.354000e+10
2739     Wyndham Worldwide Corporation (WYN)  9.980000e+09
2734                 Vail Resorts Inc. (MTN)  8.090000e+09
2729      Hospitality Properties Trust (HPT)  4.720000e+09
2726            Cinemark Holdings Inc. (CNK)  4.700000e+09
2727                   Cedar Fair L.P. (FUN)  3.970000e+09
2725  Choice Hotels International Inc. (CHH)  3.630000e+09
2737       Extended Stay America Inc. (STAY)  3.460000e+09
[[u'hotels, resorts, theatres, marriott, suites, hotel, vacation, inn, hilton, wyndham, company, stay, ownership, screens, regal, lodging, entertainment, properties, host']]
cluster 79:
                                           name            mc
2756                    News Corporation (NWSA)  7.530000e+09
2749       Live Nation Entertainment Inc. (LYV)  6.960000e+09
2747           Lamar Advertising Company (LAMR)  6.930000e+09
2753    The Madison Square Garden Company (MSG)  4.640000e+09
2758                  Outfront Media Inc. (OUT)  3.180000e+09
2757           The New York Times Company (NYT)  2.800000e+09
2761                     Shutterfly Inc. (SFLY)  1.680000e+09
2745   Houghton Mifflin Harcourt Company (HMHC)  1.530000e+09
2760              Scholastic Corporation (SCHL)  1.470000e+09
2741  Clear Channel Outdoor Holdings Inc. (CCO)  1.370000e+09
[[u'advertising, books, digital, media, news, company, publishing, entertainment, newspapers, events, publications, marketing, websites, book, live, displays, york, local, content']]
cluster 80:
                                         name            mc
2782  Pioneer Natural Resources Company (PXD)  3.004000e+10
2765                 Apache Corporation (APA)  1.946000e+10
2779                  Noble Energy Inc. (NBL)  1.521000e+10
2768    Cabot Oil &amp; Gas Corporation (COG)  1.093000e+10
2780       Newfield Exploration Company (NFX)  6.820000e+09
2784                  Rice Energy Inc. (RICE)  4.410000e+09
2767                 CONSOL Energy Inc. (CNX)  3.700000e+09
2788        Southwestern Energy Company (SWN)  3.540000e+09
2792      Whiting Petroleum Corporation (WLL)  3.220000e+09
2776       Gulfport Energy Corporation (GPOR)  2.950000e+09
[[u'gas, oil, exploration, shale, natural, basin, production, energy, company, acres, texas, net, ford, eagle, development, acquisition, liquids, proved, reserves']]
cluster 81:
                                        name            mc
2807     Walgreens Boots Alliance Inc. (WBA)  8.714000e+10
2798            CVS Health Corporation (CVS)  7.768000e+10
2800  Express Scripts Holding Company (ESRX)  3.568000e+10
2805              Rite Aid Corporation (RAD)  3.650000e+09
2802             Magellan Health Inc. (MGLN)  1.610000e+09
2803                    Omnicell Inc. (OMCL)  1.520000e+09
2799           Diplomat Pharmacy Inc. (DPLO)  1.180000e+09
2797               CorVel Corporation (CRVL)  8.598000e+08
2804            PharMerica Corporation (PMC)  7.727000e+08
2801                      Fred's Inc. (FRED)  5.140600e+08
[[u'pharmacy, specialty, services, management, health, care, healthcare, retail, medication, stores, segment, pharmacies, dispensing, benefit, omnicell, cvs, nursing, company, prescription']]
cluster 82:
                                    name            mc
2823                 The Kroger Co. (KR)  2.668000e+10
2828             Ross Stores Inc. (ROST)  2.438000e+10
2839              V.F. Corporation (VFC)  2.098000e+10
2812                    Coach Inc. (COH)  1.274000e+10
2837              Under Armour Inc. (UA)  8.100000e+09
2836       Tractor Supply Company (TSCO)  7.400000e+09
2822                Nordstrom Inc. (JWN)  6.770000e+09
2824            Kohl's Corporation (KSS)  6.450000e+09
2832          Skechers U.S.A. Inc. (SKX)  3.710000e+09
2813  Columbia Sportswear Company (COLM)  3.670000e+09
[[u'footwear, stores, apparel, accessories, retail, brands, company, women, department, men, casual, com, products, merchandise, lifestyle, brand, wholesale, outdoor, fashion']]
cluster 83:
                                            name            mc
2845         Costco Wholesale Corporation (COST)  7.534000e+10
2861                     Sysco Corporation (SYY)  2.921000e+10
2851        Mead Johnson Nutrition Company (MJN)  1.634000e+10
2860             The J. M. Smucker Company (SJM)  1.467000e+10
2852  McCormick &amp; Company Incorporated (MKC)  1.259000e+10
2865               Whole Foods Market Inc. (WFM)  1.148000e+10
2843          Casey's General Stores Inc. (CASY)  4.500000e+09
2859           Sprouts Farmers Market Inc. (SFM)  3.310000e+09
2863            United Natural Foods Inc. (UNFI)  2.030000e+09
2846                  Calavo Growers Inc. (CVGW)  1.150000e+09
[[u'foods, food, products, supplements, natural, nutritional, stores, company, organic, health, fresh, vitamins, care, pet, dietary, supplement, foodservice, specialty, dairy']]
cluster 84:
                                        name            mc
2932  New York Community Bancorp Inc. (NYCB)  6.350000e+09
2946               TFS Financial Corp (TFSL)  4.440000e+09
2915           Investors Bancorp Inc. (ISBC)  4.070000e+09
2951           Valley National Bancorp (VLY)  3.010000e+09
2944                  Sterling Bancorp (STL)  2.950000e+09
2952          Washington Federal Inc. (WAFD)  2.870000e+09
2879      Capital Bank Financial Corp. (CBF)  2.560000e+09
2902             Glacier Bancorp Inc. (GBCI)  2.520000e+09
2904        Great Western Bancorp Inc. (GWB)  2.220000e+09
2882   Capitol Federal Financial Inc. (CFFN)  1.930000e+09
[[u'loans, bank, accounts, commercial, banking, deposit, savings, estate, real, deposits, mortgage, bancorp, services, company, residential, family, financial, holding, credit']]
cluster 85:
                                         name            mc
2964                       Chubb Limited (CB)  6.466000e+10
2958  American International Group Inc. (AIG)  5.666000e+10
3001       The Travelers Companies Inc. (TRV)  3.375000e+10
2961           The Allstate Corporation (ALL)  3.067000e+10
2992        The Progressive Corporation (PGR)  2.387000e+10
2985                    Loews Corporation (L)  1.546000e+10
3007             Verisk Analytics Inc. (VRSK)  1.313000e+10
2967          CNA Financial Corporation (CNA)  1.195000e+10
2966  Cincinnati Financial Corporation (CINF)  1.137000e+10
2974   Fidelity National Financial Inc. (FNF)  1.121000e+10
[[u'insurance, casualty, property, liability, commercial, personal, life, products, segment, company, automobile, policies, coverage, services, homeowners, lines, compensation, agents, workers']]
cluster 86:
                                                   name            mc
3032              Stanley Black &amp; Decker Inc. (SWK)  2.090000e+10
3033                        Symantec Corporation (SYMC)  1.796000e+10
3028                     Palo Alto Networks Inc. (PANW)  1.072000e+10
3016     Fortune Brands Home &amp; Security Inc. (FBHS)  9.740000e+09
3035                               VeriSign Inc. (VRSN)  9.050000e+09
3023                        Leidos Holdings Inc. (LDOS)  7.870000e+09
3019                               Fortinet Inc. (FTNT)  7.040000e+09
3029                             Proofpoint Inc. (PFPT)  3.590000e+09
3031  Science Applications International Corporation...  3.140000e+09
3012                      CACI International Inc (CACI)  2.970000e+09
[[u'security, solutions, intelligence, services, cyber, systems, threat, protection, information, data, company, cloud, engineering, support, defense, provides, training, technology, software']]
cluster 87:
                                         name            mc
3037     Automatic Data Processing Inc. (ADP)  4.412000e+10
3046                      Paychex Inc. (PAYX)  2.066000e+10
3050                      Workday Inc. (WDAY)  2.014000e+10
3049  The Ultimate Software Group Inc. (ULTI)  6.340000e+09
3040            Fair Isaac Corporation (FICO)  4.120000e+09
3045              Paycom Software Inc. (PAYC)  3.860000e+09
3047     Paylocity Holding Corporation (PCTY)  2.260000e+09
3048                 TriNet Group Inc. (TNET)  2.100000e+09
3039         Cornerstone OnDemand Inc. (CSOD)  2.090000e+09
3044                     Insperity Inc. (NSP)  1.680000e+09
[[u'hr, management, payroll, human, solutions, talent, services, benefits, software, hcm, employee, workforce, paylocity, workday, administration, time, recruitment, outsourcing, healthstream']]
cluster 88:
                                          name            mc
3059           Union Pacific Corporation (UNP)  8.644000e+10
3060           Valero Energy Corporation (VLO)  2.856000e+10
3053                        Bunge Limited (BG)  9.780000e+09
3058         Terra Nitrogen Company L.P. (TNH)  1.590000e+09
3052                 The Andersons Inc. (ANDE)  9.621500e+08
3055                  Green Plains Inc. (GPRE)  8.962200e+08
3057  REX American Resources Corporation (REX)  6.509500e+08
3056               Pacific Ethanol Inc. (PEIX)  2.764600e+08
3051                       Aemetis Inc. (AMTX)  2.462000e+07
3054                          Gevo Inc. (GEVO)  1.383000e+07
[[u'ethanol, corn, distillers, grains, nitrogen, grain, gevo, production, rex, products, company, plant, terra, segment, produces, fuels, food, isobutanol, oil']]
cluster 89:
                                            name            mc
3073          Southern Copper Corporation (SCCO)  2.673000e+10
3072            Newmont Mining Corporation (NEM)  1.793000e+10
3065                 Freeport-McMoRan Inc. (FCX)  1.697000e+10
3074                 Tahoe Resources Inc. (TAHO)  2.930000e+09
3068                   Hecla Mining Company (HL)  2.330000e+09
3078             Stillwater Mining Company (SWC)  2.190000e+09
3064                     Coeur Mining Inc. (CDE)  1.710000e+09
3071                      MAG Silver Corp. (MAG)  9.590600e+08
3062  ASA Gold and Precious Metals Limited (ASA)  2.345700e+08
3067                   Gold Resource Corp (GORO)  2.006400e+08
[[u'gold, mining, silver, exploration, copper, properties, precious, project, located, metals, mineral, company, molybdenum, property, zinc, mexico, mines, antimony, coeur']]
cluster 90:
                                           name            mc
3096                    Nucor Corporation (NUE)  1.808000e+10
3101                 Steel Dynamics Inc. (STLD)  8.270000e+09
3092               Icahn Enterprises L.P. (IEP)  7.870000e+09
3079                     Alcoa Corporation (AA)  5.950000e+09
3097     Reliance Steel &amp; Aluminum Co. (RS)  5.250000e+09
3106              Valmont Industries Inc. (VMI)  3.380000e+09
3087            Commercial Metals Company (CMC)  2.120000e+09
3108          Quaker Chemical Corporation (KWR)  1.820000e+09
3080         AK Steel Holding Corporation (AKS)  1.750000e+09
3083  Allegheny Technologies Incorporated (ATI)  1.720000e+09
[[u'steel, aluminum, metals, products, stainless, alloys, segment, ferrous, brass, scrap, metal, carbon, alloy, copper, finished, specialty, industries, company, cast']]
cluster 91:
                                      name            mc
3133                       NIKE Inc. (NKE)  8.546000e+10
3128                    The Gap Inc. (GPS)  8.920000e+09
3137                       PVH Corp. (PVH)  7.830000e+09
3129                Hanesbrands Inc. (HBI)  7.550000e+09
3132                       Macy's Inc. (M)  7.010000e+09
3114         Burlington Stores Inc. (BURL)  6.660000e+09
3131       Kate Spade &amp; Company (KATE)  2.370000e+09
3109  American Eagle Outfitters Inc. (AEO)  1.980000e+09
3119                  Dillard's Inc. (DDS)  1.550000e+09
3117                Chico's FAS Inc. (CHS)  1.450000e+09
[[u'apparel, stores, women, accessories, men, fashion, company, retail, brand, sportswear, wear, brands, products, casual, x27, shoes, outlet, retailer, merchandise']]
cluster 92:
                                         name            mc
3143                Chevron Corporation (CVX)  2.018100e+11
3145  Enterprise Products Partners L.P. (EPD)  5.806000e+10
3147                 Kinder Morgan Inc. (KMI)  4.358000e+10
3152  Plains All American Pipeline L.P. (PAA)  2.013000e+10
3148   Magellan Midstream Partners L.P. (MMP)  1.688000e+10
3153           Plains GP Holdings L.P. (PAGP)  1.557000e+10
3149                           MPLX LP (MPLX)  1.352000e+10
3160     Sunoco Logistics Partners L.P. (SXL)  7.940000e+09
3158               Tesoro Logistics LP (TLLP)  5.920000e+09
3155           Phillips 66 Partners LP (PSXP)  5.710000e+09
[[u'crude, oil, refined, storage, pipelines, transportation, pipeline, gas, natural, petroleum, logistics, ngl, terminals, gathering, products, terminalling, segment, terminal, marketing']]
cluster 93:
                                       name            mc
3178  The Procter &amp; Gamble Company (PG)  2.205700e+11
3165         Colgate-Palmolive Company (CL)  6.609000e+10
3172       Kimberly-Clark Corporation (KMB)  4.515000e+10
3169   The Este Lauder Companies Inc. (EL)  3.398000e+10
3176               Newell Brands Inc. (NWL)  2.551000e+10
3168        Dollar General Corporation (DG)  1.978000e+10
3189                Ulta Beauty Inc. (ULTA)  1.827000e+10
3166               The Clorox Company (CLX)  1.702000e+10
3167                       Coty Inc. (COTY)  1.402000e+10
3164     Church &amp; Dwight Co. Inc. (CHD)  1.240000e+10
[[u'products, care, beauty, hair, skin, brands, pet, company, segment, home, personal, cleaning, health, supplements, consumer, stores, household, cosmetics, nutritional']]
cluster 94:
                                 name            mc
3195        Danaher Corporation (DHR)  5.702000e+10
3204      DENTSPLY SIRONA Inc. (XRAY)  1.413000e+10
3196         Henry Schein Inc. (HSIC)  1.411000e+10
3198         The Mosaic Company (MOS)  8.300000e+09
3203                  VCA Inc. (WOOF)  7.460000e+09
3194             Catalent Inc. (CTLT)  4.230000e+09
3191                Akorn Inc. (AKRX)  4.140000e+09
3200  Patterson Companies Inc. (PDCO)  4.060000e+09
3199        Neogen Corporation (NEOG)  2.330000e+09
3202      Quality Systems Inc. (QSII)  8.887900e+08
[[u'dental, animal, potash, health, services, products, segment, prescription, veterinary, dex, software, medical, practice, equipment, pharmaceuticals, company, laser, consumable, practitioners']]
cluster 95:
                                                   name            mc
3230                   United Parcel Service Inc. (UPS)  8.974000e+10
3212                            FedEx Corporation (FDX)  5.063000e+10
3208                              CSX Corporation (CSX)  4.648000e+10
3222                 Norfolk Southern Corporation (NSC)  3.513000e+10
3218                         Kansas City Southern (KSU)  9.580000e+09
3211  Expeditors International of Washington Inc. (E...  9.500000e+09
3207                C.H. Robinson Worldwide Inc. (CHRW)  9.490000e+09
3216           J.B. Hunt Transport Services Inc. (JBHT)  9.250000e+09
3232  Westinghouse Air Brake Technologies Corporatio...  7.860000e+09
3223              Old Dominion Freight Line Inc. (ODFL)  7.090000e+09
[[u'freight, truckload, transportation, logistics, services, intermodal, rail, brokerage, expedited, company, segment, ocean, ltl, haul, carrier, temperature, tractors, trailers, regional']]
cluster 96:
                                       name            mc
3248            Genuine Parts Company (GPC)  1.358000e+10
3269     TransDigm Group Incorporated (TDG)  1.330000e+10
3249               W.W. Grainger Inc. (GWW)  1.021000e+10
3266             Snap-on Incorporated (SNA)  9.600000e+09
3251                 IDEX Corporation (IEX)  8.140000e+09
3240       CF Industries Holdings Inc. (CF)  6.660000e+09
3244  Carlisle Companies Incorporated (CSL)  6.490000e+09
3241               Colfax Corporation (CFX)  4.950000e+09
3259   MSC Industrial Direct Co. Inc. (MSM)  4.870000e+09
3243                         Crane Co. (CR)  4.590000e+09
[[u'components, industrial, power, products, fluid, equipment, bearings, segment, systems, repair, engineered, company, supplies, handling, tools, industries, aerospace, transmission, parts']]
cluster 97:
                                            name            mc
3351             Simon Property Group Inc. (SPG)  5.677000e+10
3343                        Public Storage (PSA)  3.729000e+10
3310                    Equity Residential (EQR)  2.497000e+10
3291                Boston Properties Inc. (BXP)  2.081000e+10
3317                              GGP Inc. (GGP)  2.034000e+10
3360                  Vornado Realty Trust (VNO)  1.899000e+10
3304             Digital Realty Trust Inc. (DLR)  1.862000e+10
3313             Essex Property Trust Inc. (ESS)  1.727000e+10
3336               Realty Income Corporation (O)  1.482000e+10
3285  Alexandria Real Estate Equities Inc. (ARE)  1.072000e+10
[[u'properties, trust, estate, real, investment, realty, office, shopping, reit, centers, company, square, ownership, feet, self, acquisition, 31, retail, december']]
cluster 98:
                                         name            mc
3369  American Water Works Company Inc. (AWK)  1.352000e+10
3390                         Xylem Inc. (XYL)  9.350000e+09
3367            A. O. Smith Corporation (AOS)  9.310000e+09
3366        Antero Midstream Partners LP (AM)  6.320000e+09
3388                  Aqua America Inc. (WTR)  5.630000e+09
3376                        Itron Inc. (ITRI)  2.530000e+09
3383                Rexnord Corporation (RXN)  2.400000e+09
3389      Watts Water Technologies Inc. (WTS)  2.170000e+09
3379        Mueller Water Products Inc. (MWA)  1.800000e+09
3374     California Water Service Group (CWT)  1.640000e+09
[[u'water, wastewater, services, company, regulated, products, systems, utility, gas, customers, segment, treatment, drainage, control, residential, commercial, mueller, provides, artesian']]
cluster 99:
                                      name            mc
3405                     Phillips 66 (PSX)  4.038000e+10
3401  Marathon Petroleum Corporation (MPC)  2.738000e+10
3408              Tesoro Corporation (TSO)  9.790000e+09
3394           Buckeye Partners L.P. (BPL)  9.350000e+09
3399       HollyFrontier Corporation (HFC)  4.630000e+09
3411           Western Refining Inc. (WNR)  3.950000e+09
3409       Valero Energy Partners LP (VLP)  3.230000e+09
3404                 PBF Energy Inc. (PBF)  2.470000e+09
3398      Holly Energy Partners L.P. (HEP)  2.200000e+09
3395                 CVR Energy Inc. (CVI)  1.850000e+09
[[u'refining, petroleum, crude, refined, oil, terminals, products, fuel, logistics, refinery, storage, gasoline, diesel, transportation, refineries, asphalt, segment, pipelines, coast']]
