doing n_clusters= 20
reading ../data/yf_data.csv
<class 'pandas.core.frame.DataFrame'>
RangeIndex: 3370 entries, 0 to 3369
Data columns (total 2 columns):
symbol     3370 non-null object
content    3370 non-null object
dtypes: object(2)
memory usage: 52.7+ KB
None
reading ../data/gf_data.csv
<class 'pandas.core.frame.DataFrame'>
RangeIndex: 3617 entries, 0 to 3616
Data columns (total 2 columns):
symbol     3617 non-null object
content    3617 non-null object
dtypes: object(2)
memory usage: 56.6+ KB
None
reading ../data/mw_data.csv
<class 'pandas.core.frame.DataFrame'>
RangeIndex: 3368 entries, 0 to 3367
Data columns (total 2 columns):
symbol     3368 non-null object
content    3368 non-null object
dtypes: object(2)
memory usage: 52.7+ KB
None
<class 'pandas.core.frame.DataFrame'>
Int64Index: 3818 entries, 0 to 3817
Data columns (total 4 columns):
symbol       3818 non-null object
yfcontent    3371 non-null object
gfcontent    3618 non-null object
mwcontent    3368 non-null object
dtypes: object(4)
memory usage: 149.1+ KB
None
<class 'pandas.core.frame.DataFrame'>
Int64Index: 3818 entries, 0 to 3817
Data columns (total 2 columns):
symbol     3818 non-null object
content    3818 non-null object
dtypes: object(2)
memory usage: 89.5+ KB
None
0    Agilent Technologies, Inc. provides applicatio...
1    Alcoa Corporation produces and sells bauxite, ...
2    AAC Holdings, Inc. provides inpatient substanc...
3    American Airlines Group Inc., through its subs...
4    Altisource Asset Management Corporation, an as...
Name: content, dtype: object
n,inertia 20 2955.73835036
cluster 0:
                                      name            mc
3             CVS Health Corporation (CVS)  7.768000e+10
8   Express Scripts Holding Company (ESRX)  3.568000e+10
22              Waste Management Inc. (WM)  3.115000e+10
16            Republic Services Inc. (RSG)  2.075000e+10
21            Waste Connections Inc. (WCN)  1.613000e+10
18                  Stericycle Inc. (SRCL)  7.130000e+09
15              Rite Aid Corporation (RAD)  3.650000e+09
1                 Clean Harbors Inc. (CLH)  3.280000e+09
2        Covanta Holding Corporation (CVA)  1.860000e+09
10             Magellan Health Inc. (MGLN)  1.610000e+09
[[u'waste, pharmacy, services, hazardous, disposal, management, recycling, environmental, segment, company, facilities, specialty, collection, healthcare, solid, health, landfill, treatment, medical']]
cluster 1:
                                  name            mc
23                   Apple Inc. (AAPL)  7.980300e+11
80               Alphabet Inc. (GOOGL)  6.523600e+11
30              Amazon.com Inc. (AMZN)  4.587800e+11
72                  Facebook Inc. (FB)  4.291000e+11
50         Comcast Corporation (CMCSA)  1.846300e+11
56       The Walt Disney Company (DIS)  1.682600e+11
130    The Priceline Group Inc. (PCLN)  8.886000e+10
175             Time Warner Inc. (TWX)  7.572000e+10
120                Netflix Inc. (NFLX)  6.768000e+10
26   Adobe Systems Incorporated (ADBE)  6.749000e+10
[[u'digital, content, media, advertising, video, company, television, services, online, entertainment, mobile, platform, segment, marketing, com, solutions, education, software, networks']]
cluster 2:
                                        name            mc
491          Wells Fargo &amp; Company (WFC)  2.651600e+11
259  Capital One Financial Corporation (COF)  3.875000e+10
203               BB&amp;T Corporation (BBT)  3.428000e+10
451                SunTrust Banks Inc. (STI)  2.613000e+10
372           M&amp;T Bank Corporation (MTB)  2.420000e+10
273        Discover Financial Services (DFS)  2.285000e+10
455                Synchrony Financial (SYF)  2.177000e+10
351                            KeyCorp (KEY)  1.943000e+10
305               Fifth Third Bancorp (FITB)  1.814000e+10
247      Citizens Financial Group Inc. (CFG)  1.751000e+10
[[u'loans, bank, banking, commercial, services, deposit, accounts, financial, estate, company, mortgage, savings, real, credit, holding, deposits, consumer, bancorp, trust']]
cluster 3:
                                 name            mc
648   Simon Property Group Inc. (SPG)  5.677000e+10
625              Public Storage (PSA)  3.729000e+10
623               Prologis Inc. (PLD)  2.973000e+10
573              Welltower Inc. (HCN)  2.682000e+10
517  AvalonBay Communities Inc. (AVB)  2.635000e+10
554          Equity Residential (EQR)  2.497000e+10
668                 Ventas Inc. (VTR)  2.399000e+10
523      Boston Properties Inc. (BXP)  2.081000e+10
566                    GGP Inc. (GGP)  2.034000e+10
666        Vornado Realty Trust (VNO)  1.899000e+10
[[u'properties, estate, real, trust, investment, reit, company, realty, office, property, communities, ownership, invests, self, hotels, centers, shopping, development, income']]
cluster 4:
                                       name            mc
698    Annaly Capital Management Inc. (NLY)  1.172000e+10
679            AGNC Investment Corp. (AGNC)  7.160000e+09
711     Starwood Property Trust Inc. (STWD)  5.620000e+09
699  New Residential Investment Corp. (NRZ)  4.940000e+09
696       MGIC Investment Corporation (MTG)  3.930000e+09
707                 Radian Group Inc. (RDN)  3.540000e+09
712      Two Harbors Investment Corp. (TWO)  3.460000e+09
686    Chimera Investment Corporation (CIM)  3.380000e+09
694                MFA Financial Inc. (MFA)  3.220000e+09
684   Blackstone Mortgage Trust Inc. (BXMT)  2.900000e+09
[[u'mortgage, loans, securities, estate, real, agency, residential, backed, investment, rmbs, servicing, investments, trust, commercial, assets, mbs, income, federal, company']]
cluster 5:
                                           name            mc
751                   NextEra Energy Inc. (NEE)  6.427000e+10
732               Duke Energy Corporation (DUK)  5.835000e+10
774                           Tesla Inc. (TSLA)  5.106000e+10
770                   The Southern Company (SO)  4.961000e+10
729                 Dominion Resources Inc. (D)  4.943000e+10
718  American Electric Power Company Inc. (AEP)  3.379000e+10
759                  PG&amp;E Corporation (PCG)  3.349000e+10
740                    Exelon Corporation (EXC)  3.246000e+10
772                         Sempra Energy (SRE)  2.797000e+10
765                       PPL Corporation (PPL)  2.652000e+10
[[u'gas, electric, energy, electricity, natural, transmission, regulated, power, utility, distribution, generation, company, segment, customers, services, miles, utilities, operations, wholesale']]
cluster 6:
                                       name            mc
987                       AT&amp;T Inc. (T)  2.351000e+11
1004                          Visa Inc. (V)  2.132300e+11
1013       Verizon Communications Inc. (VZ)  1.852800e+11
999   UnitedHealth Group Incorporated (UNH)  1.663200e+11
923            Mastercard Incorporated (MA)  1.260300e+11
828      Charter Communications Inc. (CHTR)  9.639000e+10
1000       United Parcel Service Inc. (UPS)  8.974000e+10
805          American Express Company (AXP)  6.864000e+10
795        American Tower Corporation (AMT)  5.454000e+10
864                 FedEx Corporation (FDX)  5.063000e+10
[[u'services, solutions, segment, company, management, provides, care, health, healthcare, payment, transportation, information, technology, data, communications, business, financial, offers, logistics']]
cluster 7:
                                         name            mc
1047                       Chubb Limited (CB)  6.466000e+10
1039  American International Group Inc. (AIG)  5.666000e+10
1086                       MetLife Inc. (MET)  5.431000e+10
1034                         Aetna Inc. (AET)  4.689000e+10
1099          Prudential Financial Inc. (PRU)  4.461000e+10
1048                   Cigna Corporation (CI)  4.083000e+10
1110       The Travelers Companies Inc. (TRV)  3.375000e+10
1042           The Allstate Corporation (ALL)  3.067000e+10
1037                 Aflac Incorporated (AFL)  2.932000e+10
1095        The Progressive Corporation (PGR)  2.387000e+10
[[u'insurance, life, casualty, property, products, liability, segment, company, reinsurance, commercial, group, health, services, personal, coverage, policies, automobile, annuities, accident']]
cluster 8:
                                                   name            mc
1244                       Microsoft Corporation (MSFT)  5.226000e+11
1262                          Oracle Corporation (ORCL)  1.823200e+11
1169                          Cisco Systems Inc. (CSCO)  1.563000e+11
1217  International Business Machines Corporation (IBM)  1.427800e+11
1167                          Salesforce.com inc. (CRM)  6.217000e+10
1327                                  VMware Inc. (VMW)  3.779000e+10
1314                  Thomson Reuters Corporation (TRI)  3.094000e+10
1332                  Western Digital Corporation (WDC)  2.524000e+10
1124                               Autodesk Inc. (ADSK)  2.422000e+10
1288                     Rockwell Automation Inc. (ROK)  2.027000e+10
[[u'solutions, software, services, data, cloud, management, enterprise, technology, company, security, information, provides, applications, service, network, products, systems, support, analytics']]
cluster 9:
                                         name            mc
1492            Exxon Mobil Corporation (XOM)  3.471600e+11
1365                     ConocoPhillips (COP)  5.874000e+10
1386                 EOG Resources Inc. (EOG)  5.415000e+10
1435   Occidental Petroleum Corporation (OXY)  4.636000e+10
1488             Williams Partners L.P. (WPZ)  3.933000e+10
1444  Pioneer Natural Resources Company (PXD)  3.004000e+10
1345     Anadarko Petroleum Corporation (APC)  2.987000e+10
1393      Energy Transfer Partners L.P. (ETP)  2.685000e+10
1486        The Williams Companies Inc. (WMB)  2.495000e+10
1374           Devon Energy Corporation (DVN)  2.018000e+10
[[u'gas, natural, oil, exploration, basin, texas, production, energy, company, properties, shale, wells, crude, gathering, reserves, liquids, interests, net, acres']]
cluster 10:
                                              name            mc
1552                JPMorgan Chase &amp; Co. (JPM)  3.011700e+11
1508             Bank of America Corporation (BAC)  2.293900e+11
1516                            Citigroup Inc. (C)  1.682100e+11
1539             The Goldman Sachs Group Inc. (GS)  8.816000e+10
1586                            U.S. Bancorp (USB)  8.612000e+10
1563                           Morgan Stanley (MS)  7.732000e+10
1572   The PNC Financial Services Group Inc. (PNC)  5.747000e+10
1576         The Charles Schwab Corporation (SCHW)  5.116000e+10
1511  The Bank of New York Mellon Corporation (BK)  4.840000e+10
1519                          CME Group Inc. (CME)  3.970000e+10
[[u'investment, services, funds, management, financial, institutional, asset, banking, equity, trading, advisory, investors, securities, company, income, fixed, segment, mutual, provides']]
cluster 11:
                                     name            mc
1708          Johnson &amp; Johnson (JNJ)  3.421200e+11
1755                    Pfizer Inc. (PFE)  1.937200e+11
1730           Merck &amp; Co. Inc. (MRK)  1.744500e+11
1595                   AbbVie Inc. (ABBV)  1.043700e+11
1716          Eli Lilly and Company (LLY)  8.184000e+10
1597            Abbott Laboratories (ABT)  7.489000e+10
1787  Thermo Fisher Scientific Inc. (TMO)  6.711000e+10
1657            Danaher Corporation (DHR)  5.702000e+10
1781            Stryker Corporation (SYK)  5.113000e+10
1627   Becton Dickinson and Company (BDX)  4.186000e+10
[[u'products, company, medical, diagnostic, surgical, pharmaceutical, care, treatment, blood, drug, pain, therapy, health, development, systems, devices, diagnostics, testing, clinical']]
cluster 12:
                                           name            mc
1955      The Procter &amp; Gamble Company (PG)  2.205700e+11
1910                 The Coca-Cola Company (KO)  1.875700e+11
1952                         Pepsico Inc. (PEP)  1.624100e+11
1928                           3M Company (MMM)  1.169400e+11
1868             The Dow Chemical Company (DOW)  7.488000e+10
1924         Mondelez International Inc. (MDLZ)  6.939000e+10
1865  E. I. du Pont de Nemours and Company (DD)  6.747000e+10
1850             Colgate-Palmolive Company (CL)  6.609000e+10
1908           Kimberly-Clark Corporation (KMB)  4.515000e+10
1872       The Estée Lauder Companies Inc. (EL)  3.398000e+10
[[u'products, food, segment, packaging, specialty, company, foods, care, materials, industrial, ingredients, manufactures, paper, markets, brands, sells, chemicals, beverages, frozen']]
cluster 13:
                                       name            mc
2281  Philip Morris International Inc. (PM)  1.782100e+11
2237                 Altria Group Inc. (MO)  1.369500e+11
2224           McDonald's Corporation (MCD)  1.207500e+11
2292           Reynolds American Inc. (RAI)  9.466000e+10
2374        Union Pacific Corporation (UNP)  8.644000e+10
2257              NVIDIA Corporation (NVDA)  8.086000e+10
2238                 Monsanto Company (MON)  5.095000e+10
2155            General Motors Company (GM)  4.943000e+10
2218            Las Vegas Sands Corp. (LVS)  4.498000e+10
2077             Carnival Corporation (CCL)  4.455000e+10
[[u'company, restaurants, segment, products, operates, homes, services, operations, states, vehicles, casino, united, parts, america, brands, segments, coal, mining, international']]
cluster 14:
                                       name            mc
2499          General Electric Company (GE)  2.435900e+11
2607             Schlumberger Limited (SLB)  9.970000e+10
2454                 Caterpillar Inc. (CAT)  6.034000e+10
2463                  CSX Corporation (CSX)  4.648000e+10
2515              Halliburton Company (HAL)  4.147000e+10
2468               Deere &amp; Company (DE)  3.848000e+10
2593                      Praxair Inc. (PX)  3.688000e+10
2475                      Ecolab Inc. (ECL)  3.686000e+10
2434  Air Products and Chemicals Inc. (APD)  3.116000e+10
2450        Baker Hughes Incorporated (BHI)  2.477000e+10
[[u'water, services, segment, equipment, products, construction, steel, systems, industrial, energy, company, gas, oil, drilling, power, offshore, production, provides, maintenance']]
cluster 15:
                                         name            mc
2661                Chevron Corporation (CVX)  2.018100e+11
2664  Enterprise Products Partners L.P. (EPD)  5.806000e+10
2670                 Kinder Morgan Inc. (KMI)  4.358000e+10
2683                        Phillips 66 (PSX)  4.038000e+10
2696          Valero Energy Corporation (VLO)  2.856000e+10
2673     Marathon Petroleum Corporation (MPC)  2.738000e+10
2678  Plains All American Pipeline L.P. (PAA)  2.013000e+10
2672   Magellan Midstream Partners L.P. (MMP)  1.688000e+10
2679           Plains GP Holdings L.P. (PAGP)  1.557000e+10
2674                           MPLX LP (MPLX)  1.352000e+10
[[u'crude, oil, refined, petroleum, storage, logistics, gas, transportation, refining, natural, pipelines, terminals, products, segment, pipeline, lp, gathering, gasoline, fuel']]
cluster 16:
                                       name            mc
2810               Intel Corporation (INTC)  1.666300e+11
2733                The Boeing Company (BA)  1.099200e+11
2799     Honeywell International Inc. (HON)  1.001700e+11
2957  United Technologies Corporation (UTX)  9.708000e+10
2898           QUALCOMM Incorporated (QCOM)  8.520000e+10
2842      Lockheed Martin Corporation (LMT)  7.896000e+10
2792      General Dynamics Corporation (GD)  5.909000e+10
2716          Applied Materials Inc. (AMAT)  4.760000e+10
2819         Illinois Tool Works Inc. (ITW)  4.733000e+10
2911                 Raytheon Company (RTN)  4.665000e+10
[[u'systems, products, power, components, solutions, segment, equipment, industrial, company, electronic, semiconductor, aerospace, control, manufactures, applications, devices, technologies, defense, markets']]
cluster 17:
                                     name            mc
3140           Wal-Mart Stores Inc. (WMT)  2.388000e+11
3046             The Home Depot Inc. (HD)  1.877400e+11
3097         Starbucks Corporation (SBUX)  8.886000e+10
3134  Walgreens Boots Alliance Inc. (WBA)  8.714000e+10
3076                      NIKE Inc. (NKE)  8.546000e+10
3010  Costco Wholesale Corporation (COST)  7.534000e+10
3068          Lowe's Companies Inc. (LOW)  7.258000e+10
3121              T-Mobile US Inc. (TMUS)  5.514000e+10
3118         The TJX Companies Inc. (TJX)  4.787000e+10
3116             Target Corporation (TGT)  3.089000e+10
[[u'stores, apparel, accessories, retail, products, company, footwear, furniture, merchandise, home, com, brands, women, retailer, brand, segment, wholesale, men, operates']]
cluster 18:
                                        name            mc
3148      Apollo Global Management LLC (APO)  1.074000e+10
3149         Ares Capital Corporation (ARCC)  7.030000e+09
3151               The Carlyle Group LP (CG)  5.760000e+09
3180     Prospect Capital Corporation (PSEC)  2.950000e+09
3159        FS Investment Corporation (FSIC)  2.210000e+09
3170  Main Street Capital Corporation (MAIN)  2.130000e+09
3147    Apollo Investment Corporation (AINV)  1.380000e+09
3192       TPG Specialty Lending Inc. (TSLX)  1.230000e+09
3161           Golub Capital BDC Inc. (GBDC)  1.160000e+09
3167            Hercules Capital Inc. (HTGC)  1.100000e+09
[[u'debt, investments, million, companies, equity, investment, fund, senior, invests, capital, invest, loans, lien, seeks, secured, middle, mezzanine, subordinated, market']]
cluster 19:
                                            name            mc
3212                           Amgen Inc. (AMGN)  1.151000e+11
3249                  Celgene Corporation (CELG)  9.130000e+10
3236          Bristol-Myers Squibb Company (BMY)  8.899000e+10
3295                 Gilead Sciences Inc. (GILD)  8.394000e+10
3230                          Biogen Inc. (BIIB)  5.342000e+10
3366       Regeneron Pharmaceuticals Inc. (REGN)  4.758000e+10
3400  Vertex Pharmaceuticals Incorporated (VRTX)  2.940000e+10
3310                   Incyte Corporation (INCY)  2.691000e+10
3211         Alexion Pharmaceuticals Inc. (ALXN)  2.556000e+10
3235         BioMarin Pharmaceutical Inc. (BMRN)  1.557000e+10
[[u'clinical, treatment, phase, cancer, company, therapeutics, diseases, development, patients, biopharmaceutical, stage, trial, candidates, cell, developing, product, pharmaceuticals, candidate, ii']]
