doing n_clusters= 30
reading ../data/yf_data.csv
<class 'pandas.core.frame.DataFrame'>
RangeIndex: 3370 entries, 0 to 3369
Data columns (total 2 columns):
symbol     3370 non-null object
content    3370 non-null object
dtypes: object(2)
memory usage: 52.7+ KB
None
reading ../data/gf_data.csv
<class 'pandas.core.frame.DataFrame'>
RangeIndex: 3617 entries, 0 to 3616
Data columns (total 2 columns):
symbol     3617 non-null object
content    3617 non-null object
dtypes: object(2)
memory usage: 56.6+ KB
None
reading ../data/mw_data.csv
<class 'pandas.core.frame.DataFrame'>
RangeIndex: 3368 entries, 0 to 3367
Data columns (total 2 columns):
symbol     3368 non-null object
content    3368 non-null object
dtypes: object(2)
memory usage: 52.7+ KB
None
<class 'pandas.core.frame.DataFrame'>
Int64Index: 3818 entries, 0 to 3817
Data columns (total 4 columns):
symbol       3818 non-null object
yfcontent    3371 non-null object
gfcontent    3618 non-null object
mwcontent    3368 non-null object
dtypes: object(4)
memory usage: 149.1+ KB
None
<class 'pandas.core.frame.DataFrame'>
Int64Index: 3818 entries, 0 to 3817
Data columns (total 2 columns):
symbol     3818 non-null object
content    3818 non-null object
dtypes: object(2)
memory usage: 89.5+ KB
None
0    Agilent Technologies, Inc. provides applicatio...
1    Alcoa Corporation produces and sells bauxite, ...
2    AAC Holdings, Inc. provides inpatient substanc...
3    American Airlines Group Inc., through its subs...
4    Altisource Asset Management Corporation, an as...
Name: content, dtype: object
n,inertia 30 2899.76530576
cluster 0:
                                       name            mc
6                    D.R. Horton Inc. (DHI)  1.269000e+10
10                 Lennar Corporation (LEN)  1.197000e+10
15                           NVR Inc. (NVR)  8.720000e+09
17                    PulteGroup Inc. (PHM)  7.300000e+09
0               American Homes 4 Rent (AMH)  6.980000e+09
19                 Toll Brothers Inc. (TOL)  6.150000e+09
18  Taylor Morrison Home Corporation (TMHC)  3.530000e+09
20              TRI Pointe Group Inc. (TPH)  2.020000e+09
9                             KB Home (KBH)  1.830000e+09
12               M.D.C. Holdings Inc. (MDC)  1.770000e+09
[[u'homes, homebuilding, detached, family, land, title, single, company, communities, operations, home, homebuyers, attached, arizona, services, carolina, california, lots, mortgage']]
cluster 1:
                                            name            mc
73                JPMorgan Chase &amp; Co. (JPM)  3.011700e+11
102              Wells Fargo &amp; Company (WFC)  2.651600e+11
31             Bank of America Corporation (BAC)  2.293900e+11
40                            Citigroup Inc. (C)  1.682100e+11
98                            U.S. Bancorp (USB)  8.612000e+10
83   The PNC Financial Services Group Inc. (PNC)  5.747000e+10
53       Capital One Financial Corporation (COF)  3.875000e+10
34                    BB&amp;T Corporation (BBT)  3.428000e+10
92                     SunTrust Banks Inc. (STI)  2.613000e+10
77                M&amp;T Bank Corporation (MTB)  2.420000e+10
[[u'banking, services, bank, loans, financial, commercial, management, investment, wealth, lending, deposit, mortgage, trust, company, insurance, segment, consumer, accounts, credit']]
cluster 2:
                                name            mc
153    General Electric Company (GE)  2.435900e+11
201       Schlumberger Limited (SLB)  9.970000e+10
121           Caterpillar Inc. (CAT)  6.034000e+10
161        Halliburton Company (HAL)  4.147000e+10
135                Ecolab Inc. (ECL)  3.686000e+10
224       Waste Management Inc. (WM)  3.115000e+10
119  Baker Hughes Incorporated (BHI)  2.477000e+10
197     Republic Services Inc. (RSG)  2.075000e+10
221     Waste Connections Inc. (WCN)  1.613000e+10
150             TechnipFMC plc (FTI)  1.497000e+10
[[u'services, construction, segment, drilling, oil, offshore, gas, waste, energy, engineering, management, company, maintenance, provides, production, industrial, facilities, equipment, environmental']]
cluster 3:
                                      name            mc
413                  Alphabet Inc. (GOOGL)  6.523600e+11
248                 Amazon.com Inc. (AMZN)  4.587800e+11
390                     Facebook Inc. (FB)  4.291000e+11
427               The Home Depot Inc. (HD)  1.877400e+11
588  Philip Morris International Inc. (PM)  1.782100e+11
523                 Altria Group Inc. (MO)  1.369500e+11
596           Reynolds American Inc. (RAI)  9.466000e+10
575        The Priceline Group Inc. (PCLN)  8.886000e+10
693        Union Pacific Corporation (UNP)  8.644000e+10
548              NVIDIA Corporation (NVDA)  8.086000e+10
[[u'products, company, segment, services, materials, sells, specialty, used, markets, operates, manufactures, offers, brands, united, packaging, segments, states, industrial, america']]
cluster 4:
                                        name            mc
767                     ConocoPhillips (COP)  5.874000e+10
783                 EOG Resources Inc. (EOG)  5.415000e+10
828  Pioneer Natural Resources Company (PXD)  3.004000e+10
752     Anadarko Petroleum Corporation (APC)  2.987000e+10
777           Devon Energy Corporation (DVN)  2.018000e+10
774              Concho Resources Inc. (CXO)  1.952000e+10
751                 Apache Corporation (APA)  1.946000e+10
764         Continental Resources Inc. (CLR)  1.582000e+10
813                  Noble Energy Inc. (NBL)  1.521000e+10
864                 Cimarex Energy Co. (XEC)  1.118000e+10
[[u'oil, gas, natural, basin, exploration, texas, properties, production, company, energy, wells, shale, net, interests, reserves, royalty, permian, acres, proved']]
cluster 5:
                                         name            mc
903                  Intel Corporation (INTC)  1.666300e+11
921               Micron Technology Inc. (MU)  3.078000e+10
872                 Analog Devices Inc. (ADI)  2.966000e+10
951         Western Digital Corporation (WDC)  2.524000e+10
912           Lam Research Corporation (LRCX)  2.458000e+10
942            Skyworks Solutions Inc. (SWKS)  1.917000e+10
914  Microchip Technology Incorporated (MCHP)  1.735000e+10
954                        Xilinx Inc. (XLNX)  1.660000e+10
922     Maxim Integrated Products Inc. (MXIM)  1.324000e+10
941                      Synopsys Inc. (SNPS)  1.069000e+10
[[u'power, products, semiconductor, solutions, devices, signal, analog, memory, systems, test, electronic, rf, company, applications, circuits, integrated, wireless, markets, designs']]
cluster 6:
                                            name            mc
994                    NextEra Energy Inc. (NEE)  6.427000e+10
972                Duke Energy Corporation (DUK)  5.835000e+10
1019                           Tesla Inc. (TSLA)  5.106000e+10
1013                   The Southern Company (SO)  4.961000e+10
970                  Dominion Resources Inc. (D)  4.943000e+10
957   American Electric Power Company Inc. (AEP)  3.379000e+10
1002                  PG&amp;E Corporation (PCG)  3.349000e+10
979                     Exelon Corporation (EXC)  3.246000e+10
1016                         Sempra Energy (SRE)  2.797000e+10
1008                       PPL Corporation (PPL)  2.652000e+10
[[u'gas, energy, electric, electricity, natural, power, transmission, utility, regulated, distribution, generation, company, segment, customers, solar, services, utilities, miles, operations']]
cluster 7:
                                     name            mc
1039                    Amgen Inc. (AMGN)  1.151000e+11
1066           Celgene Corporation (CELG)  9.130000e+10
1056   Bristol-Myers Squibb Company (BMY)  8.899000e+10
1051                   Biogen Inc. (BIIB)  5.342000e+10
1117            Incyte Corporation (INCY)  2.691000e+10
1038  Alexion Pharmaceuticals Inc. (ALXN)  2.556000e+10
1165         Seattle Genetics Inc. (SGEN)  9.500000e+09
1180                   Tesaro Inc. (TSRO)  8.210000e+09
1037  Alnylam Pharmaceuticals Inc. (ALNY)  6.180000e+09
1093                 Exelixis Inc. (EXEL)  5.760000e+09
[[u'clinical, cancer, phase, treatment, company, patients, cell, trial, stage, biopharmaceutical, therapeutics, development, diseases, candidates, ii, product, developing, trials, inhibitor']]
cluster 8:
                                              name            mc
1210                     HCA Healthcare Inc. (HCA)  3.014000e+10
1211                          Welltower Inc. (HCN)  2.682000e+10
1212                                HCP Inc. (HCP)  1.499000e+10
1200                     Centene Corporation (CNC)  1.293000e+10
1227          Universal Health Services Inc. (UHS)  1.152000e+10
1222         Omega Healthcare Investors Inc. (OHI)  6.600000e+09
1207        Envision Healthcare Corporation (EVHC)  6.490000e+09
1225         Senior Housing Properties Trust (SNH)  5.070000e+09
1196  Bright Horizons Family Solutions Inc. (BFAM)  4.560000e+09
1214                 HealthSouth Corporation (HLS)  4.120000e+09
[[u'care, living, services, facilities, nursing, healthcare, health, hospitals, acute, rehabilitation, skilled, senior, outpatient, assisted, home, centers, hospice, communities, medical']]
cluster 9:
                                         name            mc
1246                       Chubb Limited (CB)  6.466000e+10
1239  American International Group Inc. (AIG)  5.666000e+10
1284                       MetLife Inc. (MET)  5.431000e+10
1234                         Aetna Inc. (AET)  4.689000e+10
1296          Prudential Financial Inc. (PRU)  4.461000e+10
1247                   Cigna Corporation (CI)  4.083000e+10
1307       The Travelers Companies Inc. (TRV)  3.375000e+10
1241           The Allstate Corporation (ALL)  3.067000e+10
1237                 Aflac Incorporated (AFL)  2.932000e+10
1292        The Progressive Corporation (PGR)  2.387000e+10
[[u'insurance, life, casualty, property, products, liability, segment, company, commercial, reinsurance, group, personal, health, coverage, services, policies, automobile, annuities, accident']]
cluster 10:
                                        name            mc
1333       Marriott International Inc. (MAR)  3.896000e+10
1325    Hilton Worldwide Holdings Inc. (HLT)  2.099000e+10
1327    Host Hotels &amp; Resorts Inc. (HST)  1.354000e+10
1343     Wyndham Worldwide Corporation (WYN)  9.980000e+09
1335                 Vail Resorts Inc. (MTN)  8.090000e+09
1324            Hyatt Hotels Corporation (H)  7.280000e+09
1326      Hospitality Properties Trust (HPT)  4.720000e+09
1319  Choice Hotels International Inc. (CHH)  3.630000e+09
1340     Sunstone Hotel Investors Inc. (SHO)  3.480000e+09
1342       Extended Stay America Inc. (STAY)  3.460000e+09
[[u'hotels, hotel, resorts, trust, hospitality, hilton, upscale, marriott, lodging, suites, hyatt, inn, estate, properties, real, ashford, company, investment, rooms']]
cluster 11:
                                       name            mc
1418            Johnson &amp; Johnson (JNJ)  3.421200e+11
1450  The Procter &amp; Gamble Company (PG)  2.205700e+11
1449                      Pfizer Inc. (PFE)  1.937200e+11
1434             Merck &amp; Co. Inc. (MRK)  1.744500e+11
1472  UnitedHealth Group Incorporated (UNH)  1.663200e+11
1431                       3M Company (MMM)  1.169400e+11
1479    Walgreens Boots Alliance Inc. (WBA)  8.714000e+10
1422            Eli Lilly and Company (LLY)  8.184000e+10
1385           CVS Health Corporation (CVS)  7.768000e+10
1347              Abbott Laboratories (ABT)  7.489000e+10
[[u'health, care, products, medical, diagnostic, services, healthcare, company, segment, surgical, pharmacy, systems, diagnostics, testing, patient, devices, solutions, animal, blood']]
cluster 12:
                                           name            mc
1523                    The Boeing Company (BA)  1.099200e+11
1599         Honeywell International Inc. (HON)  1.001700e+11
1753      United Technologies Corporation (UTX)  9.708000e+10
1637          Lockheed Martin Corporation (LMT)  7.896000e+10
1555  E. I. du Pont de Nemours and Company (DD)  6.747000e+10
1579          General Dynamics Corporation (GD)  5.909000e+10
1505              Applied Materials Inc. (AMAT)  4.760000e+10
1614             Illinois Tool Works Inc. (ITW)  4.733000e+10
1704                     Raytheon Company (RTN)  4.665000e+10
1670         Northrop Grumman Corporation (NOC)  4.362000e+10
[[u'systems, products, equipment, segment, industrial, components, company, manufactures, power, parts, services, aerospace, steel, control, manufacturing, engineered, solutions, defense, markets']]
cluster 13:
                                  name            mc
1897   Simon Property Group Inc. (SPG)  5.677000e+10
1878              Public Storage (PSA)  3.729000e+10
1876               Prologis Inc. (PLD)  2.973000e+10
1790  AvalonBay Communities Inc. (AVB)  2.635000e+10
1819          Equity Residential (EQR)  2.497000e+10
1916                 Ventas Inc. (VTR)  2.399000e+10
1796      Boston Properties Inc. (BXP)  2.081000e+10
1830                    GGP Inc. (GGP)  2.034000e+10
1914        Vornado Realty Trust (VNO)  1.899000e+10
1812   Digital Realty Trust Inc. (DLR)  1.862000e+10
[[u'properties, estate, real, trust, investment, realty, office, reit, company, property, shopping, ownership, communities, centers, self, development, square, income, invests']]
cluster 14:
                                                   name            mc
2049                       Microsoft Corporation (MSFT)  5.226000e+11
2112                                  AT&amp;T Inc. (T)  2.351000e+11
2135                   Verizon Communications Inc. (VZ)  1.852800e+11
2066                          Oracle Corporation (ORCL)  1.823200e+11
1968                          Cisco Systems Inc. (CSCO)  1.563000e+11
2017  International Business Machines Corporation (IBM)  1.427800e+11
2085                       QUALCOMM Incorporated (QCOM)  8.520000e+10
1967                          Salesforce.com inc. (CRM)  6.217000e+10
1931                   American Tower Corporation (AMT)  5.454000e+10
2130                                  VMware Inc. (VMW)  3.779000e+10
[[u'services, solutions, data, software, cloud, security, network, communications, company, management, wireless, enterprise, voice, provides, service, systems, products, mobile, technology']]
cluster 15:
                                        name            mc
2154        The New York Times Company (NYT)  2.800000e+09
2152  Blackhawk Network Holdings Inc. (HAWK)  2.360000e+09
2157                        Yelp Inc. (YELP)  2.240000e+09
2151            Green Dot Corporation (GDOT)  1.780000e+09
2156                  Shutterfly Inc. (SFLY)  1.680000e+09
2153                  LivePerson Inc. (LPSN)  5.669100e+08
2155                 RetailMeNot Inc. (SALE)  5.597500e+08
2150              Carver Bancorp Inc. (CARV)  1.364000e+07
[[u'online, consumers, yelp, prepaid, cards, carver, times, gift, photo, dot, mobile, services, digital, company, york, liveperson, consumer, marketplace, card']]
cluster 16:
                                              name            mc
2186             The Goldman Sachs Group Inc. (GS)  8.816000e+10
2201                           Morgan Stanley (MS)  7.732000e+10
2211         The Charles Schwab Corporation (SCHW)  5.116000e+10
2166  The Bank of New York Mellon Corporation (BK)  4.840000e+10
2169                The Blackstone Group L.P. (BX)  3.643000e+10
2213                State Street Corporation (STT)  3.040000e+10
2165                 Franklin Resources Inc. (BEN)  2.360000e+10
2204             Northern Trust Corporation (NTRS)  1.996000e+10
2162      TD Ameritrade Holding Corporation (AMTD)  1.934000e+10
2161               Ameriprise Financial Inc. (AMP)  1.918000e+10
[[u'investment, funds, services, management, institutional, asset, financial, equity, investors, advisory, income, mutual, fixed, company, securities, trading, private, segment, clients']]
cluster 17:
                                         name            mc
2320                Synchrony Financial (SYF)  2.177000e+10
2250            East West Bancorp Inc. (EWBC)  7.850000e+09
2309                    Signature Bank (SBNY)  7.480000e+09
2293           Bank of the Ozarks Inc. (OZRK)  5.720000e+09
2294          Prosperity Bancshares Inc. (PB)  4.470000e+09
2329            United Bankshares Inc. (UBSI)  4.010000e+09
2257   First Citizens BancShares Inc. (FCNCA)  3.980000e+09
2267           Hancock Holding Company (HBHC)  3.970000e+09
2321     Texas Capital Bancshares Inc. (TCBI)  3.730000e+09
2271  Home Bancshares Inc. (Conway AR) (HOMB)  3.440000e+09
[[u'bank, banking, loans, deposit, accounts, services, commercial, company, savings, financial, holding, estate, credit, real, checking, deposits, mortgage, trust, community']]
cluster 18:
                                         name            mc
2413            Exxon Mobil Corporation (XOM)  3.471600e+11
2349                Chevron Corporation (CVX)  2.018100e+11
2360  Enterprise Products Partners L.P. (EPD)  5.806000e+10
2384   Occidental Petroleum Corporation (OXY)  4.636000e+10
2370                 Kinder Morgan Inc. (KMI)  4.358000e+10
2388                        Phillips 66 (PSX)  4.038000e+10
2412             Williams Partners L.P. (WPZ)  3.933000e+10
2374     Marathon Petroleum Corporation (MPC)  2.738000e+10
2365      Energy Transfer Partners L.P. (ETP)  2.685000e+10
2409        The Williams Companies Inc. (WMB)  2.495000e+10
[[u'gas, natural, crude, oil, gathering, storage, refined, pipelines, transportation, midstream, petroleum, pipeline, lp, logistics, segment, partners, ngl, liquids, processing']]
cluster 19:
                                         name            mc
2419  American Water Works Company Inc. (AWK)  1.352000e+10
2445                         Xylem Inc. (XYL)  9.350000e+09
2417            A. O. Smith Corporation (AOS)  9.310000e+09
2416        Antero Midstream Partners LP (AM)  6.320000e+09
2443                  Aqua America Inc. (WTR)  5.630000e+09
2429                        Itron Inc. (ITRI)  2.530000e+09
2437                Rexnord Corporation (RXN)  2.400000e+09
2444      Watts Water Technologies Inc. (WTS)  2.170000e+09
2432        Mueller Water Products Inc. (MWA)  1.800000e+09
2427        Franklin Electric Co. Inc. (FELE)  1.730000e+09
[[u'water, wastewater, systems, company, services, products, regulated, segment, industrial, utility, treatment, gas, customers, drainage, heat, pipe, provides, residential, control']]
cluster 20:
                                        name            mc
2531  New York Community Bancorp Inc. (NYCB)  6.350000e+09
2536                  PacWest Bancorp (PACW)  5.570000e+09
2571   Western Alliance Bancorporation (WAL)  4.790000e+09
2560               TFS Financial Corp (TFSL)  4.440000e+09
2513           Investors Bancorp Inc. (ISBC)  4.070000e+09
2567      Umpqua Holdings Corporation (UMPQ)  3.820000e+09
2457                   BankUnited Inc. (BKU)  3.580000e+09
2568           Valley National Bancorp (VLY)  3.010000e+09
2556                  Sterling Bancorp (STL)  2.950000e+09
2466           Cathay General Bancorp (CATY)  2.910000e+09
[[u'loans, bank, banking, commercial, accounts, deposit, estate, services, savings, real, bancorp, deposits, mortgage, company, credit, residential, holding, financial, family']]
cluster 21:
                                       name            mc
2574                      Apple Inc. (AAPL)  7.980300e+11
2591     Charter Communications Inc. (CHTR)  9.639000e+10
2662                 Time Warner Inc. (TWX)  7.572000e+10
2631                    Netflix Inc. (NFLX)  6.768000e+10
2576      Adobe Systems Incorporated (ADBE)  6.749000e+10
2667                     Yahoo! Inc. (YHOO)  4.810000e+10
2598        DISH Network Corporation (DISH)  2.960000e+10
2634               Omnicom Group Inc. (OMC)  1.940000e+10
2597  Discovery Communications Inc. (DISCA)  1.528000e+10
2617  Liberty Broadband Corporation (LBRDK)  1.518000e+10
[[u'digital, video, content, advertising, media, services, company, television, marketing, platform, solutions, mobile, software, news, entertainment, segment, provides, products, online']]
cluster 22:
                                 name            mc
2797       Wal-Mart Stores Inc. (WMT)  2.388000e+11
2744                  NIKE Inc. (NKE)  8.546000e+10
2739      Lowe's Companies Inc. (LOW)  7.258000e+10
2781          T-Mobile US Inc. (TMUS)  5.514000e+10
2778     The TJX Companies Inc. (TJX)  4.787000e+10
2775         Target Corporation (TGT)  3.089000e+10
2735              The Kroger Co. (KR)  2.668000e+10
2760          Ross Stores Inc. (ROST)  2.438000e+10
2789           V.F. Corporation (VFC)  2.098000e+10
2705  Dollar General Corporation (DG)  1.978000e+10
[[u'stores, apparel, accessories, retail, footwear, company, merchandise, products, women, com, home, retailer, men, wholesale, brands, fashion, segment, brand, operates']]
cluster 23:
                                      name            mc
2811           Comcast Corporation (CMCSA)  1.846300e+11
2816         The Walt Disney Company (DIS)  1.682600e+11
2822  Twenty-First Century Fox Inc. (FOXA)  5.011000e+10
2830           Las Vegas Sands Corp. (LVS)  4.498000e+10
2805       Activision Blizzard Inc. (ATVI)  4.211000e+10
2818             Electronic Arts Inc. (EA)  3.318000e+10
2808                 CBS Corporation (CBS)  2.509000e+10
2846        Sirius XM Holdings Inc. (SIRI)  2.291000e+10
2841    Royal Caribbean Cruises Ltd. (RCL)  2.283000e+10
2833       MGM Resorts International (MGM)  1.796000e+10
[[u'entertainment, casino, gaming, television, games, company, sports, networks, segment, operates, vegas, las, racing, live, programming, hotel, casinos, motorsports, clubs']]
cluster 24:
                                        name            mc
2878    Annaly Capital Management Inc. (NLY)  1.172000e+10
2859            AGNC Investment Corp. (AGNC)  7.160000e+09
2880  New Residential Investment Corp. (NRZ)  4.940000e+09
2876       MGIC Investment Corporation (MTG)  3.930000e+09
2888                 Radian Group Inc. (RDN)  3.540000e+09
2892      Two Harbors Investment Corp. (TWO)  3.460000e+09
2866    Chimera Investment Corporation (CIM)  3.380000e+09
2874                MFA Financial Inc. (MFA)  3.220000e+09
2864   Blackstone Mortgage Trust Inc. (BXMT)  2.900000e+09
2872     Invesco Mortgage Capital Inc. (IVR)  1.780000e+09
[[u'mortgage, loans, securities, agency, residential, backed, estate, real, investment, rmbs, servicing, investments, trust, assets, mbs, commercial, loan, income, company']]
cluster 25:
                                                   name            mc
3059                                      Visa Inc. (V)  2.132300e+11
2989                       Mastercard Incorporated (MA)  1.260300e+11
2906                     American Express Company (AXP)  6.864000e+10
2898               Automatic Data Processing Inc. (ADP)  4.412000e+10
2923                               CME Group Inc. (CME)  3.970000e+10
2932  Cognizant Technology Solutions Corporation (CTSH)  3.853000e+10
2996          Marsh &amp; McLennan Companies Inc. (MMC)  3.836000e+10
2967               Intercontinental Exchange Inc. (ICE)  3.512000e+10
2973                                 Intuit Inc. (INTU)  3.207000e+10
3052                  Thomson Reuters Corporation (TRI)  3.094000e+10
[[u'services, solutions, management, financial, technology, information, company, payment, segment, consulting, provides, business, software, processing, clients, staffing, healthcare, data, analytics']]
cluster 26:
                                     name            mc
3143           The Coca-Cola Company (KO)  1.875700e+11
3163                   Pepsico Inc. (PEP)  1.624100e+11
3152         McDonald's Corporation (MCD)  1.207500e+11
3179         Starbucks Corporation (SBUX)  8.886000e+10
3102  Costco Wholesale Corporation (COST)  7.534000e+10
3153   Mondelez International Inc. (MDLZ)  6.939000e+10
3106           Delta Air Lines Inc. (DAL)  3.534000e+10
3150         Southwest Airlines Co. (LUV)  3.509000e+10
3123             General Mills Inc. (GIS)  3.240000e+10
3194              Sysco Corporation (SYY)  2.921000e+10
[[u'restaurants, food, foods, company, products, frozen, beverages, fresh, restaurant, stores, aircraft, segment, chicken, beverage, foodservice, coffee, operates, ingredients, brands']]
cluster 27:
                                                   name            mc
3232                   United Parcel Service Inc. (UPS)  8.974000e+10
3217                            FedEx Corporation (FDX)  5.063000e+10
3216  Expeditors International of Washington Inc. (E...  9.500000e+09
3213                C.H. Robinson Worldwide Inc. (CHRW)  9.490000e+09
3221           J.B. Hunt Transport Services Inc. (JBHT)  9.250000e+09
3226              Old Dominion Freight Line Inc. (ODFL)  7.090000e+09
3235                           XPO Logistics Inc. (XPO)  5.900000e+09
3223                        Landstar System Inc. (LSTR)  3.430000e+09
3231                Swift Transportation Company (SWFT)  3.020000e+09
3222                   Knight Transportation Inc. (KNX)  2.550000e+09
[[u'truckload, freight, transportation, logistics, services, intermodal, brokerage, expedited, segment, ocean, company, ltl, haul, carrier, temperature, tractors, van, regional, dedicated']]
cluster 28:
                                            name            mc
3237                          AbbVie Inc. (ABBV)  1.043700e+11
3292                 Gilead Sciences Inc. (GILD)  8.394000e+10
3338       Regeneron Pharmaceuticals Inc. (REGN)  4.758000e+10
3356  Vertex Pharmaceuticals Incorporated (VRTX)  2.940000e+10
3262         BioMarin Pharmaceutical Inc. (BMRN)  1.557000e+10
3354      United Therapeutics Corporation (UTHR)  5.480000e+09
3311                The Medicines Company (MDCO)  3.070000e+09
3295       Intercept Pharmaceuticals Inc. (ICPT)  2.810000e+09
3299        Ironwood Pharmaceuticals Inc. (IRWD)  2.620000e+09
3307  Ligand Pharmaceuticals Incorporated (LGND)  2.390000e+09
[[u'treatment, company, development, pharmaceutical, therapeutics, pain, product, pharmaceuticals, drug, diseases, developing, patients, clinical, commercialization, biopharmaceutical, chronic, candidates, candidate, products']]
cluster 29:
                                        name            mc
3369      Apollo Global Management LLC (APO)  1.074000e+10
3370         Ares Capital Corporation (ARCC)  7.030000e+09
3372               The Carlyle Group LP (CG)  5.760000e+09
3400     Prospect Capital Corporation (PSEC)  2.950000e+09
3380        FS Investment Corporation (FSIC)  2.210000e+09
3390  Main Street Capital Corporation (MAIN)  2.130000e+09
3368    Apollo Investment Corporation (AINV)  1.380000e+09
3412       TPG Specialty Lending Inc. (TSLX)  1.230000e+09
3382           Golub Capital BDC Inc. (GBDC)  1.160000e+09
3388            Hercules Capital Inc. (HTGC)  1.100000e+09
[[u'debt, investments, million, companies, equity, investment, senior, invests, capital, invest, fund, loans, lien, seeks, secured, middle, mezzanine, subordinated, market']]
