doing n_clusters= 80
reading ../data/yf_data.csv
<class 'pandas.core.frame.DataFrame'>
RangeIndex: 3370 entries, 0 to 3369
Data columns (total 2 columns):
symbol     3370 non-null object
content    3370 non-null object
dtypes: object(2)
memory usage: 52.7+ KB
None
reading ../data/gf_data.csv
<class 'pandas.core.frame.DataFrame'>
RangeIndex: 3617 entries, 0 to 3616
Data columns (total 2 columns):
symbol     3617 non-null object
content    3617 non-null object
dtypes: object(2)
memory usage: 56.6+ KB
None
reading ../data/mw_data.csv
<class 'pandas.core.frame.DataFrame'>
RangeIndex: 3368 entries, 0 to 3367
Data columns (total 2 columns):
symbol     3368 non-null object
content    3368 non-null object
dtypes: object(2)
memory usage: 52.7+ KB
None
<class 'pandas.core.frame.DataFrame'>
Int64Index: 3818 entries, 0 to 3817
Data columns (total 4 columns):
symbol       3818 non-null object
yfcontent    3371 non-null object
gfcontent    3618 non-null object
mwcontent    3368 non-null object
dtypes: object(4)
memory usage: 149.1+ KB
None
<class 'pandas.core.frame.DataFrame'>
Int64Index: 3818 entries, 0 to 3817
Data columns (total 2 columns):
symbol     3818 non-null object
content    3818 non-null object
dtypes: object(2)
memory usage: 89.5+ KB
None
0    Agilent Technologies, Inc. provides applicatio...
1    Alcoa Corporation produces and sells bauxite, ...
2    AAC Holdings, Inc. provides inpatient substanc...
3    American Airlines Group Inc., through its subs...
4    Altisource Asset Management Corporation, an as...
Name: content, dtype: object
n,inertia 80 2743.29975852
cluster 0:
                                      name            mc
27            QUALCOMM Incorporated (QCOM)  8.520000e+10
39                 T-Mobile US Inc. (TMUS)  5.514000e+10
0         American Tower Corporation (AMT)  5.454000e+10
3   Crown Castle International Corp. (CCI)  3.641000e+10
7          DISH Network Corporation (DISH)  2.960000e+10
32          Sirius XM Holdings Inc. (SIRI)  2.291000e+10
30   SBA Communications Corporation (SBAC)  1.611000e+10
5    CommScope Holding Company Inc. (COMM)  7.140000e+09
29             EchoStar Corporation (SATS)  5.540000e+09
42           Ubiquiti Networks Inc. (UBNT)  3.940000e+09
[[u'wireless, mobile, communications, satellite, services, solutions, network, company, networks, data, voice, systems, broadband, products, devices, connectivity, radio, technologies, segment']]
cluster 1:
                                             name            mc
56                  South State Corporation (SSB)  2.420000e+09
54                    Peoples Bancorp Inc. (PEBO)  5.618200e+08
55        Peoples Financial Services Corp. (PFIS)  2.998400e+08
53  Peoples Bancorp of North Carolina Inc. (PEBK)  1.489900e+08
52          Carolina Trust BancShares Inc. (CART)  3.221000e+07
[[u'peoples, bank, carolina, loans, banking, services, south, accounts, deposit, state, credit, trust, lincolnton, financial, company, commercial, north, estate, holding']]
cluster 2:
                                    name            mc
70                Royal Gold Inc. (RGLD)  5.150000e+09
76        Texas Pacific Land Trust (TPL)  2.270000e+09
72            Sabine Royalty Trust (SBR)  5.496400e+08
60       Dorchester Minerals L.P. (DMLP)  5.092100e+08
68     Permian Basin Royalty Trust (PBT)  4.595600e+08
57    BP Prudhoe Bay Royalty Trust (BPT)  4.237200e+08
75    San Juan Basin Royalty Trust (SJT)  3.560900e+08
69         SandRidge Permian Trust (PER)  1.548800e+08
58  Chesapeake Granite Wash Trust (CHKR)  1.238900e+08
66           Enduro Royalty Trust (NDRO)  1.064200e+08
[[u'royalty, trust, interests, properties, oil, gas, net, profits, producing, wells, overriding, holds, texas, sandridge, basin, natural, underlying, located, statutory']]
cluster 3:
                                               name            mc
122                  Bank of the Ozarks Inc. (OZRK)  5.720000e+09
133            Texas Capital Bancshares Inc. (TCBI)  3.730000e+09
106         Home Bancshares Inc. (Conway AR) (HOMB)  3.440000e+09
88                    Cathay General Bancorp (CATY)  2.910000e+09
91                       CVB Financial Corp. (CVBF)  2.260000e+09
136              United Community Banks Inc. (UCBI)  1.860000e+09
125                     Renasant Corporation (RNST)  1.800000e+09
116                Northwest Bancshares Inc. (NWBI)  1.570000e+09
84                         BofI Holding Inc. (BOFI)  1.430000e+09
98   First Commonwealth Financial Corporation (FCF)  1.200000e+09
[[u'bank, accounts, loans, deposit, banking, services, commercial, savings, checking, financial, company, holding, estate, money, trust, real, deposits, mortgage, county']]
cluster 4:
                                            name            mc
145                       Caterpillar Inc. (CAT)  6.034000e+10
149                     Deere &amp; Company (DE)  3.848000e+10
152                      Fastenal Company (FAST)  1.261000e+10
156                     W.W. Grainger Inc. (GWW)  1.021000e+10
179                    United Rentals Inc. (URI)  9.300000e+09
155  The Goodyear Tire &amp; Rubber Company (GT)  7.980000e+09
162              The Middleby Corporation (MIDD)  7.400000e+09
177                       The Toro Company (TTC)  7.160000e+09
147        Carlisle Companies Incorporated (CSL)  6.490000e+09
139                      AGCO Corporation (AGCO)  5.100000e+09
[[u'equipment, construction, cranes, products, segment, parts, company, industrial, manufactures, maintenance, storage, mining, systems, used, services, crane, machinery, industries, sells']]
cluster 5:
                                           name            mc
209                   NextEra Energy Inc. (NEE)  6.427000e+10
193               Duke Energy Corporation (DUK)  5.835000e+10
225                   The Southern Company (SO)  4.961000e+10
190                 Dominion Resources Inc. (D)  4.943000e+10
182  American Electric Power Company Inc. (AEP)  3.379000e+10
216                  PG&amp;E Corporation (PCG)  3.349000e+10
199                    Exelon Corporation (EXC)  3.246000e+10
227                         Sempra Energy (SRE)  2.797000e+10
221                       PPL Corporation (PPL)  2.652000e+10
196                  Edison International (EIX)  2.548000e+10
[[u'gas, electric, natural, electricity, energy, regulated, transmission, distribution, utility, company, generation, customers, segment, power, miles, services, operations, wholesale, storage']]
cluster 6:
                                       name            mc
243   Intercept Pharmaceuticals Inc. (ICPT)  2.810000e+09
252     Synergy Pharmaceuticals Inc. (SGYP)  8.818000e+08
254              TherapeuticsMD Inc. (TXMD)  8.585300e+08
244  La Jolla Pharmaceutical Company (LJPC)  7.520800e+08
239        AMAG Pharmaceuticals Inc. (AMAG)  6.623600e+08
255       Vanda Pharmaceuticals Inc. (VNDA)  6.348700e+08
249   Progenics Pharmaceuticals Inc. (PGNX)  4.908700e+08
256                     Zogenix Inc. (ZGNX)  3.312600e+08
238            Alimera Sciences Inc. (ALIM)  9.735000e+07
236          Agile Therapeutics Inc. (AGRX)  9.708000e+07
[[u'treatment, company, development, therapeutics, commercialization, product, diseases, symptoms, prostate, biopharmaceutical, women, clinical, pharmaceuticals, pharmaceutical, disorders, treat, ljpc, female, phase']]
cluster 7:
                                                  name            mc
261                      Erie Indemnity Company (ERIE)  6.040000e+09
266       Old Republic International Corporation (ORI)  5.070000e+09
265             National General Holdings Corp. (NGHC)  2.280000e+09
258             AmTrust Financial Services Inc. (AFSI)  2.080000e+09
260                      Employers Holdings Inc. (EIG)  1.290000e+09
264  Infinity Property and Casualty Corporation (IPCC)  1.050000e+09
267                 Safety Insurance Group Inc. (SAFT)  1.010000e+09
268                              Trupanion Inc. (TRUP)  5.014700e+08
263                 Independence Holding Company (IHC)  2.952700e+08
257                Atlas Financial Holdings Inc. (AFH)  1.762500e+08
[[u'insurance, coverage, automobile, policies, compensation, employers, accident, workers, property, company, indemnity, liability, commercial, casualty, trupanion, underwriting, products, personal, damage']]
cluster 8:
                                        name            mc
270     Automatic Data Processing Inc. (ADP)  4.412000e+10
282                      Paychex Inc. (PAYX)  2.066000e+10
286                      Workday Inc. (WDAY)  2.014000e+10
285  The Ultimate Software Group Inc. (ULTI)  6.340000e+09
275            Fair Isaac Corporation (FICO)  4.120000e+09
281              Paycom Software Inc. (PAYC)  3.860000e+09
283     Paylocity Holding Corporation (PCTY)  2.260000e+09
284                 TriNet Group Inc. (TNET)  2.100000e+09
274         Cornerstone OnDemand Inc. (CSOD)  2.090000e+09
277           Korn/Ferry International (KFY)  1.810000e+09
[[u'management, hr, human, payroll, talent, benefits, services, solutions, learning, employee, recruitment, software, compliance, outsourcing, hcm, cloud, employer, paylocity, workday']]
cluster 9:
                                       name            mc
310                    Public Storage (PSA)  3.729000e+10
309                     Prologis Inc. (PLD)  2.973000e+10
316              Vornado Realty Trust (VNO)  1.899000e+10
292         Digital Realty Trust Inc. (DLR)  1.862000e+10
306           Realty Income Corporation (O)  1.482000e+10
314             SL Green Realty Corp. (SLG)  1.056000e+10
294           Duke Realty Corporation (DRE)  1.025000e+10
303         Kilroy Realty Corporation (KRC)  7.200000e+09
318                  W. P. Carey Inc. (WPC)  6.800000e+09
299  Healthcare Trust of America Inc. (HTA)  6.390000e+09
[[u'estate, real, trust, realty, properties, investment, office, self, reit, company, invests, ownership, investments, income, healthcare, square, industrial, storage, firm']]
cluster 10:
                                        name            mc
324  American Water Works Company Inc. (AWK)  1.352000e+10
349                         Xylem Inc. (XYL)  9.350000e+09
322            A. O. Smith Corporation (AOS)  9.310000e+09
321        Antero Midstream Partners LP (AM)  6.320000e+09
347                  Aqua America Inc. (WTR)  5.630000e+09
320                        ALLETE Inc. (ALE)  3.520000e+09
334                        Itron Inc. (ITRI)  2.530000e+09
341                Rexnord Corporation (RXN)  2.400000e+09
348      Watts Water Technologies Inc. (WTS)  2.170000e+09
337        Mueller Water Products Inc. (MWA)  1.800000e+09
[[u'water, wastewater, services, company, regulated, systems, products, gas, segment, utility, industrial, treatment, customers, drainage, provides, municipal, residential, commercial, control']]
cluster 11:
                                  name            mc
370         McKesson Corporation (MCK)  3.245000e+10
359          Cerner Corporation (CERN)  2.118000e+10
384    Quintiles IMS Holdings Inc. (Q)  1.827000e+10
357                       CA Inc. (CA)  1.306000e+10
393                Trimble Inc. (TRMB)  8.990000e+09
394          Veeva Systems Inc. (VEEV)  8.410000e+09
353    Akamai Technologies Inc. (AKAM)  8.190000e+09
391             Stericycle Inc. (SRCL)  7.130000e+09
354       Arrow Electronics Inc. (ARW)  6.570000e+09
378  Nuance Communications Inc. (NUAN)  5.430000e+09
[[u'solutions, services, management, health, healthcare, software, information, care, clinical, company, provides, cloud, patient, medical, enterprise, technology, segment, analytics, data']]
cluster 12:
                               name            mc
443    Microsoft Corporation (MSFT)  5.226000e+11
410       Salesforce.com inc. (CRM)  6.217000e+10
477               VMware Inc. (VMW)  3.779000e+10
419             Equinix Inc. (EQIX)  3.325000e+10
471     Symantec Corporation (SYMC)  1.796000e+10
447           ServiceNow Inc. (NOW)  1.687000e+10
463              Red Hat Inc. (RHT)  1.532000e+10
412      Citrix Systems Inc. (CTXS)  1.251000e+10
439    Juniper Networks Inc. (JNPR)  1.128000e+10
452  Palo Alto Networks Inc. (PANW)  1.072000e+10
[[u'cloud, data, software, security, solutions, platform, services, enterprise, company, management, application, service, applications, network, support, products, solution, provides, technology']]
cluster 13:
                                         name            mc
486         MGIC Investment Corporation (MTG)  3.930000e+09
493                   Radian Group Inc. (RDN)  3.540000e+09
488   Nationstar Mortgage Holdings Inc. (NSM)  1.710000e+09
490   PennyMac Financial Services Inc. (PFSI)  1.410000e+09
492  PennyMac Mortgage Investment Trust (PMT)  1.180000e+09
491                     PHH Corporation (PHH)  7.302100e+08
487                  NMI Holdings Inc. (NMIH)  6.277500e+08
489         Ocwen Financial Corporation (OCN)  3.214200e+08
485        Impac Mortgage Holdings Inc. (IMH)  3.162400e+08
494      Stonegate Mortgage Corporation (SGM)  2.060600e+08
[[u'mortgage, servicing, loans, loan, insurance, services, residential, pennymac, segment, originations, correspondent, default, reverse, estate, investment, insured, real, xome, company']]
cluster 14:
                                    name            mc
519        General Electric Company (GE)  2.435900e+11
511                    Ecolab Inc. (ECL)  3.686000e+10
557           Waste Management Inc. (WM)  3.115000e+10
546         Republic Services Inc. (RSG)  2.075000e+10
554         Waste Connections Inc. (WCN)  1.613000e+10
506            Cintas Corporation (CTAS)  1.275000e+10
501                       Aramark (ARMK)  8.930000e+09
528        HD Supply Holdings Inc. (HDS)  8.450000e+09
517              Fluor Corporation (FLR)  6.410000e+09
533  Jacobs Engineering Group Inc. (JEC)  6.380000e+09
[[u'services, construction, engineering, segment, waste, maintenance, management, energy, facilities, infrastructure, industrial, environmental, power, company, provides, consulting, gas, oil, electrical']]
cluster 15:
                                      name            mc
599                       3M Company (MMM)  1.169400e+11
568                The Boeing Company (BA)  1.099200e+11
581     Honeywell International Inc. (HON)  1.001700e+11
619  United Technologies Corporation (UTX)  9.708000e+10
593      Lockheed Martin Corporation (LMT)  7.896000e+10
580      General Dynamics Corporation (GD)  5.909000e+10
562          Applied Materials Inc. (AMAT)  4.760000e+10
609                 Raytheon Company (RTN)  4.665000e+10
604     Northrop Grumman Corporation (NOC)  4.362000e+10
569            Rockwell Collins Inc. (COL)  1.987000e+10
[[u'systems, security, defense, segment, services, solutions, products, equipment, aircraft, aerospace, company, sensors, military, power, control, test, electronic, manufactures, intelligence']]
cluster 16:
                                   name            mc
644      The Dow Chemical Company (DOW)  7.488000e+10
677  The Sherwin-Williams Company (SHW)  3.095000e+10
675           PPG Industries Inc. (PPG)  2.734000e+10
650          Corning Incorporated (GLW)  2.673000e+10
690       The Valspar Corporation (VAL)  8.870000e+09
630  Axalta Coating Systems Ltd. (AXTA)  7.580000e+09
628    Avery Dennison Corporation (AVY)  7.330000e+09
633      Berry Global Group Inc. (BERY)  7.260000e+09
669                  Owens Corning (OC)  6.880000e+09
651         W. R. Grace &amp; Co. (GRA)  4.840000e+09
[[u'materials, products, segment, building, coatings, glass, engineered, specialty, wood, metal, used, company, construction, industrial, manufactures, doors, alloys, performance, applications']]
cluster 17:
                             name            mc
742               NIKE Inc. (NKE)  8.546000e+10
739   Lowe's Companies Inc. (LOW)  7.258000e+10
764  The TJX Companies Inc. (TJX)  4.787000e+10
753       Ross Stores Inc. (ROST)  2.438000e+10
769        V.F. Corporation (VFC)  2.098000e+10
737            L Brands Inc. (LB)  1.395000e+10
706              Coach Inc. (COH)  1.274000e+10
750              QVC Group (QVCA)  1.071000e+10
728            The Gap Inc. (GPS)  8.920000e+09
767        Under Armour Inc. (UA)  8.100000e+09
[[u'stores, apparel, accessories, footwear, women, retail, men, company, com, products, merchandise, brands, fashion, brand, home, casual, retailer, shoes, outlet']]
cluster 18:
                                       name            mc
781      Apollo Global Management LLC (APO)  1.074000e+10
782         Ares Capital Corporation (ARCC)  7.030000e+09
784               The Carlyle Group LP (CG)  5.760000e+09
812     Prospect Capital Corporation (PSEC)  2.950000e+09
792        FS Investment Corporation (FSIC)  2.210000e+09
802  Main Street Capital Corporation (MAIN)  2.130000e+09
780    Apollo Investment Corporation (AINV)  1.380000e+09
824       TPG Specialty Lending Inc. (TSLX)  1.230000e+09
794           Golub Capital BDC Inc. (GBDC)  1.160000e+09
800            Hercules Capital Inc. (HTGC)  1.100000e+09
[[u'debt, investments, million, companies, equity, investment, senior, invests, capital, invest, fund, loans, lien, seeks, secured, middle, mezzanine, subordinated, market']]
cluster 19:
                                                 name            mc
836                                Chubb Limited (CB)  6.466000e+10
829           American International Group Inc. (AIG)  5.666000e+10
866                                MetLife Inc. (MET)  5.431000e+10
876                   Prudential Financial Inc. (PRU)  4.461000e+10
837                            Cigna Corporation (CI)  4.083000e+10
885                The Travelers Companies Inc. (TRV)  3.375000e+10
832                    The Allstate Corporation (ALL)  3.067000e+10
872                 The Progressive Corporation (PGR)  2.387000e+10
855  The Hartford Financial Services Group Inc. (HIG)  1.779000e+10
871              Principal Financial Group Inc. (PFG)  1.753000e+10
[[u'insurance, life, casualty, property, products, liability, segment, reinsurance, company, commercial, group, personal, annuities, services, lines, homeowners, annuity, financial, policies']]
cluster 20:
                                                  name            mc
907  Cognizant Technology Solutions Corporation (CTSH)  3.853000e+10
938          Marsh &amp; McLennan Companies Inc. (MMC)  3.836000e+10
966                  Thomson Reuters Corporation (TRI)  3.094000e+10
936                          Moody's Corporation (MCO)  2.192000e+10
912                                 Equifax Inc. (EFX)  1.639000e+10
970                       Verisk Analytics Inc. (VRSK)  1.313000e+10
940                                 Nasdaq Inc. (NDAQ)  1.114000e+10
929                                  Gartner Inc. (IT)  1.026000e+10
973                Computer Sciences Corporation (CSC)  9.750000e+09
928                   Iron Mountain Incorporated (IRM)  9.240000e+09
[[u'services, technology, information, consulting, solutions, management, analytics, data, staffing, segment, business, company, clients, customer, provides, financial, risk, healthcare, intelligence']]
cluster 21:
                                   name            mc
987          Celgene Corporation (CELG)  9.130000e+10
1011          Incyte Corporation (INCY)  2.691000e+10
1031       Seattle Genetics Inc. (SGEN)  9.500000e+09
1036                 Tesaro Inc. (TSRO)  8.210000e+09
997                Exelixis Inc. (EXEL)  5.760000e+09
1010  INC Research Holdings Inc. (INCR)  3.030000e+09
1019         Nektar Therapeutics (NKTR)  2.940000e+09
1012      Juno Therapeutics Inc. (JUNO)  2.510000e+09
976   Agios Pharmaceuticals Inc. (AGIO)  2.370000e+09
990         Clovis Oncology Inc. (CLVS)  2.340000e+09
[[u'cancer, clinical, phase, treatment, cell, patients, trial, inhibitor, company, oncology, stage, trials, ii, candidates, biopharmaceutical, development, cancers, kinase, tumors']]
cluster 22:
                                     name            mc
1078           Wal-Mart Stores Inc. (WMT)  2.388000e+11
1066         Starbucks Corporation (SBUX)  8.886000e+10
1075  Walgreens Boots Alliance Inc. (WBA)  8.714000e+10
1060   Mondelez International Inc. (MDLZ)  6.939000e+10
1070             Target Corporation (TGT)  3.089000e+10
1059                  The Kroger Co. (KR)  2.668000e+10
1048              Dollar Tree Inc. (DLTR)  1.885000e+10
1071              Tiffany &amp; Co. (TIF)  1.159000e+10
1049            Domino's Pizza Inc. (DPZ)  9.420000e+09
1067                  Staples Inc. (SPLS)  5.700000e+09
[[u'stores, retail, merchandise, company, products, wholesale, food, convenience, pawn, items, segment, franchise, international, com, pharmacy, operates, operated, retailer, fuel']]
cluster 23:
                                    name            mc
1094            EOG Resources Inc. (EOG)  5.415000e+10
1090         Concho Resources Inc. (CXO)  1.952000e+10
1080            Apache Corporation (APA)  1.946000e+10
1086    Continental Resources Inc. (CLR)  1.582000e+10
1125            Cimarex Energy Co. (XEC)  1.118000e+10
1099      Diamondback Energy Inc. (FANG)  1.012000e+10
1111            Parsley Energy Inc. (PE)  9.050000e+09
1109  Newfield Exploration Company (NFX)  6.820000e+09
1117             RSP Permian Inc. (RSPP)  6.350000e+09
1092           Energen Corporation (EGN)  5.690000e+09
[[u'oil, gas, basin, natural, exploration, permian, texas, reserves, properties, proved, energy, company, production, barrels, equivalent, net, acquisition, development, wells']]
cluster 24:
                                    name            mc
1159  Southern Copper Corporation (SCCO)  2.673000e+10
1167               Weyerhaeuser Co. (WY)  2.483000e+10
1153    Newmont Mining Corporation (NEM)  1.793000e+10
1136         Freeport-McMoRan Inc. (FCX)  1.697000e+10
1134            CoStar Group Inc. (CSGP)  8.310000e+09
1152             Vail Resorts Inc. (MTN)  8.090000e+09
1157       Realogy Holdings Corp. (RLGY)  4.130000e+09
1158                 Rayonier Inc. (RYN)  3.570000e+09
1161         Tahoe Resources Inc. (TAHO)  2.930000e+09
1165             Vector Group Ltd. (VGR)  2.710000e+09
[[u'real, estate, gold, mining, properties, exploration, silver, land, segment, company, property, copper, timber, project, located, acres, resort, development, mineral']]
cluster 25:
                                              name            mc
1182                     HCA Healthcare Inc. (HCA)  3.014000e+10
1174                    Cardinal Health Inc. (CAH)  2.322000e+10
1179                             DaVita Inc. (DVA)  1.257000e+10
1193          Universal Health Services Inc. (UHS)  1.152000e+10
1181        Envision Healthcare Corporation (EVHC)  6.490000e+09
1188                              MEDNAX Inc. (MD)  5.040000e+09
1172  Bright Horizons Family Solutions Inc. (BFAM)  4.560000e+09
1183                 HealthSouth Corporation (HLS)  4.120000e+09
1170         Acadia Healthcare Company Inc. (ACHC)  3.830000e+09
1187                  LifePoint Health Inc. (LPNT)  2.500000e+09
[[u'care, services, hospitals, healthcare, acute, health, rehabilitation, outpatient, centers, nursing, facilities, home, surgery, medical, hospital, hospice, inpatient, pharmacy, patients']]
cluster 26:
                                              name            mc
1229             The Goldman Sachs Group Inc. (GS)  8.816000e+10
1249                           Morgan Stanley (MS)  7.732000e+10
1259         The Charles Schwab Corporation (SCHW)  5.116000e+10
1208  The Bank of New York Mellon Corporation (BK)  4.840000e+10
1210                The Blackstone Group L.P. (BX)  3.643000e+10
1233          Intercontinental Exchange Inc. (ICE)  3.512000e+10
1264                State Street Corporation (STT)  3.040000e+10
1206                 Franklin Resources Inc. (BEN)  2.360000e+10
1252             Northern Trust Corporation (NTRS)  1.996000e+10
1203      TD Ameritrade Holding Corporation (AMTD)  1.934000e+10
[[u'investment, funds, services, management, institutional, financial, asset, equity, investors, advisory, trading, income, fixed, securities, mutual, company, brokerage, clients, segment']]
cluster 27:
                                                name            mc
1286           Stanley Black &amp; Decker Inc. (SWK)  2.090000e+10
1279                         Masco Corporation (MAS)  1.184000e+10
1276  Fortune Brands Home &amp; Security Inc. (FBHS)  9.740000e+09
1273                      Brunswick Corporation (BC)  4.930000e+09
1272            American Woodmark Corporation (AMWD)  1.430000e+09
1287                                Valhi Inc. (VHI)  1.170000e+09
1284       Quanex Building Products Corporation (NX)  6.781800e+08
1277                            MarineMax Inc. (HZO)  4.785000e+08
1282                         NL Industries Inc. (NL)  4.554000e+08
1281               Marine Products Corporation (MPX)  4.492000e+08
[[u'boats, security, products, door, locks, compx, cabinets, sport, cabinetry, marine, segment, components, systems, cabinet, company, accessories, recreational, manufactures, boat']]
cluster 28:
                                           name            mc
1299  E. I. du Pont de Nemours and Company (DD)  6.747000e+10
1311             Illinois Tool Works Inc. (ITW)  4.733000e+10
1329                          Praxair Inc. (PX)  3.688000e+10
1290      Air Products and Chemicals Inc. (APD)  3.116000e+10
1319               Mohawk Industries Inc. (MHK)  1.710000e+10
1337             Vulcan Materials Company (VMC)  1.665000e+10
1320       Martin Marietta Materials Inc. (MLM)  1.434000e+10
1288                Albemarle Corporation (ALB)  1.222000e+10
1294                  Celanese Corporation (CE)  1.190000e+10
1300             Eastman Chemical Company (EMN)  1.146000e+10
[[u'products, chemicals, industrial, specialty, segment, chemical, polymers, company, nutrition, materials, additives, manufactures, animal, produces, performance, applications, flooring, nitrogen, ingredients']]
cluster 29:
                                                  name            mc
1361              Annaly Capital Management Inc. (NLY)  1.172000e+10
1344                      AGNC Investment Corp. (AGNC)  7.160000e+09
1367               Starwood Property Trust Inc. (STWD)  5.620000e+09
1362            New Residential Investment Corp. (NRZ)  4.940000e+09
1368                Two Harbors Investment Corp. (TWO)  3.460000e+09
1351              Chimera Investment Corporation (CIM)  3.380000e+09
1358                          MFA Financial Inc. (MFA)  3.220000e+09
1349             Blackstone Mortgage Trust Inc. (BXMT)  2.900000e+09
1356               Invesco Mortgage Capital Inc. (IVR)  1.780000e+09
1347  Apollo Commercial Real Estate Finance Inc. (ARI)  1.670000e+09
[[u'mortgage, securities, agency, estate, backed, real, residential, loans, investment, rmbs, investments, trust, commercial, assets, mbs, income, invests, federal, related']]
cluster 30:
                                 name            mc
1391            Alphabet Inc. (GOOGL)  6.523600e+11
1372           Amazon.com Inc. (AMZN)  4.587800e+11
1386               Facebook Inc. (FB)  4.291000e+11
1419  The Priceline Group Inc. (PCLN)  8.886000e+10
1438               Yahoo! Inc. (YHOO)  4.810000e+10
1380                 eBay Inc. (EBAY)  3.662000e+10
1385              Expedia Inc. (EXPE)  2.137000e+10
1416         Omnicom Group Inc. (OMC)  1.940000e+10
1432              Twitter Inc. (TWTR)  1.332000e+10
1425        TAL Education Group (TAL)  1.001000e+10
[[u'advertising, marketing, services, company, online, digital, com, media, platform, mobile, local, websites, travel, content, social, solutions, provides, search, events']]
cluster 31:
                                              name            mc
1467                  McDonald's Corporation (MCD)  1.207500e+11
1482                        Yum! Brands Inc. (YUM)  2.440000e+10
1453             Chipotle Mexican Grill Inc. (CMG)  1.390000e+10
1457                 Darden Restaurants Inc. (DRI)  1.081000e+10
1481                     The Wendy's Company (WEN)  3.930000e+09
1451  Cracker Barrel Old Country Store Inc. (CBRL)  3.820000e+09
1460                           GrubHub Inc. (GRUB)  3.740000e+09
1480                   Texas Roadhouse Inc. (TXRH)  3.450000e+09
1463                   Jack in the Box Inc. (JACK)  3.060000e+09
1469         Papa John's International Inc. (PZZA)  2.870000e+09
[[u'restaurants, restaurant, company, grill, chicken, menu, casual, franchises, dining, operated, franchised, operates, owned, salads, franchise, taco, items, burgers, sandwiches']]
cluster 32:
                                          name            mc
1485                 Analog Devices Inc. (ADI)  2.966000e+10
1497           Lam Research Corporation (LRCX)  2.458000e+10
1499  Microchip Technology Incorporated (MCHP)  1.735000e+10
1501     Maxim Integrated Products Inc. (MXIM)  1.324000e+10
1502         ON Semiconductor Corporation (ON)  6.480000e+09
1500              Microsemi Corporation (MSCC)  5.560000e+09
1490    Cypress Semiconductor Corporation (CY)  4.330000e+09
1489                  Cirrus Logic Inc. (CRUS)  4.160000e+09
1507                  Visteon Corporation (VC)  3.180000e+09
1494  Integrated Device Technology Inc. (IDTI)  3.160000e+09
[[u'analog, semiconductor, signal, power, products, mixed, circuits, integrated, devices, solutions, high, voltage, communications, automotive, ics, systems, test, computing, applications']]
cluster 33:
                                         name            mc
1523  Enterprise Products Partners L.P. (EPD)  5.806000e+10
1548             Williams Partners L.P. (WPZ)  3.933000e+10
1528      Energy Transfer Partners L.P. (ETP)  2.685000e+10
1547        The Williams Companies Inc. (WMB)  2.495000e+10
1535  Plains All American Pipeline L.P. (PAA)  2.013000e+10
1527        Energy Transfer Equity L.P. (ETE)  2.013000e+10
1536           Plains GP Holdings L.P. (PAGP)  1.557000e+10
1529                   Hess Corporation (HES)  1.556000e+10
1534                ONEOK Partners L.P. (OKS)  1.441000e+10
1538         Spectra Energy Partners LP (SEP)  1.379000e+10
[[u'gas, natural, gathering, crude, midstream, oil, ngl, transportation, pipelines, storage, processing, liquids, lp, partners, pipeline, energy, assets, ngls, interstate']]
cluster 34:
                                           name            mc
1587     New York Community Bancorp Inc. (NYCB)  6.350000e+09
1578              Investors Bancorp Inc. (ISBC)  4.070000e+09
1599              Valley National Bancorp (VLY)  3.010000e+09
1595                     Sterling Bancorp (STL)  2.950000e+09
1600             Washington Federal Inc. (WAFD)  2.870000e+09
1557         Capital Bank Financial Corp. (CBF)  2.560000e+09
1568                Glacier Bancorp Inc. (GBCI)  2.520000e+09
1551                  Banner Corporation (BANR)  1.770000e+09
1577              Independent Bank Corp. (INDB)  1.670000e+09
1593  Simmons First National Corporation (SFNC)  1.610000e+09
[[u'loans, bank, commercial, banking, estate, accounts, deposit, real, savings, deposits, bancorp, family, residential, services, company, financial, holding, mortgage, consumer']]
cluster 35:
                                             name            mc
1624                East West Bancorp Inc. (EWBC)  7.850000e+09
1654                        Signature Bank (SBNY)  7.480000e+09
1641                       PacWest Bancorp (PACW)  5.570000e+09
1668        Western Alliance Bancorporation (WAL)  4.790000e+09
1642              Prosperity Bancshares Inc. (PB)  4.470000e+09
1663                United Bankshares Inc. (UBSI)  4.010000e+09
1664           Umpqua Holdings Corporation (UMPQ)  3.820000e+09
1606                        BankUnited Inc. (BKU)  3.580000e+09
1628            First Midwest Bancorp Inc. (FMBI)  2.510000e+09
1632  International Bancshares Corporation (IBOC)  2.230000e+09
[[u'bank, banking, loans, commercial, services, deposit, accounts, bancorp, company, estate, real, holding, credit, deposits, savings, mortgage, consumer, business, community']]
cluster 36:
                                        name            mc
1689   UnitedHealth Group Incorporated (UNH)  1.663200e+11
1678            CVS Health Corporation (CVS)  7.768000e+10
1673                        Aetna Inc. (AET)  4.689000e+10
1675                      Anthem Inc. (ANTM)  4.675000e+10
1681  Express Scripts Holding Company (ESRX)  3.568000e+10
1684                       Humana Inc. (HUM)  3.289000e+10
1674                Aflac Incorporated (AFL)  2.932000e+10
1676               Centene Corporation (CNC)  1.293000e+10
1691        WellCare Health Plans Inc. (WCG)  7.600000e+09
1686                      MAXIMUS Inc. (MMS)  4.060000e+09
[[u'health, pharmacy, plans, care, medicare, insurance, medicaid, services, benefit, programs, benefits, healthcare, segment, specialty, management, government, medical, managed, company']]
cluster 37:
                                 name            mc
1710      General Motors Company (GM)  4.943000e+10
1701               Cummins Inc. (CMI)  2.591000e+10
1720  O'Reilly Automotive Inc. (ORLY)  2.288000e+10
1722                PACCAR Inc (PCAR)  2.207000e+10
1697              AutoZone Inc. (AZO)  1.914000e+10
1712      Genuine Parts Company (GPC)  1.358000e+10
1693    Advance Auto Parts Inc. (AAP)  1.118000e+10
1713           Lear Corporation (LEA)  9.880000e+09
1714            LKQ Corporation (LKQ)  9.570000e+09
1699            BorgWarner Inc. (BWA)  8.570000e+09
[[u'vehicles, parts, automotive, trucks, products, components, vehicle, truck, systems, light, aftermarket, segment, cars, duty, company, equipment, manufactures, engine, power']]
cluster 38:
                                          name            mc
1787                        U.S. Bancorp (USB)  8.612000e+10
1776                SVB Financial Group (SIVB)  9.220000e+09
1748           Commerce Bancshares Inc. (CBSH)  5.500000e+09
1778             Synovus Financial Corp. (SNV)  5.040000e+09
1771                PrivateBancorp Inc. (PVTB)  4.800000e+09
1760  First Horizon National Corporation (FHN)  4.010000e+09
1757    First Citizens BancShares Inc. (FCNCA)  3.980000e+09
1764            Hancock Holding Company (HBHC)  3.970000e+09
1752     Chemical Financial Corporation (CHFC)  3.270000e+09
1770   Pinnacle Financial Partners Inc. (PNFP)  2.980000e+09
[[u'banking, bank, services, trust, financial, loans, commercial, management, investment, insurance, wealth, company, deposit, holding, estate, accounts, brokerage, mortgage, community']]
cluster 39:
                                            name            mc
1838             Simon Property Group Inc. (SPG)  5.677000e+10
1810                    Equity Residential (EQR)  2.497000e+10
1846                           Ventas Inc. (VTR)  2.399000e+10
1799                Boston Properties Inc. (BXP)  2.081000e+10
1814                              GGP Inc. (GGP)  2.034000e+10
1796  Alexandria Real Estate Equities Inc. (ARE)  1.072000e+10
1811              Extra Space Storage Inc. (EXR)  1.006000e+10
1807      Equity LifeStyle Properties Inc. (ELS)  7.750000e+09
1815   Gaming and Leisure Properties Inc. (GLPI)  7.530000e+09
1805                   Douglas Emmett Inc. (DEI)  6.850000e+09
[[u'properties, real, estate, trust, office, investment, reit, property, company, square, income, owned, feet, invests, leases, development, owns, tenant, acquisition']]
cluster 40:
                                        name            mc
1859                 Nucor Corporation (NUE)  1.808000e+10
1865              Steel Dynamics Inc. (STLD)  8.270000e+09
1857            Icahn Enterprises L.P. (IEP)  7.870000e+09
1861  Reliance Steel &amp; Aluminum Co. (RS)  5.250000e+09
1871     United States Steel Corporation (X)  3.420000e+09
1869           Valmont Industries Inc. (VMI)  3.380000e+09
1870       Worthington Industries Inc. (WOR)  2.650000e+09
1853         Commercial Metals Company (CMC)  2.120000e+09
1874       Quaker Chemical Corporation (KWR)  1.820000e+09
1849      AK Steel Holding Corporation (AKS)  1.750000e+09
[[u'steel, metals, aluminum, products, ferrous, segment, tubular, brass, scrap, metal, stainless, pipe, finished, flat, mills, rolled, alloy, carbon, industries']]
cluster 41:
                                                   name            mc
1886                    Helmerich &amp; Payne Inc. (HP)  6.520000e+09
1887                            Kirby Corporation (KEX)  3.620000e+09
1889                 McDermott International Inc. (MDR)  1.850000e+09
1878                Diamond Offshore Drilling Inc. (DO)  1.840000e+09
1892                          Rowan Companies plc (RDC)  1.740000e+09
1881  Fortress Transportation and Infrastructure Inv...  1.210000e+09
1877                         Seacor Holdings Inc. (CKH)  1.140000e+09
1884            Helix Energy Solutions Group Inc. (HLX)  8.755900e+08
1875                         Atwood Oceanics Inc. (ATW)  7.005200e+08
1876                           Bristow Group Inc. (BRS)  4.976600e+08
[[u'offshore, vessels, drilling, exploration, oil, services, gas, deepwater, marine, rigs, company, transportation, fleet, production, shipping, gulf, energy, companies, bulk']]
cluster 42:
                                       name            mc
1903                   Welltower Inc. (HCN)  2.682000e+10
1904                         HCP Inc. (HCP)  1.499000e+10
1908  Omega Healthcare Investors Inc. (OHI)  6.600000e+09
1910  Senior Housing Properties Trust (SNH)  5.070000e+09
1907   National Health Investors Inc. (NHI)  3.130000e+09
1897     Brookdale Senior Living Inc. (BKD)  2.610000e+09
1905              LTC Properties Inc. (LTC)  1.900000e+09
1909     Sabra Health Care REIT Inc. (SBRA)  1.580000e+09
1899             CareTrust REIT Inc. (CTRE)  1.340000e+09
1906  National HealthCare Corporation (NHC)  1.060000e+09
[[u'living, senior, care, assisted, facilities, nursing, skilled, communities, healthcare, services, properties, housing, estate, real, health, independent, reit, invests, medical']]
cluster 43:
                                       name            mc
1942                      AT&amp;T Inc. (T)  2.351000e+11
1946       Verizon Communications Inc. (VZ)  1.852800e+11
1922              Cisco Systems Inc. (CSCO)  1.563000e+11
1920     Charter Communications Inc. (CHTR)  9.639000e+10
1934     Level 3 Communications Inc. (LVLT)  2.153000e+10
1932  Liberty Broadband Corporation (LBRDK)  1.518000e+10
1923                 CenturyLink Inc. (CTL)  1.365000e+10
1949        Zayo Group Holdings Inc. (ZAYO)  7.680000e+09
1913         ARRIS International plc (ARRS)  5.060000e+09
1948                West Corporation (WSTC)  1.930000e+09
[[u'services, voice, communications, data, internet, video, cloud, wireless, network, access, broadband, customers, protocol, solutions, ip, managed, fiber, provides, distance']]
cluster 44:
                                                   name            mc
1983                                      Visa Inc. (V)  2.132300e+11
1974                       Mastercard Incorporated (MA)  1.260300e+11
1953                     American Express Company (AXP)  6.864000e+10
1971                                 Intuit Inc. (INTU)  3.207000e+10
1963  Fidelity National Information Services Inc. (FIS)  2.750000e+10
1964                                 Fiserv Inc. (FISV)  2.563000e+10
1980                          Synchrony Financial (SYF)  2.177000e+10
1967                         Global Payments Inc. (GPN)  1.373000e+10
1951            Alliance Data Systems Corporation (ADS)  1.309000e+10
1984                                 Vantiv Inc. (VNTV)  1.259000e+10
[[u'payment, services, solutions, processing, financial, payments, card, segment, company, credit, provides, prepaid, transaction, electronic, cards, products, merchants, transactions, management']]
cluster 45:
                                       name            mc
1991              Abbott Laboratories (ABT)  7.489000e+10
2067              Stryker Corporation (SYK)  5.113000e+10
2006    Boston Scientific Corporation (BSX)  3.617000e+10
2039         Intuitive Surgical Inc. (ISRG)  3.206000e+10
2025  Edwards Lifesciences Corporation (EW)  2.368000e+10
2002                  C. R. Bard Inc. (BCR)  2.227000e+10
2074            DENTSPLY SIRONA Inc. (XRAY)  1.413000e+10
2031               Henry Schein Inc. (HSIC)  1.411000e+10
2012        The Cooper Companies Inc. (COO)  1.040000e+10
2057                      ResMed Inc. (RMD)  9.700000e+09
[[u'medical, surgical, products, blood, devices, company, care, vascular, surgery, tissue, systems, procedures, used, cardiac, dental, bone, patient, device, heart']]
cluster 46:
                                      name            mc
2093              Intel Corporation (INTC)  1.666300e+11
2101           Micron Technology Inc. (MU)  3.078000e+10
2123     Western Digital Corporation (WDC)  2.524000e+10
2119        Skyworks Solutions Inc. (SWKS)  1.917000e+10
2124                    Xilinx Inc. (XLNX)  1.660000e+10
2096         KLA-Tencor Corporation (KLAC)  1.596000e+10
2112                     Qorvo Inc. (QRVO)  9.550000e+09
2095      IPG Photonics Corporation (IPGP)  7.300000e+09
2079                                   NaN  7.120000e+09
2108  Universal Display Corporation (OLED)  5.390000e+09
[[u'lighting, power, products, solutions, memory, applications, rf, devices, company, led, systems, data, markets, semiconductor, storage, networking, designs, design, connectivity']]
cluster 47:
                                      name            mc
2146            Schlumberger Limited (SLB)  9.970000e+10
2133             Halliburton Company (HAL)  4.147000e+10
2126       Baker Hughes Incorporated (BHI)  2.477000e+10
2131                  TechnipFMC plc (FTI)  1.497000e+10
2137     National Oilwell Varco Inc. (NOV)  1.323000e+10
2143                        RPC Inc. (RES)  4.360000e+09
2139  Oceaneering International Inc. (OII)  2.660000e+09
2136                       KLX Inc. (KLXI)  2.490000e+09
2129                  Dril-Quip Inc. (DRQ)  2.030000e+09
2128                       NOW Inc. (DNOW)  1.910000e+09
[[u'drilling, services, oil, completion, production, gas, subsea, offshore, segment, rig, oilfield, equipment, products, fluids, drill, tubing, tools, rigs, houston']]
cluster 48:
                                      name            mc
2151                     AMETEK Inc. (AME)  1.382000e+10
2211    TransDigm Group Incorporated (TDG)  1.330000e+10
2157    Cadence Design Systems Inc. (CDNS)  9.170000e+09
2212                   Teradyne Inc. (TER)  6.930000e+09
2179     Keysight Technologies Inc. (KEYS)  6.920000e+09
2158                  Coherent Inc. (COHR)  6.050000e+09
2170               HEICO Corporation (HEI)  5.610000e+09
2168             Gentex Corporation (GNTX)  5.410000e+09
2175              Jabil Circuit Inc. (JBL)  5.210000e+09
2191  MSC Industrial Direct Co. Inc. (MSM)  4.870000e+09
[[u'components, assemblies, electronic, products, test, aerospace, manufacturing, equipment, design, precision, systems, segment, industrial, electronics, services, circuit, defense, optical, company']]
cluster 49:
                                name            mc
2234             Netflix Inc. (NFLX)  6.768000e+10
2229            GameStop Corp. (GME)  2.450000e+09
2220           Ambarella Inc. (AMBA)  2.110000e+09
2241         TiVo Corporation (TIVO)  1.930000e+09
2240             Systemax Inc. (SYX)  5.898000e+08
2231            Harmonic Inc. (HLIT)  4.147400e+08
2233  Limelight Networks Inc. (LLNW)  3.293300e+08
2221     Avid Technology Inc. (AVID)  2.145900e+08
2222          Brightcove Inc. (BCOV)  2.049600e+08
2235          Pixelworks Inc. (PXLW)  1.619900e+08
[[u'video, content, digital, software, products, media, streaming, services, audio, company, solutions, devices, advertising, cameras, television, game, mobile, mediasite, applications']]
cluster 50:
                                        name            mc
2257              Delta Air Lines Inc. (DAL)  3.534000e+10
2260            Southwest Airlines Co. (LUV)  3.509000e+10
2264  United Continental Holdings Inc. (UAL)  2.415000e+10
2247      American Airlines Group Inc. (AAL)  2.227000e+10
2252             Alaska Air Group Inc. (ALK)  1.045000e+10
2259      JetBlue Airways Corporation (JBLU)  7.100000e+09
2266         LATAM Airlines Group S.A. (LTM)  6.790000e+09
2255                                     NaN  6.540000e+09
2250              Air Lease Corporation (AL)  3.850000e+09
2261             Spirit Airlines Inc. (SAVE)  3.730000e+09
[[u'aircraft, air, airlines, cargo, company, scheduled, regional, leasing, jet, transportation, boeing, engines, airbus, services, airline, passenger, fleet, lease, america']]
cluster 51:
                                            name            mc
2281                           Amgen Inc. (AMGN)  1.151000e+11
2267                          AbbVie Inc. (ABBV)  1.043700e+11
2296          Bristol-Myers Squibb Company (BMY)  8.899000e+10
2331                 Gilead Sciences Inc. (GILD)  8.394000e+10
2292                          Biogen Inc. (BIIB)  5.342000e+10
2370       Regeneron Pharmaceuticals Inc. (REGN)  4.758000e+10
2392  Vertex Pharmaceuticals Incorporated (VRTX)  2.940000e+10
2280         Alexion Pharmaceuticals Inc. (ALXN)  2.556000e+10
2295         BioMarin Pharmaceutical Inc. (BMRN)  1.557000e+10
2279         Alnylam Pharmaceuticals Inc. (ALNY)  6.180000e+09
[[u'treatment, clinical, diseases, phase, company, therapeutics, biopharmaceutical, development, patients, stage, disease, developing, pharmaceuticals, product, candidates, candidate, trial, treat, therapies']]
cluster 52:
                                                   name            mc
2429                   United Parcel Service Inc. (UPS)  8.974000e+10
2428                    Union Pacific Corporation (UNP)  8.644000e+10
2410                            FedEx Corporation (FDX)  5.063000e+10
2406                              CSX Corporation (CSX)  4.648000e+10
2421                 Norfolk Southern Corporation (NSC)  3.513000e+10
2417                         Kansas City Southern (KSU)  9.580000e+09
2409  Expeditors International of Washington Inc. (E...  9.500000e+09
2405                C.H. Robinson Worldwide Inc. (CHRW)  9.490000e+09
2415           J.B. Hunt Transport Services Inc. (JBHT)  9.250000e+09
2422              Old Dominion Freight Line Inc. (ODFL)  7.090000e+09
[[u'freight, truckload, transportation, logistics, services, intermodal, rail, brokerage, expedited, company, segment, ocean, ltl, haul, trailers, carrier, temperature, tractors, regional']]
cluster 53:
                                                name            mc
2479                               Tesla Inc. (TSLA)  5.106000e+10
2464                      Cheniere Energy Inc. (LNG)  1.183000e+10
2448             Cheniere Energy Partners L.P. (CQP)  1.120000e+10
2436                       The AES Corporation (AES)  7.390000e+09
2447  Cheniere Energy Partners LP Holdings LLC (CQH)  6.130000e+09
2466                           NRG Energy Inc. (NRG)  4.970000e+09
2445                       Calpine Corporation (CPN)  4.960000e+09
2456                         First Solar Inc. (FSLR)  3.790000e+09
2468                   Ormat Technologies Inc. (ORA)  2.830000e+09
2469                Pattern Energy Group Inc. (PEGI)  1.930000e+09
[[u'energy, power, solar, renewable, electricity, company, generation, systems, wind, projects, gas, plants, geothermal, lng, cheniere, fuel, segment, services, solutions']]
cluster 54:
                                           name            mc
2492                     Ford Motor Company (F)  4.328000e+10
2496                          CarMax Inc. (KMX)  1.199000e+10
2484                 Ally Financial Inc. (ALLY)  8.630000e+09
2489                         Copart Inc. (CPRT)  6.730000e+09
2495            KAR Auction Services Inc. (KAR)  5.890000e+09
2487       Credit Acceptance Corporation (CACC)  4.300000e+09
2501  Santander Consumer USA Holdings Inc. (SC)  4.270000e+09
2485                       AutoNation Inc. (AN)  4.020000e+09
2499         Penske Automotive Group Inc. (PAG)  3.760000e+09
2497                   Lithia Motors Inc. (LAD)  2.260000e+09
[[u'vehicle, automotive, vehicles, dealers, finance, car, financing, services, used, franchises, new, company, rental, dealerships, dealership, contracts, credit, collision, sell']]
cluster 55:
                                        name            mc
2509               Chevron Corporation (CVX)  2.018100e+11
2515                Kinder Morgan Inc. (KMI)  4.358000e+10
2525                       Phillips 66 (PSX)  4.038000e+10
2533         Valero Energy Corporation (VLO)  2.856000e+10
2518    Marathon Petroleum Corporation (MPC)  2.738000e+10
2517  Magellan Midstream Partners L.P. (MMP)  1.688000e+10
2531                Tesoro Corporation (TSO)  9.790000e+09
2506             Buckeye Partners L.P. (BPL)  9.350000e+09
2539    Sunoco Logistics Partners L.P. (SXL)  7.940000e+09
2529              Tesoro Logistics LP (TLLP)  5.920000e+09
[[u'crude, oil, refined, petroleum, refining, storage, logistics, terminals, products, pipelines, transportation, pipeline, segment, refinery, assets, terminal, marketing, energy, gas']]
cluster 56:
                                       name            mc
2540                      Apple Inc. (AAPL)  7.980300e+11
2541      Adobe Systems Incorporated (ADBE)  6.749000e+10
2544        Activision Blizzard Inc. (ATVI)  4.211000e+10
2553              Electronic Arts Inc. (EA)  3.318000e+10
2552          Dolby Laboratories Inc. (DLB)  5.160000e+09
2550           Cinemark Holdings Inc. (CNK)  4.700000e+09
2542  AMC Entertainment Holdings Inc. (AMC)  3.310000e+09
2563        Regal Entertainment Group (RGC)  3.190000e+09
2547                         Box Inc. (BOX)  2.310000e+09
2569               Shutterstock Inc. (SSTK)  1.540000e+09
[[u'content, digital, cinema, media, books, entertainment, company, publishing, print, segment, mobile, theatres, com, services, screens, games, exhibition, book, solutions']]
cluster 57:
                                          name            mc
2574                Amphenol Corporation (APH)  2.228000e+10
2584            WESCO International Inc. (WCC)  3.020000e+09
2575          Anixter International Inc. (AXE)  2.540000e+09
2572       Applied Optoelectronics Inc. (AAOI)  1.210000e+09
2585            Encore Wire Corporation (WIRE)  8.496500e+08
2576           General Cable Corporation (BGC)  7.692800e+08
2578                 EMCORE Corporation (EMKR)  2.669300e+08
2582    Preformed Line Products Company (PLPC)  2.550300e+08
2579  Geospace Technologies Corporation (GEOS)  2.060400e+08
2577                    Clearfield Inc. (CLFD)  1.916800e+08
[[u'cable, fiber, cables, products, optic, wire, electrical, optical, copper, equipment, power, data, connectors, seismic, television, connector, assemblies, systems, communication']]
cluster 58:
                                         name            mc
2589              Comcast Corporation (CMCSA)  1.846300e+11
2590            The Walt Disney Company (DIS)  1.682600e+11
2605                   Time Warner Inc. (TWX)  7.572000e+10
2594     Twenty-First Century Fox Inc. (FOXA)  5.011000e+10
2588                    CBS Corporation (CBS)  2.509000e+10
2591    Discovery Communications Inc. (DISCA)  1.528000e+10
2606                       Viacom Inc. (VIAB)  1.430000e+10
2602  Scripps Networks Interactive Inc. (SNI)  8.830000e+09
2598                  News Corporation (NWSA)  7.530000e+09
2586                 AMC Networks Inc. (AMCX)  3.540000e+09
[[u'television, stations, media, networks, programming, entertainment, broadcast, news, radio, digital, broadcasting, content, cable, segment, company, network, cbs, fm, local']]
cluster 59:
                                             name            mc
2637               JPMorgan Chase &amp; Co. (JPM)  3.011700e+11
2650              Wells Fargo &amp; Company (WFC)  2.651600e+11
2610            Bank of America Corporation (BAC)  2.293900e+11
2616                           Citigroup Inc. (C)  1.682100e+11
2644  The PNC Financial Services Group Inc. (PNC)  5.747000e+10
2622      Capital One Financial Corporation (COF)  3.875000e+10
2612                   BB&amp;T Corporation (BBT)  3.428000e+10
2646                    SunTrust Banks Inc. (STI)  2.613000e+10
2640               M&amp;T Bank Corporation (MTB)  2.420000e+10
2625            Discover Financial Services (DFS)  2.285000e+10
[[u'banking, services, loans, commercial, bank, lending, financial, management, mortgage, deposit, wealth, segment, investment, consumer, company, finance, credit, accounts, insurance']]
cluster 60:
                                         name            mc
2660                   D.R. Horton Inc. (DHI)  1.269000e+10
2664                 Lennar Corporation (LEN)  1.197000e+10
2669                           NVR Inc. (NVR)  8.720000e+09
2671                    PulteGroup Inc. (PHM)  7.300000e+09
2655              American Homes 4 Rent (AMH)  6.980000e+09
2673                 Toll Brothers Inc. (TOL)  6.150000e+09
2672  Taylor Morrison Home Corporation (TMHC)  3.530000e+09
2674              TRI Pointe Group Inc. (TPH)  2.020000e+09
2663                            KB Home (KBH)  1.830000e+09
2666               M.D.C. Holdings Inc. (MDC)  1.770000e+09
[[u'homes, homebuilding, detached, title, land, family, single, operations, company, homebuyers, attached, arizona, communities, home, carolina, california, lots, mortgage, builds']]
cluster 61:
                                     name            mc
2681  Costco Wholesale Corporation (COST)  7.534000e+10
2688             General Mills Inc. (GIS)  3.240000e+10
2711              Sysco Corporation (SYY)  2.921000e+10
2693                  Kellogg Company (K)  2.488000e+10
2713               Tyson Foods Inc. (TSN)  2.149000e+10
2690       Hormel Foods Corporation (HRL)  1.842000e+10
2682          Campbell Soup Company (CPB)  1.698000e+10
2680            Conagra Brands Inc. (CAG)  1.605000e+10
2708      The J. M. Smucker Company (SJM)  1.467000e+10
2716        Whole Foods Market Inc. (WFM)  1.148000e+10
[[u'foods, frozen, food, products, fresh, foodservice, dairy, grocery, stores, natural, company, beverages, organic, bakery, refrigerated, retail, fruit, snacks, vegetables']]
cluster 62:
                                                   name            mc
2746                          Oracle Corporation (ORCL)  1.823200e+11
2738  International Business Machines Corporation (IBM)  1.427800e+11
2736                                      HP Inc. (HPQ)  3.217000e+10
2718                               Autodesk Inc. (ADSK)  2.422000e+10
2753                     Rockwell Automation Inc. (ROK)  2.027000e+10
2742                      Motorola Solutions Inc. (MSI)  1.321000e+10
2763                            Xerox Corporation (XRX)  7.120000e+09
2756                           Sabre Corporation (SABR)  6.340000e+09
2760                      Tyler Technologies Inc. (TYL)  6.270000e+09
2737                           H&amp;R Block Inc. (HRB)  5.310000e+09
[[u'software, solutions, services, hardware, technology, management, products, systems, company, segment, enterprise, printing, provides, support, digital, document, cloud, applications, tax']]
cluster 63:
                                         name            mc
2814            Exxon Mobil Corporation (XOM)  3.471600e+11
2773                     ConocoPhillips (COP)  5.874000e+10
2791   Occidental Petroleum Corporation (OXY)  4.636000e+10
2796  Pioneer Natural Resources Company (PXD)  3.004000e+10
2766     Anadarko Petroleum Corporation (APC)  2.987000e+10
2776           Devon Energy Corporation (DVN)  2.018000e+10
2788                  Noble Energy Inc. (NBL)  1.521000e+10
2786           Marathon Oil Corporation (MRO)  1.235000e+10
2772    Cabot Oil &amp; Gas Corporation (COG)  1.093000e+10
2767        Antero Resources Corporation (AR)  7.020000e+09
[[u'gas, oil, natural, exploration, shale, production, company, energy, texas, wells, basin, acres, midstream, properties, net, approximately, liquids, development, crude']]
cluster 64:
                                   name            mc
2835                Hologic Inc. (HOLX)  1.204000e+10
2843  Varian Medical Systems Inc. (VAR)  8.740000e+09
2832  Exact Sciences Corporation (EXAS)  3.390000e+09
2834         Genomic Health Inc. (GHDX)  1.010000e+09
2823        Analogic Corporation (ALOG)  8.936000e+08
2838                Landauer Inc. (LDR)  5.113900e+08
2839                 RadNet Inc. (RDNT)  3.612100e+08
2844               Veracyte Inc. (VCYT)  2.787500e+08
2821            AAC Holdings Inc. (AAC)  1.617600e+08
2833           Fonar Corporation (FONR)  1.509700e+08
[[u'cancer, imaging, radiation, therapy, detection, medical, diagnostic, treatment, company, tomography, breast, systems, services, mammography, genomic, radiology, resonance, ultrasound, early']]
cluster 65:
                                                   name            mc
2848                   AvalonBay Communities Inc. (AVB)  2.635000e+10
2851                    Essex Property Trust Inc. (ESS)  1.727000e+10
2853       Mid-America Apartment Communities Inc. (MAA)  1.178000e+10
2856                                     UDR Inc. (UDR)  1.040000e+10
2849                        Camden Property Trust (CPT)  7.390000e+09
2846  Apartment Investment and Management Company (AIV)  7.080000e+09
2855                         Sun Communities Inc. (SUI)  6.500000e+09
2852                The Howard Hughes Corporation (HHC)  5.230000e+09
2850                                          EdR (EDR)  2.830000e+09
2854             Monogram Residential Trust Inc. (MORE)  1.630000e+09
[[u'communities, apartment, multifamily, trust, real, estate, properties, redevelopment, investment, homes, ownership, housing, development, umh, collegiate, store, reit, manufactured, operating']]
cluster 66:
                                                 name            mc
2898              Thermo Fisher Scientific Inc. (TMO)  6.711000e+10
2869                        Danaher Corporation (DHR)  5.702000e+10
2862               Becton Dickinson and Company (BDX)  4.186000e+10
2877                             Illumina Inc. (ILMN)  2.584000e+10
2858                    Agilent Technologies Inc. (A)  1.809000e+10
2882          Mettler-Toledo International Inc. (MTD)  1.456000e+10
2868             Quest Diagnostics Incorporated (DGX)  1.449000e+10
2878  Laboratory Corporation of America Holdings (LH)  1.428000e+10
2876                   IDEXX Laboratories Inc. (IDXX)  1.424000e+10
2903                         Waters Corporation (WAT)  1.405000e+10
[[u'diagnostic, diagnostics, testing, instruments, molecular, laboratory, test, products, services, research, life, laboratories, segment, clinical, tests, company, reagents, genetic, analysis']]
cluster 67:
                                           name            mc
2912                   The Home Depot Inc. (HD)  1.877400e+11
2914   Johnson Controls International plc (JCI)  3.996000e+10
2925                Whirlpool Corporation (WHR)  1.325000e+10
2915            Lennox International Inc. (LII)  7.490000e+09
2919  ServiceMaster Global Holdings Inc. (SERV)  4.920000e+09
2926                          Watsco Inc. (WSO)  4.600000e+09
2906               AmeriGas Partners L.P. (APU)  4.080000e+09
2905                           AAON Inc. (AAON)  1.930000e+09
2921       Suburban Propane Partners L.P. (SPH)  1.430000e+09
2924             Tutor Perini Corporation (TPC)  1.310000e+09
[[u'heating, propane, air, conditioning, fuel, home, products, systems, equipment, refrigeration, gasoline, commercial, gas, company, industrial, oil, hvac, services, cooling']]
cluster 68:
                                          name            mc
2940         Regency Centers Corporation (REG)  1.032000e+10
2935     Federal Realty Investment Trust (FRT)  9.170000e+09
2938                The Macerich Company (MAC)  9.050000e+09
2936            Kimco Realty Corporation (KIM)  7.900000e+09
2930         Brixmor Property Group Inc. (BRX)  5.690000e+09
2944                Taubman Centers Inc. (TCO)  5.100000e+09
2934       DuPont Fabros Technology Inc. (DFT)  4.630000e+09
2948         Weingarten Realty Investors (WRI)  3.950000e+09
2933                           DDR Corp. (DDR)  3.420000e+09
2943  Tanger Factory Outlet Centers Inc. (SKT)  2.620000e+09
[[u'shopping, centers, properties, trust, estate, real, investment, ownership, realty, neighborhood, community, retail, partnership, company, square, reit, 31, operating, december']]
cluster 69:
                                        name            mc
2964  Leggett &amp; Platt Incorporated (LEG)  6.700000e+09
2949                      Aaron's Inc. (AAN)  2.440000e+09
2950                     Big Lots Inc. (BIG)  2.130000e+09
2969                                 RH (RH)  2.080000e+09
2970                    Steelcase Inc. (SCS)  1.940000e+09
2966               Herman Miller Inc. (MLHR)  1.900000e+09
2956                   HNI Corporation (HNI)  1.870000e+09
2965             La-Z-Boy Incorporated (LZB)  1.330000e+09
2963                        Knoll Inc. (KNL)  1.110000e+09
2954        Ethan Allen Interiors Inc. (ETH)  7.659000e+08
[[u'furniture, home, seating, products, tables, chairs, furnishings, office, accessories, company, stores, desks, kimball, upholstered, wood, upholstery, dining, fabrics, retail']]
cluster 70:
                                        name            mc
2991       Marriott International Inc. (MAR)  3.896000e+10
2983    Hilton Worldwide Holdings Inc. (HLT)  2.099000e+10
2985    Host Hotels &amp; Resorts Inc. (HST)  1.354000e+10
2999     Wyndham Worldwide Corporation (WYN)  9.980000e+09
2982            Hyatt Hotels Corporation (H)  7.280000e+09
2984      Hospitality Properties Trust (HPT)  4.720000e+09
2977  Choice Hotels International Inc. (CHH)  3.630000e+09
2996     Sunstone Hotel Investors Inc. (SHO)  3.480000e+09
2998       Extended Stay America Inc. (STAY)  3.460000e+09
2989          LaSalle Hotel Properties (LHO)  3.230000e+09
[[u'hotels, hotel, trust, hilton, upscale, resorts, hospitality, marriott, suites, lodging, hyatt, inn, ashford, estate, real, company, properties, investment, rooms']]
cluster 71:
                                  name            mc
3010        Emerson Electric Co. (EMR)  3.828000e+10
3024     Roper Technologies Inc. (ROP)  2.261000e+10
3020  Parker-Hannifin Corporation (PH)  2.094000e+10
3009           Dover Corporation (DOV)  1.294000e+10
3017            IDEX Corporation (IEX)  8.140000e+09
3013       Flowserve Corporation (FLS)  6.410000e+09
3014                  Graco Inc. (GGG)  6.140000e+09
3002             AptarGroup Inc. (ATR)  5.140000e+09
3004          Colfax Corporation (CFX)  4.950000e+09
3006                    Crane Co. (CR)  4.590000e+09
[[u'systems, industrial, engineered, pumps, fluid, segment, equipment, components, control, power, products, valves, controls, manufactures, aerospace, solutions, energy, designs, markets']]
cluster 72:
                                                   name            mc
3060                                  Pfizer Inc. (PFE)  1.937200e+11
3056                         Merck &amp; Co. Inc. (MRK)  1.744500e+11
3053                        Eli Lilly and Company (LLY)  8.184000e+10
3036                    Baxter International Inc. (BAX)  3.110000e+10
3070                                  Zoetis Inc. (ZTS)  2.960000e+10
3028                AmerisourceBergen Corporation (ABC)  1.947000e+10
3068            West Pharmaceutical Services Inc. (WST)  7.010000e+09
3063                    PRA Health Sciences Inc. (PRAH)  4.370000e+09
3041  Charles River Laboratories International Inc. ...  4.270000e+09
3042                               Catalent Inc. (CTLT)  4.230000e+09
[[u'pharmaceutical, drug, development, company, products, pharmaceuticals, health, injectable, treatment, animal, product, generic, drugs, research, services, human, clinical, delivery, diseases']]
cluster 73:
                                      name            mc
3082  Ironwood Pharmaceuticals Inc. (IRWD)  2.620000e+09
3087                    Nevro Corp. (NVRO)  2.140000e+09
3084   Lexicon Pharmaceuticals Inc. (LXRX)  1.530000e+09
3092        Heron Therapeutics Inc. (HRTX)  7.571300e+08
3078                   Depomed Inc. (DEPO)  6.327600e+08
3074       ANI Pharmaceuticals Inc. (ANIP)  5.548800e+08
3076         Cara Therapeutics Inc. (CARA)  5.471000e+08
3077  Collegium Pharmaceutical Inc. (COLL)  2.551100e+08
3091                   Trevena Inc. (TRVN)  1.801500e+08
3090              Recro Pharma Inc. (REPH)  1.577400e+08
[[u'pain, treatment, pharmaceutical, chronic, company, acute, pharmaceuticals, drug, opioid, product, abuse, severe, moderate, products, er, formulation, development, developing, oxycodone']]
cluster 74:
                                                   name            mc
3103                        Johnson &amp; Johnson (JNJ)  3.421200e+11
3111              The Procter &amp; Gamble Company (PG)  2.205700e+11
3096                     Colgate-Palmolive Company (CL)  6.609000e+10
3099               The Este Lauder Companies Inc. (EL)  3.398000e+10
3121                            Ulta Beauty Inc. (ULTA)  1.827000e+10
3097                           The Clorox Company (CLX)  1.702000e+10
3098                                   Coty Inc. (COTY)  1.402000e+10
3095                 Church &amp; Dwight Co. Inc. (CHD)  1.240000e+10
3101  International Flavors &amp; Fragrances Inc. (IFF)  1.065000e+10
3116                       Sealed Air Corporation (SEE)  8.510000e+09
[[u'care, products, beauty, skin, hair, fragrances, company, personal, color, segment, supplements, brands, health, fragrance, cosmetics, brand, nutritional, stores, household']]
cluster 75:
                                        name            mc
3126        Peabody Energy Corporation (BTU)  2.260000e+09
3124        Alliance Holdings GP L.P. (AHGP)  1.730000e+09
3125  Alliance Resource Partners L.P. (ARLP)  1.660000e+09
3129              Warrior Met Coal LLC (HCC)  1.250000e+09
3134     SunCoke Energy Partners L.P. (SXCP)  7.464600e+08
3128              Foresight Energy LP (FELP)  7.034400e+08
3133               SunCoke Energy Inc. (SXC)  5.550800e+08
3131              NACCO Industries Inc. (NC)  4.503500e+08
3132    Natural Resource Partners L.P. (NRP)  3.798000e+08
3127            Cloud Peak Energy Inc. (CLD)  2.619500e+08
[[u'coal, mining, coke, mines, illinois, company, basin, llc, complex, located, westmoreland, river, resource, indiana, lp, energy, partners, underground, suncoke']]
cluster 76:
                                       name            mc
3215             The Coca-Cola Company (KO)  1.875700e+11
3258  Philip Morris International Inc. (PM)  1.782100e+11
3255                     Pepsico Inc. (PEP)  1.624100e+11
3234                 Altria Group Inc. (MO)  1.369500e+11
3263           Reynolds American Inc. (RAI)  9.466000e+10
3247              NVIDIA Corporation (NVDA)  8.086000e+10
3235                 Monsanto Company (MON)  5.095000e+10
3163             Carnival Corporation (CCL)  4.455000e+10
3174                   CME Group Inc. (CME)  3.970000e+10
3294        Constellation Brands Inc. (STZ)  3.565000e+10
[[u'products, company, brands, segment, food, services, sells, america, operates, education, brand, international, offers, states, united, markets, clubs, tobacco, business']]
cluster 77:
                                       name            mc
3363                  SLM Corporation (SLM)  4.710000e+09
3366              TFS Financial Corp (TFSL)  4.440000e+09
3354             Navient Corporation (NAVI)  3.970000e+09
3329                BancorpSouth Inc. (BXS)  2.660000e+09
3348           LendingClub Corporation (LC)  2.290000e+09
3343       Great Western Bancorp Inc. (GWB)  2.220000e+09
3332  Capitol Federal Financial Inc. (CFFN)  1.930000e+09
3323     Astoria Financial Corporation (AF)  1.890000e+09
3368                LendingTree Inc. (TREE)  1.880000e+09
3367                       TowneBank (TOWN)  1.820000e+09
[[u'loans, accounts, bank, banking, deposit, commercial, mortgage, credit, savings, services, deposits, estate, real, company, financial, bancorp, holding, residential, loan']]
cluster 78:
                                           name            mc
3384                Las Vegas Sands Corp. (LVS)  4.498000e+10
3386            MGM Resorts International (MGM)  1.796000e+10
3382                          Hasbro Inc. (HAS)  1.263000e+10
3396                Wynn Resorts Limited (WYNN)  1.246000e+10
3394  Take-Two Interactive Software Inc. (TTWO)  6.850000e+09
3387    The Madison Square Garden Company (MSG)  4.640000e+09
3371              Boyd Gaming Corporation (BYD)  2.830000e+09
3373        Churchill Downs Incorporated (CHDN)  2.710000e+09
3372         Caesars Acquisition Company (CACQ)  2.400000e+09
3392        Scientific Games Corporation (SGMS)  2.100000e+09
[[u'casino, gaming, entertainment, games, vegas, las, casinos, racing, motorsports, hotel, dover, table, resort, company, nevada, speedway, caesars, resorts, slot']]
cluster 79:
                                               name            mc
3406               Kimberly-Clark Corporation (KMB)  4.515000e+10
3405               International Paper Company (IP)  2.110000e+10
3401                Dollar General Corporation (DG)  1.978000e+10
3398                         Ball Corporation (BLL)  1.406000e+10
3409         Packaging Corporation of America (PKG)  9.280000e+09
3404        Graphic Packaging Holding Company (GPK)  4.150000e+09
3399                       Bemis Company Inc. (BMS)  4.030000e+09
3403                               Greif Inc. (GEF)  2.870000e+09
3407  KapStone Paper and Packaging Corporation (KS)  1.960000e+09
3408                         Neenah Paper Inc. (NP)  1.270000e+09
[[u'packaging, paper, paperboard, products, papers, corrugated, segment, tissue, containers, printing, food, towels, company, consumer, dss, beverage, rolls, industrial, supplies']]
