doing n_clusters= 11
getting quarter=q0 from ../data/fa_data/q0.csv
<class 'pandas.core.frame.DataFrame'>
Int64Index: 1595 entries, 0 to 3264
Data columns (total 32 columns):
symbol                        1595 non-null object
act_m_che__ppent              1595 non-null float64
ap__act_m_che_ppent           1595 non-null float64
ap_revtq2                     1595 non-null float64
capxq__act_m_che_ppent        1595 non-null float64
capxq_revtq2                  1595 non-null float64
cfroq__act_m_che_ppent        1595 non-null float64
cfroq_revtq2                  1595 non-null float64
cogsq_revtq2                  1595 non-null float64
dpq_capxq                     1595 non-null float64
dpq_gpq                       1595 non-null float64
dpq_revtq2                    1595 non-null float64
gpq__act_m_che_ppent          1595 non-null float64
gpq_revtq2                    1595 non-null float64
invt__act_m_che               1595 non-null float64
invt_revtq2                   1595 non-null float64
lct_m_dlc__act_m_che          1595 non-null float64
lct_m_dlc__act_m_che_ppent    1595 non-null float64
oiadpq_revtq2                 1595 non-null float64
ppent_ppegt                   1595 non-null float64
rect__act_m_che               1595 non-null float64
rect_revtq2                   1595 non-null float64
revtltm_pqoq                  1595 non-null float64
revtq2_ppent                  1595 non-null float64
revtq2_pqoq                   1595 non-null float64
revtq2_pyoy                   1595 non-null float64
xrdq2__act_m_che_ppent        1595 non-null float64
xrdq2_revtq2                  1595 non-null float64
name                          1595 non-null object
fyr_used                      1595 non-null float64
gics8                         1595 non-null int32
mc                            1595 non-null float64
dtypes: float64(29), int32(1), object(2)
memory usage: 405.0+ KB
None
<class 'pandas.core.frame.DataFrame'>
Int64Index: 1595 entries, 0 to 3264
Data columns (total 27 columns):
act_m_che__ppent              1595 non-null float64
ap__act_m_che_ppent           1595 non-null float64
ap_revtq2                     1595 non-null float64
capxq__act_m_che_ppent        1595 non-null float64
capxq_revtq2                  1595 non-null float64
cfroq__act_m_che_ppent        1595 non-null float64
cfroq_revtq2                  1595 non-null float64
cogsq_revtq2                  1595 non-null float64
dpq_capxq                     1595 non-null float64
dpq_gpq                       1595 non-null float64
dpq_revtq2                    1595 non-null float64
gpq__act_m_che_ppent          1595 non-null float64
gpq_revtq2                    1595 non-null float64
invt__act_m_che               1595 non-null float64
invt_revtq2                   1595 non-null float64
lct_m_dlc__act_m_che          1595 non-null float64
lct_m_dlc__act_m_che_ppent    1595 non-null float64
oiadpq_revtq2                 1595 non-null float64
ppent_ppegt                   1595 non-null float64
rect__act_m_che               1595 non-null float64
rect_revtq2                   1595 non-null float64
revtltm_pqoq                  1595 non-null float64
revtq2_ppent                  1595 non-null float64
revtq2_pqoq                   1595 non-null float64
revtq2_pyoy                   1595 non-null float64
xrdq2__act_m_che_ppent        1595 non-null float64
xrdq2_revtq2                  1595 non-null float64
dtypes: float64(27)
memory usage: 348.9 KB
None
                             mu   sd   100%   75%   50%   25%    00%
act_m_che__ppent            0.0  1.0  27.09  0.00 -0.21 -0.32  -0.40
ap__act_m_che_ppent         0.0  1.0  15.04  0.17 -0.22 -0.49  -0.84
ap_revtq2                   0.0  1.0  35.03  0.02 -0.09 -0.19  -0.34
capxq__act_m_che_ppent      0.0  1.0  13.41  0.18 -0.29 -0.55  -0.94
capxq_revtq2                0.0  1.0  30.74 -0.08 -0.17 -0.22  -0.29
cfroq__act_m_che_ppent      0.0  1.0   5.77  0.19 -0.10 -0.24 -21.83
cfroq_revtq2                0.0  1.0   0.25  0.07  0.04  0.01 -38.60
cogsq_revtq2                0.0  1.0  39.48  0.08 -0.01 -0.13  -0.38
dpq_capxq                   0.0  1.0  35.25 -0.01 -0.12 -0.18  -5.49
dpq_gpq                     0.0  1.0  31.60  0.04 -0.07 -0.12 -19.72
dpq_revtq2                  0.0  1.0  30.14  0.03 -0.19 -0.30  -0.47
gpq__act_m_che_ppent        0.0  1.0  11.66  0.23 -0.29 -0.58  -1.70
gpq_revtq2                  0.0  1.0   0.38  0.13  0.01 -0.08 -39.48
invt__act_m_che             0.0  1.0   2.93  0.70  0.05 -0.84  -1.51
invt_revtq2                 0.0  1.0  39.82 -0.01 -0.04 -0.07  -0.08
lct_m_dlc__act_m_che        0.0  1.0  33.39  0.04 -0.17 -0.28  -0.53
lct_m_dlc__act_m_che_ppent  0.0  1.0  14.78  0.09 -0.25 -0.47  -0.83
oiadpq_revtq2               0.0  1.0   0.14  0.05  0.04  0.03 -39.32
ppent_ppegt                 0.0  1.0   2.92  0.63 -0.08 -0.70  -2.49
rect__act_m_che             0.0  1.0   2.49  0.65 -0.04 -0.61  -2.48
rect_revtq2                 0.0  1.0  36.44  0.08 -0.04 -0.17  -0.48
revtltm_pqoq                0.0  1.0  39.23  0.01 -0.05 -0.09  -0.72
revtq2_ppent                0.0  1.0  15.94 -0.02 -0.26 -0.39  -0.50
revtq2_pqoq                 0.0  1.0  24.23  0.06 -0.04 -0.11 -23.02
revtq2_pyoy                 0.0  1.0  32.17  0.01 -0.08 -0.14  -0.78
xrdq2__act_m_che_ppent      0.0  1.0  19.14  0.02 -0.36 -0.36  -0.36
xrdq2_revtq2                0.0  1.0  39.62 -0.02 -0.05 -0.05  -0.05
kmeans_class dist: Counter({4: 850, 0: 528, 2: 153, 10: 38, 6: 18, 3: 2, 5: 2, 1: 1, 7: 1, 8: 1, 9: 1})
_n,inertia 11 15336.5740732
******************writing: ../data/kmeans_fact.011.csv
cluster 0:
                            name             mc     gics8
523             EXXON MOBIL CORP  359893.717184  10102010
300               MICROSOFT CORP  222801.603195  45103020
226  INTL BUSINESS MACHINES CORP  205308.369433  45102010
128                 CHEVRON CORP  197974.835570  10102010
245            JOHNSON & JOHNSON  180330.177504  35202010
197                   GOOGLE INC  174550.487974  45101010
189          GENERAL ELECTRIC CO  172891.489407  20105010
254                 COCA-COLA CO  161541.843002  30201030
348                   PFIZER INC  148084.366888  35202010
423             SCHLUMBERGER LTD  105412.577930  10101020
[['rect__act_m_che, ppent_ppegt, capxq__act_m_che_ppent, dpq_revtq2, rect_revtq2, cfroq_revtq2, dpq_gpq, oiadpq_revtq2, gpq_revtq2']]
cluster 1:
                 name         mc     gics8
528  WORLD HEART CORP  11.740225  35101010
[['invt_revtq2, xrdq2_revtq2, cogsq_revtq2, rect_revtq2, ap_revtq2, dpq_revtq2, invt__act_m_che, xrdq2__act_m_che_ppent, capxq_revtq2']]
cluster 2:
                        name             mc     gics8
530                APPLE INC  356700.380215  45202010
632             QUALCOMM INC   86298.418465  45201020
664   UNITEDHEALTH GROUP INC   50798.880489  35102030
669         VMWARE INC -CL A   39781.045135  45103020
574      EXPRESS SCRIPTS INC   22916.341399  35102015
549            BROADCOM CORP   19072.750816  45301020
588               HUMANA INC   12952.643330  35102030
658            SYMANTEC CORP   12858.137894  45103020
560       CITRIX SYSTEMS INC   11362.108851  45103010
543  ACTIVISION BLIZZARD INC   11174.534448  45103030
[['gpq__act_m_che_ppent, lct_m_dlc__act_m_che_ppent, xrdq2__act_m_che_ppent, cfroq__act_m_che_ppent, rect__act_m_che, lct_m_dlc__act_m_che, ap__act_m_che_ppent, revtq2_ppent, capxq__act_m_che_ppent']]
cluster 3:
             name           mc     gics8
683  MOLYCORP INC  4741.765084  15104020
682      GEVO INC   276.963744  10102030
[['revtq2_pyoy, capxq__act_m_che_ppent, ppent_ppegt, revtltm_pqoq, revtq2_pqoq, invt__act_m_che, capxq_revtq2, xrdq2__act_m_che_ppent, dpq_gpq']]
cluster 4:
                             name             mc     gics8
1273          PROCTER & GAMBLE CO  176122.136860  30301010
1283  PHILIP MORRIS INTERNATIONAL  122100.113764  30203010
1065                   INTEL CORP  106387.045565  45301020
1184                   MERCK & CO  102032.300835  35202010
1465     UNITED TECHNOLOGIES CORP   67471.936661  20101010
1100              KRAFT FOODS INC   61217.290622  30202030
1169                        3M CO   58877.275230  20105010
1175             ALTRIA GROUP INC   56317.275330  30203010
727                     AMGEN INC   51194.218872  35201010
796       BRISTOL-MYERS SQUIBB CO   50575.000000  35202010
[['invt__act_m_che, oiadpq_revtq2, cfroq_revtq2, cogsq_revtq2, invt_revtq2, revtq2_pqoq, gpq_revtq2, ap_revtq2, ap__act_m_che_ppent']]
cluster 5:
                              name          mc     gics8
1534  ADVANCED CELL TECHNOLOGY INC  263.719339  35201010
1535                VERMILLION INC   41.324363  35101010
[['xrdq2__act_m_che_ppent, ap__act_m_che_ppent, lct_m_dlc__act_m_che_ppent, ap_revtq2, lct_m_dlc__act_m_che, xrdq2_revtq2, capxq__act_m_che_ppent, capxq_revtq2, dpq_revtq2']]
cluster 6:
                              name           mc     gics8
1540                D R HORTON INC  3323.962822  25201030
1543      WORLD FUEL SERVICES CORP  2641.953936  10102030
1545      JAZZ PHARMACEUTICALS INC  1790.197724  35202010
1552    SAGENT PHARMACEUTICALS INC   600.522229  35202010
1550      PRESTIGE BRANDS HOLDINGS   540.912492  30302010
1551  SCICLONE PHARMACEUTICALS INC   272.477915  35201010
1541                 DATALINK CORP   148.861157  45202020
1548        NICHOLAS FINANCIAL INC   132.248290  40202010
1546                     LRAD CORP    72.774699  45203010
1549         PARLUX FRAGRANCES INC    68.504072  30302010
[['act_m_che__ppent, revtq2_ppent, rect_revtq2, dpq_capxq, ap__act_m_che_ppent, gpq__act_m_che_ppent, invt__act_m_che, lct_m_dlc__act_m_che_ppent, rect__act_m_che']]
cluster 7:
                 name        mc     gics8
1554  TRANSWITCH CORP  86.67639  45301020
[['dpq_capxq, xrdq2__act_m_che_ppent, lct_m_dlc__act_m_che_ppent, rect__act_m_che, gpq__act_m_che_ppent, act_m_che__ppent, rect_revtq2, revtq2_ppent, gpq_revtq2']]
cluster 8:
                             name          mc     gics8
1555  CADENCE PHARMACEUTICALS INC  415.833268  35202010
[['revtltm_pqoq, revtq2_pqoq, invt__act_m_che, ppent_ppegt, capxq__act_m_che_ppent, ap__act_m_che_ppent, xrdq2__act_m_che_ppent, lct_m_dlc__act_m_che_ppent, ap_revtq2']]
cluster 9:
            name         mc     gics8
1556  DAXOR CORP  44.544089  35101010
[['lct_m_dlc__act_m_che, lct_m_dlc__act_m_che_ppent, ap_revtq2, ppent_ppegt, dpq_revtq2, xrdq2__act_m_che_ppent, invt__act_m_che, xrdq2_revtq2, ap__act_m_che_ppent']]
cluster 10:
                              name            mc     gics8
1565             EOG RESOURCES INC  24865.567952  10102020
1581  PIONEER NATURAL RESOURCES CO   9086.761320  10102020
1562          CABOT OIL & GAS CORP   7909.532500  10102020
1576       NEWFIELD EXPLORATION CO   6871.516381  10102020
1593             CIMAREX ENERGY CO   6083.070083  10102020
1589          ULTRA PETROLEUM CORP   5122.904282  10102020
1573     HERTZ GLOBAL HOLDINGS INC   4663.858612  20304020
1582  PLAINS EXPLORATION & PROD CO   4146.809978  10102020
1560        BRIGHAM EXPLORATION CO   3388.479379  10102020
1585          SANDRIDGE ENERGY INC   3008.798177  10102020
[['capxq_revtq2, capxq__act_m_che_ppent, dpq_revtq2, dpq_gpq, ppent_ppegt, ap_revtq2, lct_m_dlc__act_m_che, rect__act_m_che, revtq2_pyoy']]
hc_ward*******class dist: Counter({6: 899, 1: 532, 3: 88, 2: 65, 4: 3, 0: 2, 5: 2, 7: 1, 8: 1, 9: 1, 10: 1})
************************writing: ../data/hier_fact.011.csv
cluster 5:
                              name          mc     gics8
0     ADVANCED CELL TECHNOLOGY INC  263.719339  35201010
3089                VERMILLION INC   41.324363  35101010
[nan]
cluster 6:
                             name             mc     gics8
3225             EXXON MOBIL CORP  359893.717184  10102010
830                  CHEVRON CORP  197974.835570  10102010
1638            JOHNSON & JOHNSON  180330.177504  35202010
2278                   PFIZER INC  148084.366888  35202010
2318  PHILIP MORRIS INTERNATIONAL  122100.113764  30203010
1561                   INTEL CORP  106387.045565  45301020
2653             SCHLUMBERGER LTD  105412.577930  10101020
1961                   MERCK & CO  102032.300835  35202010
721                CONOCOPHILLIPS   95927.214985  10102010
2416                 QUALCOMM INC   86298.418465  45201020
[nan]
cluster 3:
                         name            mc     gics8
3001   UNITEDHEALTH GROUP INC  50798.880489  35102030
1475               HUMANA INC  12952.643330  35102030
2797            SYMANTEC CORP  12858.137894  45103020
325   ACTIVISION BLIZZARD INC  11174.534448  45103030
523                    CA INC  10472.475735  45103020
1102              EXPEDIA INC   8307.667643  25502020
1772            LINKEDIN CORP   8098.090548  45101010
1059      ELECTRONIC ARTS INC   7473.979975  45103030
451          BMC SOFTWARE INC   7127.055107  45103020
1150          F5 NETWORKS INC   6584.901151  45201020
[nan]
cluster 1:
                             name             mc     gics8
57                      APPLE INC  356700.380215  45202010
1974               MICROSOFT CORP  222801.603195  45103020
1495  INTL BUSINESS MACHINES CORP  205308.369433  45102010
2283          PROCTER & GAMBLE CO  176122.136860  30301010
1309                   GOOGLE INC  174550.487974  45101010
1258          GENERAL ELECTRIC CO  172891.489407  20105010
1690                 COCA-COLA CO  161541.843002  30201030
3111   VERIZON COMMUNICATIONS INC  102367.964456  50101020
2272                  PEPSICO INC  102057.120483  30201030
1847              MCDONALD'S CORP   93275.996364  25301040
[nan]
cluster 2:
                           name            mc     gics8
1068        EXPRESS SCRIPTS INC  22916.341399  35102015
1852              MCKESSON CORP  19687.102037  35102010
532         CARDINAL HEALTH INC  14921.750259  35102010
64       AMERISOURCEBERGEN CORP  10767.737807  35102010
341                   AVNET INC   4009.398373  45203030
2124                    NVR INC   3551.027124  25201030
891              D R HORTON INC   3323.962822  25201030
1534           INGRAM MICRO INC   2808.750628  45203030
634   CATALYST HEALTH SOLUTIONS   2661.235219  35102015
1560   WORLD FUEL SERVICES CORP   2641.953936  10102030
[nan]
cluster 0:
                      name          mc     gics8
2355  PILGRIM'S PRIDE CORP  746.397027  30202030
387      BEACON POWER CORP   25.819938  20104020
[nan]
cluster 7:
                            name          mc     gics8
530  CADENCE PHARMACEUTICALS INC  415.833268  35202010
[nan]
cluster 4:
               name           mc     gics8
1854   MOLYCORP INC  4741.765084  15104020
914   DENDREON CORP  1828.083589  35201010
1267       GEVO INC   276.963744  10102030
[nan]
cluster 10:
           name         mc     gics8
965  DAXOR CORP  44.544089  35101010
[nan]
cluster 8:
                 name        mc     gics8
2960  TRANSWITCH CORP  86.67639  45301020
[nan]
cluster 9:
                  name         mc     gics8
3151  WORLD HEART CORP  11.740225  35101010
[nan]
<class 'pandas.core.frame.DataFrame'>
Int64Index: 1595 entries, 0 to 3264
Data columns (total 34 columns):
symbol                        1595 non-null object
act_m_che__ppent              1595 non-null float64
ap__act_m_che_ppent           1595 non-null float64
ap_revtq2                     1595 non-null float64
capxq__act_m_che_ppent        1595 non-null float64
capxq_revtq2                  1595 non-null float64
cfroq__act_m_che_ppent        1595 non-null float64
cfroq_revtq2                  1595 non-null float64
cogsq_revtq2                  1595 non-null float64
dpq_capxq                     1595 non-null float64
dpq_gpq                       1595 non-null float64
dpq_revtq2                    1595 non-null float64
gpq__act_m_che_ppent          1595 non-null float64
gpq_revtq2                    1595 non-null float64
invt__act_m_che               1595 non-null float64
invt_revtq2                   1595 non-null float64
lct_m_dlc__act_m_che          1595 non-null float64
lct_m_dlc__act_m_che_ppent    1595 non-null float64
oiadpq_revtq2                 1595 non-null float64
ppent_ppegt                   1595 non-null float64
rect__act_m_che               1595 non-null float64
rect_revtq2                   1595 non-null float64
revtltm_pqoq                  1595 non-null float64
revtq2_ppent                  1595 non-null float64
revtq2_pqoq                   1595 non-null float64
revtq2_pyoy                   1595 non-null float64
xrdq2__act_m_che_ppent        1595 non-null float64
xrdq2_revtq2                  1595 non-null float64
name                          1595 non-null object
fyr_used                      1595 non-null float64
gics8                         1595 non-null int32
mc                            1595 non-null float64
kmeans.fact_011               1595 non-null int64
hier.fact_011                 1595 non-null int64
dtypes: float64(29), int32(1), int64(2), object(2)
memory usage: 429.9+ KB
None
