doing n_clusters= 24
getting quarter=q0 from ../data/fa_data/q0.csv
<class 'pandas.core.frame.DataFrame'>
Int64Index: 1595 entries, 0 to 3264
Data columns (total 32 columns):
symbol                        1595 non-null object
act_m_che__ppent              1595 non-null float64
ap__act_m_che_ppent           1595 non-null float64
ap_revtq2                     1595 non-null float64
capxq__act_m_che_ppent        1595 non-null float64
capxq_revtq2                  1595 non-null float64
cfroq__act_m_che_ppent        1595 non-null float64
cfroq_revtq2                  1595 non-null float64
cogsq_revtq2                  1595 non-null float64
dpq_capxq                     1595 non-null float64
dpq_gpq                       1595 non-null float64
dpq_revtq2                    1595 non-null float64
gpq__act_m_che_ppent          1595 non-null float64
gpq_revtq2                    1595 non-null float64
invt__act_m_che               1595 non-null float64
invt_revtq2                   1595 non-null float64
lct_m_dlc__act_m_che          1595 non-null float64
lct_m_dlc__act_m_che_ppent    1595 non-null float64
oiadpq_revtq2                 1595 non-null float64
ppent_ppegt                   1595 non-null float64
rect__act_m_che               1595 non-null float64
rect_revtq2                   1595 non-null float64
revtltm_pqoq                  1595 non-null float64
revtq2_ppent                  1595 non-null float64
revtq2_pqoq                   1595 non-null float64
revtq2_pyoy                   1595 non-null float64
xrdq2__act_m_che_ppent        1595 non-null float64
xrdq2_revtq2                  1595 non-null float64
name                          1595 non-null object
fyr_used                      1595 non-null float64
gics8                         1595 non-null int32
mc                            1595 non-null float64
dtypes: float64(29), int32(1), object(2)
memory usage: 405.0+ KB
None
<class 'pandas.core.frame.DataFrame'>
Int64Index: 1595 entries, 0 to 3264
Data columns (total 27 columns):
act_m_che__ppent              1595 non-null float64
ap__act_m_che_ppent           1595 non-null float64
ap_revtq2                     1595 non-null float64
capxq__act_m_che_ppent        1595 non-null float64
capxq_revtq2                  1595 non-null float64
cfroq__act_m_che_ppent        1595 non-null float64
cfroq_revtq2                  1595 non-null float64
cogsq_revtq2                  1595 non-null float64
dpq_capxq                     1595 non-null float64
dpq_gpq                       1595 non-null float64
dpq_revtq2                    1595 non-null float64
gpq__act_m_che_ppent          1595 non-null float64
gpq_revtq2                    1595 non-null float64
invt__act_m_che               1595 non-null float64
invt_revtq2                   1595 non-null float64
lct_m_dlc__act_m_che          1595 non-null float64
lct_m_dlc__act_m_che_ppent    1595 non-null float64
oiadpq_revtq2                 1595 non-null float64
ppent_ppegt                   1595 non-null float64
rect__act_m_che               1595 non-null float64
rect_revtq2                   1595 non-null float64
revtltm_pqoq                  1595 non-null float64
revtq2_ppent                  1595 non-null float64
revtq2_pqoq                   1595 non-null float64
revtq2_pyoy                   1595 non-null float64
xrdq2__act_m_che_ppent        1595 non-null float64
xrdq2_revtq2                  1595 non-null float64
dtypes: float64(27)
memory usage: 348.9 KB
None
                             mu   sd   100%   75%   50%   25%    00%
act_m_che__ppent            0.0  1.0  27.09  0.00 -0.21 -0.32  -0.40
ap__act_m_che_ppent         0.0  1.0  15.04  0.17 -0.22 -0.49  -0.84
ap_revtq2                   0.0  1.0  35.03  0.02 -0.09 -0.19  -0.34
capxq__act_m_che_ppent      0.0  1.0  13.41  0.18 -0.29 -0.55  -0.94
capxq_revtq2                0.0  1.0  30.74 -0.08 -0.17 -0.22  -0.29
cfroq__act_m_che_ppent      0.0  1.0   5.77  0.19 -0.10 -0.24 -21.83
cfroq_revtq2                0.0  1.0   0.25  0.07  0.04  0.01 -38.60
cogsq_revtq2                0.0  1.0  39.48  0.08 -0.01 -0.13  -0.38
dpq_capxq                   0.0  1.0  35.25 -0.01 -0.12 -0.18  -5.49
dpq_gpq                     0.0  1.0  31.60  0.04 -0.07 -0.12 -19.72
dpq_revtq2                  0.0  1.0  30.14  0.03 -0.19 -0.30  -0.47
gpq__act_m_che_ppent        0.0  1.0  11.66  0.23 -0.29 -0.58  -1.70
gpq_revtq2                  0.0  1.0   0.38  0.13  0.01 -0.08 -39.48
invt__act_m_che             0.0  1.0   2.93  0.70  0.05 -0.84  -1.51
invt_revtq2                 0.0  1.0  39.82 -0.01 -0.04 -0.07  -0.08
lct_m_dlc__act_m_che        0.0  1.0  33.39  0.04 -0.17 -0.28  -0.53
lct_m_dlc__act_m_che_ppent  0.0  1.0  14.78  0.09 -0.25 -0.47  -0.83
oiadpq_revtq2               0.0  1.0   0.14  0.05  0.04  0.03 -39.32
ppent_ppegt                 0.0  1.0   2.92  0.63 -0.08 -0.70  -2.49
rect__act_m_che             0.0  1.0   2.49  0.65 -0.04 -0.61  -2.48
rect_revtq2                 0.0  1.0  36.44  0.08 -0.04 -0.17  -0.48
revtltm_pqoq                0.0  1.0  39.23  0.01 -0.05 -0.09  -0.72
revtq2_ppent                0.0  1.0  15.94 -0.02 -0.26 -0.39  -0.50
revtq2_pqoq                 0.0  1.0  24.23  0.06 -0.04 -0.11 -23.02
revtq2_pyoy                 0.0  1.0  32.17  0.01 -0.08 -0.14  -0.78
xrdq2__act_m_che_ppent      0.0  1.0  19.14  0.02 -0.36 -0.36  -0.36
xrdq2_revtq2                0.0  1.0  39.62 -0.02 -0.05 -0.05  -0.05
kmeans_class dist: Counter({16: 537, 18: 252, 12: 215, 1: 198, 19: 160, 5: 72, 3: 64, 0: 25, 15: 25, 9: 13, 23: 11, 20: 8, 6: 2, 10: 2, 14: 2, 2: 1, 4: 1, 7: 1, 8: 1, 11: 1, 13: 1, 17: 1, 21: 1, 22: 1})
_n,inertia 24 8228.05194838
******************writing: ../data/kmeans_fact.024.csv
cluster 0:
                         name           mc     gics8
13    NEWFIELD EXPLORATION CO  6871.516381  10102020
21       ULTRA PETROLEUM CORP  5122.904282  10102020
10  HERTZ GLOBAL HOLDINGS INC  4663.858612  20304020
2      BRIGHAM EXPLORATION CO  3388.479379  10102020
18       SANDRIDGE ENERGY INC  3008.798177  10102020
23         EXCO RESOURCES INC  2863.569103  10102020
20    TESLA MOTORS INC  -REDH  2572.489608  25102010
14        OASIS PETROLEUM INC  2458.627490  10102020
5             FOREST OIL CORP  2227.610078  10102020
12     MCMORAN EXPLORATION CO  2039.721971  10102020
[['capxq__act_m_che_ppent, capxq_revtq2, dpq_revtq2, ppent_ppegt, dpq_gpq, ap_revtq2, lct_m_dlc__act_m_che, rect__act_m_che, revtq2_pyoy']]
cluster 1:
                            name             mc     gics8
158  PHILIP MORRIS INTERNATIONAL  122100.113764  30203010
132             ALTRIA GROUP INC   56317.275330  30203010
47                     BOEING CO   49514.577512  20101010
69             CVS CAREMARK CORP   48334.859795  30101010
82     FREEPORT-MCMORAN COP&GOLD   44660.280579  15104020
140          NEWMONT MINING CORP   30945.420665  15104030
143   NATIONAL OILWELL VARCO INC   27983.902642  10101020
154     PRECISION CASTPARTS CORP   23598.603636  20101010
89         GENERAL DYNAMICS CORP   23181.891068  20101010
163        REYNOLDS AMERICAN INC   21899.998599  30203010
[['invt__act_m_che, ppent_ppegt, oiadpq_revtq2, invt_revtq2, cfroq_revtq2, cogsq_revtq2, gpq_revtq2, revtltm_pqoq, revtq2_pqoq']]
cluster 2:
                 name         mc     gics8
223  WORLD HEART CORP  11.740225  35101010
[['invt_revtq2, xrdq2_revtq2, cogsq_revtq2, rect_revtq2, ap_revtq2, dpq_revtq2, invt__act_m_che, xrdq2__act_m_che_ppent, capxq_revtq2']]
cluster 3:
                           name            mc     gics8
229   AUTOMATIC DATA PROCESSING  24554.722790  45102020
265  MEDCO HEALTH SOLUTIONS INC  21198.012172  35102015
263               MCKESSON CORP  19687.102037  35102010
238         CARDINAL HEALTH INC  14921.750259  35102010
226      AMERISOURCEBERGEN CORP  10767.737807  35102010
232                   AVNET INC   4009.398373  45203030
231       ARROW ELECTRONICS INC   3585.691366  45203030
272                     NVR INC   3551.027124  25201030
246              D R HORTON INC   3323.962822  25201030
256            INGRAM MICRO INC   2808.750628  45203030
[['revtq2_ppent, act_m_che__ppent, ap__act_m_che_ppent, invt__act_m_che, lct_m_dlc__act_m_che_ppent, revtq2_pqoq, cogsq_revtq2, rect__act_m_che, oiadpq_revtq2']]
cluster 4:
                            name          mc     gics8
288  CADENCE PHARMACEUTICALS INC  415.833268  35202010
[['revtltm_pqoq, revtq2_pqoq, invt__act_m_che, ppent_ppegt, capxq__act_m_che_ppent, ap__act_m_che_ppent, xrdq2__act_m_che_ppent, lct_m_dlc__act_m_che_ppent, ap_revtq2']]
cluster 5:
                             name             mc     gics8
313                    INTEL CORP  106387.045565  45301020
326     OCCIDENTAL PETROLEUM CORP   70499.727994  10102010
292                   APACHE CORP   39561.916488  10102020
294       ANADARKO PETROLEUM CORP   36713.431053  10102020
301             DEVON ENERGY CORP   28352.940765  10102020
304             EOG RESOURCES INC   24865.567952  10102020
323              NOBLE ENERGY INC   15639.720108  10102020
316        INTUITIVE SURGICAL INC   14910.784657  35101010
332  PIONEER NATURAL RESOURCES CO    9086.761320  10102020
306               FIRST SOLAR INC    8627.370692  45301020
[['capxq__act_m_che_ppent, capxq_revtq2, dpq_revtq2, rect__act_m_che, ppent_ppegt, dpq_gpq, gpq_revtq2, cfroq_revtq2, lct_m_dlc__act_m_che']]
cluster 6:
                             name          mc     gics8
361  ADVANCED CELL TECHNOLOGY INC  263.719339  35201010
362                VERMILLION INC   41.324363  35101010
[['xrdq2__act_m_che_ppent, ap__act_m_che_ppent, lct_m_dlc__act_m_che_ppent, ap_revtq2, lct_m_dlc__act_m_che, xrdq2_revtq2, capxq__act_m_che_ppent, capxq_revtq2, dpq_revtq2']]
cluster 7:
                  name         mc     gics8
363  BEACON POWER CORP  25.819938  20104020
[['capxq_revtq2, dpq_revtq2, dpq_gpq, ap_revtq2, lct_m_dlc__act_m_che, ppent_ppegt, capxq__act_m_che_ppent, revtq2_pyoy, xrdq2_revtq2']]
cluster 8:
                     name          mc     gics8
364  PILGRIM'S PRIDE CORP  746.397027  30202030
[['dpq_gpq, invt__act_m_che, cogsq_revtq2, ppent_ppegt, oiadpq_revtq2, invt_revtq2, cfroq_revtq2, revtltm_pqoq, xrdq2_revtq2']]
cluster 9:
                             name           mc     gics8
370      WORLD FUEL SERVICES CORP  2641.953936  10102030
372      JAZZ PHARMACEUTICALS INC  1790.197724  35202010
376    SAGENT PHARMACEUTICALS INC   600.522229  35202010
374      PRESTIGE BRANDS HOLDINGS   540.912492  30302010
375  SCICLONE PHARMACEUTICALS INC   272.477915  35201010
369                 DATALINK CORP   148.861157  45202020
373                     LRAD CORP    72.774699  45203010
377  WAYSIDE TECHNOLOGY GROUP INC    54.785525  45203030
366                ADAMS GOLF INC    44.983419  25202010
371                   IRIDEX CORP    35.882240  35101010
[['revtq2_ppent, act_m_che__ppent, ap__act_m_che_ppent, dpq_capxq, gpq__act_m_che_ppent, invt__act_m_che, cfroq__act_m_che_ppent, lct_m_dlc__act_m_che_ppent, revtq2_pyoy']]
cluster 10:
                             name            mc     gics8
379     CONTINENTAL RESOURCES INC  10089.653920  10102020
378  BREITBURN ENERGY PARTNERS LP   1091.648263  10102020
[['ppent_ppegt, capxq__act_m_che_ppent, capxq_revtq2, dpq_revtq2, rect__act_m_che, revtltm_pqoq, ap_revtq2, gpq_revtq2, cfroq_revtq2']]
cluster 11:
                name        mc     gics8
380  TRANSWITCH CORP  86.67639  45301020
[['dpq_capxq, xrdq2__act_m_che_ppent, lct_m_dlc__act_m_che_ppent, rect__act_m_che, gpq__act_m_che_ppent, act_m_che__ppent, rect_revtq2, revtq2_ppent, gpq_revtq2']]
cluster 12:
                            name             mc     gics8
470  INTL BUSINESS MACHINES CORP  205308.369433  45102010
431                 CHEVRON CORP  197974.835570  10102010
458                   GOOGLE INC  174550.487974  45101010
455          GENERAL ELECTRIC CO  172891.489407  20105010
547             SCHLUMBERGER LTD  105412.577930  10101020
585   VERIZON COMMUNICATIONS INC  102367.964456  50101020
498              MCDONALD'S CORP   93275.996364  25301040
517                    NEWS CORP   45365.462059  25401030
440                     EBAY INC   39773.339422  45101010
496         LAS VEGAS SANDS CORP   33993.774688  25301010
[['rect__act_m_che, rect_revtq2, ppent_ppegt, dpq_revtq2, cfroq_revtq2, oiadpq_revtq2, dpq_gpq, revtq2_pqoq, gpq_revtq2']]
cluster 13:
           name         mc     gics8
596  DAXOR CORP  44.544089  35101010
[['lct_m_dlc__act_m_che, lct_m_dlc__act_m_che_ppent, ap_revtq2, ppent_ppegt, dpq_revtq2, xrdq2__act_m_che_ppent, invt__act_m_che, xrdq2_revtq2, ap__act_m_che_ppent']]
cluster 14:
             name           mc     gics8
598  MOLYCORP INC  4741.765084  15104020
597      GEVO INC   276.963744  10102030
[['revtq2_pyoy, capxq__act_m_che_ppent, ppent_ppegt, revtltm_pqoq, revtq2_pqoq, invt__act_m_che, capxq_revtq2, xrdq2__act_m_che_ppent, dpq_gpq']]
cluster 15:
                             name           mc     gics8
603                  HOMEAWAY INC  3340.078989  25502020
602                     ARIBA INC  2646.639961  45103020
612  J2 GLOBAL COMMUNICATIONS INC  1454.469110  45101010
616           SELECT COMFORT CORP   889.137104  25504060
613                   LOGMEIN INC   755.596578  45101010
607             DICE HOLDINGS INC   676.090517  45101010
605                      CEVA INC   621.489191  45301020
614                   LOOPNET INC   584.974650  45101010
606          CONSTANT CONTACT INC   567.356183  45101010
619     MONOTYPE IMAGING HOLDINGS   420.579180  45103010
[['gpq__act_m_che_ppent, lct_m_dlc__act_m_che_ppent, cfroq__act_m_che_ppent, xrdq2__act_m_che_ppent, lct_m_dlc__act_m_che, revtq2_ppent, capxq__act_m_che_ppent, ap__act_m_che_ppent, dpq_capxq']]
cluster 16:
                          name             mc     gics8
887          JOHNSON & JOHNSON  180330.177504  35202010
999        PROCTER & GAMBLE CO  176122.136860  30301010
947                 MERCK & CO  102032.300835  35202010
628        ABBOTT LABORATORIES   81735.831402  35202010
1116  UNITED TECHNOLOGIES CORP   67471.936661  20101010
941                      3M CO   58877.275230  20105010
699            CATERPILLAR INC   58792.037415  20106010
648                  AMGEN INC   51194.218872  35201010
688    BRISTOL-MYERS SQUIBB CO   50575.000000  35202010
757   DU PONT (E I) DE NEMOURS   44942.796818  15101020
[['invt__act_m_che, oiadpq_revtq2, cfroq_revtq2, gpq_revtq2, rect_revtq2, cogsq_revtq2, invt_revtq2, cfroq__act_m_che_ppent, revtq2_pqoq']]
cluster 17:
                        name         mc     gics8
1161  NICHOLAS FINANCIAL INC  132.24829  40202010
[['act_m_che__ppent, rect_revtq2, rect__act_m_che, revtq2_ppent, gpq_revtq2, cfroq_revtq2, ap_revtq2, oiadpq_revtq2, xrdq2_revtq2']]
cluster 18:
                              name             mc     gics8
1409              EXXON MOBIL CORP  359893.717184  10102010
1286                  COCA-COLA CO  161541.843002  30201030
1332                    PFIZER INC  148084.366888  35202010
1330                   PEPSICO INC  102057.120483  30201030
1222                CONOCOPHILLIPS   95927.214985  10102010
1285               KRAFT FOODS INC   61217.290622  30202030
1268                HALLIBURTON CO   40731.659020  10101020
1243  ENTERPRISE PRODS PRTNRS  -LP   36011.814939  10102040
1258           GILEAD SCIENCES INC   30966.913290  35201010
1387         TEXAS INSTRUMENTS INC   30280.953931  45301020
[['ppent_ppegt, dpq_gpq, revtq2_pqoq, lct_m_dlc__act_m_che, revtq2_pyoy, oiadpq_revtq2, cfroq_revtq2, dpq_revtq2, cogsq_revtq2']]
cluster 19:
                       name             mc     gics8
1415              APPLE INC  356700.380215  45202010
1502         MICROSOFT CORP  222801.603195  45103020
1520           QUALCOMM INC   86298.418465  45201020
1460            EMC CORP/MA   46647.131470  45202020
1564       VMWARE INC -CL A   39781.045135  45103020
1421           ALLERGAN INC   24976.756034  35202010
1437          BROADCOM CORP   19072.750816  45301020
1549          SYMANTEC CORP   12858.137894  45103020
1496  MCGRAW-HILL COMPANIES   12687.742670  25401040
1424            ALTERA CORP   11789.122667  45301020
[['gpq__act_m_che_ppent, lct_m_dlc__act_m_che_ppent, xrdq2__act_m_che_ppent, cfroq__act_m_che_ppent, rect__act_m_che, lct_m_dlc__act_m_che, revtq2_ppent, gpq_revtq2, dpq_capxq']]
cluster 20:
                             name          mc     gics8
1575          STAR SCIENTIFIC INC  317.380439  30203010
1581  SAVIENT PHARMACEUTICALS INC  306.800709  35201010
1576      CYTORI THERAPEUTICS INC  173.151757  35201010
1577      AMICUS THERAPEUTICS INC  158.799360  35201010
1578      GENMARK DIAGNOSTICS INC  127.966058  35101010
1579              MICROVISION INC   97.439396  45203010
1580  SOMAXON PHARMACEUTICALS INC   47.198002  35202010
1574                ORAGENICS INC   13.355238  35201010
[['ap_revtq2, xrdq2__act_m_che_ppent, ap__act_m_che_ppent, lct_m_dlc__act_m_che_ppent, dpq_revtq2, invt__act_m_che, xrdq2_revtq2, lct_m_dlc__act_m_che, revtltm_pqoq']]
cluster 21:
            name         mc     gics8
1582  DYNEGY INC  538.03496  55105010
[['ppent_ppegt, dpq_revtq2, capxq_revtq2, cogsq_revtq2, revtq2_pyoy, ap_revtq2, oiadpq_revtq2, revtltm_pqoq, invt_revtq2']]
cluster 22:
                         name         mc     gics8
1583  NABI BIOPHARMACEUTICALS  81.052293  35201010
[['xrdq2__act_m_che_ppent, lct_m_dlc__act_m_che_ppent, dpq_capxq, gpq__act_m_che_ppent, cfroq__act_m_che_ppent, lct_m_dlc__act_m_che, revtq2_ppent, ap__act_m_che_ppent, xrdq2_revtq2']]
cluster 23:
                           name            mc     gics8
1593     UNITEDHEALTH GROUP INC  50798.880489  35102030
1586        EXPRESS SCRIPTS INC  22916.341399  35102015
1588                 HUMANA INC  12952.643330  35102030
1587                EXPEDIA INC   8307.667643  25502020
1584            AMERIGROUP CORP   2392.097165  35102030
1594  WELLCARE HEALTH PLANS INC   1955.841158  35102030
1589      MOLINA HEALTHCARE INC    885.772244  35102030
1585          DIGITAL RIVER INC    798.451592  45101010
1590              BLUE NILE INC    560.472247  25502020
1591             REACHLOCAL INC    425.180107  25401010
[['ap__act_m_che_ppent, lct_m_dlc__act_m_che_ppent, gpq__act_m_che_ppent, lct_m_dlc__act_m_che, revtq2_ppent, capxq__act_m_che_ppent, cfroq__act_m_che_ppent, rect__act_m_che, ap_revtq2']]
hc_ward*******class dist: Counter({8: 531, 7: 231, 3: 222, 2: 194, 10: 136, 5: 92, 9: 77, 0: 60, 22: 13, 1: 10, 6: 9, 18: 4, 4: 3, 12: 2, 13: 2, 11: 1, 14: 1, 15: 1, 16: 1, 17: 1, 19: 1, 20: 1, 21: 1, 23: 1})
************************writing: ../data/hier_fact.024.csv
cluster 12:
                              name          mc     gics8
0     ADVANCED CELL TECHNOLOGY INC  263.719339  35201010
3089                VERMILLION INC   41.324363  35101010
[nan]
cluster 3:
                             name             mc     gics8
2318  PHILIP MORRIS INTERNATIONAL  122100.113764  30203010
1672              KRAFT FOODS INC   61217.290622  30202030
359                     BOEING CO   49514.577512  20101010
1132    FREEPORT-MCMORAN COP&GOLD   44660.280579  15104020
2040          NEWMONT MINING CORP   30945.420665  15104030
2084   NATIONAL OILWELL VARCO INC   27983.902642  10101020
713                     COACH INC   16220.287025  25203010
1460                   HERSHEY CO   13331.565247  30202030
538    CAMERON INTERNATIONAL CORP   12733.603466  10101020
2488            RALPH LAUREN CORP   12668.964266  25203010
[nan]
cluster 9:
                         name            mc     gics8
2797            SYMANTEC CORP  12858.137894  45103020
325   ACTIVISION BLIZZARD INC  11174.534448  45103030
523                    CA INC  10472.475735  45103020
1772            LINKEDIN CORP   8098.090548  45101010
1059      ELECTRONIC ARTS INC   7473.979975  45103030
451          BMC SOFTWARE INC   7127.055107  45103020
1150          F5 NETWORKS INC   6584.901151  45201020
2520                ROVI CORP   5463.079209  45103020
3093             VERISIGN INC   5181.740361  45101010
1545         INFORMATICA CORP   4457.132040  45103010
[nan]
cluster 6:
                             name          mc     gics8
644           STAR SCIENTIFIC INC  317.380439  30203010
2777  SAVIENT PHARMACEUTICALS INC  306.800709  35201010
852       CYTORI THERAPEUTICS INC  173.151757  35201010
1192      AMICUS THERAPEUTICS INC  158.799360  35201010
1300      GENMARK DIAGNOSTICS INC  127.966058  35101010
1998              MICROVISION INC   97.439396  45203010
2691  SOMAXON PHARMACEUTICALS INC   47.198002  35202010
8                     BALQON CORP   29.540969  20106010
34                  ORAGENICS INC   13.355238  35201010
[nan]
cluster 2:
                              name             mc     gics8
2283           PROCTER & GAMBLE CO  176122.136860  30301010
1690                  COCA-COLA CO  161541.843002  30201030
2272                   PEPSICO INC  102057.120483  30201030
1046  ENTERPRISE PRODS PRTNRS  -LP   36011.814939  10102040
1809          LAS VEGAS SANDS CORP   33993.774688  25301010
3245                YUM BRANDS INC   25282.049503  25301040
110      AUTOMATIC DATA PROCESSING   24554.722790  45102020
1288                   CORNING INC   23567.039581  45203015
1680     KINDER MORGAN ENERGY  -LP   23132.377128  10102040
3214              WYNN RESORTS LTD   19331.046667  25301010
[nan]
cluster 8:
                          name             mc     gics8
3225          EXXON MOBIL CORP  359893.717184  10102010
830               CHEVRON CORP  197974.835570  10102010
1561                INTEL CORP  106387.045565  45301020
2653          SCHLUMBERGER LTD  105412.577930  10101020
721             CONOCOPHILLIPS   95927.214985  10102010
3042  UNITED TECHNOLOGIES CORP   67471.936661  20101010
1926                     3M CO   58877.275230  20105010
547            CATERPILLAR INC   58792.037415  20106010
826          CVS CAREMARK CORP   48334.859795  30101010
2134                 NEWS CORP   45365.462059  25401030
[nan]
cluster 7:
                             name             mc     gics8
57                      APPLE INC  356700.380215  45202010
1974               MICROSOFT CORP  222801.603195  45103020
1495  INTL BUSINESS MACHINES CORP  205308.369433  45102010
1309                   GOOGLE INC  174550.487974  45101010
1258          GENERAL ELECTRIC CO  172891.489407  20105010
1847              MCDONALD'S CORP   93275.996364  25301040
1021                  EMC CORP/MA   46647.131470  45202020
3078             VMWARE INC -CL A   39781.045135  45103020
970                      EBAY INC   39773.339422  45101010
2959              TIME WARNER INC   33306.319839  25401030
[nan]
cluster 0:
                           name            mc     gics8
1068        EXPRESS SCRIPTS INC  22916.341399  35102015
1852              MCKESSON CORP  19687.102037  35102010
532         CARDINAL HEALTH INC  14921.750259  35102010
64       AMERISOURCEBERGEN CORP  10767.737807  35102010
341                   AVNET INC   4009.398373  45203030
2124                    NVR INC   3551.027124  25201030
891              D R HORTON INC   3323.962822  25201030
1534           INGRAM MICRO INC   2808.750628  45203030
634   CATALYST HEALTH SOLUTIONS   2661.235219  35102015
352            ANIXTER INTL INC   2060.183550  45203030
[nan]
cluster 5:
                              name             mc     gics8
3111    VERIZON COMMUNICATIONS INC  102367.964456  50101020
2221     OCCIDENTAL PETROLEUM CORP   70499.727994  10102010
249                    APACHE CORP   39561.916488  10102020
252        ANADARKO PETROLEUM CORP   36713.431053  10102020
956              DEVON ENERGY CORP   28352.940765  10102020
1040             EOG RESOURCES INC   24865.567952  10102020
1964             MARATHON OIL CORP   19220.880054  10102020
2025              NOBLE ENERGY INC   15639.720108  10102020
2555            SPRINT NEXTEL CORP   11253.679971  50102010
2410  PIONEER NATURAL RESOURCES CO    9086.761320  10102020
[nan]
cluster 10:
                         name             mc     gics8
1638        JOHNSON & JOHNSON  180330.177504  35202010
2278               PFIZER INC  148084.366888  35202010
1961               MERCK & CO  102032.300835  35202010
2416             QUALCOMM INC   86298.418465  45201020
75        ABBOTT LABORATORIES   81735.831402  35202010
1940         ALTRIA GROUP INC   56317.275330  30203010
205                 AMGEN INC   51194.218872  35201010
459   BRISTOL-MYERS SQUIBB CO   50575.000000  35202010
1760         LILLY (ELI) & CO   43424.901970  35202010
1278      GILEAD SCIENCES INC   30966.913290  35201010
[nan]
cluster 1:
                           name            mc     gics8
3001     UNITEDHEALTH GROUP INC  50798.880489  35102030
1475                 HUMANA INC  12952.643330  35102030
1102                EXPEDIA INC   8307.667643  25502020
146             AMERIGROUP CORP   2392.097165  35102030
3129  WELLCARE HEALTH PLANS INC   1955.841158  35102030
1946      MOLINA HEALTHCARE INC    885.772244  35102030
935           DIGITAL RIVER INC    798.451592  45101010
2063              BLUE NILE INC    560.472247  25502020
2493             REACHLOCAL INC    425.180107  25401010
2586          SOCKET MOBILE INC      8.191943  45202020
[nan]
cluster 22:
                           name           mc     gics8
1472  HERTZ GLOBAL HOLDINGS INC  4663.858612  20304020
405      BRIGHAM EXPLORATION CO  3388.479379  10102020
3219         EXCO RESOURCES INC  2863.569103  10102020
2930    TESLA MOTORS INC  -REDH  2572.489608  25102010
2143        OASIS PETROLEUM INC  2458.627490  10102020
218                  AMYRIS INC   901.024347  10102030
3256                 ZIPCAR INC   820.490919  20304020
1387              HECKMANN CORP   675.850636  30201030
246            A123 SYSTEMS INC   602.399242  20104010
1257    GOODRICH PETROLEUM CORP   578.673811  10102020
[nan]
cluster 13:
                             name            mc     gics8
670     CONTINENTAL RESOURCES INC  10089.653920  10102020
372  BREITBURN ENERGY PARTNERS LP   1091.648263  10102020
[nan]
cluster 23:
                  name         mc     gics8
387  BEACON POWER CORP  25.819938  20104020
[nan]
cluster 15:
                            name          mc     gics8
530  CADENCE PHARMACEUTICALS INC  415.833268  35202010
[nan]
cluster 4:
               name           mc     gics8
1854   MOLYCORP INC  4741.765084  15104020
914   DENDREON CORP  1828.083589  35201010
1267       GEVO INC   276.963744  10102030
[nan]
cluster 21:
           name         mc     gics8
965  DAXOR CORP  44.544089  35101010
[nan]
cluster 20:
           name         mc     gics8
968  DYNEGY INC  538.03496  55105010
[nan]
cluster 18:
                              name           mc     gics8
1560      WORLD FUEL SERVICES CORP  2641.953936  10102030
1622      JAZZ PHARMACEUTICALS INC  1790.197724  35202010
2237      PRESTIGE BRANDS HOLDINGS   540.912492  30302010
3195  WAYSIDE TECHNOLOGY GROUP INC    54.785525  45203030
[nan]
cluster 11:
                         name         mc     gics8
2012  NABI BIOPHARMACEUTICALS  81.052293  35201010
[nan]
cluster 14:
                        name         mc     gics8
2061  NICHOLAS FINANCIAL INC  132.24829  40202010
[nan]
cluster 17:
                      name          mc     gics8
2355  PILGRIM'S PRIDE CORP  746.397027  30202030
[nan]
cluster 16:
                 name        mc     gics8
2960  TRANSWITCH CORP  86.67639  45301020
[nan]
cluster 19:
                  name         mc     gics8
3151  WORLD HEART CORP  11.740225  35101010
[nan]
<class 'pandas.core.frame.DataFrame'>
Int64Index: 1595 entries, 0 to 3264
Data columns (total 34 columns):
symbol                        1595 non-null object
act_m_che__ppent              1595 non-null float64
ap__act_m_che_ppent           1595 non-null float64
ap_revtq2                     1595 non-null float64
capxq__act_m_che_ppent        1595 non-null float64
capxq_revtq2                  1595 non-null float64
cfroq__act_m_che_ppent        1595 non-null float64
cfroq_revtq2                  1595 non-null float64
cogsq_revtq2                  1595 non-null float64
dpq_capxq                     1595 non-null float64
dpq_gpq                       1595 non-null float64
dpq_revtq2                    1595 non-null float64
gpq__act_m_che_ppent          1595 non-null float64
gpq_revtq2                    1595 non-null float64
invt__act_m_che               1595 non-null float64
invt_revtq2                   1595 non-null float64
lct_m_dlc__act_m_che          1595 non-null float64
lct_m_dlc__act_m_che_ppent    1595 non-null float64
oiadpq_revtq2                 1595 non-null float64
ppent_ppegt                   1595 non-null float64
rect__act_m_che               1595 non-null float64
rect_revtq2                   1595 non-null float64
revtltm_pqoq                  1595 non-null float64
revtq2_ppent                  1595 non-null float64
revtq2_pqoq                   1595 non-null float64
revtq2_pyoy                   1595 non-null float64
xrdq2__act_m_che_ppent        1595 non-null float64
xrdq2_revtq2                  1595 non-null float64
name                          1595 non-null object
fyr_used                      1595 non-null float64
gics8                         1595 non-null int32
mc                            1595 non-null float64
kmeans.fact_024               1595 non-null int64
hier.fact_024                 1595 non-null int64
dtypes: float64(29), int32(1), int64(2), object(2)
memory usage: 429.9+ KB
None
