doing n_clusters= 68
getting quarter=q0 from ../data/fa_data/q0.csv
<class 'pandas.core.frame.DataFrame'>
Int64Index: 1595 entries, 0 to 3264
Data columns (total 32 columns):
symbol                        1595 non-null object
act_m_che__ppent              1595 non-null float64
ap__act_m_che_ppent           1595 non-null float64
ap_revtq2                     1595 non-null float64
capxq__act_m_che_ppent        1595 non-null float64
capxq_revtq2                  1595 non-null float64
cfroq__act_m_che_ppent        1595 non-null float64
cfroq_revtq2                  1595 non-null float64
cogsq_revtq2                  1595 non-null float64
dpq_capxq                     1595 non-null float64
dpq_gpq                       1595 non-null float64
dpq_revtq2                    1595 non-null float64
gpq__act_m_che_ppent          1595 non-null float64
gpq_revtq2                    1595 non-null float64
invt__act_m_che               1595 non-null float64
invt_revtq2                   1595 non-null float64
lct_m_dlc__act_m_che          1595 non-null float64
lct_m_dlc__act_m_che_ppent    1595 non-null float64
oiadpq_revtq2                 1595 non-null float64
ppent_ppegt                   1595 non-null float64
rect__act_m_che               1595 non-null float64
rect_revtq2                   1595 non-null float64
revtltm_pqoq                  1595 non-null float64
revtq2_ppent                  1595 non-null float64
revtq2_pqoq                   1595 non-null float64
revtq2_pyoy                   1595 non-null float64
xrdq2__act_m_che_ppent        1595 non-null float64
xrdq2_revtq2                  1595 non-null float64
name                          1595 non-null object
fyr_used                      1595 non-null float64
gics8                         1595 non-null int32
mc                            1595 non-null float64
dtypes: float64(29), int32(1), object(2)
memory usage: 405.0+ KB
None
<class 'pandas.core.frame.DataFrame'>
Int64Index: 1595 entries, 0 to 3264
Data columns (total 27 columns):
act_m_che__ppent              1595 non-null float64
ap__act_m_che_ppent           1595 non-null float64
ap_revtq2                     1595 non-null float64
capxq__act_m_che_ppent        1595 non-null float64
capxq_revtq2                  1595 non-null float64
cfroq__act_m_che_ppent        1595 non-null float64
cfroq_revtq2                  1595 non-null float64
cogsq_revtq2                  1595 non-null float64
dpq_capxq                     1595 non-null float64
dpq_gpq                       1595 non-null float64
dpq_revtq2                    1595 non-null float64
gpq__act_m_che_ppent          1595 non-null float64
gpq_revtq2                    1595 non-null float64
invt__act_m_che               1595 non-null float64
invt_revtq2                   1595 non-null float64
lct_m_dlc__act_m_che          1595 non-null float64
lct_m_dlc__act_m_che_ppent    1595 non-null float64
oiadpq_revtq2                 1595 non-null float64
ppent_ppegt                   1595 non-null float64
rect__act_m_che               1595 non-null float64
rect_revtq2                   1595 non-null float64
revtltm_pqoq                  1595 non-null float64
revtq2_ppent                  1595 non-null float64
revtq2_pqoq                   1595 non-null float64
revtq2_pyoy                   1595 non-null float64
xrdq2__act_m_che_ppent        1595 non-null float64
xrdq2_revtq2                  1595 non-null float64
dtypes: float64(27)
memory usage: 348.9 KB
None
                             mu   sd   100%   75%   50%   25%    00%
act_m_che__ppent            0.0  1.0  27.09  0.00 -0.21 -0.32  -0.40
ap__act_m_che_ppent         0.0  1.0  15.04  0.17 -0.22 -0.49  -0.84
ap_revtq2                   0.0  1.0  35.03  0.02 -0.09 -0.19  -0.34
capxq__act_m_che_ppent      0.0  1.0  13.41  0.18 -0.29 -0.55  -0.94
capxq_revtq2                0.0  1.0  30.74 -0.08 -0.17 -0.22  -0.29
cfroq__act_m_che_ppent      0.0  1.0   5.77  0.19 -0.10 -0.24 -21.83
cfroq_revtq2                0.0  1.0   0.25  0.07  0.04  0.01 -38.60
cogsq_revtq2                0.0  1.0  39.48  0.08 -0.01 -0.13  -0.38
dpq_capxq                   0.0  1.0  35.25 -0.01 -0.12 -0.18  -5.49
dpq_gpq                     0.0  1.0  31.60  0.04 -0.07 -0.12 -19.72
dpq_revtq2                  0.0  1.0  30.14  0.03 -0.19 -0.30  -0.47
gpq__act_m_che_ppent        0.0  1.0  11.66  0.23 -0.29 -0.58  -1.70
gpq_revtq2                  0.0  1.0   0.38  0.13  0.01 -0.08 -39.48
invt__act_m_che             0.0  1.0   2.93  0.70  0.05 -0.84  -1.51
invt_revtq2                 0.0  1.0  39.82 -0.01 -0.04 -0.07  -0.08
lct_m_dlc__act_m_che        0.0  1.0  33.39  0.04 -0.17 -0.28  -0.53
lct_m_dlc__act_m_che_ppent  0.0  1.0  14.78  0.09 -0.25 -0.47  -0.83
oiadpq_revtq2               0.0  1.0   0.14  0.05  0.04  0.03 -39.32
ppent_ppegt                 0.0  1.0   2.92  0.63 -0.08 -0.70  -2.49
rect__act_m_che             0.0  1.0   2.49  0.65 -0.04 -0.61  -2.48
rect_revtq2                 0.0  1.0  36.44  0.08 -0.04 -0.17  -0.48
revtltm_pqoq                0.0  1.0  39.23  0.01 -0.05 -0.09  -0.72
revtq2_ppent                0.0  1.0  15.94 -0.02 -0.26 -0.39  -0.50
revtq2_pqoq                 0.0  1.0  24.23  0.06 -0.04 -0.11 -23.02
revtq2_pyoy                 0.0  1.0  32.17  0.01 -0.08 -0.14  -0.78
xrdq2__act_m_che_ppent      0.0  1.0  19.14  0.02 -0.36 -0.36  -0.36
xrdq2_revtq2                0.0  1.0  39.62 -0.02 -0.05 -0.05  -0.05
kmeans_class dist: Counter({66: 147, 43: 130, 48: 84, 41: 83, 38: 79, 31: 77, 0: 70, 18: 68, 2: 63, 25: 58, 59: 55, 23: 54, 7: 51, 50: 47, 11: 44, 55: 41, 67: 41, 16: 39, 54: 36, 28: 34, 21: 33, 65: 29, 33: 25, 42: 25, 3: 21, 56: 18, 47: 13, 52: 13, 51: 12, 6: 11, 46: 10, 44: 9, 37: 8, 53: 7, 27: 6, 60: 6, 61: 6, 62: 4, 17: 3, 24: 3, 20: 2, 34: 2, 35: 2, 49: 2, 1: 1, 4: 1, 5: 1, 8: 1, 9: 1, 10: 1, 12: 1, 13: 1, 14: 1, 15: 1, 19: 1, 22: 1, 26: 1, 29: 1, 30: 1, 32: 1, 36: 1, 39: 1, 40: 1, 45: 1, 57: 1, 58: 1, 63: 1, 64: 1})
_n,inertia 68 4390.85799555
******************writing: ../data/kmeans_fact.068.csv
cluster 0:
                       name            mc     gics8
39   MOTOROLA SOLUTIONS INC  14442.615553  45201020
37    MCGRAW-HILL COMPANIES  12687.742670  25401040
36               MATTEL INC   9251.340961  25202010
48      ROCKWELL AUTOMATION   9184.025045  20104010
49  ROPER INDUSTRIES INC/DE   7392.278552  20104010
30          KLA-TENCOR CORP   6129.888152  45301010
19               HASBRO INC   5228.202514  25202010
29     KINETIC CONCEPTS INC   4925.557282  35101010
62   TRIMBLE NAVIGATION LTD   4558.897805  45203020
44              POLYCOM INC   4209.010763  45201020
[['gpq__act_m_che_ppent, cfroq__act_m_che_ppent, act_m_che__ppent, gpq_revtq2, dpq_capxq, lct_m_dlc__act_m_che_ppent, xrdq2__act_m_che_ppent, cfroq_revtq2, revtq2_ppent']]
cluster 1:
                name         mc     gics8
70  WORLD HEART CORP  11.740225  35101010
[['invt_revtq2, xrdq2_revtq2, cogsq_revtq2, rect_revtq2, ap_revtq2, dpq_revtq2, invt__act_m_che, xrdq2__act_m_che_ppent, capxq_revtq2']]
cluster 2:
                             name           mc     gics8
131  VARIAN SEMICONDUCTOR EQUIPMT  4652.551347  45301010
74                     ATMEL CORP  4183.566893  45301020
125        TUPPERWARE BRANDS CORP  4075.828947  25201050
95   FREESCALE SMCNDCTR HLD I LTD  2817.500000  45301020
77                       AVX CORP  2228.388702  45203015
110          NOVELLUS SYSTEMS INC  1947.547348  45301010
87                    DIEBOLD INC  1846.135427  45202010
132          WOLVERINE WORLD WIDE  1792.418719  25203020
116          RF MICRO DEVICES INC  1716.259630  45301020
107                MICROSEMI CORP  1346.031613  45301020
[['invt__act_m_che, act_m_che__ppent, xrdq2__act_m_che_ppent, dpq_capxq, oiadpq_revtq2, cfroq_revtq2, gpq_revtq2, invt_revtq2, rect_revtq2']]
cluster 3:
                             name            mc     gics8
142    CF INDUSTRIES HOLDINGS INC  13103.164682  15101030
137   ALEXION PHARMACEUTICALS INC  10663.328215  35201010
147        LEUCADIA NATIONAL CORP   7246.685520  40201030
154             WALTER ENERGY INC   5098.205275  15104020
150                  ROCK-TENN CO   3821.672228  15103020
143    ENDO PHARMACEUTICALS HLDGS   3725.725711  35202010
153      UNITED THERAPEUTICS CORP   2516.263474  35201010
140                     SOTHEBY'S   2513.647404  25302020
151  SIX FLAGS ENTERTAINMENT CORP   1831.863567  25301030
145           HARBINGER GROUP INC    637.544851  30202030
[['ppent_ppegt, revtq2_pqoq, rect__act_m_che, rect_revtq2, cfroq__act_m_che_ppent, revtq2_pyoy, revtltm_pqoq, gpq_revtq2, cfroq_revtq2']]
cluster 4:
                             name          mc     gics8
155  ADVANCED CELL TECHNOLOGY INC  263.719339  35201010
[['xrdq2__act_m_che_ppent, ap__act_m_che_ppent, ap_revtq2, lct_m_dlc__act_m_che_ppent, lct_m_dlc__act_m_che, xrdq2_revtq2, cogsq_revtq2, dpq_revtq2, capxq__act_m_che_ppent']]
cluster 5:
           name         mc     gics8
156  DAXOR CORP  44.544089  35101010
[['lct_m_dlc__act_m_che, lct_m_dlc__act_m_che_ppent, ap_revtq2, ppent_ppegt, dpq_revtq2, xrdq2__act_m_che_ppent, invt__act_m_che, xrdq2_revtq2, ap__act_m_che_ppent']]
cluster 6:
                            name           mc     gics8
162                LINKEDIN CORP  8098.090548  45101010
164      HIGHER ONE HOLDINGS INC   908.218262  20201070
167                    VOCUS INC   416.806823  45101010
161       LIMELIGHT NETWORKS INC   285.889003  45101010
157                  CBEYOND INC   277.083541  50101020
159                EPOCRATES INC   249.029013  35103010
163  MULTIMEDIA GAMES HOLDING CO   130.941630  25301010
158                ELLIE MAE INC   113.380597  45103010
166     SMITH MICRO SOFTWARE INC    67.503542  45103010
165     SCIENTIFIC LEARNING CORP    53.051676  45103010
[['capxq__act_m_che_ppent, rect__act_m_che, gpq__act_m_che_ppent, lct_m_dlc__act_m_che_ppent, xrdq2__act_m_che_ppent, lct_m_dlc__act_m_che, dpq_revtq2, capxq_revtq2, gpq_revtq2']]
cluster 7:
                          name            mc     gics8
215           VMWARE INC -CL A  39781.045135  45103020
173         CITRIX SYSTEMS INC  11362.108851  45103010
186       JUNIPER NETWORKS INC  11145.727207  45201020
176            F5 NETWORKS INC   6584.901151  45201020
196  NUANCE COMMUNICATIONS INC   5646.081771  45103010
205                  ROVI CORP   5463.079209  45103020
170                  ANSYS INC   4975.039114  45103010
207    RIVERBED TECHNOLOGY INC   3850.489803  45201020
204                ROLLINS INC   3071.770740  20201050
191            MORNINGSTAR INC   3015.163192  25401040
[['gpq__act_m_che_ppent, lct_m_dlc__act_m_che_ppent, cfroq__act_m_che_ppent, rect__act_m_che, xrdq2__act_m_che_ppent, lct_m_dlc__act_m_che, gpq_revtq2, dpq_capxq, capxq__act_m_che_ppent']]
cluster 8:
                            name          mc     gics8
219  CADENCE PHARMACEUTICALS INC  415.833268  35202010
[['revtltm_pqoq, revtq2_pqoq, invt__act_m_che, ppent_ppegt, capxq__act_m_che_ppent, ap__act_m_che_ppent, xrdq2__act_m_che_ppent, lct_m_dlc__act_m_che_ppent, ap_revtq2']]
cluster 9:
                  name         mc     gics8
220  BEACON POWER CORP  25.819938  20104020
[['capxq_revtq2, dpq_revtq2, dpq_gpq, ap_revtq2, lct_m_dlc__act_m_che, ppent_ppegt, capxq__act_m_che_ppent, revtq2_pyoy, xrdq2_revtq2']]
cluster 10:
             name           mc     gics8
221  MOLYCORP INC  4741.765084  15104020
[['revtq2_pyoy, capxq__act_m_che_ppent, revtq2_pqoq, revtltm_pqoq, ppent_ppegt, capxq_revtq2, invt__act_m_che, ap_revtq2, cfroq_revtq2']]
cluster 11:
                             name             mc     gics8
242   INTL BUSINESS MACHINES CORP  205308.369433  45102010
265                    VIACOM INC   27820.009557  25401030
260                 TERADATA CORP    8817.423783  45102010
248  ALLSCRIPTS HEALTHCARE SOLTNS    3374.534510  35103010
247                    MEDNAX INC    3181.903161  35102015
252           QUALITY SYSTEMS INC    2692.873176  35103010
228  BROADRIDGE FINANCIAL SOLUTNS    2575.433899  45102020
255     SALIX PHARMACEUTICALS LTD    1780.827774  35202010
225          ASPEN TECHNOLOGY INC    1582.262366  45103010
238            FTI CONSULTING INC    1511.770955  20202020
[['rect__act_m_che, gpq__act_m_che_ppent, revtq2_ppent, lct_m_dlc__act_m_che_ppent, cfroq__act_m_che_ppent, act_m_che__ppent, rect_revtq2, xrdq2__act_m_che_ppent, gpq_revtq2']]
cluster 12:
                name        mc     gics8
266  TRANSWITCH CORP  86.67639  45301020
[['dpq_capxq, xrdq2__act_m_che_ppent, lct_m_dlc__act_m_che_ppent, rect__act_m_che, gpq__act_m_che_ppent, act_m_che__ppent, rect_revtq2, revtq2_ppent, gpq_revtq2']]
cluster 13:
                         name           mc     gics8
267  JAZZ PHARMACEUTICALS INC  1790.197724  35202010
[['revtq2_ppent, gpq__act_m_che_ppent, act_m_che__ppent, cfroq__act_m_che_ppent, dpq_capxq, lct_m_dlc__act_m_che_ppent, rect__act_m_che, xrdq2__act_m_che_ppent, gpq_revtq2']]
cluster 14:
                     name          mc     gics8
268  PILGRIM'S PRIDE CORP  746.397027  30202030
[['dpq_gpq, invt__act_m_che, cogsq_revtq2, ppent_ppegt, oiadpq_revtq2, invt_revtq2, cfroq_revtq2, revtltm_pqoq, xrdq2_revtq2']]
cluster 15:
                       name         mc     gics8
269  NICHOLAS FINANCIAL INC  132.24829  40202010
[['act_m_che__ppent, rect_revtq2, rect__act_m_che, revtq2_ppent, gpq_revtq2, cfroq_revtq2, ap_revtq2, oiadpq_revtq2, xrdq2_revtq2']]
cluster 16:
                             name            mc     gics8
292           NEWMONT MINING CORP  30945.420665  15104030
294       O'REILLY AUTOMOTIVE INC   8820.774005  25504050
289  MAGELLAN MIDSTREAM PRTNRS LP   6760.837998  10102040
272                AUTONATION INC   5882.311184  25504050
286                      LKQ CORP   3741.972712  25501010
279              GNC HOLDINGS INC   2513.073295  25504040
276                CVR ENERGY INC   2460.783035  10102030
300   SPIRIT AEROSYSTEMS HOLDINGS   2396.408186  20101010
302           TREEHOUSE FOODS INC   1964.848998  30202030
304               CVR PARTNERS LP   1776.162984  15101030
[['invt__act_m_che, ppent_ppegt, invt_revtq2, cogsq_revtq2, oiadpq_revtq2, cfroq_revtq2, revtq2_pqoq, revtltm_pqoq, revtq2_pyoy']]
cluster 17:
                        name          mc     gics8
309      STAR SCIENTIFIC INC  317.380439  30203010
310  GENMARK DIAGNOSTICS INC  127.966058  35101010
311          MICROVISION INC   97.439396  45203010
[['ap_revtq2, dpq_revtq2, invt__act_m_che, xrdq2__act_m_che_ppent, ap__act_m_che_ppent, capxq_revtq2, xrdq2_revtq2, cogsq_revtq2, invt_revtq2']]
cluster 18:
                            name             mc     gics8
356          PROCTER & GAMBLE CO  176122.136860  30301010
357  PHILIP MORRIS INTERNATIONAL  122100.113764  30203010
329            CVS CAREMARK CORP   48334.859795  30101010
359        REYNOLDS AMERICAN INC   21899.998599  30203010
340                   HERSHEY CO   13331.565247  30202030
322   CAMERON INTERNATIONAL CORP   12733.603466  10101020
361            RALPH LAUREN CORP   12668.964266  25203010
377       WHOLE FOODS MARKET INC   11701.363909  30101030
333                  FASTENAL CO    9876.975093  20107010
379              WEYERHAEUSER CO    9711.679834  40402070
[['invt__act_m_che, ppent_ppegt, oiadpq_revtq2, cfroq_revtq2, capxq__act_m_che_ppent, invt_revtq2, gpq_revtq2, cogsq_revtq2, dpq_gpq']]
cluster 19:
                         name          mc     gics8
380  WAVE SYSTEMS CORP  -CL A  191.249596  45103020
[['xrdq2__act_m_che_ppent, gpq__act_m_che_ppent, lct_m_dlc__act_m_che_ppent, ap__act_m_che_ppent, rect__act_m_che, revtq2_ppent, lct_m_dlc__act_m_che, cfroq__act_m_che_ppent, gpq_revtq2']]
cluster 20:
                             name            mc     gics8
382     CONTINENTAL RESOURCES INC  10089.653920  10102020
381  BREITBURN ENERGY PARTNERS LP   1091.648263  10102020
[['ppent_ppegt, capxq__act_m_che_ppent, capxq_revtq2, dpq_revtq2, rect__act_m_che, revtltm_pqoq, ap_revtq2, gpq_revtq2, cfroq_revtq2']]
cluster 21:
                          name            mc     gics8
388  AUTOMATIC DATA PROCESSING  24554.722790  45102020
406              MCKESSON CORP  19687.102037  35102010
392        CARDINAL HEALTH INC  14921.750259  35102010
385     AMERISOURCEBERGEN CORP  10767.737807  35102010
389                  AVNET INC   4009.398373  45203030
403           INGRAM MICRO INC   2808.750628  45203030
390           ANIXTER INTL INC   2060.183550  45203030
415                 WATSCO INC   1965.187258  20107010
409          OWENS & MINOR INC   1877.359424  35102010
412             WESCO INTL INC   1864.985617  20107010
[['revtq2_ppent, act_m_che__ppent, ap__act_m_che_ppent, invt__act_m_che, revtq2_pqoq, lct_m_dlc__act_m_che_ppent, ap_revtq2, cogsq_revtq2, dpq_capxq']]
cluster 22:
         name          mc     gics8
416  GEVO INC  276.963744  10102030
[['revtq2_pyoy, ppent_ppegt, invt__act_m_che, xrdq2__act_m_che_ppent, revtltm_pqoq, capxq__act_m_che_ppent, dpq_gpq, cogsq_revtq2, dpq_revtq2']]
cluster 23:
                           name             mc     gics8
427                CHEVRON CORP  197974.835570  10102010
467  VERIZON COMMUNICATIONS INC  102367.964456  50101020
446   OCCIDENTAL PETROLEUM CORP   70499.727994  10102010
420                 APACHE CORP   39561.916488  10102020
421     ANADARKO PETROLEUM CORP   36713.431053  10102020
451                 PRAXAIR INC   29759.581820  15101040
428           DEVON ENERGY CORP   28352.940765  10102020
443           MARATHON OIL CORP   19220.880054  10102020
455          SPRINT NEXTEL CORP   11253.679971  50102010
466            VIRGIN MEDIA INC    7944.090048  25401025
[['rect__act_m_che, capxq__act_m_che_ppent, dpq_revtq2, capxq_revtq2, dpq_gpq, cfroq_revtq2, gpq_revtq2, revtq2_pqoq, oiadpq_revtq2']]
cluster 24:
                     name           mc     gics8
471        CLEARWIRE CORP  2935.166316  50102010
473        GLOBALSTAR INC   239.846185  50101010
472  DELTA PETROLEUM CORP    93.685895  10102020
[['dpq_revtq2, dpq_gpq, capxq_revtq2, ppent_ppegt, ap_revtq2, lct_m_dlc__act_m_che, revtq2_pyoy, revtltm_pqoq, revtq2_pqoq']]
cluster 25:
                             name            mc     gics8
524               TIME WARNER INC  33306.319839  25401030
479                      CBS CORP  16733.399490  25401020
529          WASTE MANAGEMENT INC  15605.835620  20201050
508         NORTHROP GRUMMAN CORP  15183.352913  20101010
531                    XEROX CORP  11648.834460  45204010
514         REPUBLIC SERVICES INC  11430.540230  20201050
480                   CERNER CORP  11142.749984  35103010
494           HARLEY-DAVIDSON INC   9139.677955  25102020
488  DIAMOND OFFSHRE DRILLING INC   8860.193105  10101010
520       MOLSON COORS BREWING CO   8189.999866  30201010
[['rect__act_m_che, ppent_ppegt, rect_revtq2, oiadpq_revtq2, cfroq_revtq2, cogsq_revtq2, dpq_gpq, cfroq__act_m_che_ppent, gpq_revtq2']]
cluster 26:
              name          mc     gics8
532  BLUE NILE INC  560.472247  25502020
[['ap__act_m_che_ppent, lct_m_dlc__act_m_che_ppent, invt__act_m_che, capxq__act_m_che_ppent, gpq__act_m_che_ppent, lct_m_dlc__act_m_che, revtq2_ppent, ap_revtq2, cfroq__act_m_che_ppent']]
cluster 27:
                          name           mc     gics8
536  HERTZ GLOBAL HOLDINGS INC  4663.858612  20304020
533     BRIGHAM EXPLORATION CO  3388.479379  10102020
538         EXCO RESOURCES INC  2863.569103  10102020
537        OASIS PETROLEUM INC  2458.627490  10102020
534    GOODRICH PETROLEUM CORP   578.673811  10102020
535          GMX RESOURCES INC   171.638438  10102020
[['capxq_revtq2, capxq__act_m_che_ppent, dpq_revtq2, ppent_ppegt, rect__act_m_che, revtq2_pqoq, ap_revtq2, dpq_gpq, revtq2_pyoy']]
cluster 28:
                           name            mc     gics8
547               BROADCOM CORP  19072.750816  45301020
570  VERTEX PHARMACEUTICALS INC   9392.303131  35201010
568                SANDISK CORP   8767.628715  45202020
543      ADVANCED MICRO DEVICES   4719.529947  45301020
554                    LSI CORP   3890.062834  45301020
559   NETLOGIC MICROSYSTEMS INC   2071.546082  45301020
548                  CAVIUM INC   1564.280759  45301020
567    SILICON LABORATORIES INC   1531.174420  45301020
563                 QLOGIC CORP   1460.032682  45202020
561              PMC-SIERRA INC   1422.228208  45301020
[['xrdq2__act_m_che_ppent, gpq__act_m_che_ppent, cfroq__act_m_che_ppent, lct_m_dlc__act_m_che_ppent, ap__act_m_che_ppent, gpq_revtq2, invt__act_m_che, revtq2_ppent, xrdq2_revtq2']]
cluster 29:
                        name         mc     gics8
573  NABI BIOPHARMACEUTICALS  81.052293  35201010
[['xrdq2__act_m_che_ppent, lct_m_dlc__act_m_che_ppent, dpq_capxq, gpq__act_m_che_ppent, cfroq__act_m_che_ppent, lct_m_dlc__act_m_che, revtq2_ppent, ap__act_m_che_ppent, xrdq2_revtq2']]
cluster 30:
           name         mc     gics8
574  DYNEGY INC  538.03496  55105010
[['ppent_ppegt, dpq_revtq2, capxq_revtq2, cogsq_revtq2, revtq2_pyoy, ap_revtq2, oiadpq_revtq2, revtltm_pqoq, invt_revtq2']]
cluster 31:
                        name             mc     gics8
614        JOHNSON & JOHNSON  180330.177504  35202010
629               PFIZER INC  148084.366888  35202010
624               MERCK & CO  102032.300835  35202010
631             QUALCOMM INC   86298.418465  45201020
575      ABBOTT LABORATORIES   81735.831402  35202010
581                AMGEN INC   51194.218872  35201010
586  BRISTOL-MYERS SQUIBB CO   50575.000000  35202010
592     COLGATE-PALMOLIVE CO   43770.040420  30301010
617         LILLY (ELI) & CO   43424.901970  35202010
604      GILEAD SCIENCES INC   30966.913290  35201010
[['cfroq__act_m_che_ppent, gpq__act_m_che_ppent, ppent_ppegt, xrdq2__act_m_che_ppent, gpq_revtq2, cfroq_revtq2, oiadpq_revtq2, xrdq2_revtq2, invt__act_m_che']]
cluster 32:
                            name         mc     gics8
652  SOMAXON PHARMACEUTICALS INC  47.198002  35202010
[['revtltm_pqoq, revtq2_pqoq, gpq__act_m_che_ppent, lct_m_dlc__act_m_che_ppent, ppent_ppegt, revtq2_ppent, ap__act_m_che_ppent, gpq_revtq2, capxq__act_m_che_ppent']]
cluster 33:
                      name           mc     gics8
656     CROWN HOLDINGS INC  5359.021094  15103010
677         WHIRLPOOL CORP  4764.439896  25201040
676  UNITED STATIONERS INC  1412.230299  20201060
666            MERITOR INC   797.679995  20106010
673       SANMINA-SCI CORP   623.482781  45203020
670          OFFICEMAX INC   539.247600  25504040
675           SYSTEMAX INC   491.183985  25504020
659  CAPSTONE TURBINE CORP   311.367566  20104020
653         ARCTIC CAT INC   285.084841  25202010
663           IMATION CORP   268.313797  45202020
[['ap__act_m_che_ppent, invt__act_m_che, lct_m_dlc__act_m_che_ppent, ap_revtq2, revtq2_ppent, act_m_che__ppent, dpq_capxq, cogsq_revtq2, xrdq2__act_m_che_ppent']]
cluster 34:
                             name           mc     gics8
678      WORLD FUEL SERVICES CORP  2641.953936  10102030
679  WAYSIDE TECHNOLOGY GROUP INC    54.785525  45203030
[['revtq2_ppent, act_m_che__ppent, ap__act_m_che_ppent, rect__act_m_che, dpq_capxq, lct_m_dlc__act_m_che_ppent, revtq2_pyoy, cogsq_revtq2, revtq2_pqoq']]
cluster 35:
             name          mc     gics8
681    ZIPCAR INC  820.490919  20304020
680  WINMARK CORP  233.185319  25504040
[['capxq__act_m_che_ppent, ppent_ppegt, capxq_revtq2, rect__act_m_che, gpq__act_m_che_ppent, cfroq__act_m_che_ppent, lct_m_dlc__act_m_che, revtq2_pqoq, revtq2_ppent']]
cluster 36:
               name         mc     gics8
682  VERMILLION INC  41.324363  35101010
[['xrdq2__act_m_che_ppent, lct_m_dlc__act_m_che_ppent, ap__act_m_che_ppent, lct_m_dlc__act_m_che, ap_revtq2, capxq__act_m_che_ppent, xrdq2_revtq2, capxq_revtq2, gpq__act_m_che_ppent']]
cluster 37:
                          name           mc     gics8
683                  ARIBA INC  2646.639961  45103020
687                LOGMEIN INC   755.596578  45101010
685          DICE HOLDINGS INC   676.090517  45101010
688                LOOPNET INC   584.974650  45101010
684       CONSTANT CONTACT INC   567.356183  45101010
690                   ZIX CORP   217.595039  45101010
686  FRIENDFINDER NETWORKS INC    88.908749  45101010
689         SPARK NETWORKS INC    67.136471  45101010
[['gpq__act_m_che_ppent, lct_m_dlc__act_m_che_ppent, capxq__act_m_che_ppent, lct_m_dlc__act_m_che, cfroq__act_m_che_ppent, xrdq2__act_m_che_ppent, revtq2_ppent, gpq_revtq2, ap__act_m_che_ppent']]
cluster 38:
                          name            mc     gics8
749   PRECISION CASTPARTS CORP  23598.603636  20101010
718      GENERAL DYNAMICS CORP  23181.891068  20101010
692  ARCHER-DANIELS-MIDLAND CO  19252.479691  30202010
762                    VF CORP  12829.506732  25203010
723              GOODRICH CORP  11147.966785  20101010
712                 FLUOR CORP  10553.362467  20103010
722           GENUINE PARTS CO   8625.320318  25501010
728         SCHEIN (HENRY) INC   6089.070184  35102010
713             FLOWSERVE CORP   5203.039518  20106020
693                  AGCO CORP   4062.516312  20106010
[['invt__act_m_che, ap__act_m_che_ppent, cogsq_revtq2, oiadpq_revtq2, invt_revtq2, ap_revtq2, cfroq_revtq2, act_m_che__ppent, xrdq2_revtq2']]
cluster 39:
               name          mc     gics8
770  REACHLOCAL INC  425.180107  25401010
[['gpq__act_m_che_ppent, ap__act_m_che_ppent, lct_m_dlc__act_m_che_ppent, lct_m_dlc__act_m_che, capxq__act_m_che_ppent, xrdq2__act_m_che_ppent, cfroq__act_m_che_ppent, revtq2_ppent, rect__act_m_che']]
cluster 40:
              name           mc     gics8
771  DENDREON CORP  1828.083589  35201010
[['revtq2_pyoy, ppent_ppegt, revtltm_pqoq, revtq2_pqoq, dpq_revtq2, invt__act_m_che, dpq_gpq, gpq_revtq2, capxq_revtq2']]
cluster 41:
                             name            mc     gics8
785                CONOCOPHILLIPS  95927.214985  10102010
812               MCDONALD'S CORP  93275.996364  25301040
792  ENTERPRISE PRODS PRTNRS  -LP  36011.814939  10102040
811          LAS VEGAS SANDS CORP  33993.774688  25301010
807     KINDER MORGAN ENERGY  -LP  23132.377128  10102040
801                     HESS CORP  20168.620793  10102010
851              WILLIAMS COS INC  15870.119865  10102040
852          WILLIAMS PARTNERS LP  15738.053314  10102040
848            VALERO ENERGY CORP  12967.734979  10102030
816               MURPHY OIL CORP  10368.425285  10102010
[['ppent_ppegt, rect__act_m_che, dpq_gpq, cogsq_revtq2, capxq_revtq2, dpq_revtq2, oiadpq_revtq2, cfroq_revtq2, revtq2_pqoq']]
cluster 42:
                             name            mc     gics8
860             EOG RESOURCES INC  24865.567952  10102020
866              NOBLE ENERGY INC  15639.720108  10102020
869  PIONEER NATURAL RESOURCES CO   9086.761320  10102020
857          CABOT OIL & GAS CORP   7909.532500  10102020
867       NEWFIELD EXPLORATION CO   6871.516381  10102020
879             CIMAREX ENERGY CO   6083.070083  10102020
875          ULTRA PETROLEUM CORP   5122.904282  10102020
870  PLAINS EXPLORATION & PROD CO   4146.809978  10102020
872          SANDRIDGE ENERGY INC   3008.798177  10102020
855     APCO OIL AND GAS INTL INC   2329.979740  10102020
[['capxq_revtq2, capxq__act_m_che_ppent, dpq_revtq2, rect__act_m_che, ppent_ppegt, dpq_gpq, lct_m_dlc__act_m_che, ap_revtq2, gpq_revtq2']]
cluster 43:
                        name            mc     gics8
960                    3M CO  58877.275230  20105010
912             DOW CHEMICAL  33605.677812  15101020
980     SOUTHERN COPPER CORP  28549.159212  15104020
943      KIMBERLY-CLARK CORP  27124.554281  30301010
888    BECTON DICKINSON & CO  17695.810692  35101010
971               NUCOR CORP  11419.442799  15104050
1009     ZIMMER HOLDINGS INC  10831.855537  35101010
931       GRAINGER (W W) INC  10770.513730  20107010
895   BOSTON SCIENTIFIC CORP  10365.262996  35101010
977               PERRIGO CO   8789.787510  35202010
[['invt__act_m_che, oiadpq_revtq2, cfroq_revtq2, rect_revtq2, cogsq_revtq2, invt_revtq2, gpq_revtq2, revtq2_pqoq, dpq_gpq']]
cluster 44:
                           name            mc     gics8
1017     UNITEDHEALTH GROUP INC  50798.880489  35102030
1012        EXPRESS SCRIPTS INC  22916.341399  35102015
1014                 HUMANA INC  12952.643330  35102030
1013                EXPEDIA INC   8307.667643  25502020
1010            AMERIGROUP CORP   2392.097165  35102030
1018  WELLCARE HEALTH PLANS INC   1955.841158  35102030
1015      MOLINA HEALTHCARE INC    885.772244  35102030
1011          DIGITAL RIVER INC    798.451592  45101010
1016          SOCKET MOBILE INC      8.191943  45202020
[['ap__act_m_che_ppent, lct_m_dlc__act_m_che_ppent, revtq2_ppent, gpq__act_m_che_ppent, lct_m_dlc__act_m_che, rect__act_m_che, cfroq__act_m_che_ppent, ap_revtq2, capxq__act_m_che_ppent']]
cluster 45:
               name         mc     gics8
1019  ORAGENICS INC  13.355238  35201010
[['ap__act_m_che_ppent, xrdq2__act_m_che_ppent, ap_revtq2, lct_m_dlc__act_m_che_ppent, invt__act_m_che, lct_m_dlc__act_m_che, xrdq2_revtq2, dpq_gpq, cogsq_revtq2']]
cluster 46:
                              name           mc     gics8
1026  J2 GLOBAL COMMUNICATIONS INC  1454.469110  45101010
1023                      CEVA INC   621.489191  45301020
1028     MONOTYPE IMAGING HOLDINGS   420.579180  45103010
1027                STAMPS.COM INC   279.555755  45101010
1025                       8X8 INC   270.855135  50101010
1024                 DIGIMARC CORP   233.366177  45103010
1022     COLUMBIA LABORATORIES INC   201.588770  35202010
1020                  AMBIENT CORP   124.742841  45201020
1029                 ZIPREALTY INC    46.047678  40403040
1021            ASURE SOFTWARE INC    10.797500  45103010
[['gpq__act_m_che_ppent, cfroq__act_m_che_ppent, xrdq2__act_m_che_ppent, ap__act_m_che_ppent, revtq2_ppent, lct_m_dlc__act_m_che_ppent, capxq__act_m_che_ppent, lct_m_dlc__act_m_che, rect__act_m_che']]
cluster 47:
                              name           mc     gics8
1036              INFORMATICA CORP  4457.132040  45103010
1035                  FORTINET INC  2925.225454  45103020
1038  QUESTCOR PHARMACEUTICALS INC  1872.644413  35202010
1033         COMMVAULT SYSTEMS INC  1505.807393  45103020
1039                  SANTARUS INC   185.709735  35202010
1031        ALLOS THERAPEUTICS INC   178.589046  35201010
1037             MERU NETWORKS INC   159.880901  45201020
1040               SUPPORT.COM INC   120.792983  45101010
1032               BROADVISION INC    40.319750  45101010
1041          U S HOME SYSTEMS INC    36.356849  20102010
[['revtq2_ppent, gpq__act_m_che_ppent, lct_m_dlc__act_m_che_ppent, act_m_che__ppent, rect__act_m_che, xrdq2__act_m_che_ppent, cfroq__act_m_che_ppent, lct_m_dlc__act_m_che, ap__act_m_che_ppent']]
cluster 48:
                              name             mc     gics8
1087                  COCA-COLA CO  161541.843002  30201030
1086               KRAFT FOODS INC   61217.290622  30202030
1097    NATIONAL OILWELL VARCO INC   27983.902642  10101020
1120  THERMO FISHER SCIENTIFIC INC   20976.284905  35203010
1043                     ALCOA INC   13620.528328  15104010
1093       MARATHON PETROLEUM CORP   13193.360489  10102030
1052                 AVON PRODUCTS    9716.744887  30302010
1094                     MYLAN INC    8842.725090  35202010
1051    ALLEGHENY TECHNOLOGIES INC    5329.251548  15104050
1047                    AIRGAS INC    4899.932203  15101040
[['ppent_ppegt, invt__act_m_che, dpq_capxq, oiadpq_revtq2, cfroq_revtq2, cogsq_revtq2, ap_revtq2, rect_revtq2, revtq2_pyoy']]
cluster 49:
                             name          mc     gics8
1128  SAVIENT PHARMACEUTICALS INC  306.800709  35201010
1127      AMICUS THERAPEUTICS INC  158.799360  35201010
[['xrdq2__act_m_che_ppent, lct_m_dlc__act_m_che_ppent, ap__act_m_che_ppent, ap_revtq2, lct_m_dlc__act_m_che, xrdq2_revtq2, revtltm_pqoq, act_m_che__ppent, invt_revtq2']]
cluster 50:
                             name             mc     gics8
1153               MICROSOFT CORP  222801.603195  45103020
1142                   GOOGLE INC  174550.487974  45101010
1140                  EMC CORP/MA   46647.131470  45202020
1144       INTUITIVE SURGICAL INC   14910.784657  35101010
1146  LABORATORY CP OF AMER HLDGS    8469.942004  35102015
1130      AKAMAI TECHNOLOGIES INC    4080.440375  45101010
1143          IAC/INTERACTIVECORP    3451.301668  45101010
1133              ACME PACKET INC    3130.928863  45201020
1174       WASHINGTON POST  -CL B    2821.682003  25401040
1159        QLIK TECHNOLOGIES INC    2102.663571  45103010
[['rect__act_m_che, gpq__act_m_che_ppent, capxq__act_m_che_ppent, cfroq__act_m_che_ppent, lct_m_dlc__act_m_che_ppent, gpq_revtq2, xrdq2__act_m_che_ppent, cfroq_revtq2, rect_revtq2']]
cluster 51:
                              name           mc     gics8
1180     HEALTHCARE SERVICES GROUP  1041.544068  20201070
1182    IPC THE HOSPITALIST CO INC   658.565883  35102015
1186             PC CONNECTION INC   236.480309  45203030
1184  METROPOLITAN HLTH NTWRKS INC   210.776324  35102030
1187             PDF SOLUTIONS INC   140.880243  45301010
1178                 ENGLOBAL CORP    87.255082  10101020
1176           ADDUS HOMECARE CORP    53.977743  35102015
1185           NETWORK ENGINES INC    53.699098  45201020
1177                  BSQUARE CORP    50.003109  45103010
1181               INTERPHASE CORP    32.809920  45202020
[['revtq2_ppent, act_m_che__ppent, rect__act_m_che, gpq__act_m_che_ppent, cogsq_revtq2, rect_revtq2, dpq_capxq, xrdq2__act_m_che_ppent, lct_m_dlc__act_m_che_ppent']]
cluster 52:
                          name            mc     gics8
1198             SYMANTEC CORP  12858.137894  45103020
1192                    CA INC  10472.475735  45103020
1191          BMC SOFTWARE INC   7127.055107  45103020
1199              VERISIGN INC   5181.740361  45101010
1190              HOMEAWAY INC   3340.078989  25502020
1196        SUCCESSFACTORS INC   1933.997819  45103010
1200              WEBSENSE INC    818.632535  45103020
1195  RENAISSANCE LEARNING INC    456.428173  45103030
1189              ACCELRYS INC    360.892996  45103010
1197              SCIQUEST INC    331.498842  45101010
[['lct_m_dlc__act_m_che_ppent, lct_m_dlc__act_m_che, gpq__act_m_che_ppent, rect__act_m_che, cfroq__act_m_che_ppent, xrdq2__act_m_che_ppent, dpq_capxq, gpq_revtq2, dpq_revtq2']]
cluster 53:
                              name          mc     gics8
1207    SAGENT PHARMACEUTICALS INC  600.522229  35202010
1206  SCICLONE PHARMACEUTICALS INC  272.477915  35201010
1203                 DATALINK CORP  148.861157  45202020
1205                     LRAD CORP   72.774699  45203010
1201                ADAMS GOLF INC   44.983419  25202010
1204                   IRIDEX CORP   35.882240  35101010
1202                  BIDZ.COM INC   12.020430  25502020
[['act_m_che__ppent, revtq2_ppent, invt__act_m_che, rect_revtq2, dpq_capxq, revtq2_pyoy, invt_revtq2, oiadpq_revtq2, cogsq_revtq2']]
cluster 54:
                              name             mc     gics8
1209                     APPLE INC  356700.380215  45202010
1219                      EBAY INC   39773.339422  45101010
1230    MEDCO HEALTH SOLUTIONS INC   21198.012172  35102015
1214     COCA-COLA ENTERPRISES INC    8809.857297  30201030
1218         QUEST DIAGNOSTICS INC    7921.675073  35102015
1241  TRW AUTOMOTIVE HOLDINGS CORP    5157.606780  25101010
1228                     LEAR CORP    4962.452574  25101010
1217      COVENTRY HEALTH CARE INC    4881.069171  35102030
1235              PITNEY BOWES INC    4105.499229  20201060
1211         ARROW ELECTRONICS INC    3585.691366  45203030
[['ap__act_m_che_ppent, rect__act_m_che, revtq2_ppent, lct_m_dlc__act_m_che_ppent, act_m_che__ppent, ap_revtq2, rect_revtq2, cogsq_revtq2, oiadpq_revtq2']]
cluster 55:
                             name             mc     gics8
1258                   INTEL CORP  106387.045565  45301020
1255               HALLIBURTON CO   40731.659020  10101020
1247             BAKER HUGHES INC   26560.528928  10101020
1252                  CORNING INC   23567.039581  45203015
1253    GREEN MTN COFFEE ROASTERS   16029.875246  30202030
1251              FIRST SOLAR INC    8627.370692  45301020
1267  METROPCS COMMUNICATIONS INC    4035.174697  50102010
1254                  GENTEX CORP    3713.209432  25101010
1249                     CREE INC    3554.555117  45301020
1265          OIL STATES INTL INC    3391.003091  10101020
[['capxq__act_m_che_ppent, ppent_ppegt, capxq_revtq2, invt__act_m_che, dpq_revtq2, cfroq_revtq2, revtq2_pqoq, oiadpq_revtq2, dpq_gpq']]
cluster 56:
                            name            mc     gics8
1294            ALTRIA GROUP INC  56317.275330  30203010
1288                   COACH INC  16220.287025  25203010
1291               LORILLARD INC  15487.379746  30203010
1295                 NETFLIX INC  12346.544075  25502020
1286     ACTIVISION BLIZZARD INC  11174.534448  45103030
1290         ELECTRONIC ARTS INC   7473.979975  45103030
1301      TERRA NITROGEN CO  -LP   3426.574565  15101030
1297  NU SKIN ENTERPRISES  -CL A   2626.208992  30302010
1299         SELECT COMFORT CORP    889.137104  25504060
1292      LIQUIDITY SERVICES INC    674.335419  45101010
[['gpq__act_m_che_ppent, cfroq__act_m_che_ppent, invt__act_m_che, lct_m_dlc__act_m_che_ppent, revtq2_ppent, ap__act_m_che_ppent, gpq_revtq2, capxq__act_m_che_ppent, lct_m_dlc__act_m_che']]
cluster 57:
                    name          mc     gics8
1303  PENN VIRGINIA CORP  371.491912  10102020
[['dpq_revtq2, capxq_revtq2, dpq_gpq, rect__act_m_che, ppent_ppegt, capxq__act_m_che_ppent, rect_revtq2, gpq_revtq2, cfroq_revtq2']]
cluster 58:
                          name          mc     gics8
1304  PRESTIGE BRANDS HOLDINGS  540.912492  30302010
[['revtq2_ppent, act_m_che__ppent, dpq_capxq, cfroq__act_m_che_ppent, gpq__act_m_che_ppent, invt__act_m_che, ap__act_m_che_ppent, cfroq_revtq2, gpq_revtq2']]
cluster 59:
                              name            mc     gics8
1359                YUM BRANDS INC  25282.049503  25301040
1358              WYNN RESORTS LTD  19331.046667  25301010
1315           PEABODY ENERGY CORP  13216.492713  10102050
1322    CHIPOTLE MEXICAN GRILL INC   9806.914021  25301040
1352           SIRIUS XM RADIO INC   7108.043366  25401025
1336            SOUTHWEST AIRLINES   6930.462546  20302010
1355  UNITED CONTINENTAL HLDGS INC   6148.946635  20302010
1347   ROYAL CARIBBEAN CRUISES LTD   5634.811978  25301020
1338     MGM RESORTS INTERNATIONAL   5409.102925  25301010
1344               PANERA BREAD CO   3501.908538  25301040
[['ppent_ppegt, lct_m_dlc__act_m_che, dpq_revtq2, dpq_gpq, cfroq_revtq2, oiadpq_revtq2, cogsq_revtq2, gpq_revtq2, dpq_capxq']]
cluster 60:
                             name           mc     gics8
1365      TESLA MOTORS INC  -REDH  2572.489608  25102010
1360                   AMYRIS INC   901.024347  10102030
1364                 SEQUENOM INC   607.655015  35203010
1361             A123 SYSTEMS INC   602.399242  20104010
1362        COMPLETE GENOMICS INC   299.528154  35203010
1363  SUPERCONDUCTOR TECHNOLOGIES    56.815162  45203015
[['capxq__act_m_che_ppent, capxq_revtq2, xrdq2__act_m_che_ppent, dpq_revtq2, invt__act_m_che, dpq_gpq, ppent_ppegt, revtq2_pyoy, ap_revtq2']]
cluster 61:
                           name           mc     gics8
1369                    NVR INC  3551.027124  25201030
1367             D R HORTON INC  3323.962822  25201030
1368        MERITAGE HOMES CORP   607.031780  25201030
1370      PARLUX FRAGRANCES INC    68.504072  30302010
1366                AETRIUM INC    17.142506  45301010
1371  UNIVERSAL POWER GROUP INC    11.847199  20107010
[['act_m_che__ppent, revtq2_ppent, invt__act_m_che, revtq2_pqoq, invt_revtq2, cogsq_revtq2, dpq_capxq, oiadpq_revtq2, cfroq_revtq2']]
cluster 62:
                              name          mc     gics8
1374                  MEDICINES CO  787.370720  35202010
1372                  ACTUATE CORP  301.028510  45103010
1373                IMMERSION CORP  202.186039  45202020
1375  MCCORMICK & SCHMICKS SEAFOOD   92.788796  25301040
[['dpq_capxq, gpq__act_m_che_ppent, xrdq2__act_m_che_ppent, lct_m_dlc__act_m_che_ppent, cfroq__act_m_che_ppent, lct_m_dlc__act_m_che, rect__act_m_che, revtq2_ppent, gpq_revtq2']]
cluster 63:
                     name             mc     gics8
1376  GENERAL ELECTRIC CO  172891.489407  20105010
[['rect_revtq2, rect__act_m_che, ppent_ppegt, dpq_revtq2, gpq_revtq2, ap_revtq2, cfroq_revtq2, act_m_che__ppent, oiadpq_revtq2']]
cluster 64:
             name          mc     gics8
1377  ADOLOR CORP  101.292572  35202010
[['lct_m_dlc__act_m_che_ppent, gpq__act_m_che_ppent, revtq2_ppent, xrdq2__act_m_che_ppent, lct_m_dlc__act_m_che, act_m_che__ppent, revtq2_pqoq, rect__act_m_che, gpq_revtq2']]
cluster 65:
                           name            mc     gics8
1381                  BOEING CO  49514.577512  20101010
1401                SAFEWAY INC   6413.666861  30101030
1378     ADVANCE AUTO PARTS INC   4497.651845  25504050
1402          TRACTOR SUPPLY CO   4393.611909  25504040
1383           BE AEROSPACE INC   3604.905190  20101010
1398  SALLY BEAUTY HOLDINGS INC   3099.713317  25504040
1387               CARTER'S INC   1796.641130  25203010
1394    MONRO MUFFLER BRAKE INC   1207.220036  25504050
1406           WEIS MARKETS INC   1051.728940  30101030
1390  ETHAN ALLEN INTERIORS INC    494.710522  25201020
[['invt__act_m_che, dpq_capxq, invt_revtq2, oiadpq_revtq2, ap__act_m_che_ppent, gpq_revtq2, cfroq_revtq2, cogsq_revtq2, revtq2_pqoq']]
cluster 66:
                             name             mc     gics8
1553             EXXON MOBIL CORP  359893.717184  10102010
1527             SCHLUMBERGER LTD  105412.577930  10101020
1508                  PEPSICO INC  102057.120483  30201030
1544     UNITED TECHNOLOGIES CORP   67471.936661  20101010
1428              CATERPILLAR INC   58792.037415  20106010
1502                    NEWS CORP   45365.462059  25401030
1442     DU PONT (E I) DE NEMOURS   44942.796818  15101020
1468  HONEYWELL INTERNATIONAL INC   37407.751413  20101010
1451          EMERSON ELECTRIC CO   34766.331748  20104010
1421     BAXTER INTERNATIONAL INC   31719.339233  35101010
[['rect__act_m_che, ap__act_m_che_ppent, rect_revtq2, cogsq_revtq2, oiadpq_revtq2, ap_revtq2, cfroq_revtq2, revtq2_pqoq, invt__act_m_che']]
cluster 67:
                              name            mc     gics8
1566     FREEPORT-MCMORAN COP&GOLD  44660.280579  15104020
1561  CLIFFS NATURAL RESOURCES INC  12096.942992  15104050
1558                     BUNGE LTD   9534.669222  30202010
1556   ALPHA NATURAL RESOURCES INC   7487.047931  10102050
1559           BUCKEYE PARTNERS LP   5852.230696  10102040
1576              NUSTAR ENERGY LP   3824.944605  10102030
1575                     INERGY LP   3716.590283  10102040
1593                   TESORO CORP   3460.769676  10102030
1590             TRIUMPH GROUP INC   2568.485914  20101010
1560      COEUR D'ALENE MINES CORP   2552.517904  15104040
[['ppent_ppegt, invt__act_m_che, revtq2_pyoy, cogsq_revtq2, revtltm_pqoq, revtq2_pqoq, oiadpq_revtq2, dpq_gpq, cfroq_revtq2']]
hc_ward*******class dist: Counter({12: 187, 40: 141, 15: 96, 32: 88, 19: 84, 2: 82, 1: 70, 6: 66, 34: 64, 54: 58, 37: 57, 0: 56, 26: 49, 60: 45, 31: 40, 11: 39, 65: 27, 24: 26, 25: 23, 46: 23, 29: 21, 33: 19, 10: 18, 18: 17, 20: 17, 23: 14, 38: 13, 14: 12, 28: 12, 56: 11, 45: 10, 7: 9, 17: 9, 21: 9, 22: 9, 13: 7, 61: 7, 62: 7, 4: 5, 66: 5, 8: 4, 9: 3, 16: 3, 50: 3, 3: 2, 5: 2, 27: 2, 30: 2, 52: 2, 55: 2, 35: 1, 36: 1, 39: 1, 41: 1, 42: 1, 43: 1, 44: 1, 47: 1, 48: 1, 49: 1, 51: 1, 53: 1, 57: 1, 58: 1, 59: 1, 63: 1, 64: 1, 67: 1})
************************writing: ../data/hier_fact.068.csv
cluster 43:
                           name          mc     gics8
0  ADVANCED CELL TECHNOLOGY INC  263.719339  35201010
[nan]
cluster 54:
                             name             mc     gics8
2318  PHILIP MORRIS INTERNATIONAL  122100.113764  30203010
2040          NEWMONT MINING CORP   30945.420665  15104030
713                     COACH INC   16220.287025  25203010
1460                   HERSHEY CO   13331.565247  30202030
2488            RALPH LAUREN CORP   12668.964266  25203010
3143       WHOLE FOODS MARKET INC   11701.363909  30101030
1112                  FASTENAL CO    9876.975093  20107010
3212              WEYERHAEUSER CO    9711.679834  40402070
1457                  HOSPIRA INC    7627.620408  35202010
1197                   FOSSIL INC    6111.258806  25203010
[nan]
cluster 45:
                             name            mc     gics8
2797                SYMANTEC CORP  12858.137894  45103020
523                        CA INC  10472.475735  45103020
451              BMC SOFTWARE INC   7127.055107  45103020
2613           SUCCESSFACTORS INC   1933.997819  45103010
3125                 WEBSENSE INC    818.632535  45103020
2494     RENAISSANCE LEARNING INC    456.428173  45103030
83                   ACCELRYS INC    360.892996  45103010
2716                 SCIQUEST INC    331.498842  45101010
2259                      PDI INC    106.593285  35102015
5     BROADCAST INTERNATIONAL INC     45.346044  50101010
[nan]
cluster 8:
                         name          mc     gics8
644       STAR SCIENTIFIC INC  317.380439  30203010
852   CYTORI THERAPEUTICS INC  173.151757  35201010
1998          MICROVISION INC   97.439396  45203010
8                 BALQON CORP   29.540969  20106010
[nan]
cluster 2:
                              name             mc     gics8
1690                  COCA-COLA CO  161541.843002  30201030
2272                   PEPSICO INC  102057.120483  30201030
3167              WILLIAMS COS INC   15870.119865  10102040
3180          WILLIAMS PARTNERS LP   15738.053314  10102040
1954       MARATHON PETROLEUM CORP   13193.360489  10102030
3072            VALERO ENERGY CORP   12967.734979  10102030
704              CONSOL ENERGY INC   10350.903057  10102050
1078  ENERGY TRANSFER PARTNERS -LP    9410.255578  10102040
2225  PLAINS ALL AMER PIPELNE  -LP    9055.522145  10102040
1073     ENERGY TRANSFER EQUITY LP    8526.477083  10102040
[nan]
cluster 37:
                            name             mc     gics8
2283         PROCTER & GAMBLE CO  176122.136860  30301010
3245              YUM BRANDS INC   25282.049503  25301040
1288                 CORNING INC   23567.039581  45203015
3214            WYNN RESORTS LTD   19331.046667  25301010
501          PEABODY ENERGY CORP   13216.492713  10102050
900            DISH NETWORK CORP   11087.865256  25401025
681   CHIPOTLE MEXICAN GRILL INC    9806.914021  25301040
340                AVON PRODUCTS    9716.744887  30302010
2640         SIRIUS XM RADIO INC    7108.043366  25401025
1806          SOUTHWEST AIRLINES    6930.462546  20302010
[nan]
cluster 60:
                           name             mc     gics8
1561                 INTEL CORP  106387.045565  45301020
2961      TEXAS INSTRUMENTS INC   30280.953931  45301020
1290  GREEN MTN COFFEE ROASTERS   16029.875246  30202030
1533               ILLUMINA INC    7306.038212  35203010
2004  MAXIM INTEGRATED PRODUCTS    6817.728746  45301020
1514             IDEXX LABS INC    4533.977213  35101010
2782     SKYWORKS SOLUTIONS INC    3840.357007  45301020
1303                GENTEX CORP    3713.209432  25101010
753                    CREE INC    3554.555117  45301020
2019  NATIONAL INSTRUMENTS CORP    3054.915180  45203010
[nan]
cluster 19:
                             name             mc     gics8
1495  INTL BUSINESS MACHINES CORP  205308.369433  45102010
1847              MCDONALD'S CORP   93275.996364  25301040
2959              TIME WARNER INC   33306.319839  25401030
2409                  PRAXAIR INC   29759.581820  15101040
567                      CBS CORP   16733.399490  25401020
3165         WASTE MANAGEMENT INC   15605.835620  20201050
2079        NORTHROP GRUMMAN CORP   15183.352913  20101010
1903        MCGRAW-HILL COMPANIES   12687.742670  25401040
977                    ECOLAB INC   12429.839319  15101050
3233                   XEROX CORP   11648.834460  45204010
[nan]
cluster 9:
                             name          mc     gics8
2777  SAVIENT PHARMACEUTICALS INC  306.800709  35201010
1192      AMICUS THERAPEUTICS INC  158.799360  35201010
34                  ORAGENICS INC   13.355238  35201010
[nan]
cluster 46:
                            name           mc     gics8
341                    AVNET INC  4009.398373  45203030
352             ANIXTER INTL INC  2060.183550  45203030
3192                  WATSCO INC  1965.187258  20107010
2174           OWENS & MINOR INC  1877.359424  35102010
3128              WESCO INTL INC  1864.985617  20107010
3035       UNITED STATIONERS INC  1412.230299  20201060
2946  TAKE-TWO INTERACTIVE SFTWR  1141.679231  45103030
2107                 NETGEAR INC  1042.781447  45201020
2001       MWI VETERINARY SUPPLY   929.366001  35102010
400    BEACON ROOFING SUPPLY INC   855.091809  20107010
[nan]
cluster 6:
                              name            mc     gics8
605                    CERNER CORP  11142.749984  35103010
1742   LABORATORY CP OF AMER HLDGS   8469.942004  35102015
1869  ALLSCRIPTS HEALTHCARE SOLTNS   3374.534510  35103010
1860                    MEDNAX INC   3181.903161  35102015
2428           QUALITY SYSTEMS INC   2692.873176  35103010
480   BROADRIDGE FINANCIAL SOLUTNS   2575.433899  45102020
1019                    EMDEON INC   2169.605245  35103010
2326    PARAMETRIC TECHNOLOGY CORP   2115.305969  45103010
1769          LINCARE HOLDINGS INC   2011.307493  35102015
2104                   NEUSTAR INC   1839.758301  45102020
[nan]
cluster 21:
                           name            mc     gics8
1068        EXPRESS SCRIPTS INC  22916.341399  35102015
1852              MCKESSON CORP  19687.102037  35102010
532         CARDINAL HEALTH INC  14921.750259  35102010
64       AMERISOURCEBERGEN CORP  10767.737807  35102010
1534           INGRAM MICRO INC   2808.750628  45203030
634   CATALYST HEALTH SOLUTIONS   2661.235219  35102015
600             BRIGHTPOINT INC    650.298587  45203030
2022               NAVARRE CORP     65.514570  25401030
44                 TELKONET INC     14.795389  45201020
[nan]
cluster 38:
                              name           mc     gics8
1218               FIRST SOLAR INC  8627.370692  45301020
1580           INTREPID POTASH INC  2573.415523  15101030
3144  MEMC ELECTRONIC MATRIALS INC  1607.494026  45301010
510         BUFFALO WILD WINGS INC  1130.516046  25301040
2489                     REALD INC   761.650497  45103030
2905                TEJON RANCH CO   542.894054  40403010
2443        RUBICON TECHNOLOGY INC   296.864617  45301010
1376    HERITAGE-CRYSTAL CLEAN INC   237.029918  20201050
46               U S ANTIMONY CORP   175.080439  15104020
2371              PRIMO WATER CORP   167.170157  30201030
[nan]
cluster 40:
                             name             mc     gics8
2653             SCHLUMBERGER LTD  105412.577930  10101020
3042     UNITED TECHNOLOGIES CORP   67471.936661  20101010
2134                    NEWS CORP   45365.462059  25401030
866      DU PONT (E I) DE NEMOURS   44942.796818  15101020
1436  HONEYWELL INTERNATIONAL INC   37407.751413  20101010
1027          EMERSON ELECTRIC CO   34766.331748  20104010
1627         JOHNSON CONTROLS INC   21670.067511  25101010
1648                   KELLOGG CO   19609.519890  30202030
682                   CUMMINS INC   18091.700591  20106010
1077                   EATON CORP   14650.245522  20106020
[nan]
cluster 65:
                         name             mc     gics8
1638        JOHNSON & JOHNSON  180330.177504  35202010
2278               PFIZER INC  148084.366888  35202010
1961               MERCK & CO  102032.300835  35202010
2416             QUALCOMM INC   86298.418465  45201020
75        ABBOTT LABORATORIES   81735.831402  35202010
205                 AMGEN INC   51194.218872  35201010
459   BRISTOL-MYERS SQUIBB CO   50575.000000  35202010
1760         LILLY (ELI) & CO   43424.901970  35202010
1278      GILEAD SCIENCES INC   30966.913290  35201010
599              CELGENE CORP   27356.794027  35201010
[nan]
cluster 12:
                           name            mc     gics8
1926                      3M CO  58877.275230  20105010
826           CVS CAREMARK CORP  48334.859795  30101010
923                DOW CHEMICAL  33605.677812  15101020
1678        KIMBERLY-CLARK CORP  27124.554281  30301010
2252   PRECISION CASTPARTS CORP  23598.603636  20101010
1254      GENERAL DYNAMICS CORP  23181.891068  20101010
109   ARCHER-DANIELS-MIDLAND CO  19252.479691  30202010
51                    ALCOA INC  13620.528328  15104010
3056                    VF CORP  12829.506732  25203010
2115                 NUCOR CORP  11419.442799  15104050
[nan]
cluster 26:
                           name            mc     gics8
359                   BOEING CO  49514.577512  20101010
2202    O'REILLY AUTOMOTIVE INC   8820.774005  25504050
2789                SAFEWAY INC   6413.666861  30101030
56       ADVANCE AUTO PARTS INC   4497.651845  25504050
2928          TRACTOR SUPPLY CO   4393.611909  25504040
2297     POLARIS INDUSTRIES INC   3788.207835  25202010
398            BE AEROSPACE INC   3604.905190  20101010
2573  SALLY BEAUTY HOLDINGS INC   3099.713317  25504040
2819       TIMBERLAND CO  -CL A   2181.970746  25203020
2454               RUDDICK CORP   2009.526404  30101030
[nan]
cluster 11:
                            name             mc     gics8
57                     APPLE INC  356700.380215  45202010
970                     EBAY INC   39773.339422  45101010
1905  MEDCO HEALTH SOLUTIONS INC   21198.012172  35102015
890        QUEST DIAGNOSTICS INC    7921.675073  35102015
819     COVENTRY HEALTH CARE INC    4881.069171  35102030
2238            PITNEY BOWES INC    4105.499229  20201060
291        ARROW ELECTRONICS INC    3585.691366  45203030
2149                OMNICARE INC    3440.670494  35102015
3178      WASHINGTON POST  -CL B    2821.682003  25401040
1995                  MASTEC INC    1879.351539  20103010
[nan]
cluster 34:
                              name            mc     gics8
3063                    VIACOM INC  27820.009557  25401030
144                   ALLERGAN INC  24976.756034  35202010
1011  LAUDER (ESTEE) COS INC -CL A  19266.508460  30302010
2795                  STRYKER CORP  18965.947175  35101010
192                    ALTERA CORP  11789.122667  45301020
1210    FOREST LABORATORIES  -CL A   9399.873137  35202010
2677                  SANDISK CORP   8767.628715  45202020
3223                    XILINX INC   8230.301459  45301020
2518       ROPER INDUSTRIES INC/DE   7392.278552  20104010
1759        LINEAR TECHNOLOGY CORP   6516.388065  45301020
[nan]
cluster 33:
                             name           mc     gics8
225                AUTONATION INC  5882.311184  25504050
2710  SPIRIT AEROSYSTEMS HOLDINGS  2396.408186  20101010
2230  PENSKE AUTOMOTIVE GROUP INC  1679.213995  25504050
3115  WESCO AIRCRAFT HOLDINGS INC  1053.364196  20305010
1313       GROUP 1 AUTOMOTIVE INC   986.594272  25504050
1862             MDC HOLDINGS INC   929.686751  25201030
2558  SONIC AUTOMOTIVE INC  -CL A   735.242049  25504050
2545         RUSH ENTERPRISES INC   697.016431  20107010
71    ASBURY AUTOMOTIVE GROUP INC   606.674577  25504050
1714     LITHIA MOTORS INC  -CL A   499.337960  25504050
[nan]
cluster 15:
                              name            mc     gics8
1672               KRAFT FOODS INC  61217.290622  30202030
1132     FREEPORT-MCMORAN COP&GOLD  44660.280579  15104020
2084    NATIONAL OILWELL VARCO INC  27983.902642  10101020
538     CAMERON INTERNATIONAL CORP  12733.603466  10101020
659   CLIFFS NATURAL RESOURCES INC  12096.942992  15104050
410                      BUNGE LTD   9534.669222  30202010
1927  MAGELLAN MIDSTREAM PRTNRS LP   6760.837998  10102040
476            BUCKEYE PARTNERS LP   5852.230696  10102040
2434          RALCORP HOLDINGS INC   4772.838645  30202030
2831           TRANSDIGM GROUP INC   4605.911886  20101010
[nan]
cluster 31:
                           name             mc     gics8
1974             MICROSOFT CORP  222801.603195  45103020
1309                 GOOGLE INC  174550.487974  45101010
1021                EMC CORP/MA   46647.131470  45202020
3078           VMWARE INC -CL A   39781.045135  45103020
1597     INTUITIVE SURGICAL INC   14910.784657  35101010
805          CITRIX SYSTEMS INC   11362.108851  45103010
1639       JUNIPER NETWORKS INC   11145.727207  45201020
2830              TERADATA CORP    8817.423783  45102010
2114  NUANCE COMMUNICATIONS INC    5646.081771  45103010
238                   ANSYS INC    4975.039114  45103010
[nan]
cluster 18:
                            name            mc     gics8
1940            ALTRIA GROUP INC  56317.275330  30203010
2435       REYNOLDS AMERICAN INC  21899.998599  30203010
1774               LORILLARD INC  15487.379746  30203010
2890      TERRA NITROGEN CO  -LP   3426.574565  15101030
2117  NU SKIN ENTERPRISES  -CL A   2626.208992  30302010
94       ACORDA THERAPEUTICS INC   1018.410144  35201010
2594         SELECT COMFORT CORP    889.137104  25504060
1789      LIQUIDITY SERVICES INC    674.335419  45101010
3033   USANA HEALTH SCIENCES INC    411.453888  30302010
2110             NUTRISYSTEM INC    357.196307  25502020
[nan]
cluster 10:
                              name            mc     gics8
1040             EOG RESOURCES INC  24865.567952  10102020
2025              NOBLE ENERGY INC  15639.720108  10102020
2410  PIONEER NATURAL RESOURCES CO   9086.761320  10102020
712           CABOT OIL & GAS CORP   7909.532500  10102020
2051       NEWFIELD EXPLORATION CO   6871.516381  10102020
3013          ULTRA PETROLEUM CORP   5122.904282  10102020
2412  PLAINS EXPLORATION & PROD CO   4146.809978  10102020
2595          SANDRIDGE ENERGY INC   3008.798177  10102020
1221               FOREST OIL CORP   2227.610078  10102020
1928        MCMORAN EXPLORATION CO   2039.721971  10102020
[nan]
cluster 61:
                              name          mc     gics8
2623    SAGENT PHARMACEUTICALS INC  600.522229  35202010
2588  SCICLONE PHARMACEUTICALS INC  272.477915  35201010
946                  DATALINK CORP  148.861157  45202020
1790                     LRAD CORP   72.774699  45203010
106                 ADAMS GOLF INC   44.983419  25202010
1588                   IRIDEX CORP   35.882240  35101010
422                   BIDZ.COM INC   12.020430  25502020
[nan]
cluster 13:
                           name           mc     gics8
345                HOMEAWAY INC  3340.078989  25502020
1777                LOGMEIN INC   755.596578  45101010
894           DICE HOLDINGS INC   676.090517  45101010
3258                   ZIX CORP   217.595039  45101010
2461                   REIS INC   106.036901  45101010
108                 ADOLOR CORP   101.292572  35202010
1153  FRIENDFINDER NETWORKS INC    88.908749  45101010
[nan]
cluster 25:
                             name            mc     gics8
110     AUTOMATIC DATA PROCESSING  24554.722790  45102020
2049                  NETFLIX INC  12346.544075  25502020
1488          IAC/INTERACTIVECORP   3451.301668  45101010
915      DUNKIN' BRANDS GROUP INC   3328.208894  25301040
588    CADENCE DESIGN SYSTEMS INC   2486.513603  45103010
2610               SHUTTERFLY INC   1846.655313  25502020
2996  ULTIMATE SOFTWARE GROUP INC   1306.965300  45103010
596         CAREER EDUCATION CORP   1294.236537  25302010
875                   DENNYS CORP    369.176305  25301040
133           AFC ENTERPRISES INC    316.769200  25301040
[nan]
cluster 0:
                            name             mc     gics8
3111  VERIZON COMMUNICATIONS INC  102367.964456  50101020
2221   OCCIDENTAL PETROLEUM CORP   70499.727994  10102010
249                  APACHE CORP   39561.916488  10102020
252      ANADARKO PETROLEUM CORP   36713.431053  10102020
956            DEVON ENERGY CORP   28352.940765  10102020
1964           MARATHON OIL CORP   19220.880054  10102020
2555          SPRINT NEXTEL CORP   11253.679971  50102010
3076            VIRGIN MEDIA INC    7944.090048  25401025
2062            NII HOLDINGS INC    6589.361753  50102010
3154             WINDSTREAM CORP    6476.999903  50101020
[nan]
cluster 23:
                              name           mc     gics8
1381     HEALTHCARE SERVICES GROUP  1041.544068  20201070
1575    IPC THE HOSPITALIST CO INC   658.565883  35102015
2246             PC CONNECTION INC   236.480309  45203030
1318            GP STRATEGIES CORP   234.165382  20202010
1865  METROPOLITAN HLTH NTWRKS INC   210.776324  35102030
2258             PDF SOLUTIONS INC   140.880243  45301010
1030                 ENGLOBAL CORP    87.255082  10101020
114            ADDUS HOMECARE CORP    53.977743  35102015
2039           NETWORK ENGINES INC    53.699098  45201020
494                   BSQUARE CORP    50.003109  45103010
[nan]
cluster 1:
                              name           mc     gics8
1850      MICROCHIP TECHNOLOGY INC  6252.315835  45301020
1677               KLA-TENCOR CORP  6129.888152  45301010
3100  VARIAN SEMICONDUCTOR EQUIPMT  4652.551347  45301010
314                     ATMEL CORP  4183.566893  45301020
2949        TUPPERWARE BRANDS CORP  4075.828947  25201050
1217  FREESCALE SMCNDCTR HLD I LTD  2817.500000  45301020
343                       AVX CORP  2228.388702  45203015
3205          WOODWARD GOVERNOR CO  2220.510410  20104010
2123          NOVELLUS SYSTEMS INC  1947.547348  45301010
1970                MICROSEMI CORP  1346.031613  45301020
[nan]
cluster 22:
                           name            mc     gics8
3001     UNITEDHEALTH GROUP INC  50798.880489  35102030
1475                 HUMANA INC  12952.643330  35102030
1102                EXPEDIA INC   8307.667643  25502020
146             AMERIGROUP CORP   2392.097165  35102030
3129  WELLCARE HEALTH PLANS INC   1955.841158  35102030
1946      MOLINA HEALTHCARE INC    885.772244  35102030
935           DIGITAL RIVER INC    798.451592  45101010
2063              BLUE NILE INC    560.472247  25502020
2586          SOCKET MOBILE INC      8.191943  45202020
[nan]
cluster 20:
                             name            mc     gics8
481                 BROADCOM CORP  19072.750816  45301020
3095   VERTEX PHARMACEUTICALS INC   9392.303131  35201010
2042    NETLOGIC MICROSYSTEMS INC   2071.546082  45301020
3264                   ZORAN CORP    405.529435  45301020
199   APPLIED MICRO CIRCUITS CORP    366.285028  45301020
2041                NEOPROBE CORP    299.299760  35101010
162            ANTARES PHARMA INC    251.469081  35101020
748                      CRAY INC    205.509379  45202010
1979   MINDSPEED TECHNOLOGIES INC    196.411197  45301020
2005                MAXLINEAR INC    187.564994  45301020
[nan]
cluster 28:
                              name           mc     gics8
1545              INFORMATICA CORP  4457.132040  45103010
1227                  FORTINET INC  2925.225454  45103020
2417  QUESTCOR PHARMACEUTICALS INC  1872.644413  35202010
821          COMMVAULT SYSTEMS INC  1505.807393  45103020
566      COLUMBIA LABORATORIES INC   201.588770  35202010
2684                  SANTARUS INC   185.709735  35202010
190         ALLOS THERAPEUTICS INC   178.589046  35201010
1883             MERU NETWORKS INC   159.880901  45201020
2711               SUPPORT.COM INC   120.792983  45101010
505                BROADVISION INC    40.319750  45101010
[nan]
cluster 4:
                              name           mc     gics8
1628  J2 GLOBAL COMMUNICATIONS INC  1454.469110  45101010
1780                   LOOPNET INC   584.974650  45101010
2965     MONOTYPE IMAGING HOLDINGS   420.579180  45103010
1000                       8X8 INC   270.855135  50101010
198                   AMBIENT CORP   124.742841  45201020
[nan]
cluster 32:
                          name             mc     gics8
3225          EXXON MOBIL CORP  359893.717184  10102010
830               CHEVRON CORP  197974.835570  10102010
721             CONOCOPHILLIPS   95927.214985  10102010
547            CATERPILLAR INC   58792.037415  20106010
654       COLGATE-PALMOLIVE CO   43770.040420  30301010
1358            HALLIBURTON CO   40731.659020  10101020
370   BAXTER INTERNATIONAL INC   31719.339233  35101010
893               DANAHER CORP   31395.150765  20105010
2581      SOUTHERN COPPER CORP   28549.159212  15104020
419           BAKER HUGHES INC   26560.528928  10101020
[nan]
cluster 7:
                            name           mc     gics8
1472   HERTZ GLOBAL HOLDINGS INC  4663.858612  20304020
405       BRIGHAM EXPLORATION CO  3388.479379  10102020
2930     TESLA MOTORS INC  -REDH  2572.489608  25102010
2143         OASIS PETROLEUM INC  2458.627490  10102020
218                   AMYRIS INC   901.024347  10102030
3256                  ZIPCAR INC   820.490919  20304020
1387               HECKMANN CORP   675.850636  30201030
246             A123 SYSTEMS INC   602.399242  20104010
1585  IRIDIUM COMMUNICATIONS INC   540.985010  50101010
[nan]
cluster 14:
                          name           mc     gics8
1772             LINKEDIN CORP  8098.090548  45101010
3093              VERISIGN INC  5181.740361  45101010
265                  ARIBA INC  2646.639961  45103020
2178   HIGHER ONE HOLDINGS INC   908.218262  20201070
2717              SEQUENOM INC   607.655015  35203010
794       CONSTANT CONTACT INC   567.356183  45101010
3082                 VOCUS INC   416.806823  45101010
1013             ELLIE MAE INC   113.380597  45103010
2672  SMITH MICRO SOFTWARE INC    67.503542  45103010
1783        SPARK NETWORKS INC    67.136471  45101010
[nan]
cluster 56:
                              name           mc     gics8
1804        LEUCADIA NATIONAL CORP  7246.685520  40201030
2643  SIX FLAGS ENTERTAINMENT CORP  1831.863567  25301030
2786           SWISHER HYGIENE INC   769.617051  20201050
2914      SPEEDWAY MOTORSPORTS INC   556.140280  25301030
1645           JAMES RIVER COAL CO   385.171087  10102050
1276   GULF ISLAND FABRICATION INC   352.837972  10101020
2311          DOUGLAS DYNAMICS INC   319.496784  20106010
274                   AMERIGON INC   297.362565  25101010
2543                   RENTECH INC   223.343994  10102030
2437      RAM ENERGY RESOURCES INC    80.703242  10102020
[nan]
cluster 66:
                          name          mc     gics8
2753            STAMPS.COM INC  279.555755  45101010
3119  WAVE SYSTEMS CORP  -CL A  191.249596  45103020
3257             ZIPREALTY INC   46.047678  40403040
3106                VERTRO INC   10.927260  45101010
303         ASURE SOFTWARE INC   10.797500  45103010
[nan]
cluster 62:
                           name           mc     gics8
2124                    NVR INC  3551.027124  25201030
891              D R HORTON INC  3323.962822  25201030
1986        MERITAGE HOMES CORP   607.031780  25201030
2233      PARLUX FRAGRANCES INC    68.504072  30302010
1522                    IGO INC    45.131552  45202020
321                 AETRIUM INC    17.142506  45301010
3011  UNIVERSAL POWER GROUP INC    11.847199  20107010
[nan]
cluster 24:
                             name            mc     gics8
325       ACTIVISION BLIZZARD INC  11174.534448  45103030
1059          ELECTRONIC ARTS INC   7473.979975  45103030
1150              F5 NETWORKS INC   6584.901151  45201020
2520                    ROVI CORP   5463.079209  45103020
2547      RIVERBED TECHNOLOGY INC   3850.489803  45201020
2515                  ROLLINS INC   3071.770740  20201050
2780               SOLARWINDS INC   1803.289180  45103010
2008          MYRIAD GENETICS INC   1710.218579  35201010
2321               PMC-SIERRA INC   1422.228208  45301020
2732  SS&C TECHNOLOGIES HLDGS INC   1275.913732  45103010
[nan]
cluster 17:
                              name          mc     gics8
1864                  MEDICINES CO  787.370720  35202010
2708  SPECTRUM PHARMACEUTICALS INC  452.698740  35201010
1669             KEYW HOLDING CORP  309.831961  20101010
2397  PERNIX THERAPEUTICS HOLDINGS  200.945723  35202010
765   CORNERSTONE THERAPEUTICS INC  200.745658  35202010
329                  AUTHENTEC INC  127.031607  45301020
2662             SOLTA MEDICAL INC  103.870891  35101010
1980  MCCORMICK & SCHMICKS SEAFOOD   92.788796  25301040
1512               I D SYSTEMS INC   60.403316  45203010
[nan]
cluster 27:
                             name            mc     gics8
670     CONTINENTAL RESOURCES INC  10089.653920  10102020
372  BREITBURN ENERGY PARTNERS LP   1091.648263  10102020
[nan]
cluster 47:
                  name         mc     gics8
387  BEACON POWER CORP  25.819938  20104020
[nan]
cluster 55:
                              name             mc     gics8
1258           GENERAL ELECTRIC CO  172891.489407  20105010
390   BIOCRYST PHARMACEUTICALS INC     148.995003  35201010
[nan]
cluster 29:
                              name            mc     gics8
1046  ENTERPRISE PRODS PRTNRS  -LP  36011.814939  10102040
1809          LAS VEGAS SANDS CORP  33993.774688  25301010
1680     KINDER MORGAN ENERGY  -LP  23132.377128  10102040
2533         REPUBLIC SERVICES INC  11430.540230  20201050
990    ENBRIDGE ENERGY PRTNRS  -LP   7287.536888  10102040
2000   MARKWEST ENERGY PARTNERS LP   3611.438119  10102040
2052   TARGA RESOURCES PARTNERS LP   2966.460054  10102040
2833                 TIDEWATER INC   2780.722382  10101020
421                      SOTHEBY'S   2513.647404  25302020
524                    CABELAS INC   1627.798463  25504040
[nan]
cluster 52:
                name          mc     gics8
429     ACTUATE CORP  301.028510  45103010
1537  IMMERSION CORP  202.186039  45202020
[nan]
cluster 63:
                            name          mc     gics8
530  CADENCE PHARMACEUTICALS INC  415.833268  35202010
[nan]
cluster 16:
                      name           mc     gics8
675         CLEARWIRE CORP  2935.166316  50102010
1328        GLOBALSTAR INC   239.846185  50101010
927   DELTA PETROLEUM CORP    93.685895  10102020
[nan]
cluster 3:
               name           mc     gics8
914   DENDREON CORP  1828.083589  35201010
1267       GEVO INC   276.963744  10102030
[nan]
cluster 44:
           name         mc     gics8
965  DAXOR CORP  44.544089  35101010
[nan]
cluster 41:
           name         mc     gics8
968  DYNEGY INC  538.03496  55105010
[nan]
cluster 50:
                         name           mc     gics8
3219       EXCO RESOURCES INC  2863.569103  10102020
1257  GOODRICH PETROLEUM CORP   578.673811  10102020
1295        GMX RESOURCES INC   171.638438  10102020
[nan]
cluster 57:
                         name          mc     gics8
1300  GENMARK DIAGNOSTICS INC  127.966058  35101010
[nan]
cluster 30:
                              name           mc     gics8
1560      WORLD FUEL SERVICES CORP  2641.953936  10102030
3195  WAYSIDE TECHNOLOGY GROUP INC    54.785525  45203030
[nan]
cluster 5:
                          name           mc     gics8
1622  JAZZ PHARMACEUTICALS INC  1790.197724  35202010
2237  PRESTIGE BRANDS HOLDINGS   540.912492  30302010
[nan]
cluster 53:
              name           mc     gics8
1854  MOLYCORP INC  4741.765084  15104020
[nan]
cluster 49:
                         name         mc     gics8
2012  NABI BIOPHARMACEUTICALS  81.052293  35201010
[nan]
cluster 59:
                        name         mc     gics8
2061  NICHOLAS FINANCIAL INC  132.24829  40202010
[nan]
cluster 35:
                      name          mc     gics8
2355  PILGRIM'S PRIDE CORP  746.397027  30202030
[nan]
cluster 58:
                    name          mc     gics8
2400  PENN VIRGINIA CORP  371.491912  10102020
[nan]
cluster 51:
                name          mc     gics8
2493  REACHLOCAL INC  425.180107  25401010
[nan]
cluster 64:
                             name         mc     gics8
2591  SUPERCONDUCTOR TECHNOLOGIES  56.815162  45203015
[nan]
cluster 48:
                             name         mc     gics8
2691  SOMAXON PHARMACEUTICALS INC  47.198002  35202010
[nan]
cluster 67:
                 name        mc     gics8
2960  TRANSWITCH CORP  86.67639  45301020
[nan]
cluster 36:
                name         mc     gics8
3089  VERMILLION INC  41.324363  35101010
[nan]
cluster 39:
                  name         mc     gics8
3151  WORLD HEART CORP  11.740225  35101010
[nan]
cluster 42:
              name          mc     gics8
3155  WINMARK CORP  233.185319  25504040
[nan]
<class 'pandas.core.frame.DataFrame'>
Int64Index: 1595 entries, 0 to 3264
Data columns (total 34 columns):
symbol                        1595 non-null object
act_m_che__ppent              1595 non-null float64
ap__act_m_che_ppent           1595 non-null float64
ap_revtq2                     1595 non-null float64
capxq__act_m_che_ppent        1595 non-null float64
capxq_revtq2                  1595 non-null float64
cfroq__act_m_che_ppent        1595 non-null float64
cfroq_revtq2                  1595 non-null float64
cogsq_revtq2                  1595 non-null float64
dpq_capxq                     1595 non-null float64
dpq_gpq                       1595 non-null float64
dpq_revtq2                    1595 non-null float64
gpq__act_m_che_ppent          1595 non-null float64
gpq_revtq2                    1595 non-null float64
invt__act_m_che               1595 non-null float64
invt_revtq2                   1595 non-null float64
lct_m_dlc__act_m_che          1595 non-null float64
lct_m_dlc__act_m_che_ppent    1595 non-null float64
oiadpq_revtq2                 1595 non-null float64
ppent_ppegt                   1595 non-null float64
rect__act_m_che               1595 non-null float64
rect_revtq2                   1595 non-null float64
revtltm_pqoq                  1595 non-null float64
revtq2_ppent                  1595 non-null float64
revtq2_pqoq                   1595 non-null float64
revtq2_pyoy                   1595 non-null float64
xrdq2__act_m_che_ppent        1595 non-null float64
xrdq2_revtq2                  1595 non-null float64
name                          1595 non-null object
fyr_used                      1595 non-null float64
gics8                         1595 non-null int32
mc                            1595 non-null float64
kmeans.fact_068               1595 non-null int64
hier.fact_068                 1595 non-null int64
dtypes: float64(29), int32(1), int64(2), object(2)
memory usage: 429.9+ KB
None
