doing n_clusters= 24
reading ../data/yf_data.csv
<class 'pandas.core.frame.DataFrame'>
RangeIndex: 3370 entries, 0 to 3369
Data columns (total 2 columns):
symbol     3370 non-null object
content    3370 non-null object
dtypes: object(2)
memory usage: 52.7+ KB
None
reading ../data/gf_data.csv
<class 'pandas.core.frame.DataFrame'>
RangeIndex: 3617 entries, 0 to 3616
Data columns (total 2 columns):
symbol     3617 non-null object
content    3617 non-null object
dtypes: object(2)
memory usage: 56.6+ KB
None
reading ../data/mw_data.csv
<class 'pandas.core.frame.DataFrame'>
RangeIndex: 3368 entries, 0 to 3367
Data columns (total 2 columns):
symbol     3368 non-null object
content    3368 non-null object
dtypes: object(2)
memory usage: 52.7+ KB
None
<class 'pandas.core.frame.DataFrame'>
Int64Index: 3818 entries, 0 to 3817
Data columns (total 4 columns):
symbol       3818 non-null object
yfcontent    3371 non-null object
gfcontent    3618 non-null object
mwcontent    3368 non-null object
dtypes: object(4)
memory usage: 149.1+ KB
None
<class 'pandas.core.frame.DataFrame'>
Int64Index: 3818 entries, 0 to 3817
Data columns (total 2 columns):
symbol     3818 non-null object
content    3818 non-null object
dtypes: object(2)
memory usage: 89.5+ KB
None
0    Agilent Technologies, Inc. provides applicatio...
1    Alcoa Corporation produces and sells bauxite, ...
2    AAC Holdings, Inc. provides inpatient substanc...
3    American Airlines Group Inc., through its subs...
4    Altisource Asset Management Corporation, an as...
Name: content, dtype: object
<class 'pandas.core.frame.DataFrame'>
Int64Index: 3762 entries, 0 to 3843
Data columns (total 4 columns):
symbol    3762 non-null object
name      3762 non-null object
mc        3762 non-null float64
gics8     3762 non-null int32
dtypes: float64(1), int32(1), object(2)
memory usage: 132.3+ KB
None
preview
  symbol                                            content  \
0      A  Agilent Technologies, Inc. provides applicatio...   
1     AA  Alcoa Corporation produces and sells bauxite, ...   
2    AAC  AAC Holdings, Inc. provides inpatient substanc...   
3   AAMC  Altisource Asset Management Corporation, an as...   
4   AAME  Atlantic American Corporation, through its sub...   

                         name            mc     gics8  
0    AGILENT TECHNOLOGIES INC  17983.699509  35203010  
1                  ALCOA CORP   5880.946347  15104010  
2            AAC HOLDINGS INC    157.941638  35102020  
3  ALTISOURCE ASSET MGMT CORP    113.704504  60102040  
4      ATLANTIC AMERICAN CORP     75.561401  40301030  
Initialization complete
Iteration  0, inertia 4327.957
Iteration  1, inertia 2419.760
Iteration  2, inertia 2381.819
Iteration  3, inertia 2368.629
Iteration  4, inertia 2362.661
Iteration  5, inertia 2360.431
Iteration  6, inertia 2359.413
Iteration  7, inertia 2358.629
Iteration  8, inertia 2358.102
Iteration  9, inertia 2357.628
Iteration 10, inertia 2357.169
Iteration 11, inertia 2356.800
Iteration 12, inertia 2356.530
Iteration 13, inertia 2356.321
Iteration 14, inertia 2356.098
Iteration 15, inertia 2355.842
Iteration 16, inertia 2355.645
Iteration 17, inertia 2355.437
Iteration 18, inertia 2355.286
Iteration 19, inertia 2355.185
Iteration 20, inertia 2355.106
Iteration 21, inertia 2355.064
Iteration 22, inertia 2355.005
Converged at iteration 22: center shift 0.000000e+00 within tolerance 9.206262e-08
Initialization complete
Iteration  0, inertia 4257.967
Iteration  1, inertia 2445.649
Iteration  2, inertia 2413.608
Iteration  3, inertia 2397.852
Iteration  4, inertia 2380.960
Iteration  5, inertia 2374.213
Iteration  6, inertia 2372.226
Iteration  7, inertia 2371.305
Iteration  8, inertia 2370.837
Iteration  9, inertia 2370.629
Iteration 10, inertia 2370.447
Iteration 11, inertia 2370.324
Iteration 12, inertia 2370.211
Iteration 13, inertia 2370.158
Iteration 14, inertia 2370.086
Iteration 15, inertia 2370.050
Iteration 16, inertia 2370.033
Iteration 17, inertia 2370.023
Converged at iteration 17: center shift 0.000000e+00 within tolerance 9.206262e-08
Initialization complete
Iteration  0, inertia 4368.117
Iteration  1, inertia 2468.277
Iteration  2, inertia 2422.918
Iteration  3, inertia 2412.450
Iteration  4, inertia 2405.829
Iteration  5, inertia 2401.809
Iteration  6, inertia 2399.666
Iteration  7, inertia 2398.291
Iteration  8, inertia 2397.246
Iteration  9, inertia 2396.571
Iteration 10, inertia 2396.108
Iteration 11, inertia 2395.781
Iteration 12, inertia 2395.571
Iteration 13, inertia 2395.455
Iteration 14, inertia 2395.378
Iteration 15, inertia 2395.184
Iteration 16, inertia 2395.008
Converged at iteration 16: center shift 0.000000e+00 within tolerance 9.206262e-08
Initialization complete
Iteration  0, inertia 4312.594
Iteration  1, inertia 2442.846
Iteration  2, inertia 2410.534
Iteration  3, inertia 2398.493
Iteration  4, inertia 2392.575
Iteration  5, inertia 2389.355
Iteration  6, inertia 2387.348
Iteration  7, inertia 2385.851
Iteration  8, inertia 2384.701
Iteration  9, inertia 2383.625
Iteration 10, inertia 2382.593
Iteration 11, inertia 2381.164
Iteration 12, inertia 2380.241
Iteration 13, inertia 2379.409
Iteration 14, inertia 2378.370
Iteration 15, inertia 2377.080
Iteration 16, inertia 2375.702
Iteration 17, inertia 2374.558
Iteration 18, inertia 2373.452
Iteration 19, inertia 2372.223
Iteration 20, inertia 2371.054
Iteration 21, inertia 2370.405
Iteration 22, inertia 2370.260
Iteration 23, inertia 2370.189
Iteration 24, inertia 2370.155
Iteration 25, inertia 2370.126
Iteration 26, inertia 2370.105
Converged at iteration 26: center shift 0.000000e+00 within tolerance 9.206262e-08
Initialization complete
Iteration  0, inertia 4327.145
Iteration  1, inertia 2455.077
Iteration  2, inertia 2410.222
Iteration  3, inertia 2395.601
Iteration  4, inertia 2387.327
Iteration  5, inertia 2381.499
Iteration  6, inertia 2377.783
Iteration  7, inertia 2375.235
Iteration  8, inertia 2373.994
Iteration  9, inertia 2373.109
Iteration 10, inertia 2372.448
Iteration 11, inertia 2371.970
Iteration 12, inertia 2371.675
Iteration 13, inertia 2371.470
Iteration 14, inertia 2370.633
Iteration 15, inertia 2369.099
Iteration 16, inertia 2368.807
Iteration 17, inertia 2368.681
Iteration 18, inertia 2368.602
Iteration 19, inertia 2368.560
Iteration 20, inertia 2368.551
Iteration 21, inertia 2368.531
Iteration 22, inertia 2368.517
Iteration 23, inertia 2368.502
Iteration 24, inertia 2368.489
Iteration 25, inertia 2368.480
Iteration 26, inertia 2368.471
Iteration 27, inertia 2368.465
Converged at iteration 27: center shift 0.000000e+00 within tolerance 9.206262e-08
Initialization complete
Iteration  0, inertia 4273.545
Iteration  1, inertia 2424.313
Iteration  2, inertia 2394.395
Iteration  3, inertia 2385.456
Iteration  4, inertia 2381.610
Iteration  5, inertia 2379.303
Iteration  6, inertia 2377.402
Iteration  7, inertia 2375.039
Iteration  8, inertia 2373.106
Iteration  9, inertia 2372.461
Iteration 10, inertia 2372.278
Iteration 11, inertia 2372.084
Iteration 12, inertia 2371.949
Iteration 13, inertia 2371.867
Iteration 14, inertia 2371.777
Iteration 15, inertia 2371.626
Iteration 16, inertia 2371.506
Iteration 17, inertia 2371.462
Iteration 18, inertia 2371.419
Iteration 19, inertia 2371.369
Iteration 20, inertia 2371.151
Iteration 21, inertia 2370.718
Iteration 22, inertia 2370.101
Iteration 23, inertia 2369.655
Iteration 24, inertia 2369.400
Iteration 25, inertia 2369.158
Iteration 26, inertia 2369.044
Iteration 27, inertia 2368.949
Iteration 28, inertia 2368.829
Iteration 29, inertia 2368.661
Iteration 30, inertia 2368.460
Iteration 31, inertia 2368.286
Iteration 32, inertia 2368.169
Iteration 33, inertia 2368.127
Converged at iteration 33: center shift 0.000000e+00 within tolerance 9.206262e-08
Initialization complete
Iteration  0, inertia 4340.895
Iteration  1, inertia 2457.030
Iteration  2, inertia 2415.575
Iteration  3, inertia 2402.921
Iteration  4, inertia 2396.351
Iteration  5, inertia 2391.776
Iteration  6, inertia 2387.342
Iteration  7, inertia 2384.896
Iteration  8, inertia 2383.800
Iteration  9, inertia 2382.902
Iteration 10, inertia 2381.115
Iteration 11, inertia 2378.809
Iteration 12, inertia 2377.536
Iteration 13, inertia 2376.628
Iteration 14, inertia 2376.170
Iteration 15, inertia 2375.783
Iteration 16, inertia 2375.565
Iteration 17, inertia 2375.414
Iteration 18, inertia 2375.334
Iteration 19, inertia 2375.310
Iteration 20, inertia 2375.291
Converged at iteration 20: center shift 0.000000e+00 within tolerance 9.206262e-08
Initialization complete
Iteration  0, inertia 4240.664
Iteration  1, inertia 2425.302
Iteration  2, inertia 2389.291
Iteration  3, inertia 2375.542
Iteration  4, inertia 2369.276
Iteration  5, inertia 2366.327
Iteration  6, inertia 2364.784
Iteration  7, inertia 2363.954
Iteration  8, inertia 2363.483
Iteration  9, inertia 2363.176
Iteration 10, inertia 2362.977
Iteration 11, inertia 2362.793
Iteration 12, inertia 2362.643
Iteration 13, inertia 2362.560
Iteration 14, inertia 2362.494
Iteration 15, inertia 2362.425
Iteration 16, inertia 2362.308
Iteration 17, inertia 2362.241
Iteration 18, inertia 2362.194
Iteration 19, inertia 2362.176
Iteration 20, inertia 2362.170
Iteration 21, inertia 2362.157
Converged at iteration 21: center shift 0.000000e+00 within tolerance 9.206262e-08
Initialization complete
Iteration  0, inertia 4409.375
Iteration  1, inertia 2461.266
Iteration  2, inertia 2410.851
Iteration  3, inertia 2398.940
Iteration  4, inertia 2392.456
Iteration  5, inertia 2386.749
Iteration  6, inertia 2380.479
Iteration  7, inertia 2377.456
Iteration  8, inertia 2375.626
Iteration  9, inertia 2374.775
Iteration 10, inertia 2374.241
Iteration 11, inertia 2373.952
Iteration 12, inertia 2373.814
Iteration 13, inertia 2373.721
Iteration 14, inertia 2373.558
Iteration 15, inertia 2373.354
Iteration 16, inertia 2373.196
Iteration 17, inertia 2373.104
Iteration 18, inertia 2373.063
Iteration 19, inertia 2372.989
Iteration 20, inertia 2372.888
Iteration 21, inertia 2372.859
Iteration 22, inertia 2372.828
Iteration 23, inertia 2372.790
Iteration 24, inertia 2372.772
Iteration 25, inertia 2372.765
Converged at iteration 25: center shift 0.000000e+00 within tolerance 9.206262e-08
Initialization complete
Iteration  0, inertia 4358.030
Iteration  1, inertia 2465.393
Iteration  2, inertia 2418.475
Iteration  3, inertia 2400.878
Iteration  4, inertia 2392.113
Iteration  5, inertia 2385.748
Iteration  6, inertia 2382.552
Iteration  7, inertia 2381.064
Iteration  8, inertia 2378.954
Iteration  9, inertia 2377.198
Iteration 10, inertia 2375.977
Iteration 11, inertia 2375.197
Iteration 12, inertia 2374.640
Iteration 13, inertia 2374.238
Iteration 14, inertia 2373.635
Iteration 15, inertia 2373.331
Iteration 16, inertia 2373.057
Iteration 17, inertia 2372.842
Iteration 18, inertia 2372.728
Iteration 19, inertia 2372.650
Iteration 20, inertia 2372.628
Iteration 21, inertia 2372.619
Converged at iteration 21: center shift 0.000000e+00 within tolerance 9.206262e-08
[14 20  3 ...,  1 22 20]
top centroids:
[[573 735 153 895 288 208 117 896 287 431 894 289 921 841 680 916 943 286
  924]
 [102 841 101 532 201 358 549 275 471 949 483 979 600 208  27 513 253 231
  424]
 [187 141 694 943 162 944 208 681 873 115 919 284 440 143 463 945 144 283
  297]
 [841 827 208 861 549 753 937 416 417 153 229 682 905 637 648 135 828 358
  409]
 [856 861 841 263 549 188 208 336 905 825 460 705 753  67  76 258 891 840
  135]
 [341 735 678 878 970 827 208 457 556  96 212 896 228 969 841 458 785 833
  957]
 [394 613 255 642 880 395 690 772 541 698 328 676 937 585 697 827  86 536
  208]
 [882  73  24 799 208 372 577 735 992 198 800 427 576 126 124 986 648 647
  827]
 [642 394 613 347 107 744 917 734 208 808 328 476 983 791 615 844  31  30
  284]
 [943 208 919 284 297 187 692 733 691 681 115 694 283 144 296 311 202 671
  941]
 [292 234 572  43 971 208 908 338 841 594 645 198 705 827 562 861 621 618
  982]
 [600 532 343 767 824  50 792  99 483 842 484 949 201  86 451 208 353 486
  781]
 [841 204 990 973 263 616 861 479 618 594 128 971 208  23 735 814 355 188
  617]
 [744 343 767 949 483 780 208 638 768 666 745 830 205 433 486 166 845 284
  664]
 [896 735 712 861 827 212 208 238 834 341 321 457 287  76 564 556 279 268
   46]
 [798 158 797 208 159 648 392 379 338 647 664 370 490 667 876 998 378  17
  432]
 [471 519 160 745 735 514 208 827 779 201 409 708 841 416 687 251  95  70
  358]
 [569 735 827 670 867 457 208 176 332 193 132 556 957 686 672 228  76 175
  861]
 [532 101 102  27 275 201 841 343 815 208 100 767 276 424 600 358 253 231
  792]
 [483 389 841 549 468 358  85 929 342 485  45 451 824 208 361 609 753 186
  827]
 [735 208 370 126 827 371 124 564 833 882 153  61 648 477 390 953 385 876
  427]
 [978 977 208 896 841 735 827 394 457 328 943 228 648 777 259 753 962 956
  759]
 [328 318 712 394 320 613 935 962 208 397 191 303 777 857 827 841 259 783
  988]
 [266 588 484 207 342 483 835 147 486 481 388 532 826 823 584 560 208  64
  824]]
    kmeans.text_024                                           features
0                 0  [medical, products, care, surgical, diagnostic...
1                 1  [banking, services, bank, loans, commercial, f...
2                 2  [clinical, cancer, phase, treatment, cell, tri...
3                 3  [services, segment, company, solutions, manage...
4                 4  [software, solutions, services, data, manageme...
5                 5  [equipment, products, parts, steel, vehicles, ...
6                 6  [gas, natural, crude, oil, storage, gathering,...
7                 7  [stores, apparel, accessories, retail, company...
8                 8  [oil, gas, natural, exploration, basin, proper...
9                 9  [treatment, company, therapeutics, development...
10               10  [digital, content, media, advertising, video, ...
11               11  [mortgage, loans, estate, real, securities, ag...
12               12  [services, communications, wireless, voice, da...
13               13  [properties, estate, real, trust, investment, ...
14               14  [systems, products, power, solutions, segment,...
15               15  [restaurants, casino, restaurant, company, cas...
16               16  [insurance, life, casualty, property, products...
17               17  [materials, products, segment, packaging, spec...
18               18  [loans, bank, banking, accounts, deposit, comm...
19               19  [investment, funds, services, management, inst...
20               20  [products, company, food, brands, segment, foo...
21               21  [water, wastewater, company, systems, services...
22               22  [energy, electric, power, gas, electricity, na...
23               23  [debt, million, investments, companies, equity...
n,inertia 24 2355.00451765
cluster 0:
                             name             mc     gics8
82              JOHNSON & JOHNSON  342172.590836  35202010
96                     MERCK & CO  175086.441015  35202010
2             ABBOTT LABORATORIES   74581.993837  35101010
128  THERMO FISHER SCIENTIFIC INC   67188.109435  35203010
44                   DANAHER CORP   56763.495156  35101010
123                  STRYKER CORP   50430.158630  35101010
23          BECTON DICKINSON & CO   38951.626180  35101010
27         BOSTON SCIENTIFIC CORP   35787.816225  35101010
80         INTUITIVE SURGICAL INC   31647.262625  35101010
21       BAXTER INTERNATIONAL INC   30972.544387  35101010
[[u'medical, products, care, surgical, diagnostic, company, blood, systems, devices, hospitals, surgery, diagnostics, therapy, services, patient, testing, treatment, device, tissue']]
cluster 1:
                             name             mc     gics8
210           JPMORGAN CHASE & CO  298293.420587  40101010
254              WELLS FARGO & CO  261728.984637  40101010
151          BANK OF AMERICA CORP  226813.078317  40101010
164                 CITIGROUP INC  165415.745681  40101010
249                   U S BANCORP   85840.615600  40101010
222  PNC FINANCIAL SVCS GROUP INC   56919.600296  40101015
179    CAPITAL ONE FINANCIAL CORP   38268.779929  40202010
154                     BB&T CORP   34183.018967  40101015
240            SUNTRUST BANKS INC   26262.447692  40101015
214               M & T BANK CORP   24151.364442  40101015
[[u'banking, services, bank, loans, commercial, financial, management, deposit, insurance, trust, investment, wealth, mortgage, company, accounts, lending, credit, consumer, holding']]
cluster 2:
                          name            mc     gics8
288               CELGENE CORP  91689.401192  35201010
324                INCYTE CORP  26347.805886  35201010
354       SEATTLE GENETICS INC   9515.714758  35201010
361                 TESARO INC   8353.848269  35201010
306               EXELIXIS INC   6147.118361  35201010
329            KITE PHARMA INC   4073.394835  35201010
278           BLUEBIRD BIO INC   3619.639255  35201010
323  INC RESEARCH HOLDINGS INC   3061.442323  35203010
337        NEKTAR THERAPEUTICS   3023.443937  35202010
328      JUNO THERAPEUTICS INC   2603.624916  35201010
[[u'clinical, cancer, phase, treatment, cell, trial, company, patients, stage, biopharmaceutical, therapeutics, development, ii, candidate, inhibitor, trials, candidates, developing, diseases']]
cluster 3:
                          name             mc     gics8
665                   VISA INC  211559.697815  45102020
661     UNITEDHEALTH GROUP INC  165449.247055  35102030
553             MASTERCARD INC  124841.757706  45102020
631           SCHLUMBERGER LTD   99216.270424  10101020
662  UNITED PARCEL SERVICE INC   89672.112122  20301010
589        PRICELINE GROUP INC   88329.024590  25502020
445            CVS HEALTH CORP   78688.742821  30101010
406        AMERICAN EXPRESS CO   68360.097542  40202010
480                 FEDEX CORP   50461.671088  20301010
394                 ANTHEM INC   46836.102397  35102030
[[u'services, segment, company, solutions, management, provides, transportation, health, healthcare, care, consulting, payment, technology, offers, operates, business, segments, financial, group']]
cluster 4:
                            name             mc     gics8
791               MICROSOFT CORP  522924.322929  45103020
809                  ORACLE CORP  181759.542465  45103020
768  INTL BUSINESS MACHINES CORP  141657.339506  45102010
723           SALESFORCE.COM INC   62079.616928  45103010
861             VMWARE INC -CL A   37682.630998  45103020
784                MCKESSON CORP   29985.280518  35102010
866         WESTERN DIGITAL CORP   25058.010178  45202030
692                 AUTODESK INC   21111.349696  45103010
865                  WORKDAY INC   19374.320496  45103010
849                SYMANTEC CORP   18379.319859  45103020
[[u'software, solutions, services, data, management, cloud, company, enterprise, technology, security, information, platform, provides, analytics, applications, customer, support, service, business']]
cluster 5:
                         name            mc     gics8
1041       UNION PACIFIC CORP  86694.379925  20304010
900           CATERPILLAR INC  59038.633795  20106010
936         GENERAL MOTORS CO  48705.001831  25102010
956       ILLINOIS TOOL WORKS  46756.794958  20106020
911                  CSX CORP  46346.574308  20304010
922             FORD MOTOR CO  43753.449845  25102010
1008              PRAXAIR INC  36630.884253  15101040
917                DEERE & CO  35860.961036  20106015
906               CUMMINS INC  25493.934458  20106010
996   O'REILLY AUTOMOTIVE INC  22810.126659  25504050
[[u'equipment, products, parts, steel, vehicles, segment, company, industrial, manufactures, automotive, components, systems, construction, vehicle, services, industries, repair, sells, used']]
cluster 6:
                              name             mc     gics8
1155              EXXON MOBIL CORP  346374.750000  10102010
1075                  CHEVRON CORP  199250.531264  10102010
1087  ENTERPRISE PRODS PRTNRS  -LP   56635.612403  10102040
1117     OCCIDENTAL PETROLEUM CORP   46096.632965  10102010
1099             KINDER MORGAN INC   43375.491338  10102040
1123                   PHILLIPS 66   40023.422150  10102030
1144            VALERO ENERGY CORP   28412.717682  10102030
1105       MARATHON PETROLEUM CORP   26956.859287  10102030
1154          WILLIAMS PARTNERS LP   25171.179009  10102040
1150              WILLIAMS COS INC   24697.399685  10102040
[[u'gas, natural, crude, oil, storage, gathering, petroleum, refined, lp, pipelines, energy, partners, transportation, midstream, pipeline, segment, assets, logistics, company']]
cluster 7:
                      name             mc     gics8
1283   WAL-MART STORES INC  236341.922791  30101040
1251        STARBUCKS CORP   86601.410637  25301040
1233              NIKE INC   85375.360504  25203020
1228  LOWE'S COMPANIES INC   72787.302643  25504030
1267     TJX COMPANIES INC   48137.843581  25504010
1265           TARGET CORP   30799.037599  25503020
1223             KROGER CO   26879.160141  30101030
1250       ROSS STORES INC   23932.905718  25504010
1275               VF CORP   21064.471197  25203010
1193       DOLLAR TREE INC   18654.779083  25503020
[[u'stores, apparel, accessories, retail, company, footwear, merchandise, products, women, com, retailer, home, men, brands, brand, wholesale, operates, operated, segment']]
cluster 8:
                              name            mc     gics8
1306                CONOCOPHILLIPS  57426.365596  10102020
1322             EOG RESOURCES INC  52928.803815  10102020
1368  PIONEER NATURAL RESOURCES CO  29383.721672  10102020
1290       ANADARKO PETROLEUM CORP  28742.954282  10102020
1315             DEVON ENERGY CORP  19409.400803  10102020
1312          CONCHO RESOURCES INC  19280.405589  10102020
1289                   APACHE CORP  18991.291530  10102020
1330          FREEPORT-MCMORAN INC  16336.629945  15104025
1303     CONTINENTAL RESOURCES INC  15366.505563  10102020
1336                     HESS CORP  15190.039962  10102020
[[u'oil, gas, natural, exploration, basin, properties, texas, production, company, royalty, energy, interests, wells, reserves, net, shale, acres, acquisition, development']]
cluster 9:
                             name             mc     gics8
1422                    AMGEN INC  116274.357086  35201010
1407                   ABBVIE INC  104441.344030  35201010
1439      BRISTOL-MYERS SQUIBB CO   88575.657990  35202010
1473          GILEAD SCIENCES INC   84210.010399  35201010
1436                   BIOGEN INC   53624.844169  35201010
1525    REGENERON PHARMACEUTICALS   48598.100961  35201010
1551   VERTEX PHARMACEUTICALS INC   29351.716469  35201010
1420  ALEXION PHARMACEUTICALS INC   26134.079590  35201010
1438  BIOMARIN PHARMACEUTICAL INC   15595.643144  35201010
1419  ALNYLAM PHARMACEUTICALS INC    6118.580370  35201010
[[u'treatment, company, therapeutics, development, diseases, clinical, pharmaceuticals, product, pharmaceutical, patients, biopharmaceutical, phase, developing, candidates, disease, drug, commercialization, pain, treat']]
cluster 10:
                              name             mc     gics8
1561                     APPLE INC  794094.976211  45202030
1613                  ALPHABET INC  657848.626617  45101010
1567                AMAZON.COM INC  458158.215332  25502020
1605                  FACEBOOK INC  427918.690613  45101010
1585                  COMCAST CORP  183410.139714  25401025
1590              DISNEY (WALT) CO  170688.000488  25401030
1686               TIME WARNER INC   75182.751656  25401030
1646                   NETFLIX INC   67105.677094  25502020
1563             ADOBE SYSTEMS INC   66614.787533  45103010
1606  TWENTY-FIRST CENTURY FOX INC   49713.979020  25401030
[[u'digital, content, media, advertising, video, company, television, entertainment, services, mobile, online, com, platform, segment, marketing, solutions, news, networks, websites']]
cluster 11:
                             name            mc     gics8
1716                  LENNAR CORP  11981.146140  25201030
1722    ANNALY CAPITAL MANAGEMENT  11657.032795  40204010
1701         AGNC INVESTMENT CORP   6620.000000  40204010
1737  STARWOOD PROPERTY TRUST INC   5618.310631  40204010
1723       NEW RESIDENTIAL INV CP   4865.098882  40204010
1720      MGIC INVESTMENT CORP/WI   3615.786112  40102010
1732             RADIAN GROUP INC   3568.359723  40102010
1738  TWO HARBORS INVESTMENT CORP   3471.684531  40204010
1708      CHIMERA INVESTMENT CORP   3359.375055  40204010
1718            MFA FINANCIAL INC   3027.290239  40204010
[[u'mortgage, loans, estate, real, securities, agency, residential, backed, investment, servicing, investments, trust, commercial, assets, income, company, federal, invests, related']]
cluster 12:
                            name             mc     gics8
1824                    AT&T INC  233297.240554  50101020
1835  VERIZON COMMUNICATIONS INC  183734.783495  50101020
1791                  INTEL CORP  165850.985748  45301020
1769           CISCO SYSTEMS INC  157119.655798  45201020
1761  CHARTER COMMUNICATIONS INC   84509.883693  25401025
1809                QUALCOMM INC   82889.238422  45301020
1828             T-MOBILE US INC   54600.439894  50102010
1747         AMERICAN TOWER CORP   54551.175697  60101080
1759      CROWN CASTLE INTL CORP   35647.671301  60101080
1775                 EQUINIX INC   33171.753255  60101080
[[u'services, communications, wireless, voice, data, network, solutions, internet, networks, mobile, broadband, video, company, access, products, satellite, fiber, cloud, networking']]
cluster 13:
                           name            mc     gics8
1992   SIMON PROPERTY GROUP INC  48082.260566  60101070
1966             PUBLIC STORAGE  37506.181407  60101080
1965               PROLOGIS INC  29039.766948  60101020
1914              WELLTOWER INC  26587.627811  60101050
1858  AVALONBAY COMMUNITIES INC  26435.738280  60101060
1895         EQUITY RESIDENTIAL  24014.481987  60101060
2010                 VENTAS INC  23928.412643  60101050
1908                    GGP INC  19761.541373  60101070
1865      BOSTON PROPERTIES INC  18503.446124  60101040
1886   DIGITAL REALTY TRUST INC  18292.843967  60101080
[[u'properties, estate, real, trust, investment, reit, company, office, realty, ownership, property, self, communities, hotels, invests, centers, shopping, development, owned']]
cluster 14:
                          name             mc     gics8
2045                 BOEING CO  107467.497103  20101010
2241  UNITED TECHNOLOGIES CORP   95642.526253  20101010
2234     TEXAS INSTRUMENTS INC   79050.149702  45301020
2171               NVIDIA CORP   77845.954285  45301020
2135      LOCKHEED MARTIN CORP   77373.919368  20101010
2095     GENERAL DYNAMICS CORP   58116.685929  20101010
2024     APPLIED MATERIALS INC   47422.799835  45301010
2206               RAYTHEON CO   45945.989822  20101010
2166     NORTHROP GRUMMAN CORP   43123.980330  20101010
2080       EMERSON ELECTRIC CO   37664.043885  20104010
[[u'systems, products, power, solutions, segment, components, company, control, semiconductor, equipment, electronic, industrial, devices, applications, markets, manufactures, designs, defense, aerospace']]
cluster 15:
                              name             mc     gics8
2299               MCDONALD'S CORP  119813.145523  25301040
2298          LAS VEGAS SANDS CORP   45025.198792  25301010
2320                YUM BRANDS INC   24184.999466  25301040
2301     MGM RESORTS INTERNATIONAL   17785.468830  25301010
2276    CHIPOTLE MEXICAN GRILL INC   13901.373196  25301040
2319              WYNN RESORTS LTD   12515.553482  25301010
2285        DARDEN RESTAURANTS INC   10749.076881  25301040
2284      DUNKIN' BRANDS GROUP INC    5136.746689  25301040
2318                    WENDY'S CO    3917.073716  25301040
2273  CRACKER BARREL OLD CTRY STOR    3805.457968  25301040
[[u'restaurants, casino, restaurant, company, casual, operates, gaming, franchises, entertainment, operated, owned, food, items, owns, states, x27, franchise, 2016, hotel']]
cluster 16:
                              name            mc     gics8
2329  AMERICAN INTERNATIONAL GROUP  57858.846625  40301030
2374                   METLIFE INC  53860.600495  40301020
2324                     AETNA INC  46514.289583  35102030
2386      PRUDENTIAL FINANCIAL INC  44410.669890  40301020
2336                    CIGNA CORP  41020.343264  35102030
2397             TRAVELERS COS INC  33773.871233  40301040
2331                 ALLSTATE CORP  30922.800446  40301040
2327                     AFLAC INC  29340.707926  40301020
2382         PROGRESSIVE CORP-OHIO  24148.012823  40301040
2361   HARTFORD FINANCIAL SERVICES  17976.152733  40301030
[[u'insurance, life, casualty, property, products, liability, company, segment, reinsurance, commercial, group, policies, services, health, personal, coverage, automobile, annuities, financial']]
cluster 17:
                              name             mc     gics8
2475                         3M CO  116605.055559  20105010
2458   HONEYWELL INTERNATIONAL INC   99223.533015  20105010
2439                  DOW CHEMICAL   74010.755364  15101020
2437      DU PONT (E I) DE NEMOURS   66785.668333  15101020
2410  AIR PRODUCTS & CHEMICALS INC   31071.463045  15101040
2490            PPG INDUSTRIES INC   27000.587857  15101050
2452                   CORNING INC   26468.400421  45203015
2516               WEYERHAEUSER CO   24571.140625  60101080
2463                 INTL PAPER CO   22813.097553  15103020
2513           VULCAN MATERIALS CO   16667.905013  15102010
[[u'materials, products, segment, packaging, specialty, industrial, company, chemicals, engineered, coatings, building, manufactures, used, performance, paper, construction, applications, chemical, solutions']]
cluster 18:
                            name           mc     gics8
2577       EAST WEST BANCORP INC  7811.060296  40101015
2644  NEW YORK CMNTY BANCORP INC  6302.617228  40102010
2654             PACWEST BANCORP  5709.818092  40101015
2653      BANK OF THE OZARKS INC  5643.511277  40101015
2712    WESTERN ALLIANCE BANCORP  4798.028103  40101015
2683                    SLM CORP  4569.660229  40202010
2695          TFS FINANCIAL CORP  4568.717347  40102010
2655   PROSPERITY BANCSHARES INC  4414.759264  40101015
2617       INVESTORS BANCORP INC  4096.817941  40101015
2602          HANCOCK HOLDING CO  3934.266286  40101015
[[u'loans, bank, banking, accounts, deposit, commercial, services, estate, savings, company, bancorp, real, deposits, holding, mortgage, financial, credit, consumer, residential']]
cluster 19:
                              name            mc     gics8
2748       GOLDMAN SACHS GROUP INC  84943.354559  40203020
2769                MORGAN STANLEY  76503.752463  40203020
2727                 BLACKROCK INC  62855.652022  40203010
2780         SCHWAB (CHARLES) CORP  51241.724034  40203020
2726  BANK OF NEW YORK MELLON CORP  48042.318193  40203010
2730                 CME GROUP INC  39185.817005  40203040
2751     INTERCONTINENTAL EXCHANGE  34743.870090  40203040
2785             STATE STREET CORP  30067.400170  40203010
2724        FRANKLIN RESOURCES INC  23534.445603  40203010
2773           NORTHERN TRUST CORP  19914.289022  40203010
[[u'investment, funds, services, management, institutional, financial, asset, trading, equity, investors, advisory, income, securities, company, fixed, mutual, provides, clients, segment']]
cluster 20:
                              name             mc     gics8
2977           PROCTER & GAMBLE CO  229101.167328  30301010
2976                    PFIZER INC  192283.940965  35202010
2883                HOME DEPOT INC  187307.096329  25504030
2912                  COCA-COLA CO  187157.396740  30201030
2982   PHILIP MORRIS INTERNATIONAL  176405.715031  30203010
2973                   PEPSICO INC  163062.898254  30201030
2941              ALTRIA GROUP INC  136505.157282  30203010
2988         REYNOLDS AMERICAN INC   93572.119539  30203010
3068  WALGREENS BOOTS ALLIANCE INC   88022.629905  30101010
2921              LILLY (ELI) & CO   86254.191826  35202010
[[u'products, company, food, brands, segment, foods, brand, markets, sells, stores, care, america, operates, international, furniture, united, frozen, states, home']]
cluster 21:
                              name            mc     gics8
3093                    ECOLAB INC  36754.599380  15101050
3084   AMERICAN WATER WORKS CO INC  13712.958000  55104010
3120                     XYLEM INC   9250.955761  20106020
3082              SMITH (A O) CORP   9195.872338  20102010
3081  ANTERO MIDSTREAM PARTNERS LP   6266.831749  10102040
3112  SIX FLAGS ENTERTAINMENT CORP   5634.207567  25301030
3118              AQUA AMERICA INC   5567.227118  55104010
3097               CEDAR FAIR  -LP   3919.086982  25301030
3100                     ITRON INC   2525.711977  45203010
3110                  REXNORD CORP   2407.676530  20106020
[[u'water, wastewater, company, systems, services, products, segment, gas, industrial, energy, treatment, construction, operates, regulated, customers, provides, utility, use, pumps']]
cluster 22:
                            name             mc     gics8
3156         GENERAL ELECTRIC CO  238635.296259  20105010
3173          NEXTERA ENERGY INC   64087.921143  55101010
3144            DUKE ENERGY CORP   58275.000000  55101010
3202                   TESLA INC   51393.181898  25102010
3194                 SOUTHERN CO   49501.192685  55101010
3142      DOMINION RESOURCES INC   49263.279808  55103010
3123  AMERICAN ELECTRIC POWER CO   33588.845520  55101010
3183                   PG&E CORP   33511.332898  55101010
3152                 EXELON CORP   32487.484456  55101010
3197               SEMPRA ENERGY   27800.760536  55103010
[[u'energy, electric, power, gas, electricity, natural, transmission, utility, company, generation, coal, distribution, regulated, solar, segment, services, customers, renewable, wind']]
cluster 23:
                           name           mc     gics8
3219          ARES CAPITAL CORP  6986.399837  40203010
3249      PROSPECT CAPITAL CORP  2933.068413  40203010
3229         FS INVESTMENT CORP  2213.626926  40203010
3239   MAIN STREET CAPITAL CORP  2110.522481  40203010
3221           CARLYLE GROUP LP  1480.366699  40203010
3218     APOLLO INVESTMENT CORP  1384.076377  40203010
3262  TPG SPECIALTY LENDING INC  1229.692203  40203010
3231      GOLUB CAPITAL BDC INC  1160.912529  40203010
3237       HERCULES CAPITAL INC  1104.565386  40203010
3244  NEW MOUNTAIN FINANCE CORP  1008.923457  40203010
[[u'debt, million, investments, companies, equity, investment, senior, capital, invests, invest, fund, loans, seeks, secured, middle, market, company, amp, securities']]
<class 'pandas.core.frame.DataFrame'>
Int64Index: 3264 entries, 0 to 3263
Data columns (total 7 columns):
kmeans.text_024    3264 non-null int64
features           3264 non-null object
symbol             3264 non-null object
content            3264 non-null object
name               3264 non-null object
mc                 3264 non-null float64
gics8              3264 non-null int32
dtypes: float64(1), int32(1), int64(1), object(4)
memory usage: 191.2+ KB
None
     symbol                                            content  \
0         A  Agilent Technologies, Inc. provides applicatio...   
1        AA  Alcoa Corporation produces and sells bauxite, ...   
2       AAC  AAC Holdings, Inc. provides inpatient substanc...   
3      AAMC  Altisource Asset Management Corporation, an as...   
4      AAME  Atlantic American Corporation, through its sub...   
5       AAN  Aaron?s, Inc. operates an omnichannel provider...   
6      AAOI  Applied Optoelectronics, Inc. designs, manufac...   
7      AAON  AAON, Inc., together with its subsidiaries, en...   
8       AAP  Advance Auto Parts, Inc. provides automotive r...   
9      AAPL  Apple Inc. designs, manufactures, and markets ...   
10      AAT  American Assets Trust, Inc. operates as a real...   
11     AAWW  Atlas Air Worldwide Holdings, Inc., through it...   
12       AB  AllianceBernstein Holding L.P. is publicly own...   
13     ABAX  Abaxis, Inc. develops, manufactures, markets, ...   
14     ABBV  AbbVie Inc. discovers, develops, manufactures,...   
15      ABC  AmerisourceBergen Corporation sources and dist...   
16     ABCB  Ameris Bancorp operates as the holding company...   
17     ABCD  Cambium Learning Group, Inc. operates as an ed...   
18     ABCO  The Advisory Board Company provides best pract...   
19     ABDC  Alcentra Capital Corporation is a business dev...   
20      ABG  Asbury Automotive Group, Inc. operates as an a...   
21     ABIO  ARCA biopharma, Inc., a biopharmaceutical comp...   
22      ABM  ABM Industries Incorporated provides integrate...   
23     ABMD  ABIOMED, Inc. engages in the research, develop...   
24      ABR  Arbor Realty Trust, Inc. invests in a diversif...   
25      ABT  Abbott Laboratories manufactures and sells hea...   
26     ABTL  Autobytel Inc. operates as an automotive marke...   
27     ACAD  ACADIA Pharmaceuticals Inc., a biopharmaceutic...   
28      ACC  American Campus Communities, Inc. is a real es...   
29     ACCO  ACCO Brands Corporation designs, manufactures,...   
...     ...                                                ...   
3234   ZEUS  Olympic Steel, Inc. processes and distributes ...   
3235   ZFGN  Zafgen, Inc., a biopharmaceutical company, foc...   
3236   ZGNX  Zogenix, Inc., a pharmaceutical company, devel...   
3237   ZION  Zions Bancorporation, a financial holding comp...   
3238   ZIOP  ZIOPHARM Oncology, Inc., a biotechnology compa...   
3239   ZIXI  Zix Corporation provides email encryption, dat...   
3240     ZN  Zion Oil &amp; Gas, Inc. engages in the explor...   
3241   ZNGA  Zynga Inc. develops, markets, and operates soc...   
3242   ZOES  Zoe&#x27;s Kitchen, Inc., through its subsidia...   
3243    ZTS  Zoetis Inc. engages in the discovery, developm...   
3244   ZUMZ  Zumiez Inc. operates as a specialty retailer o...   
3245   AFAM    Almost Family, Inc. is a provider of home he...   
3246   AGTC    Applied Genetic Technologies Corporation is ...   
3247    ATU    Actuant Corporation designs, manufactures an...   
3248    BDE    Black Diamond, Inc., through its ownership o...   
3249   DORM    Dorman Products, Inc. is a supplier of repla...   
3250   FRSH    Papa Murphy's Holdings, Inc. is a holding co...   
3251    GHC    Graham Holdings Company is a diversified edu...   
3252   HRTX    Heron Therapeutics, Inc. is a biotechnology ...   
3253   IMDZ    Immune Design Corp. is a clinical-stage immu...   
3254   INFU    InfuSystem Holdings, Inc. is a provider of i...   
3255    KWR    Quaker Chemical Corporation is a provider of...   
3256   LIVE    Live Ventures Incorporated is a holding comp...   
3257    MPO    Molopo Energy Limited is an Australia-based ...   
3258   ONVO    Organovo Holdings, Inc. is an early commerci...   
3259    OZM    Och-Ziff Capital Management Group LLC (Och-Z...   
3260   PTEN    Patterson-UTI Energy, Inc. is an oilfield se...   
3261   XBKS    Xenith Bankshares, Inc., formerly Hampton Ro...   
3262   NYLD      NRG Yield, Inc. operates as a dividend gro...   
3263   VBIV      VBI Vaccines, Inc. is a biopharmaceutical ...   

                              name             mc     gics8  kmeans.text_024  \
0         AGILENT TECHNOLOGIES INC   17983.699509  35203010               14   
1                       ALCOA CORP    5880.946347  15104010               20   
2                 AAC HOLDINGS INC     157.941638  35102020                3   
3       ALTISOURCE ASSET MGMT CORP     113.704504  60102040               19   
4           ATLANTIC AMERICAN CORP      75.561401  40301030               16   
5                      AARON'S INC    2468.972825  25504060                7   
6      APPLIED OPTOELECTRONICS INC    1214.596263  45201020               12   
7                         AAON INC    1868.100153  20102010                5   
8           ADVANCE AUTO PARTS INC   10952.463666  25504050                5   
9                        APPLE INC  794094.976211  45202030               10   
10       AMERICAN ASSETS TRUST INC    1812.215115  60101010               13   
11    ATLAS AIR WORLDWIDE HLDG INC    1163.147455  20301010                3   
12    ALLIANCEBERNSTEIN HOLDING LP    2023.837189  40203010               19   
13                      ABAXIS INC    1049.322781  35101010                0   
14                      ABBVIE INC  104441.344030  35201010                9   
15          AMERISOURCEBERGEN CORP   18925.695025  35102010                3   
16                  AMERIS BANCORP    1631.819578  40101015               18   
17      CAMBIUM LEARNING GROUP INC     230.592872  25302010                3   
18               ADVISORY BOARD CO    2084.183746  20202020                4   
19           ALCENTRA CAPITAL CORP     181.736523  40203010               23   
20     ASBURY AUTOMOTIVE GROUP INC    1194.009014  25504050                5   
21              ARCA BIOPHARMA INC      22.014888  35201010                2   
22              ABM INDUSTRIES INC    2305.177016  20201050                3   
23                     ABIOMED INC    5819.029433  35101010                0   
24          ARBOR REALTY TRUST INC     423.616548  40204010               11   
25             ABBOTT LABORATORIES   74581.993837  35101010                0   
26                   AUTOBYTEL INC     144.699981  45101010               10   
27      ACADIA PHARMACEUTICALS INC    3331.460516  35201010                9   
28     AMERICAN CAMPUS COMMUNITIES    6253.346401  60101060               13   
29                ACCO BRANDS CORP    1270.787157  20201060               20   
...                            ...            ...       ...              ...   
3234             OLYMPIC STEEL INC     186.714536  15104050                5   
3235                    ZAFGEN INC     110.770419  35201010                9   
3236                   ZOGENIX INC     339.938092  35202010                9   
3237          ZIONS BANCORPORATION    8018.710471  40101015                1   
3238         ZIOPHARM ONCOLOGY INC     974.329095  35201010                2   
3239                      ZIX CORP     314.967260  45103010                4   
3240            ZION OIL & GAS INC      68.549842  10102020                8   
3241                     ZYNGA INC    2931.524325  45103030               10   
3242             ZOE'S KITCHEN INC     347.953191  25301040               15   
3243                    ZOETIS INC   29435.489833  35202010               20   
3244                    ZUMIEZ INC     380.411245  25504010                7   
3245             ALMOST FAMILY INC     777.768104  35102015                3   
3246  APPLIED GENETIC TECHNOLOGIES      92.192697  35201010                9   
3247           ACTUANT CORP  -CL A    1487.613339  20106020               14   
3248             BLACK DIAMOND INC     177.076706  25202010                5   
3249           DORMAN PRODUCTS INC    2809.012346  25101010                5   
3250    PAPA MURPHY'S HOLDINGS INC      82.220786  25301040                7   
3251            GRAHAM HOLDINGS CO    3306.928754  25302010               10   
3252        HERON THERAPEUTICS INC     757.126464  35201010                9   
3253            IMMUNE DESIGN CORP     171.148480  35201010                2   
3254       INFUSYSTEM HOLDINGS INC      29.494607  35102015                0   
3255          QUAKER CHEMICAL CORP    1821.106792  15101050                5   
3256             LIVE VENTURES INC      22.041822  25201020                3   
3257    MIDSTATES PETROLEUM CO INC     431.911357  10102020                8   
3258         ORGANOVO HOLDINGS INC     299.795725  35201010                9   
3259     OCH-ZIFF CAPITAL MGMT LLC    1054.596235  40203010               19   
3260      PATTERSON-UTI ENERGY INC    3672.547897  10101010                8   
3261         XENITH BANKSHARES INC     621.124373  40101015                1   
3262                 NRG YIELD INC    3124.882474  55105010               22   
3263              VBI VACCINES INC     169.278261  35201010               20   

      hier.text_024  
0                 6  
1                 7  
2                 2  
3                14  
4                13  
5                 2  
6                11  
7                 4  
8                 7  
9                15  
10               14  
11                2  
12                8  
13                6  
14                5  
15                1  
16                3  
17                1  
18                1  
19               21  
20                7  
21                5  
22                1  
23                6  
24               14  
25                6  
26                1  
27                5  
28                0  
29                2  
...             ...  
3234             10  
3235              5  
3236              5  
3237              3  
3238              5  
3239             12  
3240             23  
3241             15  
3242             19  
3243              6  
3244             17  
3245              1  
3246              5  
3247             10  
3248              2  
3249              7  
3250              2  
3251              1  
3252              5  
3253              5  
3254              7  
3255             10  
3256             15  
3257             23  
3258              7  
3259              8  
3260              4  
3261              3  
3262              7  
3263              5  

[3264 rows x 7 columns]
cluster 6:
                              name             mc     gics8
1586             JOHNSON & JOHNSON  342172.590836  35202010
1901                    MERCK & CO  175086.441015  35202010
1710              LILLY (ELI) & CO   86254.191826  35202010
25             ABBOTT LABORATORIES   74581.993837  35101010
2861  THERMO FISHER SCIENTIFIC INC   67188.109435  35203010
843                   DANAHER CORP   56763.495156  35101010
2773                  STRYKER CORP   50430.158630  35101010
337          BECTON DICKINSON & CO   38951.626180  35101010
437         BOSTON SCIENTIFIC CORP   35787.816225  35101010
1550        INTUITIVE SURGICAL INC   31647.262625  35101010
[nan]
cluster 7:
                          name             mc     gics8
1221       GENERAL ELECTRIC CO  238635.296259  20105010
1514                INTEL CORP  165850.985748  45301020
302                  BOEING CO  107467.497103  20101010
3017  UNITED TECHNOLOGIES CORP   95642.526253  20101010
2940     TEXAS INSTRUMENTS INC   79050.149702  45301020
1718      LOCKHEED MARTIN CORP   77373.919368  20101010
490            CATERPILLAR INC   59038.633795  20106010
1218     GENERAL DYNAMICS CORP   58116.685929  20101010
168        AMERICAN TOWER CORP   54551.175697  60101080
1251         GENERAL MOTORS CO   48705.001831  25102010
[nan]
cluster 2:
                             name             mc     gics8
3152          WAL-MART STORES INC  236341.922791  30101040
2263          PROCTER & GAMBLE CO  229101.167328  30301010
1346               HOME DEPOT INC  187307.096329  25504030
1641                 COCA-COLA CO  187157.396740  30201030
2300  PHILIP MORRIS INTERNATIONAL  176405.715031  30203010
2239                  PEPSICO INC  163062.898254  30201030
1878             ALTRIA GROUP INC  136505.157282  30203010
2393        REYNOLDS AMERICAN INC   93572.119539  30203010
2548               STARBUCKS CORP   86601.410637  25301040
2014                     NIKE INC   85375.360504  25203020
[nan]
cluster 14:
                          name            mc     gics8
2680  SIMON PROPERTY GROUP INC  48082.260566  60101070
2292              PROLOGIS INC  29039.766948  60101020
1342             WELLTOWER INC  26587.627811  60101050
999         EQUITY RESIDENTIAL  24014.481987  60101060
3088                VENTAS INC  23928.412643  60101050
1234                   GGP INC  19761.541373  60101070
455      BOSTON PROPERTIES INC  18503.446124  60101040
857   DIGITAL REALTY TRUST INC  18292.843967  60101080
3061      VORNADO REALTY TRUST  17578.647557  60101040
1016      ESSEX PROPERTY TRUST  16777.928853  60101060
[nan]
cluster 13:
                              name            mc     gics8
95    AMERICAN INTERNATIONAL GROUP  57858.846625  40301030
1824                   METLIFE INC  53860.600495  40301020
2346      PRUDENTIAL FINANCIAL INC  44410.669890  40301020
2905             TRAVELERS COS INC  33773.871233  40301040
128                  ALLSTATE CORP  30922.800446  40301040
2267         PROGRESSIVE CORP-OHIO  24148.012823  40301040
1370   HARTFORD FINANCIAL SERVICES  17976.152733  40301030
2252   PRINCIPAL FINANCIAL GRP INC  17444.454780  40301020
1661                    LOEWS CORP  15505.034743  40301030
1719         LINCOLN NATIONAL CORP  14525.515096  40301020
[nan]
cluster 11:
                            name             mc     gics8
2785                    AT&T INC  233297.240554  50101020
3094  VERIZON COMMUNICATIONS INC  183734.783495  50101020
726            CISCO SYSTEMS INC  157119.655798  45201020
586   CHARTER COMMUNICATIONS INC   84509.883693  25401025
2375                QUALCOMM INC   82889.238422  45301020
519       CROWN CASTLE INTL CORP   35647.671301  60101080
997                  EQUINIX INC   33171.753255  60101080
849            DISH NETWORK CORP   29117.106726  25401025
1250                 CORNING INC   26468.400421  45203015
2620      SIRIUS XM HOLDINGS INC   22761.680108  25401025
[nan]
cluster 4:
                             name            mc     gics8
2632             SCHLUMBERGER LTD  99216.270424  10101020
1319               HALLIBURTON CO  40384.861588  10101020
3145         WASTE MANAGEMENT INC  31357.643275  20201050
357              BAKER HUGHES INC  24337.380455  10101020
2494        REPUBLIC SERVICES INC  20893.794627  20201050
3056          VULCAN MATERIALS CO  16667.905013  15102010
283   AMERICAN WATER WORKS CO INC  13712.958000  55104010
2031   NATIONAL OILWELL VARCO INC  12929.641374  10101020
1065                  FASTENAL CO  12420.992156  20107010
1311           GRAINGER (W W) INC  10121.708107  20107010
[nan]
cluster 15:
                     name             mc     gics8
9               APPLE INC  794094.976211  45202030
172        AMAZON.COM INC  458158.215332  25502020
1067         FACEBOOK INC  427918.690613  45101010
625          COMCAST CORP  183410.139714  25401025
847      DISNEY (WALT) CO  170688.000488  25401030
2213  PRICELINE GROUP INC   88329.024590  25502020
2938      TIME WARNER INC   75182.751656  25401030
2001          NETFLIX INC   67105.677094  25502020
46      ADOBE SYSTEMS INC   66614.787533  45103010
2864      T-MOBILE US INC   54600.439894  50102010
[nan]
cluster 8:
                              name            mc     gics8
3003                   U S BANCORP  85840.615600  40101010
1287       GOLDMAN SACHS GROUP INC  84943.354559  40203020
1908                MORGAN STANLEY  76503.752463  40203020
383                  BLACKROCK INC  62855.652022  40203010
2554         SCHWAB (CHARLES) CORP  51241.724034  40203020
367   BANK OF NEW YORK MELLON CORP  48042.318193  40203010
627                  CME GROUP INC  39185.817005  40203040
1460     INTERCONTINENTAL EXCHANGE  34743.870090  40203040
2746             STATE STREET CORP  30067.400170  40203010
342         FRANKLIN RESOURCES INC  23534.445603  40203010
[nan]
cluster 5:
                            name             mc     gics8
2251                  PFIZER INC  192283.940965  35202010
150                    AMGEN INC  116274.357086  35201010
14                    ABBVIE INC  104441.344030  35201010
542                 CELGENE CORP   91689.401192  35201010
395      BRISTOL-MYERS SQUIBB CO   88575.657990  35202010
1241         GILEAD SCIENCES INC   84210.010399  35201010
361                   BIOGEN INC   53624.844169  35201010
2418   REGENERON PHARMACEUTICALS   48598.100961  35201010
310     BAXTER INTERNATIONAL INC   30972.544387  35101010
3076  VERTEX PHARMACEUTICALS INC   29351.716469  35201010
[nan]
cluster 1:
                              name             mc     gics8
3023                      VISA INC  211559.697815  45102020
2985        UNITEDHEALTH GROUP INC  165449.247055  35102030
1771                MASTERCARD INC  124841.757706  45102020
3106  WALGREENS BOOTS ALLIANCE INC   88022.629905  30101010
783                CVS HEALTH CORP   78688.742821  30101010
292            AMERICAN EXPRESS CO   68360.097542  40202010
186                     ANTHEM INC   46836.102397  35102030
72                       AETNA INC   46514.289583  35102030
588                     CIGNA CORP   41020.343264  35102030
1861          MARSH & MCLENNAN COS   38369.296112  40301010
[nan]
cluster 3:
                              name             mc     gics8
1594           JPMORGAN CHASE & CO  298293.420587  40101010
3123              WELLS FARGO & CO  261728.984637  40101010
304           BANK OF AMERICA CORP  226813.078317  40101010
460                  CITIGROUP INC  165415.745681  40101010
2306  PNC FINANCIAL SVCS GROUP INC   56919.600296  40101015
656     CAPITAL ONE FINANCIAL CORP   38268.779929  40202010
317                      BB&T CORP   34183.018967  40101015
2731            SUNTRUST BANKS INC   26262.447692  40101015
1924               M & T BANK CORP   24151.364442  40101015
1618                       KEYCORP   19403.429055  40101015
[nan]
cluster 21:
                           name           mc     gics8
208           ARES CAPITAL CORP  6986.399837  40203010
2351      PROSPECT CAPITAL CORP  2933.068413  40203010
1185         FS INVESTMENT CORP  2213.626926  40203010
1774   MAIN STREET CAPITAL CORP  2110.522481  40203010
563            CARLYLE GROUP LP  1480.366699  40203010
98       APOLLO INVESTMENT CORP  1384.076377  40203010
2913  TPG SPECIALTY LENDING INC  1229.692203  40203010
1210      GOLUB CAPITAL BDC INC  1160.912529  40203010
1427       HERCULES CAPITAL INC  1104.565386  40203010
2022  NEW MOUNTAIN FINANCE CORP  1008.923457  40203010
[nan]
cluster 0:
                            name            mc     gics8
1762        LAS VEGAS SANDS CORP  45025.198792  25301010
272    AVALONBAY COMMUNITIES INC  26435.738280  60101060
1833   MGM RESORTS INTERNATIONAL  17785.468830  25301010
1988         NEWMONT MINING CORP  17761.991962  15104030
3194            WYNN RESORTS LTD  12515.553482  25301010
841               D R HORTON INC  12486.420151  25201030
1772  MID-AMERICA APT CMNTYS INC  11344.986561  60101060
2960                     UDR INC  10123.726303  60101060
2074                     NVR INC   8450.055184  25201030
696        CAMDEN PROPERTY TRUST   8038.074019  60101060
[nan]
cluster 12:
                             name             mc     gics8
1267                 ALPHABET INC  657848.626617  45101010
1916               MICROSOFT CORP  522924.322929  45103020
2160                  ORACLE CORP  181759.542465  45103020
1452  INTL BUSINESS MACHINES CORP  141657.339506  45102010
2070                  NVIDIA CORP   77845.954285  45301020
712            SALESFORCE.COM INC   62079.616928  45103010
55      AUTOMATIC DATA PROCESSING   44050.963716  45102020
755      COGNIZANT TECH SOLUTIONS   38296.778023  45102010
3058             VMWARE INC -CL A   37682.630998  45103020
3113         WESTERN DIGITAL CORP   25058.010178  45202030
[nan]
cluster 10:
                              name             mc     gics8
1864                         3M CO  116605.055559  20105010
1396   HONEYWELL INTERNATIONAL INC   99223.533015  20105010
2987            UNION PACIFIC CORP   86694.379925  20304010
871                   DOW CHEMICAL   74010.755364  15101020
817       DU PONT (E I) DE NEMOURS   66785.668333  15101020
1886                   MONSANTO CO   50798.368124  15101030
918                     ECOLAB INC   36754.599380  15101050
2367                   PRAXAIR INC   36630.884253  15101040
194   AIR PRODUCTS & CHEMICALS INC   31071.463045  15101040
2611           SHERWIN-WILLIAMS CO   30845.856274  15101050
[nan]
cluster 23:
                              name            mc     gics8
671                 CONOCOPHILLIPS  57426.365596  10102020
987              EOG RESOURCES INC  52928.803815  10102020
2368  PIONEER NATURAL RESOURCES CO  29383.721672  10102020
193        ANADARKO PETROLEUM CORP  28742.954282  10102020
895              DEVON ENERGY CORP  19409.400803  10102020
792           CONCHO RESOURCES INC  19280.405589  10102020
191                    APACHE CORP  18991.291530  10102020
614      CONTINENTAL RESOURCES INC  15366.505563  10102020
1358                     HESS CORP  15190.039962  10102020
1971              NOBLE ENERGY INC  13363.199701  10102020
[nan]
cluster 18:
                            name            mc     gics8
1987          NEXTERA ENERGY INC  64087.921143  55101010
889             DUKE ENERGY CORP  58275.000000  55101010
2912                   TESLA INC  51393.181898  25102010
2667                 SOUTHERN CO  49501.192685  55101010
804       DOMINION RESOURCES INC  49263.279808  55103010
69    AMERICAN ELECTRIC POWER CO  33588.845520  55101010
2211                   PG&E CORP  33511.332898  55101010
1045                 EXELON CORP  32487.484456  55101010
2703               SEMPRA ENERGY  27800.760536  55103010
2324                    PPL CORP  26478.167079  55101010
[nan]
cluster 17:
                   name            mc     gics8
2853  TJX COMPANIES INC  48137.843581  25504010
2481    ROSS STORES INC  23932.905718  25504010
3037            VF CORP  21064.471197  25203010
1672       L BRANDS INC  14211.339607  25504010
658           COACH INC  12556.736758  25203010
2845       TIFFANY & CO  11450.265152  25504040
1278            GAP INC   9183.240211  25504010
2362           PVH CORP   7783.669958  25203010
2910  TRACTOR SUPPLY CO   7498.361631  25504040
1329    HANESBRANDS INC   7414.017673  25203010
[nan]
cluster 16:
                              name           mc     gics8
84            AGNC INVESTMENT CORP  6620.000000  40204010
2043        NEW RESIDENTIAL INV CP  4865.098882  40204010
1929       MGIC INVESTMENT CORP/WI  3615.786112  40102010
2411              RADIAN GROUP INC  3568.359723  40102010
2935   TWO HARBORS INVESTMENT CORP  3471.684531  40204010
593        CHIMERA INVESTMENT CORP  3359.375055  40204010
1825             MFA FINANCIAL INC  3027.290239  40204010
454     BLACKSTONE MORTGAGE TR INC  2881.529652  40204010
1264        GENWORTH FINANCIAL INC  1791.050957  40301020
1563  INVESCO MORTGAGE CAPITAL INC  1747.728123  40204010
[nan]
cluster 22:
                              name            mc     gics8
1778             MARRIOTT INTL INC  39063.929535  25301020
1379     HILTON WORLDWIDE HOLDINGS  20582.026548  25301020
1419     HOST HOTELS & RESORTS INC  13316.958067  60101030
3193        WYNDHAM WORLDWIDE CORP   9967.490891  25301020
1313             HYATT HOTELS CORP   7266.712295  25301020
1402  HOSPITALITY PROPERTIES TRUST   4699.713409  60101030
576         CHOICE HOTELS INTL INC   3556.239017  25301020
2607  SUNSTONE HOTEL INVESTORS INC   3442.920066  60101030
2725     EXTENDED STAY AMERICA INC   3423.255415  25301020
1699      LASALLE HOTEL PROPERTIES   3214.301037  60101030
[nan]
cluster 9:
                              name             mc     gics8
3208              EXXON MOBIL CORP  346374.750000  10102010
787                   CHEVRON CORP  199250.531264  10102010
990   ENTERPRISE PRODS PRTNRS  -LP   56635.612403  10102040
2180     OCCIDENTAL PETROLEUM CORP   46096.632965  10102010
1632             KINDER MORGAN INC   43375.491338  10102040
2354                   PHILLIPS 66   40023.422150  10102030
3053            VALERO ENERGY CORP   28412.717682  10102030
1893       MARATHON PETROLEUM CORP   26956.859287  10102030
3163          WILLIAMS PARTNERS LP   25171.179009  10102040
3147              WILLIAMS COS INC   24697.399685  10102040
[nan]
cluster 20:
                             name            mc     gics8
2993    UNITED PARCEL SERVICE INC  89672.112122  20301010
1093                   FEDEX CORP  50461.671088  20301010
583    C H ROBINSON WORLDWIDE INC   9607.621595  20301010
1049     EXPEDITORS INTL WASH INC   9465.801538  20301010
1570  HUNT (JB) TRANSPRT SVCS INC   9241.871499  20304020
2112         OLD DOMINION FREIGHT   7024.423002  20304020
3215            XPO LOGISTICS INC   5870.253645  20301010
1749          LANDSTAR SYSTEM INC   3416.630636  20304020
2760      SWIFT TRANSPORTATION CO   3045.308409  20304020
1640    KNIGHT TRANSPORTATION INC   2576.787955  20304020
[nan]
cluster 19:
                              name             mc     gics8
1797               MCDONALD'S CORP  119813.145523  25301040
629     CHIPOTLE MEXICAN GRILL INC   13901.373196  25301040
880         DARDEN RESTAURANTS INC   10749.076881  25301040
864       DUNKIN' BRANDS GROUP INC    5136.746689  25301040
3117                    WENDY'S CO    3917.073716  25301040
1286                   GRUBHUB INC    3787.429678  45101010
2941           TEXAS ROADHOUSE INC    3427.128173  25301040
1566           JACK IN THE BOX INC    3060.001061  25301040
2371  PAPA JOHNS INTERNATIONAL INC    2870.008259  25301040
470         CHEESECAKE FACTORY INC    2808.586780  25301040
[nan]
<class 'pandas.core.frame.DataFrame'>
Int64Index: 3264 entries, 0 to 3263
Data columns (total 7 columns):
symbol             3264 non-null object
content            3264 non-null object
name               3264 non-null object
mc                 3264 non-null float64
gics8              3264 non-null int32
kmeans.text_024    3264 non-null int64
hier.text_024      3264 non-null int64
dtypes: float64(1), int32(1), int64(2), object(3)
memory usage: 191.2+ KB
None
done
