------------------------
n= 68
cl= kmeans_fact
type= fact
------------------------
cluster=0
cluster=1
cluster=2
cluster=3
cluster=4
cluster=5
cluster=6
cluster=7
cluster=8
cluster=9
cluster=10
cluster=11
cluster=12
cluster=13
cluster=14
cluster=15
cluster=16
cluster=17
cluster=18
cluster=19
cluster=20
cluster=21
cluster=22
cluster=23
cluster=24
cluster=25
cluster=26
cluster=27
cluster=28
cluster=29
cluster=30
cluster=31
cluster=32
cluster=33
cluster=34
cluster=35
cluster=36
cluster=37
cluster=38
cluster=39
cluster=40
cluster=41
cluster=42
cluster=43
cluster=44
cluster=45
cluster=46
cluster=47
cluster=48
cluster=49
cluster=50
cluster=51
cluster=52
cluster=53
cluster=54
cluster=55
cluster=56
cluster=57
cluster=58
cluster=59
cluster=60
cluster=61
cluster=62
cluster=63
cluster=64
cluster=65
cluster=66
cluster=67
advance group... 
continuing!!!
intra-group:
r2    6.214300e-02
a     1.000000e+00
b     5.151435e-16
dtype: float64
extra-group:
r2    0.072587
a     0.532489
b     0.457474
dtype: float64
advance group... 
continuing!!!
intra-group:
symbol   NaN
r2       NaN
a        NaN
b        NaN
dtype: float64
extra-group:
symbol   NaN
r2       NaN
a        NaN
b        NaN
dtype: float64
advance group... 
continuing!!!
intra-group:
r2    5.753016e-02
a     1.000000e+00
b    -2.220446e-16
dtype: float64
extra-group:
r2    0.087156
a     0.710429
b     0.276841
dtype: float64
advance group... 
continuing!!!
intra-group:
r2    8.754896e-02
a     1.000000e+00
b    -1.091719e-15
dtype: float64
extra-group:
r2    0.097265
a     0.419112
b     0.575230
dtype: float64
advance group... 
continuing!!!
intra-group:
symbol   NaN
r2       NaN
a        NaN
b        NaN
dtype: float64
extra-group:
symbol   NaN
r2       NaN
a        NaN
b        NaN
dtype: float64
advance group... 
continuing!!!
intra-group:
r2    1.000000e+00
a     1.000000e+00
b    -1.776357e-15
dtype: float64
extra-group:
r2    0.003647
a     0.166102
b     0.830122
dtype: float64
advance group... 
continuing!!!
intra-group:
r2    2.364769e-01
a     1.000000e+00
b    -7.327472e-16
dtype: float64
extra-group:
r2    0.022398
a     0.446765
b     0.543643
dtype: float64
advance group... 
continuing!!!
intra-group:
r2    4.028050e-02
a     1.000000e+00
b     6.762268e-16
dtype: float64
extra-group:
r2    0.099173
a     0.447829
b     0.545751
dtype: float64
advance group... 
continuing!!!
intra-group:
symbol   NaN
r2       NaN
a        NaN
b        NaN
dtype: float64
extra-group:
symbol   NaN
r2       NaN
a        NaN
b        NaN
dtype: float64
advance group... 
continuing!!!
intra-group:
symbol   NaN
r2       NaN
a        NaN
b        NaN
dtype: float64
extra-group:
symbol   NaN
r2       NaN
a        NaN
b        NaN
dtype: float64
advance group... 
continuing!!!
intra-group:
symbol   NaN
r2       NaN
a        NaN
b        NaN
dtype: float64
extra-group:
symbol   NaN
r2       NaN
a        NaN
b        NaN
dtype: float64
advance group... 
continuing!!!
intra-group:
r2    1.610422e-01
a     1.000000e+00
b     1.180537e-15
dtype: float64
extra-group:
r2    0.080049
a     0.615955
b     0.371030
dtype: float64
advance group... 
continuing!!!
intra-group:
symbol   NaN
r2       NaN
a        NaN
b        NaN
dtype: float64
extra-group:
symbol   NaN
r2       NaN
a        NaN
b        NaN
dtype: float64
advance group... 
continuing!!!
intra-group:
symbol   NaN
r2       NaN
a        NaN
b        NaN
dtype: float64
extra-group:
symbol   NaN
r2       NaN
a        NaN
b        NaN
dtype: float64
advance group... 
continuing!!!
intra-group:
r2    1.000000e+00
a     1.000000e+00
b     6.661338e-16
dtype: float64
extra-group:
r2    0.024669
a     0.356768
b     0.636062
dtype: float64
advance group... 
continuing!!!
intra-group:
r2    1.0
a     1.0
b     0.0
dtype: float64
extra-group:
r2    0.011151
a     0.218764
b     0.775802
dtype: float64
advance group... 
continuing!!!
intra-group:
r2    2.183447e-01
a     1.000000e+00
b    -3.297026e-16
dtype: float64
extra-group:
r2    0.099964
a     0.783435
b     0.200076
dtype: float64
advance group... 
continuing!!!
intra-group:
r2    4.917840e-01
a     1.000000e+00
b    -5.551115e-16
dtype: float64
extra-group:
r2    0.051810
a     0.836389
b     0.148730
dtype: float64
advance group... 
continuing!!!
intra-group:
r2    1.386442e-01
a     1.000000e+00
b    -7.653452e-16
dtype: float64
extra-group:
r2    0.070333
a     0.499004
b     0.490587
dtype: float64
advance group... 
continuing!!!
intra-group:
symbol   NaN
r2       NaN
a        NaN
b        NaN
dtype: float64
extra-group:
symbol   NaN
r2       NaN
a        NaN
b        NaN
dtype: float64
advance group... 
continuing!!!
intra-group:
r2    1.000000e+00
a     1.000000e+00
b    -4.440892e-16
dtype: float64
extra-group:
r2    0.051393
a     0.614056
b     0.372682
dtype: float64
advance group... 
continuing!!!
intra-group:
r2    1.753005e-01
a     1.000000e+00
b     2.442491e-16
dtype: float64
extra-group:
r2    0.081243
a     0.579312
b     0.409115
dtype: float64
advance group... 
continuing!!!
intra-group:
r2    1.000000e+00
a     1.000000e+00
b    -1.554312e-15
dtype: float64
extra-group:
r2    0.001751
a    -5.548728
b     6.735238
dtype: float64
advance group... 
continuing!!!
intra-group:
r2    1.383105e-01
a     1.000000e+00
b     4.631216e-16
dtype: float64
extra-group:
r2    0.069364
a     0.640539
b     0.346873
dtype: float64
advance group... 
continuing!!!
intra-group:
r2    1.0
a     1.0
b     0.0
dtype: float64
extra-group:
r2    0.004235
a     0.398140
b     0.596478
dtype: float64
advance group... 
continuing!!!
intra-group:
r2    1.359698e-01
a     1.000000e+00
b    -2.220446e-16
dtype: float64
extra-group:
r2    0.071523
a     0.542245
b     0.446317
dtype: float64
advance group... 
continuing!!!
intra-group:
r2    1.000000e+00
a     1.000000e+00
b    -9.769963e-15
dtype: float64
extra-group:
r2    0.003178
a     0.147275
b     0.850564
dtype: float64
advance group... 
continuing!!!
intra-group:
r2    4.824744e-01
a     1.000000e+00
b    -8.141636e-16
dtype: float64
extra-group:
r2    0.058883
a     1.039385
b    -0.063985
dtype: float64
advance group... 
continuing!!!
intra-group:
r2    2.086457e-01
a     1.000000e+00
b     1.734723e-16
dtype: float64
extra-group:
r2    0.082393
a     0.806886
b     0.177039
dtype: float64
advance group... 
continuing!!!
intra-group:
symbol   NaN
r2       NaN
a        NaN
b        NaN
dtype: float64
extra-group:
symbol   NaN
r2       NaN
a        NaN
b        NaN
dtype: float64
advance group... 
continuing!!!
intra-group:
r2    1.000000e+00
a     1.000000e+00
b    -6.661338e-16
dtype: float64
extra-group:
r2    0.056023
a     1.133603
b    -0.158614
dtype: float64
advance group... 
continuing!!!
intra-group:
r2    1.382877e-01
a     1.000000e+00
b    -1.921695e-15
dtype: float64
extra-group:
r2    0.061610
a     0.431783
b     0.559632
dtype: float64
advance group... 
continuing!!!
intra-group:
symbol   NaN
r2       NaN
a        NaN
b        NaN
dtype: float64
extra-group:
symbol   NaN
r2       NaN
a        NaN
b        NaN
dtype: float64
advance group... 
continuing!!!
intra-group:
r2    6.542178e-02
a     1.000000e+00
b    -6.044548e-16
dtype: float64
extra-group:
r2    0.066869
a     0.452557
b     0.539874
dtype: float64
advance group... 
continuing!!!
intra-group:
r2    5.155986e-01
a     1.000000e+00
b    -1.887379e-15
dtype: float64
extra-group:
r2    0.032278
a     0.322895
b     0.670409
dtype: float64
advance group... 
continuing!!!
intra-group:
r2    1.000000e+00
a     1.000000e+00
b     1.110223e-15
dtype: float64
extra-group:
r2    0.049797
a     0.302370
b     0.692267
dtype: float64
advance group... 
continuing!!!
intra-group:
r2    1.000000e+00
a     1.000000e+00
b     4.440892e-16
dtype: float64
extra-group:
r2    0.052829
a     1.230196
b    -0.254052
dtype: float64
advance group... 
continuing!!!
intra-group:
r2    2.912577e-01
a     1.000000e+00
b     5.828671e-16
dtype: float64
extra-group:
r2    0.055279
a     0.660795
b     0.324625
dtype: float64
advance group... 
continuing!!!
intra-group:
r2    1.933077e-01
a     1.000000e+00
b     3.528923e-16
dtype: float64
extra-group:
r2    0.099647
a     0.669328
b     0.317011
dtype: float64
advance group... 
continuing!!!
intra-group:
symbol   NaN
r2       NaN
a        NaN
b        NaN
dtype: float64
extra-group:
symbol   NaN
r2       NaN
a        NaN
b        NaN
dtype: float64
advance group... 
continuing!!!
intra-group:
symbol   NaN
r2       NaN
a        NaN
b        NaN
dtype: float64
extra-group:
symbol   NaN
r2       NaN
a        NaN
b        NaN
dtype: float64
advance group... 
continuing!!!
intra-group:
r2    1.880897e-01
a     1.000000e+00
b     1.142184e-15
dtype: float64
extra-group:
r2    0.086423
a     0.623678
b     0.363412
dtype: float64
advance group... 
continuing!!!
intra-group:
r2    3.194144e-01
a     1.000000e+00
b    -2.775558e-16
dtype: float64
extra-group:
r2    0.080599
a     0.820207
b     0.162746
dtype: float64
advance group... 
continuing!!!
intra-group:
r2    2.202533e-01
a     1.000000e+00
b    -1.614870e-16
dtype: float64
extra-group:
r2    0.110304
a     0.603703
b     0.383870
dtype: float64
advance group... 
continuing!!!
intra-group:
r2    2.595274e-01
a     1.000000e+00
b    -9.806970e-16
dtype: float64
extra-group:
r2    0.036596
a     0.293578
b     0.701212
dtype: float64
advance group... 
continuing!!!
intra-group:
symbol   NaN
r2       NaN
a        NaN
b        NaN
dtype: float64
extra-group:
symbol   NaN
r2       NaN
a        NaN
b        NaN
dtype: float64
advance group... 
continuing!!!
intra-group:
r2    2.701065e-01
a     1.000000e+00
b     4.916702e-16
dtype: float64
extra-group:
r2    0.077263
a     0.659783
b     0.327432
dtype: float64
advance group... 
continuing!!!
intra-group:
r2    2.019191e-01
a     1.000000e+00
b     1.421085e-15
dtype: float64
extra-group:
r2    0.042492
a     0.103016
b     0.897401
dtype: float64
advance group... 
continuing!!!
intra-group:
r2    1.825107e-01
a     1.000000e+00
b     3.534210e-16
dtype: float64
extra-group:
r2    0.097298
a     0.708800
b     0.276441
dtype: float64
advance group... 
continuing!!!
intra-group:
r2    1.000000e+00
a     1.000000e+00
b    -6.661338e-16
dtype: float64
extra-group:
r2    0.132648
a     1.749008
b    -0.784077
dtype: float64
advance group... 
continuing!!!
intra-group:
r2    1.312380e-01
a     1.000000e+00
b    -5.366078e-16
dtype: float64
extra-group:
r2    0.053221
a     0.470319
b     0.520161
dtype: float64
advance group... 
continuing!!!
intra-group:
r2    1.728072e-01
a     1.000000e+00
b     7.771561e-16
dtype: float64
extra-group:
r2    0.052123
a     0.570460
b     0.417866
dtype: float64
advance group... 
continuing!!!
intra-group:
r2    3.960375e-01
a     1.000000e+00
b    -6.383782e-16
dtype: float64
extra-group:
r2    0.089700
a     0.473581
b     0.516795
dtype: float64
advance group... 
continuing!!!
intra-group:
r2    3.251450e-01
a     1.000000e+00
b     7.216450e-16
dtype: float64
extra-group:
r2    0.060935
a     0.527020
b     0.461487
dtype: float64
advance group... 
continuing!!!
intra-group:
r2    1.609348e-01
a     1.000000e+00
b    -1.126876e-15
dtype: float64
extra-group:
r2    0.083461
a     0.602789
b     0.384939
dtype: float64
advance group... 
continuing!!!
intra-group:
r2    6.952516e-02
a     1.000000e+00
b    -2.946361e-16
dtype: float64
extra-group:
r2    0.087554
a     0.625753
b     0.362401
dtype: float64
advance group... 
continuing!!!
intra-group:
r2    1.325234e-01
a     1.000000e+00
b    -5.038704e-16
dtype: float64
extra-group:
r2    0.042728
a     0.514007
b     0.475859
dtype: float64
advance group... 
continuing!!!
intra-group:
symbol   NaN
r2       NaN
a        NaN
b        NaN
dtype: float64
extra-group:
symbol   NaN
r2       NaN
a        NaN
b        NaN
dtype: float64
advance group... 
continuing!!!
intra-group:
r2    1.000000e+00
a     1.000000e+00
b     6.661338e-16
dtype: float64
extra-group:
r2    0.104976
a     0.451121
b     0.539641
dtype: float64
advance group... 
continuing!!!
intra-group:
r2    1.375860e-01
a     1.000000e+00
b     1.440443e-15
dtype: float64
extra-group:
r2    0.066546
a     0.466553
b     0.524248
dtype: float64
advance group... 
continuing!!!
intra-group:
r2    2.727536e-01
a     1.000000e+00
b     9.159340e-16
dtype: float64
extra-group:
r2    0.010152
a     0.415978
b     0.576619
dtype: float64
advance group... 
continuing!!!
intra-group:
r2    5.916921e-01
a     1.000000e+00
b     1.036208e-15
dtype: float64
extra-group:
r2    0.130674
a     0.612010
b     0.375916
dtype: float64
advance group... 
continuing!!!
intra-group:
r2    5.631305e-01
a     1.000000e+00
b    -9.992007e-16
dtype: float64
extra-group:
r2    0.048231
a     0.672889
b     0.313640
dtype: float64
advance group... 
continuing!!!
intra-group:
r2    1.000000e+00
a     1.000000e+00
b    -4.440892e-16
dtype: float64
extra-group:
r2    0.093293
a     0.266853
b     0.727095
dtype: float64
advance group... 
continuing!!!
intra-group:
symbol   NaN
r2       NaN
a        NaN
b        NaN
dtype: float64
extra-group:
symbol   NaN
r2       NaN
a        NaN
b        NaN
dtype: float64
advance group... 
continuing!!!
intra-group:
r2    1.753650e-01
a     1.000000e+00
b     8.271162e-16
dtype: float64
extra-group:
r2    0.047899
a     0.448716
b     0.541588
dtype: float64
advance group... 
continuing!!!
intra-group:
r2    2.130212e-01
a     1.000000e+00
b     5.793685e-16
dtype: float64
extra-group:
r2    0.109297
a     0.592970
b     0.394711
dtype: float64
advance group... 
continuing!!!
intra-group:
r2    1.694133e-01
a     1.000000e+00
b    -6.487866e-16
dtype: float64
extra-group:
r2    0.079533
a     0.694238
b     0.291396
dtype: float64
WRITING THESE!
**
                          type        mu     sigma
0  1d.RETURN.kmeans.fact_068.i  0.168063  0.071326
**
1d.RETURN.kmeans.fact_068.i (0.16806269206709656, 0.071326307030738098)
**
      n        r2         w
66  119  0.213021  0.109476
43   99  0.220253  0.091076
41   66  0.188090  0.060718
48   60  0.182511  0.055198
38   56  0.193308  0.051518
31   55  0.138288  0.050598
0    50  0.062143  0.045998
18   47  0.138644  0.043238
59   39  0.137586  0.035879
2    38  0.057530  0.034959
25   37  0.135970  0.034039
23   35  0.138310  0.032199
16   33  0.218345  0.030359
7    33  0.040281  0.030359
67   32  0.169413  0.029439
11   30  0.161042  0.027599
55   26  0.069525  0.023919
21   25  0.175301  0.022999
50   24  0.131238  0.022079
65   20  0.175365  0.018399
54   20  0.160935  0.018399
33   18  0.065422  0.016559
28   16  0.208646  0.014719
56   13  0.132523  0.011960
42   12  0.319414  0.011040
3    12  0.087549  0.011040
51    8  0.172807  0.007360
46    7  0.270107  0.006440
44    6  0.259527  0.005520
47    5  0.201919  0.004600
6     5  0.236477  0.004600
53    4  0.325145  0.003680
52    4  0.396038  0.003680
60    4  0.272754  0.003680
37    4  0.291258  0.003680
27    3  0.482474  0.002760
61    3  0.591692  0.002760
62    2  0.563130  0.001840
17    2  0.491784  0.001840
34    2  0.515599  0.001840
WRITING THESE!
**
                          type        mu     sigma
0  1d.RETURN.kmeans.fact_068.e  0.084259  0.019989
**
1d.RETURN.kmeans.fact_068.e (0.084259369528139172, 0.019988974845300701)
**
      n        r2         w
66  119  0.109297  0.109476
43   99  0.110304  0.091076
41   66  0.086423  0.060718
48   60  0.097298  0.055198
38   56  0.099647  0.051518
31   55  0.061610  0.050598
0    50  0.072587  0.045998
18   47  0.070333  0.043238
59   39  0.066546  0.035879
2    38  0.087156  0.034959
25   37  0.071523  0.034039
23   35  0.069364  0.032199
16   33  0.099964  0.030359
7    33  0.099173  0.030359
67   32  0.079533  0.029439
11   30  0.080049  0.027599
55   26  0.087554  0.023919
21   25  0.081243  0.022999
50   24  0.053221  0.022079
65   20  0.047899  0.018399
54   20  0.083461  0.018399
33   18  0.066869  0.016559
28   16  0.082393  0.014719
56   13  0.042728  0.011960
42   12  0.080599  0.011040
3    12  0.097265  0.011040
51    8  0.052123  0.007360
46    7  0.077263  0.006440
44    6  0.036596  0.005520
47    5  0.042492  0.004600
6     5  0.022398  0.004600
53    4  0.060935  0.003680
52    4  0.089700  0.003680
60    4  0.010152  0.003680
37    4  0.055279  0.003680
27    3  0.058883  0.002760
61    3  0.130674  0.002760
62    2  0.048231  0.001840
17    2  0.051810  0.001840
34    2  0.032278  0.001840
