------------------------
n= 11
cl= kmeans_text
type= gics
------------------------
cluster=35
cluster=25
cluster=20
cluster=45
cluster=40
cluster=10
cluster=30
cluster=60
cluster=15
cluster=50
cluster=55
advance group... 
continuing!!!
intra-group:
r2    5.462629e-02
a     1.000000e+00
b    -8.090667e-16
dtype: float64
extra-group:
r2    0.041302
a     0.621320
b     0.367022
dtype: float64
advance group... 
continuing!!!
intra-group:
r2    0.007285
a     0.759280
b     0.280935
dtype: float64
extra-group:
r2    0.096281
a     0.705625
b     0.458930
dtype: float64
advance group... 
continuing!!!
intra-group:
r2    1.747553e-01
a     1.000000e+00
b    -5.463466e-16
dtype: float64
extra-group:
r2    0.093297
a     0.619142
b     0.367150
dtype: float64
advance group... 
continuing!!!
intra-group:
r2    1.341056e-01
a     1.000000e+00
b     6.846748e-16
dtype: float64
extra-group:
r2    0.061279
a     0.506760
b     0.482163
dtype: float64
advance group... 
continuing!!!
intra-group:
r2    2.697509e-01
a     1.000000e+00
b    -8.815699e-16
dtype: float64
extra-group:
r2    0.081983
a     0.427245
b     0.562789
dtype: float64
advance group... 
continuing!!!
intra-group:
r2    1.682189e-01
a     1.000000e+00
b    -1.150989e-15
dtype: float64
extra-group:
r2    0.044845
a     0.529508
b     0.459821
dtype: float64
advance group... 
continuing!!!
intra-group:
r2    9.258334e-02
a     1.000000e+00
b     7.962665e-16
dtype: float64
extra-group:
r2    0.044038
a     0.376283
b     0.615805
dtype: float64
advance group... 
continuing!!!
intra-group:
r2    3.363673e-01
a     1.000000e+00
b     1.531731e-15
dtype: float64
extra-group:
r2    0.067883
a     0.377935
b     0.613897
dtype: float64
advance group... 
continuing!!!
intra-group:
r2    2.155942e-01
a     1.000000e+00
b    -3.942096e-17
dtype: float64
extra-group:
r2    0.099617
a     0.677785
b     0.308001
dtype: float64
advance group... 
continuing!!!
intra-group:
r2    1.243247e-01
a     1.000000e+00
b     9.669684e-17
dtype: float64
extra-group:
r2    0.068376
a     0.585413
b     0.403649
dtype: float64
advance group... 
!!!!!!!!nan! ARTNA
continuing!!!
intra-group:
r2    2.696852e-01
a     1.000000e+00
b     6.052069e-16
dtype: float64
!!!!!!!!nan! ARTNA
extra-group:
r2    0.041165
a     0.325636
b     0.668105
dtype: float64
WRITING THESE!
**
                   type        mu     sigma
0  1d.RETURN.gics.011.i  0.153206  0.097297
**
1d.RETURN.gics.011.i (0.15320551146809486, 0.097296523500325513)
**
      n        r2         w
4   588  0.269751  0.180701
0   501  0.054626  0.153964
3   497  0.134106  0.152735
1   444  0.007285  0.136447
2   418  0.174755  0.128457
5   256  0.168219  0.078672
7   177  0.336367  0.054395
8   138  0.215594  0.042409
6   122  0.092583  0.037492
10   82  0.269685  0.025200
9    31  0.124325  0.009527
WRITING THESE!
**
                   type       mu     sigma
0  1d.RETURN.gics.011.e  0.07044  0.021485
**
1d.RETURN.gics.011.e (0.070439864054675838, 0.021485062420586704)
**
      n        r2         w
4   588  0.081983  0.180701
0   501  0.041302  0.153964
3   497  0.061279  0.152735
1   444  0.096281  0.136447
2   418  0.093297  0.128457
5   256  0.044845  0.078672
7   177  0.067883  0.054395
8   138  0.099617  0.042409
6   122  0.044038  0.037492
10   82  0.041165  0.025200
9    31  0.068376  0.009527
