------------------------
n= 157
cl= kmeans_text
type= gics
------------------------
cluster=40202010
cluster=25302020
cluster=25504050
cluster=25102010
cluster=25102020
cluster=20201050
cluster=20103010
cluster=25301040
cluster=45202030
cluster=10101020
cluster=20202020
cluster=20107010
cluster=20101010
cluster=20106010
cluster=40101015
cluster=40101010
cluster=40102010
cluster=25504040
cluster=25504010
cluster=25503020
cluster=25503010
cluster=25203010
cluster=25504060
cluster=25201010
cluster=30101030
cluster=25504020
cluster=25504030
cluster=35201010
cluster=35101020
cluster=35101010
cluster=10102040
cluster=60101080
cluster=10102030
cluster=10102020
cluster=45101010
cluster=45103010
cluster=45102020
cluster=45201020
cluster=45102010
cluster=40201040
cluster=45203030
cluster=45301020
cluster=45103020
cluster=45203020
cluster=40204010
cluster=60101060
cluster=60101040
cluster=60102040
cluster=25201030
cluster=60101020
cluster=60101010
cluster=25401030
cluster=30203010
cluster=35102010
cluster=15101030
cluster=15101050
cluster=15104020
cluster=15101010
cluster=30202030
cluster=30302010
cluster=30202010
cluster=20304010
cluster=40301030
cluster=35102015
cluster=20202010
cluster=20201070
cluster=40203040
cluster=40301010
cluster=35203010
cluster=40301040
cluster=35102030
cluster=40301020
cluster=35103010
cluster=40301050
cluster=45203010
cluster=20106020
cluster=20104010
cluster=25502020
cluster=35102020
cluster=60101030
cluster=25301020
cluster=20201010
cluster=30301010
cluster=25201040
cluster=20105010
cluster=20201060
cluster=35202010
cluster=15103020
cluster=25202010
cluster=25301030
cluster=25203030
cluster=25201050
cluster=25201020
cluster=20102010
cluster=30101040
cluster=30201020
cluster=25101010
cluster=40203010
cluster=40203020
cluster=40203030
cluster=40201030
cluster=20304020
cluster=20301010
cluster=25401020
cluster=25401025
cluster=45203015
cluster=25401040
cluster=55102010
cluster=55103010
cluster=55101010
cluster=55105010
cluster=55105020
cluster=10102050
cluster=60102020
cluster=20104020
cluster=45301010
cluster=15104050
cluster=55104010
cluster=30201030
cluster=20302010
cluster=25302010
cluster=60101050
cluster=30201010
cluster=15102010
cluster=15104030
cluster=15104040
cluster=60101070
cluster=10101010
cluster=45103030
cluster=20201080
cluster=50101020
cluster=25301010
cluster=10102010
cluster=25203020
cluster=25501010
cluster=15104010
cluster=30101020
cluster=25401010
cluster=30101010
cluster=20106015
cluster=25101020
cluster=15103010
cluster=50102010
cluster=50101010
cluster=15105020
cluster=15101020
cluster=15105010
cluster=40201020
cluster=20303010
cluster=20305030
cluster=20305010
cluster=15101040
cluster=15104045
cluster=15104025
cluster=60102010
cluster=60102030
advance group... 
continuing!!!
intra-group:
r2    2.976388e-01
a     1.000000e+00
b    -8.458842e-17
dtype: float64
extra-group:
r2    0.104703
a     0.660103
b     0.326371
dtype: float64
advance group... 
continuing!!!
intra-group:
r2    1.933256e-01
a     1.000000e+00
b     4.037175e-17
dtype: float64
extra-group:
r2    0.083328
a     0.602511
b     0.385066
dtype: float64
advance group... 
continuing!!!
intra-group:
r2    3.880421e-01
a     1.000000e+00
b     3.700743e-16
dtype: float64
extra-group:
r2    0.107377
a     0.605098
b     0.381904
dtype: float64
advance group... 
continuing!!!
intra-group:
r2    4.570587e-01
a     1.000000e+00
b     3.774758e-16
dtype: float64
extra-group:
r2    0.124036
a     0.670015
b     0.316416
dtype: float64
advance group... 
continuing!!!
intra-group:
r2    1.000000e+00
a     1.000000e+00
b     1.110223e-15
dtype: float64
extra-group:
r2    0.112153
a     0.582489
b     0.405303
dtype: float64
advance group... 
continuing!!!
intra-group:
r2    5.705549e-02
a     1.000000e+00
b    -3.019807e-16
dtype: float64
extra-group:
r2    0.065435
a     0.654886
b     0.333371
dtype: float64
advance group... 
continuing!!!
intra-group:
r2    3.680258e-01
a     1.000000e+00
b    -6.217249e-17
dtype: float64
extra-group:
r2    0.134126
a     0.878305
b     0.103857
dtype: float64
advance group... 
continuing!!!
intra-group:
r2    1.734132e-01
a     1.000000e+00
b    -4.818368e-16
dtype: float64
extra-group:
r2    0.057827
a     0.467926
b     0.522149
dtype: float64
advance group... 
continuing!!!
intra-group:
r2    6.416033e-02
a     1.000000e+00
b    -4.394633e-16
dtype: float64
extra-group:
r2    0.055051
a     0.674109
b     0.314476
dtype: float64
advance group... 
continuing!!!
intra-group:
r2    2.839731e-01
a     1.000000e+00
b    -9.357594e-16
dtype: float64
extra-group:
r2    0.083000
a     0.927138
b     0.053015
dtype: float64
advance group... 
continuing!!!
intra-group:
r2    5.350635e-02
a     1.000000e+00
b    -2.780385e-15
dtype: float64
extra-group:
r2    0.056393
a     0.418505
b     0.574187
dtype: float64
advance group... 
continuing!!!
intra-group:
r2    2.510839e-01
a     1.000000e+00
b    -1.077328e-15
dtype: float64
extra-group:
r2    0.098757
a     0.635679
b     0.351721
dtype: float64
advance group... 
continuing!!!
intra-group:
r2    2.155043e-01
a     1.000000e+00
b     1.095084e-15
dtype: float64
extra-group:
r2    0.099516
a     0.626258
b     0.360973
dtype: float64
advance group... 
continuing!!!
intra-group:
r2    3.354056e-01
a     1.000000e+00
b    -9.192647e-16
dtype: float64
extra-group:
r2    0.140913
a     0.831285
b     0.152104
dtype: float64
advance group... 
continuing!!!
intra-group:
r2    3.858122e-01
a     1.000000e+00
b    -3.168944e-16
dtype: float64
extra-group:
r2    0.117476
a     0.556032
b     0.432543
dtype: float64
advance group... 
continuing!!!
intra-group:
r2    7.063812e-01
a     1.000000e+00
b     2.220446e-16
dtype: float64
extra-group:
r2    0.123417
a     0.508255
b     0.482084
dtype: float64
advance group... 
continuing!!!
intra-group:
r2    2.561838e-01
a     1.000000e+00
b     1.446814e-15
dtype: float64
extra-group:
r2    0.095292
a     0.449851
b     0.541248
dtype: float64
advance group... 
continuing!!!
intra-group:
r2    1.765773e-01
a     1.000000e+00
b    -8.095376e-16
dtype: float64
extra-group:
r2    0.047698
a     0.541683
b     0.446202
dtype: float64
advance group... 
continuing!!!
intra-group:
r2    1.152795e-01
a     1.000000e+00
b     1.150595e-15
dtype: float64
extra-group:
r2    0.057423
a     0.759645
b     0.224247
dtype: float64
advance group... 
continuing!!!
intra-group:
r2    3.380537e-01
a     1.000000e+00
b    -7.956598e-16
dtype: float64
extra-group:
r2    0.053728
a     0.576699
b     0.410397
dtype: float64
advance group... 
continuing!!!
intra-group:
r2    4.612740e-01
a     1.000000e+00
b    -6.819941e-16
dtype: float64
extra-group:
r2    0.040532
a     0.678610
b     0.305498
dtype: float64
advance group... 
continuing!!!
intra-group:
r2    1.982772e-01
a     1.000000e+00
b     3.185857e-16
dtype: float64
extra-group:
r2    0.051550
a     0.606980
b     0.379199
dtype: float64
advance group... 
continuing!!!
intra-group:
r2    3.836106e-01
a     1.000000e+00
b    -1.249001e-15
dtype: float64
extra-group:
r2    0.084383
a     0.758566
b     0.226087
dtype: float64
advance group... 
continuing!!!
intra-group:
r2    1.914494e-01
a     1.000000e+00
b     1.411569e-15
dtype: float64
extra-group:
r2    0.041820
a     0.707600
b     0.277571
dtype: float64
advance group... 
continuing!!!
intra-group:
r2    3.268942e-01
a     1.000000e+00
b    -1.776357e-16
dtype: float64
extra-group:
r2    0.045047
a     0.420970
b     0.570017
dtype: float64
advance group... 
continuing!!!
intra-group:
r2    3.521391e-01
a     1.000000e+00
b     8.326673e-17
dtype: float64
extra-group:
r2    0.064259
a     0.700561
b     0.285960
dtype: float64
advance group... 
continuing!!!
intra-group:
r2    0.201396
a     0.999501
b     0.007874
dtype: float64
extra-group:
r2     0.095390
a     -8.857212
b     24.554622
dtype: float64
advance group... 
continuing!!!
intra-group:
r2    6.794463e-02
a     1.000000e+00
b    -1.263540e-15
dtype: float64
extra-group:
r2    0.040658
a     0.824101
b     0.161859
dtype: float64
advance group... 
continuing!!!
intra-group:
r2    5.873770e-02
a     1.000000e+00
b    -1.301641e-16
dtype: float64
extra-group:
r2    0.072204
a     0.876178
b     0.106931
dtype: float64
advance group... 
continuing!!!
intra-group:
r2    1.776794e-02
a     1.000000e+00
b    -8.718951e-16
dtype: float64
extra-group:
r2    0.051141
a     0.444880
b     0.552091
dtype: float64
advance group... 
continuing!!!
intra-group:
r2    2.550090e-01
a     1.000000e+00
b    -3.145632e-17
dtype: float64
extra-group:
r2    0.057016
a     0.465535
b     0.525132
dtype: float64
advance group... 
continuing!!!
intra-group:
r2    2.965664e-01
a     1.000000e+00
b     1.946591e-15
dtype: float64
extra-group:
r2    0.050222
a     0.324126
b     0.669504
dtype: float64
advance group... 
continuing!!!
intra-group:
r2    4.715204e-02
a     1.000000e+00
b     1.149874e-16
dtype: float64
extra-group:
r2    0.066998
a     0.465209
b     0.528028
dtype: float64
advance group... 
continuing!!!
intra-group:
r2    1.589494e-01
a     1.000000e+00
b     6.106227e-16
dtype: float64
extra-group:
r2    0.041385
a     0.586283
b     0.402965
dtype: float64
advance group... 
continuing!!!
intra-group:
r2    8.480807e-02
a     1.000000e+00
b     1.662524e-15
dtype: float64
extra-group:
r2    0.056568
a     0.556935
b     0.432035
dtype: float64
advance group... 
continuing!!!
intra-group:
r2    1.959619e-01
a     1.000000e+00
b    -2.360857e-15
dtype: float64
extra-group:
r2    0.087311
a     0.617933
b     0.369557
dtype: float64
advance group... 
continuing!!!
intra-group:
r2    1.751273e-01
a     1.000000e+00
b     7.885430e-16
dtype: float64
extra-group:
r2    0.070696
a     0.464485
b     0.526052
dtype: float64
advance group... 
continuing!!!
intra-group:
r2    7.696346e-02
a     1.000000e+00
b    -7.569702e-16
dtype: float64
extra-group:
r2    0.063470
a     0.583541
b     0.405224
dtype: float64
advance group... 
continuing!!!
intra-group:
r2    1.469669e-01
a     1.000000e+00
b    -3.248430e-16
dtype: float64
extra-group:
r2    0.078521
a     0.577704
b     0.410402
dtype: float64
advance group... 
continuing!!!
intra-group:
r2    2.533862e-01
a     1.000000e+00
b     9.325873e-16
dtype: float64
extra-group:
r2    0.066024
a     0.670671
b     0.315153
dtype: float64
advance group... 
continuing!!!
intra-group:
r2    2.316241e-01
a     1.000000e+00
b     5.625130e-16
dtype: float64
extra-group:
r2    0.101460
a     0.612651
b     0.374991
dtype: float64
advance group... 
continuing!!!
intra-group:
r2    1.212987e-01
a     1.000000e+00
b    -1.218883e-15
dtype: float64
extra-group:
r2    0.080144
a     0.649926
b     0.337931
dtype: float64
advance group... 
continuing!!!
intra-group:
r2    8.589883e-02
a     1.000000e+00
b    -1.301641e-16
dtype: float64
extra-group:
r2    0.066323
a     0.715627
b     0.270617
dtype: float64
advance group... 
continuing!!!
intra-group:
r2    1.561170e-01
a     1.000000e+00
b     5.551115e-16
dtype: float64
extra-group:
r2    0.081215
a     0.592793
b     0.395365
dtype: float64
advance group... 
continuing!!!
intra-group:
r2    3.595138e-01
a     1.000000e+00
b    -6.022119e-16
dtype: float64
extra-group:
r2    0.066237
a     0.343532
b     0.649390
dtype: float64
advance group... 
continuing!!!
intra-group:
r2    4.800362e-01
a     1.000000e+00
b    -9.349247e-17
dtype: float64
extra-group:
r2    0.032697
a     0.218396
b     0.777193
dtype: float64
advance group... 
continuing!!!
intra-group:
r2    5.465557e-01
a     1.000000e+00
b     1.533165e-16
dtype: float64
extra-group:
r2    0.095257
a     0.397924
b     0.593486
dtype: float64
advance group... 
continuing!!!
intra-group:
r2    3.214282e-01
a     1.000000e+00
b    -5.075305e-16
dtype: float64
extra-group:
r2    0.141629
a     0.759029
b     0.226700
dtype: float64
advance group... 
continuing!!!
intra-group:
r2    3.721763e-01
a     1.000000e+00
b     1.434038e-16
dtype: float64
extra-group:
r2    0.128967
a     0.730629
b     0.254655
dtype: float64
advance group... 
continuing!!!
intra-group:
r2    7.571344e-01
a     1.000000e+00
b     9.992007e-16
dtype: float64
extra-group:
r2    0.087946
a     0.380545
b     0.611790
dtype: float64
advance group... 
continuing!!!
intra-group:
r2    3.426191e-01
a     1.000000e+00
b     3.798131e-16
dtype: float64
extra-group:
r2    0.086364
a     0.447366
b     0.543354
dtype: float64
advance group... 
continuing!!!
intra-group:
r2    1.118441e-01
a     1.000000e+00
b    -4.857226e-16
dtype: float64
extra-group:
r2    0.047147
a     0.372775
b     0.619619
dtype: float64
advance group... 
continuing!!!
intra-group:
r2    2.429312e-01
a     1.000000e+00
b     1.586033e-16
dtype: float64
extra-group:
r2    0.041032
a     0.374857
b     0.617707
dtype: float64
advance group... 
continuing!!!
intra-group:
r2    3.482836e-01
a     1.000000e+00
b    -1.942890e-16
dtype: float64
extra-group:
r2    0.070748
a     0.453821
b     0.536393
dtype: float64
advance group... 
continuing!!!
intra-group:
r2    2.559350e-01
a     1.000000e+00
b    -6.772360e-16
dtype: float64
extra-group:
r2    0.063689
a     0.722759
b     0.262502
dtype: float64
advance group... 
continuing!!!
intra-group:
r2    2.710010e-01
a     1.000000e+00
b     1.246622e-15
dtype: float64
extra-group:
r2    0.134562
a     0.696577
b     0.289088
dtype: float64
advance group... 
continuing!!!
intra-group:
r2    2.892371e-01
a     1.000000e+00
b     7.494005e-16
dtype: float64
extra-group:
r2    0.061601
a     0.471904
b     0.519046
dtype: float64
advance group... 
continuing!!!
intra-group:
r2    3.398475e-01
a     1.000000e+00
b    -1.030921e-16
dtype: float64
extra-group:
r2    0.132187
a     0.830357
b     0.153226
dtype: float64
advance group... 
continuing!!!
intra-group:
r2    1.848335e-01
a     1.000000e+00
b    -9.787492e-16
dtype: float64
extra-group:
r2    0.048575
a     0.357582
b     0.634783
dtype: float64
advance group... 
continuing!!!
intra-group:
r2    7.416384e-02
a     1.000000e+00
b    -3.265362e-16
dtype: float64
extra-group:
r2    0.036652
a     0.491174
b     0.500221
dtype: float64
advance group... 
continuing!!!
intra-group:
r2    1.721564e-01
a     1.000000e+00
b     2.121760e-15
dtype: float64
extra-group:
r2    0.039581
a     0.327252
b     0.665498
dtype: float64
advance group... 
continuing!!!
intra-group:
r2    5.835232e-01
a     1.000000e+00
b    -5.995204e-16
dtype: float64
extra-group:
r2    0.122929
a     0.566581
b     0.422232
dtype: float64
advance group... 
continuing!!!
intra-group:
r2    3.033259e-01
a     1.000000e+00
b     1.343370e-15
dtype: float64
extra-group:
r2    0.111526
a     0.365060
b     0.627631
dtype: float64
advance group... 
continuing!!!
intra-group:
r2    1.480588e-01
a     1.000000e+00
b     1.064283e-15
dtype: float64
extra-group:
r2    0.057809
a     0.501660
b     0.488203
dtype: float64
advance group... 
continuing!!!
intra-group:
r2    2.417469e-01
a     1.000000e+00
b    -2.162013e-15
dtype: float64
extra-group:
r2    0.104556
a     0.623376
b     0.364145
dtype: float64
advance group... 
continuing!!!
intra-group:
r2    1.632099e-01
a     1.000000e+00
b    -8.733754e-16
dtype: float64
extra-group:
r2    0.078885
a     0.528993
b     0.460875
dtype: float64
advance group... 
continuing!!!
intra-group:
r2    1.813653e-01
a     1.000000e+00
b     9.891078e-16
dtype: float64
extra-group:
r2    0.061382
a     0.303766
b     0.689625
dtype: float64
advance group... 
continuing!!!
intra-group:
r2    2.303135e-01
a     1.000000e+00
b     4.255855e-16
dtype: float64
extra-group:
r2    0.092232
a     0.743316
b     0.242333
dtype: float64
advance group... 
continuing!!!
intra-group:
r2    1.637961e-01
a     1.000000e+00
b    -5.345518e-17
dtype: float64
extra-group:
r2    0.061278
a     0.496319
b     0.494030
dtype: float64
advance group... 
continuing!!!
intra-group:
r2    2.486852e-01
a     1.000000e+00
b    -1.760110e-16
dtype: float64
extra-group:
r2    0.073427
a     0.406616
b     0.584963
dtype: float64
advance group... 
continuing!!!
intra-group:
r2    3.076004e-01
a     1.000000e+00
b     4.037175e-17
dtype: float64
extra-group:
r2    0.077346
a     0.493075
b     0.497477
dtype: float64
advance group... 
continuing!!!
intra-group:
r2    3.767741e-01
a     1.000000e+00
b     9.143013e-16
dtype: float64
extra-group:
r2    0.122867
a     0.595818
b     0.392192
dtype: float64
advance group... 
continuing!!!
intra-group:
r2    9.336170e-02
a     1.000000e+00
b     1.168656e-17
dtype: float64
extra-group:
r2    0.053343
a     0.670110
b     0.317076
dtype: float64
advance group... 
continuing!!!
intra-group:
r2    7.615702e-01
a     1.000000e+00
b    -2.220446e-16
dtype: float64
extra-group:
r2    0.093733
a     0.297134
b     0.697095
dtype: float64
advance group... 
continuing!!!
intra-group:
r2    8.319792e-02
a     1.000000e+00
b     7.507222e-16
dtype: float64
extra-group:
r2    0.053152
a     0.499994
b     0.490382
dtype: float64
advance group... 
continuing!!!
intra-group:
r2    3.390254e-01
a     1.000000e+00
b    -4.163336e-16
dtype: float64
extra-group:
r2    0.160660
a     0.771014
b     0.213216
dtype: float64
advance group... 
continuing!!!
intra-group:
r2    4.840746e-02
a     1.000000e+00
b    -1.495100e-15
dtype: float64
extra-group:
r2    0.090471
a     1.024688
b    -0.043035
dtype: float64
advance group... 
continuing!!!
intra-group:
r2    1.549393e-01
a     1.000000e+00
b    -5.406303e-16
dtype: float64
extra-group:
r2    0.055357
a     0.546472
b     0.442383
dtype: float64
advance group... 
continuing!!!
intra-group:
r2    1.820989e-01
a     1.000000e+00
b    -2.069052e-16
dtype: float64
extra-group:
r2    0.058043
a     0.524100
b     0.465003
dtype: float64
advance group... 
continuing!!!
intra-group:
r2    5.062395e-01
a     1.000000e+00
b     3.787820e-16
dtype: float64
extra-group:
r2    0.122254
a     0.589095
b     0.398504
dtype: float64
advance group... 
continuing!!!
intra-group:
r2    2.409968e-01
a     1.000000e+00
b    -1.084602e-15
dtype: float64
extra-group:
r2    0.087660
a     0.547682
b     0.442334
dtype: float64
advance group... 
continuing!!!
intra-group:
r2    3.067789e-01
a     1.000000e+00
b     5.273559e-16
dtype: float64
extra-group:
r2    0.124296
a     0.609293
b     0.377888
dtype: float64
advance group... 
continuing!!!
intra-group:
r2    2.155635e-01
a     1.000000e+00
b     3.757678e-16
dtype: float64
extra-group:
r2    0.050544
a     0.365006
b     0.627208
dtype: float64
advance group... 
continuing!!!
intra-group:
r2    2.962287e-01
a     1.000000e+00
b    -3.774758e-16
dtype: float64
extra-group:
r2    0.065477
a     0.470651
b     0.520029
dtype: float64
advance group... 
continuing!!!
intra-group:
r2    3.454981e-01
a     1.000000e+00
b    -6.344132e-17
dtype: float64
extra-group:
r2    0.116503
a     0.460460
b     0.530260
dtype: float64
advance group... 
continuing!!!
intra-group:
r2    2.752977e-01
a     1.000000e+00
b    -1.006602e-15
dtype: float64
extra-group:
r2    0.105235
a     0.710921
b     0.274566
dtype: float64
advance group... 
continuing!!!
intra-group:
r2    7.662034e-02
a     1.000000e+00
b    -2.455000e-16
dtype: float64
extra-group:
r2    0.041047
a     0.758178
b     0.227432
dtype: float64
advance group... 
continuing!!!
intra-group:
r2    3.525218e-01
a     1.000000e+00
b    -6.938894e-17
dtype: float64
extra-group:
r2    0.094315
a     0.411435
b     0.579968
dtype: float64
advance group... 
continuing!!!
intra-group:
r2    1.831957e-01
a     1.000000e+00
b     9.177844e-16
dtype: float64
extra-group:
r2    0.060879
a     0.524067
b     0.464949
dtype: float64
advance group... 
continuing!!!
intra-group:
r2    1.885435e-01
a     1.000000e+00
b    -2.220446e-16
dtype: float64
extra-group:
r2    0.050038
a     0.376307
b     0.616748
dtype: float64
advance group... 
continuing!!!
intra-group:
r2    4.772547e-01
a     1.000000e+00
b    -1.073216e-15
dtype: float64
extra-group:
r2    0.125402
a     0.566853
b     0.420974
dtype: float64
advance group... 
continuing!!!
intra-group:
r2    2.926888e-01
a     1.000000e+00
b     4.662937e-16
dtype: float64
extra-group:
r2    0.056704
a     0.496115
b     0.493316
dtype: float64
advance group... 
continuing!!!
intra-group:
r2    1.100705e-01
a     1.000000e+00
b     5.736152e-16
dtype: float64
extra-group:
r2    0.075158
a     0.988357
b    -0.006669
dtype: float64
advance group... 
continuing!!!
intra-group:
r2    3.311574e-01
a     1.000000e+00
b    -8.306113e-16
dtype: float64
extra-group:
r2    0.142756
a     0.703769
b     0.281450
dtype: float64
advance group... 
continuing!!!
intra-group:
r2    4.242473e-01
a     1.000000e+00
b    -3.700743e-16
dtype: float64
extra-group:
r2    0.069200
a     0.311427
b     0.682402
dtype: float64
advance group... 
continuing!!!
intra-group:
r2    2.096687e-01
a     1.000000e+00
b    -8.881784e-17
dtype: float64
extra-group:
r2    0.027858
a     0.613458
b     0.375457
dtype: float64
advance group... 
continuing!!!
intra-group:
r2    2.637681e-01
a     1.000000e+00
b     9.066821e-16
dtype: float64
extra-group:
r2    0.109127
a     0.756768
b     0.227944
dtype: float64
advance group... 
continuing!!!
intra-group:
r2    1.656667e-01
a     1.000000e+00
b    -2.318407e-15
dtype: float64
extra-group:
r2    0.075391
a     0.424395
b     0.566545
dtype: float64
advance group... 
continuing!!!
intra-group:
r2    2.273763e-01
a     1.000000e+00
b    -1.225686e-15
dtype: float64
extra-group:
r2    0.112539
a     0.734017
b     0.251899
dtype: float64
advance group... 
continuing!!!
intra-group:
r2    4.575471e-01
a     1.000000e+00
b    -1.110223e-15
dtype: float64
extra-group:
r2    0.010085
a     0.350873
b     0.642168
dtype: float64
advance group... 
continuing!!!
intra-group:
r2    2.786374e-01
a     1.000000e+00
b     3.145632e-16
dtype: float64
extra-group:
r2    0.066618
a     0.521571
b     0.468569
dtype: float64
advance group... 
continuing!!!
intra-group:
r2    3.388639e-01
a     1.000000e+00
b    -7.771561e-17
dtype: float64
extra-group:
r2    0.093667
a     0.746183
b     0.237636
dtype: float64
advance group... 
continuing!!!
intra-group:
r2    3.387967e-01
a     1.000000e+00
b     2.868076e-16
dtype: float64
extra-group:
r2    0.114955
a     0.653556
b     0.333293
dtype: float64
advance group... 
continuing!!!
intra-group:
r2    8.773775e-02
a     1.000000e+00
b     4.379213e-16
dtype: float64
extra-group:
r2    0.064465
a     0.492586
b     0.498281
dtype: float64
advance group... 
continuing!!!
intra-group:
r2    3.252205e-01
a     1.000000e+00
b     3.700743e-16
dtype: float64
extra-group:
r2    0.072648
a     0.407351
b     0.584487
dtype: float64
advance group... 
continuing!!!
intra-group:
r2    2.025148e-01
a     1.000000e+00
b     4.123686e-16
dtype: float64
extra-group:
r2    0.136689
a     0.641946
b     0.345952
dtype: float64
advance group... 
continuing!!!
intra-group:
r2    2.428229e-01
a     1.000000e+00
b     1.312082e-15
dtype: float64
extra-group:
r2    0.073766
a     0.557898
b     0.429853
dtype: float64
advance group... 
continuing!!!
intra-group:
r2    2.990446e-01
a     1.000000e+00
b    -3.918434e-17
dtype: float64
extra-group:
r2    0.062311
a     0.408584
b     0.583024
dtype: float64
advance group... 
continuing!!!
intra-group:
r2    6.059843e-01
a     1.000000e+00
b     5.877651e-17
dtype: float64
extra-group:
r2    0.029040
a     0.194975
b     0.801349
dtype: float64
advance group... 
continuing!!!
intra-group:
r2    4.886945e-01
a     1.000000e+00
b     2.541177e-15
dtype: float64
extra-group:
r2    0.029845
a     0.201385
b     0.794801
dtype: float64
advance group... 
continuing!!!
intra-group:
r2    3.016309e-01
a     1.000000e+00
b     7.327472e-16
dtype: float64
extra-group:
r2    0.037323
a     0.443947
b     0.547544
dtype: float64
advance group... 
continuing!!!
intra-group:
r2    1.851822e-01
a     1.000000e+00
b    -2.386980e-15
dtype: float64
extra-group:
r2    0.044575
a     0.812431
b     0.174395
dtype: float64
advance group... 
continuing!!!
intra-group:
r2    1.911156e-01
a     1.000000e+00
b     3.806479e-16
dtype: float64
extra-group:
r2    0.023795
a     0.582591
b     0.406175
dtype: float64
advance group... 
continuing!!!
intra-group:
r2    3.668291e-01
a     1.000000e+00
b     2.960595e-16
dtype: float64
extra-group:
r2    0.028262
a     0.347214
b     0.646632
dtype: float64
advance group... 
continuing!!!
intra-group:
r2    2.711027e-01
a     1.000000e+00
b    -1.387779e-16
dtype: float64
extra-group:
r2    0.050236
a     0.656832
b     0.327497
dtype: float64
advance group... 
continuing!!!
intra-group:
r2    1.235609e-01
a     1.000000e+00
b     9.188053e-17
dtype: float64
extra-group:
r2    0.087941
a     0.579812
b     0.411147
dtype: float64
advance group... 
continuing!!!
intra-group:
r2    3.908861e-01
a     1.000000e+00
b     4.945539e-16
dtype: float64
extra-group:
r2    0.113234
a     0.986158
b    -0.005996
dtype: float64
advance group... 
!!!!!!!!nan! ARTNA
continuing!!!
intra-group:
r2    4.814395e-01
a     1.000000e+00
b    -6.994405e-16
dtype: float64
!!!!!!!!nan! ARTNA
extra-group:
r2    0.073392
a     0.476655
b     0.514229
dtype: float64
advance group... 
continuing!!!
intra-group:
r2    1.925085e-01
a     1.000000e+00
b     1.159566e-15
dtype: float64
extra-group:
r2    0.035272
a     0.235097
b     0.760014
dtype: float64
advance group... 
continuing!!!
intra-group:
r2    5.174337e-01
a     1.000000e+00
b     3.083953e-16
dtype: float64
extra-group:
r2    0.102290
a     0.647767
b     0.339809
dtype: float64
advance group... 
continuing!!!
intra-group:
r2    2.940185e-01
a     1.000000e+00
b    -7.840950e-16
dtype: float64
extra-group:
r2    0.097766
a     0.727614
b     0.258702
dtype: float64
advance group... 
continuing!!!
intra-group:
r2    6.396236e-01
a     1.000000e+00
b    -5.181041e-17
dtype: float64
extra-group:
r2    0.066011
a     0.389314
b     0.602288
dtype: float64
advance group... 
continuing!!!
intra-group:
r2    4.504646e-01
a     1.000000e+00
b    -4.440892e-16
dtype: float64
extra-group:
r2    0.051011
a     0.508953
b     0.479743
dtype: float64
advance group... 
continuing!!!
intra-group:
r2    5.360822e-01
a     1.000000e+00
b     4.996004e-16
dtype: float64
extra-group:
r2    0.123127
a     0.701551
b     0.284713
dtype: float64
advance group... 
continuing!!!
intra-group:
r2    4.755685e-01
a     1.000000e+00
b     7.401487e-16
dtype: float64
extra-group:
r2    0.001466
a     0.043683
b     0.955192
dtype: float64
advance group... 
continuing!!!
intra-group:
r2    4.948240e-01
a     1.000000e+00
b    -3.885781e-16
dtype: float64
extra-group:
r2    0.010310
a     0.373990
b     0.618053
dtype: float64
advance group... 
continuing!!!
intra-group:
r2    1.783985e-01
a     1.000000e+00
b     8.116113e-16
dtype: float64
extra-group:
r2    0.063099
a     0.427679
b     0.562970
dtype: float64
advance group... 
continuing!!!
intra-group:
r2    4.817977e-01
a     1.000000e+00
b     8.635068e-17
dtype: float64
extra-group:
r2    0.080050
a     1.010490
b    -0.031544
dtype: float64
advance group... 
continuing!!!
intra-group:
r2    2.397806e-01
a     1.000000e+00
b     5.181041e-16
dtype: float64
extra-group:
r2    0.051963
a     0.551294
b     0.439941
dtype: float64
advance group... 
continuing!!!
intra-group:
r2    4.861524e-01
a     1.000000e+00
b     9.992007e-16
dtype: float64
extra-group:
r2    0.008099
a     0.371072
b     0.622905
dtype: float64
advance group... 
continuing!!!
intra-group:
r2    1.111012e-01
a     1.000000e+00
b    -9.516197e-16
dtype: float64
extra-group:
r2    0.052065
a     0.619430
b     0.368724
dtype: float64
advance group... 
continuing!!!
intra-group:
r2    1.842036e-01
a     1.000000e+00
b    -1.081007e-15
dtype: float64
extra-group:
r2    0.068223
a     0.505921
b     0.484801
dtype: float64
advance group... 
continuing!!!
intra-group:
r2    6.858202e-01
a     1.000000e+00
b     2.590520e-16
dtype: float64
extra-group:
r2    0.050278
a     0.244169
b     0.750368
dtype: float64
advance group... 
continuing!!!
intra-group:
r2    3.740612e-01
a     1.000000e+00
b     1.744636e-16
dtype: float64
extra-group:
r2    0.058858
a     0.537166
b     0.451586
dtype: float64
advance group... 
continuing!!!
intra-group:
r2    2.413170e-01
a     1.000000e+00
b     6.978545e-16
dtype: float64
extra-group:
r2    0.088725
a     0.504100
b     0.484028
dtype: float64
advance group... 
continuing!!!
intra-group:
r2    3.737342e-01
a     1.000000e+00
b    -8.141636e-16
dtype: float64
extra-group:
r2    0.095095
a     1.294113
b    -0.317096
dtype: float64
advance group... 
continuing!!!
intra-group:
r2    3.639098e-01
a     1.000000e+00
b     2.886580e-16
dtype: float64
extra-group:
r2    0.076917
a     0.507868
b     0.481828
dtype: float64
advance group... 
continuing!!!
intra-group:
r2    1.693026e-01
a     1.000000e+00
b    -4.163336e-16
dtype: float64
extra-group:
r2    0.030226
a     0.430878
b     0.559062
dtype: float64
advance group... 
continuing!!!
intra-group:
r2    4.753233e-01
a     1.000000e+00
b     4.810966e-16
dtype: float64
extra-group:
r2    0.031172
a     0.252241
b     0.741264
dtype: float64
advance group... 
continuing!!!
intra-group:
r2    2.852053e-01
a     1.000000e+00
b     3.700743e-16
dtype: float64
extra-group:
r2    0.085147
a     0.591042
b     0.397233
dtype: float64
advance group... 
continuing!!!
intra-group:
r2    7.572162e-01
a     1.000000e+00
b     1.665335e-16
dtype: float64
extra-group:
r2    0.087781
a     0.589442
b     0.398561
dtype: float64
advance group... 
continuing!!!
intra-group:
r2    2.958358e-01
a     1.000000e+00
b    -2.081668e-16
dtype: float64
extra-group:
r2    0.097976
a     0.527326
b     0.462007
dtype: float64
advance group... 
continuing!!!
intra-group:
r2    4.577576e-01
a     1.000000e+00
b    -5.736152e-16
dtype: float64
extra-group:
r2    0.118135
a     0.698225
b     0.288106
dtype: float64
advance group... 
continuing!!!
intra-group:
r2    0.175872
a     1.000000
b     0.000000
dtype: float64
extra-group:
r2    0.064017
a     0.493918
b     0.497688
dtype: float64
advance group... 
continuing!!!
intra-group:
r2    5.378095e-01
a     1.000000e+00
b     2.220446e-16
dtype: float64
extra-group:
r2    0.127004
a     0.679287
b     0.306081
dtype: float64
advance group... 
continuing!!!
intra-group:
r2    3.805160e-01
a     1.000000e+00
b    -7.771561e-16
dtype: float64
extra-group:
r2    0.103398
a     0.815548
b     0.168004
dtype: float64
advance group... 
continuing!!!
intra-group:
r2    3.552084e-01
a     1.000000e+00
b    -2.220446e-16
dtype: float64
extra-group:
r2    0.111444
a     0.874517
b     0.105504
dtype: float64
advance group... 
continuing!!!
intra-group:
r2    1.000000e+00
a     1.000000e+00
b    -2.220446e-16
dtype: float64
extra-group:
r2    0.132716
a     0.627127
b     0.360484
dtype: float64
advance group... 
continuing!!!
intra-group:
r2    2.568006e-01
a     1.000000e+00
b     4.718448e-16
dtype: float64
extra-group:
r2    0.063066
a     0.509153
b     0.481225
dtype: float64
advance group... 
continuing!!!
intra-group:
r2    1.000000e+00
a     1.000000e+00
b    -6.661338e-16
dtype: float64
extra-group:
r2    0.001954
a     1.084105
b    -0.092389
dtype: float64
advance group... 
continuing!!!
intra-group:
r2    1.000000e+00
a     1.000000e+00
b    -4.440892e-16
dtype: float64
extra-group:
r2    0.068147
a     0.350964
b     0.641584
dtype: float64
advance group... 
continuing!!!
intra-group:
r2    6.461623e-01
a     1.000000e+00
b    -1.276756e-15
dtype: float64
extra-group:
r2    0.086735
a     0.346612
b     0.646046
dtype: float64
advance group... 
continuing!!!
intra-group:
r2    8.783944e-01
a     1.000000e+00
b     3.330669e-16
dtype: float64
extra-group:
r2    0.010574
a     0.385517
b     0.606516
dtype: float64
advance group... 
continuing!!!
intra-group:
r2    7.178635e-01
a     1.000000e+00
b    -7.771561e-16
dtype: float64
extra-group:
r2    0.076078
a     0.655083
b     0.332279
dtype: float64
advance group... 
continuing!!!
intra-group:
r2    5.890111e-01
a     1.000000e+00
b    -1.137979e-15
dtype: float64
extra-group:
r2    0.188977
a     0.707647
b     0.277310
dtype: float64
advance group... 
continuing!!!
intra-group:
r2    3.161728e-01
a     1.000000e+00
b     5.828671e-16
dtype: float64
extra-group:
r2    0.080505
a     0.494859
b     0.496428
dtype: float64
WRITING THESE!
**
                   type       mu     sigma
0  1d.RETURN.gics.157.i  0.22897  0.140536
**
1d.RETURN.gics.157.i (0.22897045777282377, 0.14053557874933933)
**
       n        r2         w
14   254  0.385812  0.078058
27   210  0.067945  0.064536
33   100  0.158949  0.030731
97    85  0.165667  0.026122
34    79  0.084808  0.024278
29    75  0.017768  0.023049
86    71  0.076620  0.021819
35    68  0.195962  0.020897
75    64  0.339025  0.019668
16    63  0.256184  0.019361
30    60  0.255009  0.018439
37    55  0.076963  0.016902
7     50  0.173413  0.015366
41    47  0.121299  0.014444
12    44  0.215504  0.013522
9     42  0.283973  0.012907
74    42  0.083198  0.012907
69    41  0.248685  0.012600
36    39  0.175127  0.011985
58    38  0.184833  0.011678
55    35  0.271001  0.010756
44    33  0.359514  0.010141
18    33  0.115279  0.010141
76    30  0.048407  0.009219
31    30  0.296566  0.009219
28    29  0.058738  0.008912
126   29  0.178399  0.008912
115   29  0.123561  0.008912
42    29  0.085899  0.008912
63    29  0.148059  0.008912
..   ...       ...       ...
39     5  0.253386  0.001537
61     5  0.583523  0.001537
95     5  0.209669  0.001537
83     5  0.296229  0.001537
145    5  0.380516  0.001537
136    5  0.363910  0.001537
110    5  0.301631  0.001537
3      5  0.457059  0.001537
146    4  0.355208  0.001229
148    4  0.256801  0.001229
154    4  0.589011  0.001229
25     4  0.352139  0.001229
114    4  0.271103  0.001229
155    4  0.316173  0.001229
56     4  0.289237  0.001229
122    3  0.450465  0.000922
94     3  0.424247  0.000922
113    3  0.366829  0.000922
90     3  0.477255  0.000922
135    3  0.373734  0.000922
132    3  0.685820  0.000922
138    3  0.475323  0.000922
73     2  0.761570  0.000615
129    2  0.486152  0.000615
99     2  0.457547  0.000615
125    2  0.494824  0.000615
140    2  0.757216  0.000615
151    2  0.646162  0.000615
152    2  0.878394  0.000615
153    2  0.717864  0.000615

[152 rows x 3 columns]
WRITING THESE!
**
                   type        mu     sigma
0  1d.RETURN.gics.157.e  0.076967  0.031987
**
1d.RETURN.gics.157.e (0.076967231748711784, 0.031986758208271182)
**
       n        r2         w
14   254  0.117476  0.078058
27   210  0.040658  0.064536
33   100  0.041385  0.030731
97    85  0.075391  0.026122
34    79  0.056568  0.024278
29    75  0.051141  0.023049
86    71  0.041047  0.021819
35    68  0.087311  0.020897
75    64  0.160660  0.019668
16    63  0.095292  0.019361
30    60  0.057016  0.018439
37    55  0.063470  0.016902
7     50  0.057827  0.015366
41    47  0.080144  0.014444
12    44  0.099516  0.013522
9     42  0.083000  0.012907
74    42  0.053152  0.012907
69    41  0.073427  0.012600
36    39  0.070696  0.011985
58    38  0.048575  0.011678
55    35  0.134562  0.010756
44    33  0.066237  0.010141
18    33  0.057423  0.010141
76    30  0.090471  0.009219
31    30  0.050222  0.009219
28    29  0.072204  0.008912
126   29  0.063099  0.008912
115   29  0.087941  0.008912
42    29  0.066323  0.008912
63    29  0.057809  0.008912
..   ...       ...       ...
39     5  0.066024  0.001537
61     5  0.122929  0.001537
95     5  0.027858  0.001537
83     5  0.065477  0.001537
145    5  0.103398  0.001537
136    5  0.076917  0.001537
110    5  0.037323  0.001537
3      5  0.124036  0.001537
146    4  0.111444  0.001229
148    4  0.063066  0.001229
154    4  0.188977  0.001229
25     4  0.064259  0.001229
114    4  0.050236  0.001229
155    4  0.080505  0.001229
56     4  0.061601  0.001229
122    3  0.051011  0.000922
94     3  0.069200  0.000922
113    3  0.028262  0.000922
90     3  0.125402  0.000922
135    3  0.095095  0.000922
132    3  0.050278  0.000922
138    3  0.031172  0.000922
73     2  0.093733  0.000615
129    2  0.008099  0.000615
99     2  0.010085  0.000615
125    2  0.010310  0.000615
140    2  0.087781  0.000615
151    2  0.086735  0.000615
152    2  0.010574  0.000615
153    2  0.076078  0.000615

[152 rows x 3 columns]
