------------------------
n= 68
cl= hier_fact
type= fact
------------------------
cluster=43
cluster=54
cluster=45
cluster=8
cluster=2
cluster=37
cluster=60
cluster=19
cluster=9
cluster=46
cluster=6
cluster=21
cluster=38
cluster=40
cluster=65
cluster=12
cluster=26
cluster=11
cluster=34
cluster=33
cluster=15
cluster=31
cluster=18
cluster=10
cluster=61
cluster=13
cluster=25
cluster=0
cluster=23
cluster=1
cluster=22
cluster=20
cluster=28
cluster=4
cluster=32
cluster=7
cluster=14
cluster=56
cluster=66
cluster=62
cluster=24
cluster=17
cluster=27
cluster=47
cluster=55
cluster=29
cluster=52
cluster=63
cluster=16
cluster=3
cluster=44
cluster=41
cluster=50
cluster=57
cluster=30
cluster=5
cluster=53
cluster=49
cluster=59
cluster=35
cluster=58
cluster=51
cluster=64
cluster=48
cluster=67
cluster=36
cluster=39
cluster=42
advance group... 
continuing!!!
intra-group:
symbol   NaN
r2       NaN
a        NaN
b        NaN
dtype: float64
extra-group:
symbol   NaN
r2       NaN
a        NaN
b        NaN
dtype: float64
advance group... 
continuing!!!
intra-group:
r2    1.757065e-01
a     1.000000e+00
b    -1.262556e-15
dtype: float64
extra-group:
r2    0.084789
a     0.640635
b     0.345800
dtype: float64
advance group... 
continuing!!!
intra-group:
r2    6.529858e-01
a     1.000000e+00
b    -6.661338e-16
dtype: float64
extra-group:
r2    0.087699
a     0.464466
b     0.526118
dtype: float64
advance group... 
continuing!!!
intra-group:
r2    5.431574e-01
a     1.000000e+00
b    -2.220446e-16
dtype: float64
extra-group:
r2    0.006835
a     0.483357
b     0.507171
dtype: float64
advance group... 
continuing!!!
intra-group:
r2    1.955286e-01
a     1.000000e+00
b    -6.447085e-16
dtype: float64
extra-group:
r2    0.091156
a     0.644760
b     0.341941
dtype: float64
advance group... 
continuing!!!
intra-group:
r2    1.448453e-01
a     1.000000e+00
b     2.969201e-15
dtype: float64
extra-group:
r2    0.068641
a     0.472405
b     0.518268
dtype: float64
advance group... 
continuing!!!
intra-group:
r2    2.043723e-01
a     1.000000e+00
b     9.089951e-16
dtype: float64
extra-group:
r2    0.099136
a     0.658555
b     0.328107
dtype: float64
advance group... 
continuing!!!
intra-group:
r2    1.512801e-01
a     1.000000e+00
b    -2.615610e-16
dtype: float64
extra-group:
r2    0.085034
a     0.570615
b     0.417422
dtype: float64
advance group... 
continuing!!!
intra-group:
r2    1.000000e+00
a     1.000000e+00
b    -6.661338e-16
dtype: float64
extra-group:
r2    0.132648
a     1.749008
b    -0.784077
dtype: float64
advance group... 
continuing!!!
intra-group:
r2    2.086708e-01
a     1.000000e+00
b     7.836868e-17
dtype: float64
extra-group:
r2    0.091122
a     0.648534
b     0.338836
dtype: float64
advance group... 
continuing!!!
intra-group:
r2    1.565088e-01
a     1.000000e+00
b    -7.742345e-16
dtype: float64
extra-group:
r2    0.072616
a     0.530730
b     0.458306
dtype: float64
advance group... 
continuing!!!
intra-group:
r2    4.788383e-01
a     1.000000e+00
b    -8.215650e-16
dtype: float64
extra-group:
r2    0.018914
a     0.233189
b     0.761735
dtype: float64
advance group... 
continuing!!!
intra-group:
r2    1.105657e-01
a     1.000000e+00
b    -2.775558e-16
dtype: float64
extra-group:
r2    0.083415
a     0.615822
b     0.375272
dtype: float64
advance group... 
continuing!!!
intra-group:
r2    1.021895e-01
a     1.000000e+00
b     1.521306e-15
dtype: float64
extra-group:
r2    0.097409
a     0.557126
b     0.431951
dtype: float64
advance group... 
continuing!!!
intra-group:
r2    2.138786e-01
a     1.000000e+00
b    -1.554312e-16
dtype: float64
extra-group:
r2    0.030106
a     0.299928
b     0.693956
dtype: float64
advance group... 
continuing!!!
intra-group:
r2    2.177789e-01
a     1.000000e+00
b     8.371244e-16
dtype: float64
extra-group:
r2    0.107580
a     0.627185
b     0.359688
dtype: float64
advance group... 
continuing!!!
intra-group:
r2    1.274716e-01
a     1.000000e+00
b    -5.382900e-16
dtype: float64
extra-group:
r2    0.051910
a     0.495992
b     0.493144
dtype: float64
advance group... 
continuing!!!
intra-group:
r2    1.549158e-01
a     1.000000e+00
b    -6.964126e-16
dtype: float64
extra-group:
r2    0.078912
a     0.544960
b     0.443882
dtype: float64
advance group... 
continuing!!!
intra-group:
r2    1.842571e-01
a     1.000000e+00
b     7.654696e-16
dtype: float64
extra-group:
r2    0.082878
a     0.593543
b     0.394564
dtype: float64
advance group... 
continuing!!!
intra-group:
r2    3.511395e-01
a     1.000000e+00
b     8.289665e-16
dtype: float64
extra-group:
r2    0.129883
a     0.773330
b     0.210928
dtype: float64
advance group... 
continuing!!!
intra-group:
r2    1.676991e-01
a     1.000000e+00
b    -9.444500e-16
dtype: float64
extra-group:
r2    0.084369
a     0.687157
b     0.298562
dtype: float64
advance group... 
continuing!!!
intra-group:
r2    1.848023e-01
a     1.000000e+00
b    -3.001714e-16
dtype: float64
extra-group:
r2    0.094489
a     0.598863
b     0.389157
dtype: float64
advance group... 
continuing!!!
intra-group:
r2    1.270013e-01
a     1.000000e+00
b     2.914335e-16
dtype: float64
extra-group:
r2    0.055550
a     0.626835
b     0.360366
dtype: float64
advance group... 
continuing!!!
intra-group:
r2    2.608103e-01
a     1.000000e+00
b    -3.207311e-16
dtype: float64
extra-group:
r2    0.051653
a     0.597462
b     0.390112
dtype: float64
advance group... 
continuing!!!
intra-group:
r2    3.251450e-01
a     1.000000e+00
b     7.216450e-16
dtype: float64
extra-group:
r2    0.060935
a     0.527020
b     0.461487
dtype: float64
advance group... 
continuing!!!
intra-group:
r2    3.463677e-01
a     1.000000e+00
b    -8.049117e-16
dtype: float64
extra-group:
r2    0.069354
a     0.656738
b     0.329312
dtype: float64
advance group... 
continuing!!!
intra-group:
r2    1.709401e-01
a     1.000000e+00
b     2.459571e-15
dtype: float64
extra-group:
r2    0.069343
a     0.455262
b     0.535304
dtype: float64
advance group... 
continuing!!!
intra-group:
r2    1.469517e-01
a     1.000000e+00
b     2.220446e-16
dtype: float64
extra-group:
r2    0.065431
a     0.650693
b     0.336568
dtype: float64
advance group... 
continuing!!!
intra-group:
r2    1.543378e-01
a     1.000000e+00
b    -2.997602e-16
dtype: float64
extra-group:
r2    0.061848
a     0.584342
b     0.403709
dtype: float64
advance group... 
continuing!!!
intra-group:
r2    5.318516e-02
a     1.000000e+00
b     4.440892e-16
dtype: float64
extra-group:
r2    0.077757
a     0.696564
b     0.290913
dtype: float64
advance group... 
continuing!!!
intra-group:
r2    2.714680e-01
a     1.000000e+00
b    -2.590520e-16
dtype: float64
extra-group:
r2    0.035880
a     0.290549
b     0.704580
dtype: float64
advance group... 
continuing!!!
intra-group:
r2    1.255722e-01
a     1.000000e+00
b     1.498801e-15
dtype: float64
extra-group:
r2    0.042184
a     0.075555
b     0.933914
dtype: float64
advance group... 
continuing!!!
intra-group:
r2    2.019191e-01
a     1.000000e+00
b     1.421085e-15
dtype: float64
extra-group:
r2    0.042492
a     0.103016
b     0.897401
dtype: float64
advance group... 
continuing!!!
intra-group:
r2    4.852960e-01
a     1.000000e+00
b    -7.401487e-17
dtype: float64
extra-group:
r2    0.091830
a     0.641957
b     0.344726
dtype: float64
advance group... 
continuing!!!
intra-group:
r2    1.916545e-01
a     1.000000e+00
b    -1.466975e-15
dtype: float64
extra-group:
r2    0.096484
a     0.577614
b     0.410545
dtype: float64
advance group... 
continuing!!!
intra-group:
r2    2.454017e-01
a     1.000000e+00
b     9.769963e-16
dtype: float64
extra-group:
r2    0.043454
a     0.832077
b     0.150309
dtype: float64
advance group... 
continuing!!!
intra-group:
r2    1.631398e-01
a     1.000000e+00
b     5.551115e-16
dtype: float64
extra-group:
r2    0.022463
a     0.300544
b     0.692373
dtype: float64
advance group... 
continuing!!!
intra-group:
r2    2.083349e-01
a     1.000000e+00
b     1.850372e-17
dtype: float64
extra-group:
r2    0.070921
a     0.560069
b     0.427248
dtype: float64
advance group... 
continuing!!!
intra-group:
r2    5.362556e-01
a     1.000000e+00
b     3.330669e-16
dtype: float64
extra-group:
r2    0.029413
a     0.566883
b     0.424379
dtype: float64
advance group... 
continuing!!!
intra-group:
r2    5.916921e-01
a     1.000000e+00
b     1.036208e-15
dtype: float64
extra-group:
r2    0.130674
a     0.612010
b     0.375916
dtype: float64
advance group... 
continuing!!!
intra-group:
r2    2.235828e-01
a     1.000000e+00
b     9.621933e-17
dtype: float64
extra-group:
r2    0.089482
a     0.604045
b     0.383791
dtype: float64
advance group... 
continuing!!!
intra-group:
r2    1.981852e-01
a     1.000000e+00
b     1.865175e-15
dtype: float64
extra-group:
r2    0.050548
a     0.249622
b     0.752279
dtype: float64
advance group... 
continuing!!!
intra-group:
r2    1.000000e+00
a     1.000000e+00
b    -4.440892e-16
dtype: float64
extra-group:
r2    0.051393
a     0.614056
b     0.372682
dtype: float64
advance group... 
continuing!!!
intra-group:
symbol   NaN
r2       NaN
a        NaN
b        NaN
dtype: float64
extra-group:
symbol   NaN
r2       NaN
a        NaN
b        NaN
dtype: float64
advance group... 
continuing!!!
intra-group:
r2    5.280922e-01
a     1.000000e+00
b     4.440892e-16
dtype: float64
extra-group:
r2    0.086805
a     0.961571
b     0.019060
dtype: float64
advance group... 
continuing!!!
intra-group:
r2    1.347375e-01
a     1.000000e+00
b     6.819941e-16
dtype: float64
extra-group:
r2    0.082652
a     0.587628
b     0.400147
dtype: float64
advance group... 
continuing!!!
intra-group:
r2    1.000000e+00
a     1.000000e+00
b     8.881784e-16
dtype: float64
extra-group:
r2    0.083671
a     0.947845
b     0.032970
dtype: float64
advance group... 
continuing!!!
intra-group:
symbol   NaN
r2       NaN
a        NaN
b        NaN
dtype: float64
extra-group:
symbol   NaN
r2       NaN
a        NaN
b        NaN
dtype: float64
advance group... 
continuing!!!
intra-group:
r2    1.0
a     1.0
b     0.0
dtype: float64
extra-group:
r2    0.004235
a     0.398140
b     0.596478
dtype: float64
advance group... 
continuing!!!
intra-group:
r2    1.000000e+00
a     1.000000e+00
b    -1.554312e-15
dtype: float64
extra-group:
r2    0.001751
a    -5.548728
b     6.735238
dtype: float64
advance group... 
continuing!!!
intra-group:
r2    1.000000e+00
a     1.000000e+00
b    -1.776357e-15
dtype: float64
extra-group:
r2    0.003647
a     0.166102
b     0.830122
dtype: float64
advance group... 
continuing!!!
intra-group:
r2    1.000000e+00
a     1.000000e+00
b    -6.661338e-16
dtype: float64
extra-group:
r2    0.056023
a     1.133603
b    -0.158614
dtype: float64
advance group... 
continuing!!!
intra-group:
r2    1.000000e+00
a     1.000000e+00
b    -4.440892e-16
dtype: float64
extra-group:
r2    0.062769
a     1.266911
b    -0.297199
dtype: float64
advance group... 
continuing!!!
intra-group:
r2    1.000000e+00
a     1.000000e+00
b     1.110223e-15
dtype: float64
extra-group:
r2    0.090642
a     0.866241
b     0.117653
dtype: float64
advance group... 
continuing!!!
intra-group:
r2    5.155986e-01
a     1.000000e+00
b    -1.887379e-15
dtype: float64
extra-group:
r2    0.032278
a     0.322895
b     0.670409
dtype: float64
advance group... 
continuing!!!
intra-group:
r2    1.000000e+00
a     1.000000e+00
b     6.661338e-16
dtype: float64
extra-group:
r2    0.104976
a     0.451121
b     0.539641
dtype: float64
advance group... 
continuing!!!
intra-group:
symbol   NaN
r2       NaN
a        NaN
b        NaN
dtype: float64
extra-group:
symbol   NaN
r2       NaN
a        NaN
b        NaN
dtype: float64
advance group... 
continuing!!!
intra-group:
symbol   NaN
r2       NaN
a        NaN
b        NaN
dtype: float64
extra-group:
symbol   NaN
r2       NaN
a        NaN
b        NaN
dtype: float64
advance group... 
continuing!!!
intra-group:
r2    1.0
a     1.0
b     0.0
dtype: float64
extra-group:
r2    0.011151
a     0.218764
b     0.775802
dtype: float64
advance group... 
continuing!!!
intra-group:
r2    1.000000e+00
a     1.000000e+00
b     6.661338e-16
dtype: float64
extra-group:
r2    0.024669
a     0.356768
b     0.636062
dtype: float64
advance group... 
continuing!!!
intra-group:
symbol   NaN
r2       NaN
a        NaN
b        NaN
dtype: float64
extra-group:
symbol   NaN
r2       NaN
a        NaN
b        NaN
dtype: float64
advance group... 
continuing!!!
intra-group:
symbol   NaN
r2       NaN
a        NaN
b        NaN
dtype: float64
extra-group:
symbol   NaN
r2       NaN
a        NaN
b        NaN
dtype: float64
advance group... 
continuing!!!
intra-group:
r2    1.000000e+00
a     1.000000e+00
b    -8.881784e-16
dtype: float64
extra-group:
r2    0.002480
a     0.577721
b     0.413041
dtype: float64
advance group... 
continuing!!!
intra-group:
symbol   NaN
r2       NaN
a        NaN
b        NaN
dtype: float64
extra-group:
symbol   NaN
r2       NaN
a        NaN
b        NaN
dtype: float64
advance group... 
continuing!!!
intra-group:
symbol   NaN
r2       NaN
a        NaN
b        NaN
dtype: float64
extra-group:
symbol   NaN
r2       NaN
a        NaN
b        NaN
dtype: float64
advance group... 
continuing!!!
intra-group:
r2    1.000000e+00
a     1.000000e+00
b     4.440892e-16
dtype: float64
extra-group:
r2    0.052829
a     1.230196
b    -0.254052
dtype: float64
advance group... 
continuing!!!
intra-group:
symbol   NaN
r2       NaN
a        NaN
b        NaN
dtype: float64
extra-group:
symbol   NaN
r2       NaN
a        NaN
b        NaN
dtype: float64
advance group... 
continuing!!!
intra-group:
r2    1.000000e+00
a     1.000000e+00
b     1.110223e-15
dtype: float64
extra-group:
r2    0.049797
a     0.302370
b     0.692267
dtype: float64
WRITING THESE!
**
                        type        mu     sigma
0  1d.RETURN.hier.fact_068.i  0.177591  0.071738
**
1d.RETURN.hier.fact_068.i (0.17759129366465981, 0.071738100973317356)
**
      n        r2         w
15  137  0.217779  0.126035
13  111  0.102189  0.102116
34   75  0.191654  0.068997
20   73  0.167699  0.067157
7    59  0.151280  0.054278
4    57  0.195529  0.052438
5    43  0.144845  0.039558
1    43  0.175707  0.039558
29   42  0.053185  0.038638
10   38  0.156509  0.034959
18   38  0.184257  0.034959
16   33  0.127472  0.030359
27   32  0.146952  0.029439
6    32  0.204372  0.029439
21   27  0.184802  0.024839
17   22  0.154916  0.020239
14   20  0.213879  0.018399
9    17  0.208671  0.015639
22   16  0.127001  0.014719
19   15  0.351139  0.013799
40   15  0.223583  0.013799
45   14  0.134737  0.012879
26   13  0.170940  0.011960
28   10  0.154338  0.009200
12   10  0.110566  0.009200
23    9  0.260810  0.008280
31    8  0.125572  0.007360
36    7  0.163140  0.006440
37    6  0.208335  0.005520
30    6  0.271468  0.005520
41    5  0.198185  0.004600
11    5  0.478838  0.004600
32    5  0.201919  0.004600
35    5  0.245402  0.004600
25    4  0.346368  0.003680
24    4  0.325145  0.003680
33    3  0.485296  0.002760
39    3  0.591692  0.002760
38    2  0.536256  0.001840
3     2  0.543157  0.001840
44    2  0.528092  0.001840
2     2  0.652986  0.001840
54    2  0.515599  0.001840
WRITING THESE!
**
                        type       mu    sigma
0  1d.RETURN.hier.fact_068.e  0.08404  0.02018
**
1d.RETURN.hier.fact_068.e (0.084040433282857763, 0.020179958631572858)
**
      n        r2         w
15  137  0.107580  0.126035
13  111  0.097409  0.102116
34   75  0.096484  0.068997
20   73  0.084369  0.067157
7    59  0.085034  0.054278
4    57  0.091156  0.052438
5    43  0.068641  0.039558
1    43  0.084789  0.039558
29   42  0.077757  0.038638
10   38  0.072616  0.034959
18   38  0.082878  0.034959
16   33  0.051910  0.030359
27   32  0.065431  0.029439
6    32  0.099136  0.029439
21   27  0.094489  0.024839
17   22  0.078912  0.020239
14   20  0.030106  0.018399
9    17  0.091122  0.015639
22   16  0.055550  0.014719
19   15  0.129883  0.013799
40   15  0.089482  0.013799
45   14  0.082652  0.012879
26   13  0.069343  0.011960
28   10  0.061848  0.009200
12   10  0.083415  0.009200
23    9  0.051653  0.008280
31    8  0.042184  0.007360
36    7  0.022463  0.006440
37    6  0.070921  0.005520
30    6  0.035880  0.005520
41    5  0.050548  0.004600
11    5  0.018914  0.004600
32    5  0.042492  0.004600
35    5  0.043454  0.004600
25    4  0.069354  0.003680
24    4  0.060935  0.003680
33    3  0.091830  0.002760
39    3  0.130674  0.002760
38    2  0.029413  0.001840
3     2  0.006835  0.001840
44    2  0.086805  0.001840
2     2  0.087699  0.001840
54    2  0.032278  0.001840
