------------------------
n= 24
cl= kmeans_text
type= text
------------------------
cluster=0
cluster=1
cluster=2
cluster=3
cluster=4
cluster=5
cluster=6
cluster=7
cluster=8
cluster=9
cluster=10
cluster=11
cluster=12
cluster=13
cluster=14
cluster=15
cluster=16
cluster=17
cluster=18
cluster=19
cluster=20
cluster=21
cluster=22
cluster=23
advance group... 
continuing!!!
intra-group:
r2    1.720971e-02
a     1.000000e+00
b     6.121646e-16
dtype: float64
extra-group:
r2    0.055172
a     0.575830
b     0.415403
dtype: float64
advance group... 
continuing!!!
intra-group:
r2    4.062634e-01
a     1.000000e+00
b     6.986748e-17
dtype: float64
extra-group:
r2    0.156503
a     0.647878
b     0.339255
dtype: float64
advance group... 
continuing!!!
intra-group:
r2    4.139314e-02
a     1.000000e+00
b     3.162153e-16
dtype: float64
extra-group:
r2    0.045850
a     1.011655
b    -0.027466
dtype: float64
advance group... 
continuing!!!
intra-group:
r2    1.463725e-01
a     1.000000e+00
b     4.419878e-16
dtype: float64
extra-group:
r2    0.077262
a     0.584521
b     0.402673
dtype: float64
advance group... 
continuing!!!
intra-group:
r2    1.379980e-01
a     1.000000e+00
b    -1.874639e-15
dtype: float64
extra-group:
r2    0.075370
a     0.574479
b     0.413670
dtype: float64
advance group... 
continuing!!!
intra-group:
r2    2.103654e-01
a     1.000000e+00
b    -9.595928e-16
dtype: float64
extra-group:
r2    0.108727
a     0.713863
b     0.271153
dtype: float64
advance group... 
continuing!!!
intra-group:
r2    2.049806e-01
a     1.000000e+00
b    -1.414968e-15
dtype: float64
extra-group:
r2    0.060279
a     0.500809
b     0.488875
dtype: float64
advance group... 
continuing!!!
intra-group:
r2    0.008070
a     0.953080
b     0.073162
dtype: float64
extra-group:
r2    0.080421
a     0.535500
b     1.019594
dtype: float64
advance group... 
continuing!!!
intra-group:
r2    1.629764e-01
a     1.000000e+00
b    -3.502945e-16
dtype: float64
extra-group:
r2    0.044445
a     0.606362
b     0.382245
dtype: float64
advance group... 
continuing!!!
intra-group:
r2    9.102871e-02
a     1.000000e+00
b    -3.258577e-16
dtype: float64
extra-group:
r2    0.041374
a     0.752824
b     0.232945
dtype: float64
advance group... 
continuing!!!
intra-group:
r2    7.432408e-02
a     1.000000e+00
b     2.058370e-16
dtype: float64
extra-group:
r2    0.053445
a     0.515492
b     0.473856
dtype: float64
advance group... 
continuing!!!
intra-group:
r2    2.200104e-01
a     1.000000e+00
b     1.322399e-15
dtype: float64
extra-group:
r2    0.063451
a     0.427906
b     0.563418
dtype: float64
advance group... 
continuing!!!
intra-group:
r2    7.926479e-02
a     1.000000e+00
b     7.804868e-16
dtype: float64
extra-group:
r2    0.066303
a     0.574282
b     0.414845
dtype: float64
advance group... 
continuing!!!
intra-group:
r2    3.188752e-01
a     1.000000e+00
b     2.096025e-15
dtype: float64
extra-group:
r2    0.067622
a     0.375215
b     0.616629
dtype: float64
advance group... 
continuing!!!
intra-group:
r2    1.427996e-01
a     1.000000e+00
b    -2.746103e-16
dtype: float64
extra-group:
r2    0.086199
a     0.584182
b     0.404072
dtype: float64
advance group... 
continuing!!!
intra-group:
r2    1.452048e-01
a     1.000000e+00
b    -3.737751e-16
dtype: float64
extra-group:
r2    0.058334
a     0.473026
b     0.517190
dtype: float64
advance group... 
continuing!!!
intra-group:
r2    2.301969e-01
a     1.000000e+00
b     1.379289e-15
dtype: float64
extra-group:
r2    0.088404
a     0.451105
b     0.539619
dtype: float64
advance group... 
continuing!!!
intra-group:
r2    2.550581e-01
a     1.000000e+00
b    -1.048211e-15
dtype: float64
extra-group:
r2    0.129026
a     0.721041
b     0.263990
dtype: float64
advance group... 
continuing!!!
intra-group:
r2    3.262977e-01
a     1.000000e+00
b     8.566188e-17
dtype: float64
extra-group:
r2    0.102566
a     0.499220
b     0.490649
dtype: float64
advance group... 
continuing!!!
intra-group:
r2    2.248118e-01
a     1.000000e+00
b     1.268216e-15
dtype: float64
extra-group:
r2    0.107474
a     0.606276
b     0.381330
dtype: float64
advance group... 
continuing!!!
intra-group:
r2    7.354100e-02
a     1.000000e+00
b     1.834400e-15
dtype: float64
extra-group:
r2    0.058743
a     0.442814
b     0.547793
dtype: float64
advance group... 
!!!!!!!!nan! ARTNA
continuing!!!
intra-group:
r2    1.885253e-01
a     1.000000e+00
b    -1.895503e-17
dtype: float64
!!!!!!!!nan! ARTNA
extra-group:
r2    0.091031
a     0.596850
b     0.391021
dtype: float64
advance group... 
continuing!!!
intra-group:
r2    3.474471e-02
a     1.000000e+00
b     1.265166e-15
dtype: float64
extra-group:
r2    0.040323
a     0.552396
b     0.437289
dtype: float64
advance group... 
continuing!!!
intra-group:
r2    1.527639e-01
a     1.000000e+00
b     3.006854e-17
dtype: float64
extra-group:
r2    0.046500
a     0.300191
b     0.693416
dtype: float64
WRITING THESE!
**
                          type        mu     sigma
0  1d.RETURN.kmeans.text_024.i  0.158254  0.101041
**
1d.RETURN.kmeans.text_024.i (0.15825390465487135, 0.10104060033026725)
**
      n        r2         w
3   317  0.146372  0.097419
20  285  0.073541  0.087585
14  245  0.142800  0.075292
18  197  0.326298  0.060541
5   185  0.210365  0.056853
4   183  0.137998  0.056238
13  174  0.318875  0.053473
9   154  0.091029  0.047326
0   144  0.017210  0.044253
10  137  0.074324  0.042102
7   132  0.008070  0.040565
8   116  0.162976  0.035648
1   116  0.406263  0.035648
2   112  0.041393  0.034419
17  111  0.255058  0.034112
12  100  0.079265  0.030731
6    98  0.204981  0.030117
22   91  0.034745  0.027966
16   85  0.230197  0.026122
19   78  0.224812  0.023970
15   60  0.145205  0.018439
23   48  0.152764  0.014751
11   45  0.220010  0.013829
21   41  0.188525  0.012600
WRITING THESE!
**
                          type        mu    sigma
0  1d.RETURN.kmeans.text_024.e  0.076114  0.02703
**
1d.RETURN.kmeans.text_024.e (0.076114416819263134, 0.027030369451429906)
**
      n        r2         w
3   317  0.077262  0.097419
20  285  0.058743  0.087585
14  245  0.086199  0.075292
18  197  0.102566  0.060541
5   185  0.108727  0.056853
4   183  0.075370  0.056238
13  174  0.067622  0.053473
9   154  0.041374  0.047326
0   144  0.055172  0.044253
10  137  0.053445  0.042102
7   132  0.080421  0.040565
8   116  0.044445  0.035648
1   116  0.156503  0.035648
2   112  0.045850  0.034419
17  111  0.129026  0.034112
12  100  0.066303  0.030731
6    98  0.060279  0.030117
22   91  0.040323  0.027966
16   85  0.088404  0.026122
19   78  0.107474  0.023970
15   60  0.058334  0.018439
23   48  0.046500  0.014751
11   45  0.063451  0.013829
21   41  0.091031  0.012600
