------------------------
n= 157
cl= hier_text
type= text
------------------------
cluster=144
cluster=121
cluster=17
cluster=71
cluster=38
cluster=70
cluster=68
cluster=149
cluster=126
cluster=150
cluster=145
cluster=15
cluster=138
cluster=77
cluster=44
cluster=34
cluster=60
cluster=31
cluster=88
cluster=4
cluster=23
cluster=2
cluster=67
cluster=152
cluster=94
cluster=133
cluster=110
cluster=122
cluster=61
cluster=7
cluster=93
cluster=32
cluster=86
cluster=116
cluster=45
cluster=26
cluster=10
cluster=74
cluster=39
cluster=25
cluster=130
cluster=83
cluster=9
cluster=51
cluster=22
cluster=0
cluster=108
cluster=101
cluster=91
cluster=131
cluster=12
cluster=47
cluster=13
cluster=21
cluster=58
cluster=52
cluster=64
cluster=114
cluster=98
cluster=89
cluster=103
cluster=48
cluster=18
cluster=75
cluster=43
cluster=134
cluster=42
cluster=78
cluster=36
cluster=66
cluster=146
cluster=112
cluster=59
cluster=37
cluster=120
cluster=105
cluster=19
cluster=136
cluster=107
cluster=140
cluster=3
cluster=33
cluster=30
cluster=14
cluster=143
cluster=156
cluster=72
cluster=24
cluster=27
cluster=129
cluster=50
cluster=111
cluster=8
cluster=5
cluster=76
cluster=6
cluster=84
cluster=41
cluster=123
cluster=109
cluster=57
cluster=79
cluster=56
cluster=100
cluster=73
cluster=82
cluster=85
cluster=137
cluster=63
cluster=65
cluster=53
cluster=141
cluster=148
cluster=87
cluster=29
cluster=135
cluster=35
cluster=81
cluster=1
cluster=124
cluster=54
cluster=147
cluster=102
cluster=95
cluster=117
cluster=127
cluster=80
cluster=69
cluster=49
cluster=119
cluster=115
cluster=113
cluster=11
cluster=104
cluster=20
cluster=46
cluster=92
cluster=99
cluster=118
cluster=151
cluster=62
cluster=55
cluster=153
cluster=16
cluster=154
cluster=28
cluster=155
cluster=40
cluster=90
cluster=97
cluster=139
cluster=96
cluster=125
cluster=128
cluster=132
cluster=142
cluster=106
advance group... 
continuing!!!
intra-group:
r2    1.549515e-01
a     1.000000e+00
b     4.702121e-16
dtype: float64
extra-group:
r2    0.043312
a     0.307187
b     0.687223
dtype: float64
advance group... 
continuing!!!
intra-group:
r2    2.311836e-01
a     1.000000e+00
b    -1.046782e-15
dtype: float64
extra-group:
r2    0.106499
a     1.062773
b    -0.082656
dtype: float64
advance group... 
continuing!!!
intra-group:
r2    1.229022e-01
a     1.000000e+00
b     1.586033e-15
dtype: float64
extra-group:
r2    0.069635
a     0.511704
b     0.477885
dtype: float64
advance group... 
continuing!!!
intra-group:
r2    2.483826e-01
a     1.000000e+00
b     6.319731e-16
dtype: float64
extra-group:
r2    0.074897
a     0.442550
b     0.549155
dtype: float64
advance group... 
continuing!!!
intra-group:
r2    2.605485e-01
a     1.000000e+00
b    -1.466332e-16
dtype: float64
extra-group:
r2    0.087629
a     0.417531
b     0.573818
dtype: float64
advance group... 
continuing!!!
intra-group:
r2    1.884152e-01
a     1.000000e+00
b    -1.099121e-15
dtype: float64
extra-group:
r2    0.073679
a     0.593235
b     0.394231
dtype: float64
advance group... 
continuing!!!
intra-group:
r2    2.041571e-01
a     1.000000e+00
b    -1.233581e-17
dtype: float64
extra-group:
r2    0.076586
a     0.690553
b     0.296097
dtype: float64
advance group... 
continuing!!!
intra-group:
r2    2.405211e-01
a     1.000000e+00
b    -3.013462e-16
dtype: float64
extra-group:
r2    0.075704
a     0.519379
b     0.470079
dtype: float64
advance group... 
continuing!!!
intra-group:
r2    2.455338e-01
a     1.000000e+00
b    -4.662937e-16
dtype: float64
extra-group:
r2    0.073712
a     0.429037
b     0.561041
dtype: float64
advance group... 
continuing!!!
intra-group:
r2    6.819783e-02
a     1.000000e+00
b    -1.480297e-16
dtype: float64
extra-group:
r2    0.042297
a     0.341342
b     0.653784
dtype: float64
advance group... 
continuing!!!
intra-group:
r2    4.192144e-01
a     1.000000e+00
b     8.234154e-16
dtype: float64
extra-group:
r2    0.114445
a     0.671469
b     0.315609
dtype: float64
advance group... 
continuing!!!
intra-group:
r2    1.731278e-01
a     1.000000e+00
b     2.428613e-17
dtype: float64
extra-group:
r2    0.108223
a     0.683242
b     0.302716
dtype: float64
advance group... 
continuing!!!
intra-group:
r2    2.723057e-01
a     1.000000e+00
b     1.554312e-16
dtype: float64
extra-group:
r2    0.077372
a     0.571224
b     0.415522
dtype: float64
advance group... 
continuing!!!
intra-group:
r2    5.960687e-02
a     1.000000e+00
b    -1.177353e-15
dtype: float64
extra-group:
r2    0.043279
a     0.573807
b     0.416482
dtype: float64
advance group... 
continuing!!!
intra-group:
r2    1.481144e-01
a     1.000000e+00
b     1.418618e-16
dtype: float64
extra-group:
r2    0.078966
a     0.543797
b     0.445771
dtype: float64
advance group... 
continuing!!!
intra-group:
r2    5.036759e-01
a     1.000000e+00
b    -1.067174e-15
dtype: float64
extra-group:
r2    0.156595
a     0.657483
b     0.329189
dtype: float64
advance group... 
continuing!!!
intra-group:
r2    3.030403e-01
a     1.000000e+00
b    -7.771561e-16
dtype: float64
extra-group:
r2    0.096062
a     0.694864
b     0.292089
dtype: float64
advance group... 
continuing!!!
intra-group:
r2    6.084636e-02
a     1.000000e+00
b    -1.799327e-16
dtype: float64
extra-group:
r2    0.085144
a     0.546168
b     0.443658
dtype: float64
advance group... 
continuing!!!
intra-group:
r2    1.538546e-01
a     1.000000e+00
b     2.288949e-15
dtype: float64
extra-group:
r2    0.047138
a     0.302432
b     0.691105
dtype: float64
advance group... 
continuing!!!
intra-group:
r2    3.568800e-01
a     1.000000e+00
b    -9.436896e-16
dtype: float64
extra-group:
r2    0.134237
a     0.721381
b     0.263211
dtype: float64
advance group... 
continuing!!!
intra-group:
r2    1.256897e-01
a     1.000000e+00
b    -1.387779e-17
dtype: float64
extra-group:
r2    0.050000
a     0.835243
b     0.149358
dtype: float64
advance group... 
continuing!!!
intra-group:
r2    1.599092e-01
a     1.000000e+00
b    -2.370476e-16
dtype: float64
extra-group:
r2    0.071167
a     0.549134
b     0.439708
dtype: float64
advance group... 
continuing!!!
intra-group:
r2    3.319633e-02
a     1.000000e+00
b     2.826022e-16
dtype: float64
extra-group:
r2    0.054797
a     0.483852
b     0.517540
dtype: float64
advance group... 
continuing!!!
intra-group:
r2    3.092653e-01
a     1.000000e+00
b     3.947460e-16
dtype: float64
extra-group:
r2    0.064429
a     0.414496
b     0.576814
dtype: float64
advance group... 
continuing!!!
intra-group:
r2    1.354984e-01
a     1.000000e+00
b    -2.278480e-15
dtype: float64
extra-group:
r2    0.075242
a     0.617801
b     0.370052
dtype: float64
advance group... 
continuing!!!
intra-group:
r2    2.189877e-01
a     1.000000e+00
b    -8.951173e-16
dtype: float64
extra-group:
r2    0.084997
a     0.545019
b     0.443968
dtype: float64
advance group... 
continuing!!!
intra-group:
r2    1.569429e-01
a     1.000000e+00
b     3.806479e-16
dtype: float64
extra-group:
r2    0.057728
a     0.619162
b     0.368313
dtype: float64
advance group... 
continuing!!!
intra-group:
r2    2.137041e-01
a     1.000000e+00
b    -1.715799e-15
dtype: float64
extra-group:
r2    0.064864
a     0.624926
b     0.361749
dtype: float64
advance group... 
continuing!!!
intra-group:
r2    3.101823e-01
a     1.000000e+00
b     1.489324e-15
dtype: float64
extra-group:
r2    0.105381
a     0.458352
b     0.532689
dtype: float64
advance group... 
continuing!!!
intra-group:
r2    6.124321e-02
a     1.000000e+00
b     9.040387e-16
dtype: float64
extra-group:
r2    0.049259
a     1.083692
b    -0.103215
dtype: float64
advance group... 
continuing!!!
intra-group:
r2    1.894989e-01
a     1.000000e+00
b     6.026925e-16
dtype: float64
extra-group:
r2    0.085663
a     0.511264
b     0.478290
dtype: float64
advance group... 
continuing!!!
intra-group:
r2    4.078847e-02
a     1.000000e+00
b    -2.177745e-16
dtype: float64
extra-group:
r2    0.044594
a     0.176063
b     0.823096
dtype: float64
advance group... 
continuing!!!
intra-group:
r2    2.341774e-01
a     1.000000e+00
b    -2.127927e-15
dtype: float64
extra-group:
r2    0.090303
a     0.804792
b     0.179344
dtype: float64
advance group... 
continuing!!!
intra-group:
r2    5.455212e-01
a     1.000000e+00
b    -8.506016e-16
dtype: float64
extra-group:
r2    0.171192
a     0.676414
b     0.309892
dtype: float64
advance group... 
continuing!!!
intra-group:
r2    9.284658e-02
a     1.000000e+00
b     1.348128e-16
dtype: float64
extra-group:
r2    0.037518
a     0.850785
b     0.135570
dtype: float64
advance group... 
continuing!!!
intra-group:
r2    1.526115e-01
a     1.000000e+00
b    -7.993606e-16
dtype: float64
extra-group:
r2    0.065208
a     0.551354
b     0.437656
dtype: float64
advance group... 
continuing!!!
intra-group:
r2    1.328307e-01
a     1.000000e+00
b    -1.885113e-15
dtype: float64
extra-group:
r2    0.062193
a     0.498155
b     0.491618
dtype: float64
advance group... 
continuing!!!
intra-group:
r2    1.992754e-01
a     1.000000e+00
b     2.331468e-15
dtype: float64
extra-group:
r2    0.069240
a     0.648501
b     0.337969
dtype: float64
advance group... 
continuing!!!
intra-group:
r2    1.965266e-01
a     1.000000e+00
b     1.195625e-16
dtype: float64
extra-group:
r2    0.064492
a     0.530303
b     0.458183
dtype: float64
advance group... 
continuing!!!
intra-group:
r2    4.362525e-01
a     1.000000e+00
b    -1.907939e-15
dtype: float64
extra-group:
r2    0.078292
a     0.372578
b     0.619430
dtype: float64
advance group... 
continuing!!!
intra-group:
r2    4.384170e-01
a     1.000000e+00
b     4.440892e-16
dtype: float64
extra-group:
r2    0.107011
a     0.654527
b     0.332698
dtype: float64
advance group... 
continuing!!!
intra-group:
r2    1.743756e-01
a     1.000000e+00
b     9.375217e-16
dtype: float64
extra-group:
r2    0.063143
a     0.563334
b     0.424734
dtype: float64
advance group... 
continuing!!!
intra-group:
r2    3.050488e-02
a     1.000000e+00
b    -8.204819e-16
dtype: float64
extra-group:
r2    0.051061
a     1.236179
b    -0.251656
dtype: float64
advance group... 
continuing!!!
intra-group:
r2    2.556346e-01
a     1.000000e+00
b    -5.046468e-16
dtype: float64
extra-group:
r2    0.083269
a     0.608778
b     0.379182
dtype: float64
advance group... 
continuing!!!
intra-group:
r2    1.533014e-01
a     1.000000e+00
b     2.355019e-17
dtype: float64
extra-group:
r2    0.094568
a     0.573805
b     0.415113
dtype: float64
advance group... 
continuing!!!
intra-group:
r2    1.214746e-01
a     1.000000e+00
b     1.749442e-16
dtype: float64
extra-group:
r2    0.050808
a     0.635860
b     0.353004
dtype: float64
advance group... 
continuing!!!
intra-group:
r2    4.845648e-01
a     1.000000e+00
b     4.401241e-16
dtype: float64
extra-group:
r2    0.042506
a     0.253274
b     0.741893
dtype: float64
advance group... 
continuing!!!
intra-group:
r2    1.806737e-01
a     1.000000e+00
b     7.648203e-16
dtype: float64
extra-group:
r2    0.060823
a     0.573227
b     0.417024
dtype: float64
advance group... 
continuing!!!
intra-group:
r2    1.236174e-01
a     1.000000e+00
b    -1.236048e-15
dtype: float64
extra-group:
r2    0.097639
a     0.504901
b     0.484935
dtype: float64
advance group... 
continuing!!!
intra-group:
r2    3.619162e-01
a     1.000000e+00
b     5.255056e-16
dtype: float64
extra-group:
r2    0.124030
a     0.594401
b     0.393812
dtype: float64
advance group... 
continuing!!!
intra-group:
r2    1.167001e-01
a     1.000000e+00
b     6.572520e-16
dtype: float64
extra-group:
r2    0.053070
a     0.697520
b     0.287543
dtype: float64
advance group... 
continuing!!!
intra-group:
r2    4.633282e-01
a     1.000000e+00
b     8.300239e-16
dtype: float64
extra-group:
r2    0.030009
a     0.224853
b     0.770916
dtype: float64
advance group... 
continuing!!!
intra-group:
r2    5.942798e-02
a     1.000000e+00
b    -1.208910e-15
dtype: float64
extra-group:
r2    0.049993
a     1.449436
b    -0.473521
dtype: float64
advance group... 
continuing!!!
intra-group:
r2    1.315560e-01
a     1.000000e+00
b     1.261213e-15
dtype: float64
extra-group:
r2    0.061904
a     0.491879
b     0.498560
dtype: float64
advance group... 
continuing!!!
intra-group:
r2    2.499442e-01
a     1.000000e+00
b    -7.304099e-16
dtype: float64
extra-group:
r2    0.058047
a     0.426614
b     0.564352
dtype: float64
advance group... 
continuing!!!
intra-group:
r2    2.755099e-01
a     1.000000e+00
b     1.475011e-15
dtype: float64
extra-group:
r2    0.125947
a     0.666533
b     0.320113
dtype: float64
advance group... 
continuing!!!
intra-group:
r2    6.556178e-02
a     1.000000e+00
b     1.501444e-15
dtype: float64
extra-group:
r2    0.073304
a     0.829371
b     0.156301
dtype: float64
advance group... 
continuing!!!
intra-group:
r2    4.589897e-01
a     1.000000e+00
b     4.705231e-16
dtype: float64
extra-group:
r2    0.068453
a     0.348671
b     0.644201
dtype: float64
advance group... 
continuing!!!
intra-group:
r2    7.291202e-02
a     1.000000e+00
b    -6.730727e-16
dtype: float64
extra-group:
r2    0.035882
a     0.805545
b     0.179826
dtype: float64
advance group... 
continuing!!!
intra-group:
r2    3.387237e-01
a     1.000000e+00
b     1.613089e-15
dtype: float64
extra-group:
r2    0.116607
a     0.847256
b     0.135628
dtype: float64
advance group... 
continuing!!!
intra-group:
r2    2.656913e-01
a     1.000000e+00
b    -2.775558e-16
dtype: float64
extra-group:
r2    0.038073
a     0.650292
b     0.336876
dtype: float64
advance group... 
continuing!!!
intra-group:
r2    3.685576e-01
a     1.000000e+00
b    -6.661338e-16
dtype: float64
extra-group:
r2    0.100352
a     0.532637
b     0.456604
dtype: float64
advance group... 
continuing!!!
intra-group:
r2    3.199044e-01
a     1.000000e+00
b     3.774758e-16
dtype: float64
extra-group:
r2    0.155582
a     0.682834
b     0.303492
dtype: float64
advance group... 
continuing!!!
intra-group:
r2    2.934073e-01
a     1.000000e+00
b    -1.708035e-16
dtype: float64
extra-group:
r2    0.138572
a     0.658783
b     0.327949
dtype: float64
advance group... 
continuing!!!
intra-group:
r2    1.558750e-01
a     1.000000e+00
b     2.775558e-16
dtype: float64
extra-group:
r2    0.059429
a     0.518010
b     0.471377
dtype: float64
advance group... 
continuing!!!
intra-group:
r2    3.025047e-01
a     1.000000e+00
b     1.427430e-16
dtype: float64
extra-group:
r2    0.115780
a     0.658197
b     0.328285
dtype: float64
advance group... 
continuing!!!
intra-group:
r2    1.726704e-01
a     1.000000e+00
b    -1.249001e-16
dtype: float64
extra-group:
r2    0.105442
a     0.548850
b     0.440010
dtype: float64
advance group... 
continuing!!!
intra-group:
r2    2.101765e-01
a     1.000000e+00
b     1.513604e-15
dtype: float64
extra-group:
r2    0.090935
a     0.490549
b     0.499488
dtype: float64
advance group... 
continuing!!!
intra-group:
r2    3.002324e-01
a     1.000000e+00
b    -8.881784e-16
dtype: float64
extra-group:
r2    0.101787
a     0.857797
b     0.125143
dtype: float64
advance group... 
continuing!!!
intra-group:
r2    2.839393e-01
a     1.000000e+00
b     8.141636e-16
dtype: float64
extra-group:
r2    0.075425
a     0.631379
b     0.355720
dtype: float64
advance group... 
continuing!!!
intra-group:
r2    8.679320e-02
a     1.000000e+00
b     7.910339e-16
dtype: float64
extra-group:
r2    0.044807
a     0.917421
b     0.064350
dtype: float64
advance group... 
continuing!!!
intra-group:
r2    1.974029e-01
a     1.000000e+00
b    -1.522592e-15
dtype: float64
extra-group:
r2    0.090260
a     0.455487
b     0.535822
dtype: float64
advance group... 
continuing!!!
intra-group:
r2    1.380609e-01
a     1.000000e+00
b     3.074464e-16
dtype: float64
extra-group:
r2    0.063713
a     0.736823
b     0.248192
dtype: float64
advance group... 
continuing!!!
intra-group:
r2    6.642801e-02
a     1.000000e+00
b    -8.283972e-16
dtype: float64
extra-group:
r2    0.048413
a     0.948000
b     0.035805
dtype: float64
advance group... 
continuing!!!
intra-group:
r2    1.077554e-01
a     1.000000e+00
b    -1.182962e-15
dtype: float64
extra-group:
r2    0.066690
a     0.589127
b     0.399424
dtype: float64
advance group... 
continuing!!!
intra-group:
r2    2.726038e-01
a     1.000000e+00
b    -1.211152e-16
dtype: float64
extra-group:
r2    0.110362
a     0.805297
b     0.178622
dtype: float64
advance group... 
continuing!!!
intra-group:
r2    2.922982e-01
a     1.000000e+00
b     6.201936e-16
dtype: float64
extra-group:
r2    0.071701
a     0.558512
b     0.430205
dtype: float64
advance group... 
continuing!!!
intra-group:
r2    8.841406e-02
a     1.000000e+00
b     4.229421e-17
dtype: float64
extra-group:
r2    0.065200
a     0.524903
b     0.467571
dtype: float64
advance group... 
continuing!!!
intra-group:
r2    9.397752e-02
a     1.000000e+00
b     1.586033e-16
dtype: float64
extra-group:
r2    0.038597
a     0.517877
b     0.471341
dtype: float64
advance group... 
continuing!!!
intra-group:
r2    2.513892e-01
a     1.000000e+00
b    -2.359224e-16
dtype: float64
extra-group:
r2    0.089035
a     0.770330
b     0.213706
dtype: float64
advance group... 
continuing!!!
intra-group:
r2    1.559490e-01
a     1.000000e+00
b     6.328271e-16
dtype: float64
extra-group:
r2    0.063778
a     0.442264
b     0.549146
dtype: float64
advance group... 
continuing!!!
intra-group:
r2    1.613565e-01
a     1.000000e+00
b    -5.656851e-16
dtype: float64
extra-group:
r2    0.090338
a     0.678917
b     0.307258
dtype: float64
advance group... 
continuing!!!
intra-group:
r2    3.251821e-01
a     1.000000e+00
b    -5.693451e-16
dtype: float64
extra-group:
r2    0.121538
a     0.611836
b     0.376002
dtype: float64
advance group... 
continuing!!!
intra-group:
r2    2.164867e-01
a     1.000000e+00
b     6.541608e-16
dtype: float64
extra-group:
r2    0.107149
a     0.554196
b     0.435336
dtype: float64
advance group... 
continuing!!!
intra-group:
r2    2.045076e-01
a     1.000000e+00
b    -7.549517e-16
dtype: float64
extra-group:
r2    0.028825
a     0.427618
b     0.563837
dtype: float64
advance group... 
continuing!!!
intra-group:
r2    3.053611e-01
a     1.000000e+00
b     8.326673e-16
dtype: float64
extra-group:
r2    0.095005
a     0.642210
b     0.344827
dtype: float64
advance group... 
continuing!!!
intra-group:
r2    2.044722e-01
a     1.000000e+00
b     1.850372e-16
dtype: float64
extra-group:
r2    0.057668
a     0.496770
b     0.492588
dtype: float64
advance group... 
continuing!!!
intra-group:
r2    1.926395e-01
a     1.000000e+00
b     4.996004e-16
dtype: float64
extra-group:
r2    0.072697
a     0.663132
b     0.323617
dtype: float64
advance group... 
continuing!!!
intra-group:
r2    8.040291e-02
a     1.000000e+00
b    -4.551914e-16
dtype: float64
extra-group:
r2    0.051904
a     0.784007
b     0.200811
dtype: float64
advance group... 
continuing!!!
intra-group:
r2    3.105727e-01
a     1.000000e+00
b     6.661338e-16
dtype: float64
extra-group:
r2    0.079292
a     0.558209
b     0.431265
dtype: float64
advance group... 
continuing!!!
intra-group:
r2    1.892853e-01
a     1.000000e+00
b     8.511710e-16
dtype: float64
extra-group:
r2    0.095024
a     0.524219
b     0.464952
dtype: float64
advance group... 
!!!!!!!!nan! ARTNA
continuing!!!
intra-group:
r2    2.002976e-01
a     1.000000e+00
b     7.586524e-16
dtype: float64
!!!!!!!!nan! ARTNA
extra-group:
r2    0.079942
a     0.548141
b     0.440610
dtype: float64
advance group... 
continuing!!!
intra-group:
r2    2.235957e-01
a     1.000000e+00
b     2.362782e-16
dtype: float64
extra-group:
r2    0.113076
a     0.822179
b     0.160636
dtype: float64
advance group... 
continuing!!!
intra-group:
r2    2.900959e-01
a     1.000000e+00
b    -2.343804e-16
dtype: float64
extra-group:
r2    0.105810
a     0.731198
b     0.253662
dtype: float64
advance group... 
continuing!!!
intra-group:
r2    3.704438e-01
a     1.000000e+00
b     3.885781e-16
dtype: float64
extra-group:
r2    0.122828
a     0.702119
b     0.283131
dtype: float64
advance group... 
continuing!!!
intra-group:
r2    3.279709e-01
a     1.000000e+00
b    -1.564405e-15
dtype: float64
extra-group:
r2    0.040544
a     0.300862
b     0.692830
dtype: float64
advance group... 
continuing!!!
intra-group:
r2    2.161987e-01
a     1.000000e+00
b    -8.789266e-16
dtype: float64
extra-group:
r2    0.088741
a     0.800236
b     0.183429
dtype: float64
advance group... 
continuing!!!
intra-group:
r2    3.300655e-01
a     1.000000e+00
b    -4.270089e-17
dtype: float64
extra-group:
r2    0.101118
a     0.713971
b     0.271000
dtype: float64
advance group... 
continuing!!!
intra-group:
r2    2.478899e-01
a     1.000000e+00
b     4.758099e-16
dtype: float64
extra-group:
r2    0.054206
a     0.429900
b     0.561583
dtype: float64
advance group... 
continuing!!!
intra-group:
r2    4.323857e-01
a     1.000000e+00
b     5.797831e-16
dtype: float64
extra-group:
r2    0.062968
a     0.921422
b     0.059827
dtype: float64
advance group... 
continuing!!!
intra-group:
r2    2.192989e-01
a     1.000000e+00
b     2.220446e-16
dtype: float64
extra-group:
r2    0.099935
a     0.652344
b     0.334962
dtype: float64
advance group... 
continuing!!!
intra-group:
r2    1.820462e-01
a     1.000000e+00
b     8.764919e-16
dtype: float64
extra-group:
r2    0.056084
a     0.486545
b     0.503077
dtype: float64
advance group... 
continuing!!!
intra-group:
r2    8.059531e-02
a     1.000000e+00
b    -1.825700e-15
dtype: float64
extra-group:
r2    0.076411
a     0.952640
b     0.029997
dtype: float64
advance group... 
continuing!!!
intra-group:
r2    8.359428e-02
a     1.000000e+00
b     4.953303e-16
dtype: float64
extra-group:
r2    0.028260
a     0.690144
b     0.299816
dtype: float64
advance group... 
continuing!!!
intra-group:
r2    1.944362e-01
a     1.000000e+00
b     9.344377e-16
dtype: float64
extra-group:
r2    0.072680
a     0.583325
b     0.404893
dtype: float64
advance group... 
continuing!!!
intra-group:
r2    4.015595e-01
a     1.000000e+00
b     8.180591e-16
dtype: float64
extra-group:
r2    0.088241
a     0.869516
b     0.112299
dtype: float64
advance group... 
continuing!!!
intra-group:
r2    1.968162e-01
a     1.000000e+00
b    -1.306145e-16
dtype: float64
extra-group:
r2    0.026855
a     0.381267
b     0.611197
dtype: float64
advance group... 
continuing!!!
intra-group:
r2    3.478363e-01
a     1.000000e+00
b    -1.343954e-15
dtype: float64
extra-group:
r2    0.144112
a     0.785528
b     0.198765
dtype: float64
advance group... 
continuing!!!
intra-group:
r2    6.090534e-02
a     1.000000e+00
b    -8.326673e-17
dtype: float64
extra-group:
r2    0.068130
a     0.550676
b     0.438858
dtype: float64
advance group... 
continuing!!!
intra-group:
r2    2.835206e-01
a     1.000000e+00
b     1.175530e-16
dtype: float64
extra-group:
r2    0.136240
a     0.774547
b     0.208995
dtype: float64
advance group... 
continuing!!!
intra-group:
r2    1.539794e-01
a     1.000000e+00
b    -6.063526e-16
dtype: float64
extra-group:
r2    0.049519
a     0.489818
b     0.499648
dtype: float64
advance group... 
continuing!!!
intra-group:
r2    3.978405e-01
a     1.000000e+00
b     1.110223e-16
dtype: float64
extra-group:
r2    0.126200
a     0.594013
b     0.393746
dtype: float64
advance group... 
continuing!!!
intra-group:
r2    3.853646e-01
a     1.000000e+00
b    -1.709743e-15
dtype: float64
extra-group:
r2    0.112104
a     0.471544
b     0.518806
dtype: float64
advance group... 
continuing!!!
intra-group:
r2    2.560119e-01
a     1.000000e+00
b     6.106227e-16
dtype: float64
extra-group:
r2    0.062129
a     0.670951
b     0.314832
dtype: float64
advance group... 
continuing!!!
intra-group:
r2    0.077571
a     0.999726
b     0.001831
dtype: float64
extra-group:
r2    0.104331
a    -2.844566
b     9.495545
dtype: float64
advance group... 
continuing!!!
intra-group:
r2    2.029911e-01
a     1.000000e+00
b    -2.531308e-15
dtype: float64
extra-group:
r2    0.051274
a     0.410549
b     0.584719
dtype: float64
advance group... 
continuing!!!
intra-group:
r2    1.437512e-01
a     1.000000e+00
b    -5.892722e-16
dtype: float64
extra-group:
r2    0.074839
a     0.519043
b     0.470247
dtype: float64
advance group... 
continuing!!!
intra-group:
r2    2.022723e-01
a     1.000000e+00
b     1.069851e-15
dtype: float64
extra-group:
r2    0.089671
a     0.584525
b     0.403643
dtype: float64
advance group... 
continuing!!!
intra-group:
r2    2.214404e-01
a     1.000000e+00
b     5.658556e-16
dtype: float64
extra-group:
r2    0.109019
a     0.764450
b     0.220290
dtype: float64
advance group... 
continuing!!!
intra-group:
r2    3.317171e-01
a     1.000000e+00
b     1.665335e-16
dtype: float64
extra-group:
r2    0.050571
a     0.384305
b     0.608903
dtype: float64
advance group... 
continuing!!!
intra-group:
r2    1.080072e-01
a     1.000000e+00
b     1.733181e-15
dtype: float64
extra-group:
r2    0.055715
a     0.382318
b     0.610051
dtype: float64
advance group... 
continuing!!!
intra-group:
r2    1.227209e-01
a     1.000000e+00
b    -5.471813e-16
dtype: float64
extra-group:
r2    0.067540
a     0.487688
b     0.502622
dtype: float64
advance group... 
continuing!!!
intra-group:
r2    1.690438e-01
a     1.000000e+00
b    -4.317534e-17
dtype: float64
extra-group:
r2    0.049723
a     0.375351
b     0.616868
dtype: float64
advance group... 
continuing!!!
intra-group:
r2    2.453530e-01
a     1.000000e+00
b    -1.535809e-15
dtype: float64
extra-group:
r2    0.086810
a     0.538017
b     0.451445
dtype: float64
advance group... 
continuing!!!
intra-group:
r2    2.217637e-01
a     1.000000e+00
b    -1.665335e-16
dtype: float64
extra-group:
r2    0.086780
a     0.738282
b     0.247478
dtype: float64
advance group... 
continuing!!!
intra-group:
r2    2.350229e-01
a     1.000000e+00
b     5.901712e-16
dtype: float64
extra-group:
r2    0.098002
a     0.627046
b     0.360651
dtype: float64
advance group... 
continuing!!!
intra-group:
r2    3.156807e-01
a     1.000000e+00
b     1.019387e-15
dtype: float64
extra-group:
r2    0.100005
a     0.488368
b     0.501438
dtype: float64
advance group... 
continuing!!!
intra-group:
r2    2.536757e-01
a     1.000000e+00
b     3.469447e-16
dtype: float64
extra-group:
r2    0.061290
a     0.611562
b     0.374454
dtype: float64
advance group... 
continuing!!!
intra-group:
r2    1.372677e-01
a     1.000000e+00
b     1.303305e-16
dtype: float64
extra-group:
r2    0.021168
a     0.378876
b     0.613956
dtype: float64
advance group... 
continuing!!!
intra-group:
r2    2.018459e-01
a     1.000000e+00
b     4.440892e-17
dtype: float64
extra-group:
r2    0.089567
a     0.640586
b     0.346496
dtype: float64
advance group... 
continuing!!!
intra-group:
r2    1.798452e-01
a     1.000000e+00
b    -3.083953e-16
dtype: float64
extra-group:
r2    0.065379
a     0.481162
b     0.509897
dtype: float64
advance group... 
continuing!!!
intra-group:
r2    4.887240e-01
a     1.000000e+00
b     1.102293e-15
dtype: float64
extra-group:
r2    0.143715
a     0.769951
b     0.214646
dtype: float64
advance group... 
continuing!!!
intra-group:
r2    1.621255e-01
a     1.000000e+00
b    -9.689219e-16
dtype: float64
extra-group:
r2    0.085276
a     0.717741
b     0.268013
dtype: float64
advance group... 
continuing!!!
intra-group:
r2    2.158309e-01
a     1.000000e+00
b    -1.887379e-16
dtype: float64
extra-group:
r2    0.079409
a     0.631177
b     0.356532
dtype: float64
advance group... 
continuing!!!
intra-group:
r2    1.334658e-01
a     1.000000e+00
b     5.551115e-17
dtype: float64
extra-group:
r2    0.050692
a     0.406003
b     0.585310
dtype: float64
advance group... 
continuing!!!
intra-group:
r2    7.900478e-02
a     1.000000e+00
b    -1.623701e-15
dtype: float64
extra-group:
r2    0.032551
a     0.411414
b     0.580781
dtype: float64
advance group... 
continuing!!!
intra-group:
r2    1.931078e-01
a     1.000000e+00
b     1.132427e-15
dtype: float64
extra-group:
r2    0.075897
a     0.480441
b     0.509511
dtype: float64
advance group... 
continuing!!!
intra-group:
r2    1.525258e-01
a     1.000000e+00
b    -9.891078e-16
dtype: float64
extra-group:
r2    0.042557
a     0.449647
b     0.540366
dtype: float64
advance group... 
continuing!!!
intra-group:
r2    3.182823e-01
a     1.000000e+00
b    -6.832142e-17
dtype: float64
extra-group:
r2    0.079974
a     0.857829
b     0.123534
dtype: float64
advance group... 
continuing!!!
intra-group:
r2    3.051676e-01
a     1.000000e+00
b     9.349247e-17
dtype: float64
extra-group:
r2    0.106496
a     0.566747
b     0.422094
dtype: float64
advance group... 
continuing!!!
intra-group:
r2    2.086397e-01
a     1.000000e+00
b    -4.138104e-16
dtype: float64
extra-group:
r2    0.075044
a     0.481515
b     0.508829
dtype: float64
advance group... 
continuing!!!
intra-group:
r2    1.046040e-01
a     1.000000e+00
b     6.661338e-17
dtype: float64
extra-group:
r2    0.028008
a     0.908685
b     0.075487
dtype: float64
advance group... 
continuing!!!
intra-group:
r2    2.217474e-01
a     1.000000e+00
b    -1.376677e-15
dtype: float64
extra-group:
r2    0.046819
a     0.384991
b     0.607289
dtype: float64
advance group... 
continuing!!!
intra-group:
r2    1.248104e-01
a     1.000000e+00
b    -3.053113e-16
dtype: float64
extra-group:
r2    0.058438
a     0.633496
b     0.354013
dtype: float64
advance group... 
continuing!!!
intra-group:
r2    3.446181e-01
a     1.000000e+00
b    -4.996004e-16
dtype: float64
extra-group:
r2    0.039203
a     0.291991
b     0.702099
dtype: float64
advance group... 
continuing!!!
intra-group:
r2    7.508693e-02
a     1.000000e+00
b    -4.526294e-16
dtype: float64
extra-group:
r2    0.075678
a     0.744710
b     0.241152
dtype: float64
advance group... 
continuing!!!
intra-group:
r2    2.370997e-01
a     1.000000e+00
b     4.758099e-16
dtype: float64
extra-group:
r2    0.050380
a     0.410738
b     0.581014
dtype: float64
advance group... 
continuing!!!
intra-group:
r2    1.943018e-01
a     1.000000e+00
b     6.026925e-16
dtype: float64
extra-group:
r2    0.042957
a     0.498708
b     0.491355
dtype: float64
advance group... 
continuing!!!
intra-group:
r2    6.419850e-01
a     1.000000e+00
b    -7.259151e-16
dtype: float64
extra-group:
r2    0.062081
a     0.383117
b     0.608551
dtype: float64
advance group... 
continuing!!!
intra-group:
r2    2.676650e-01
a     1.000000e+00
b     1.387779e-17
dtype: float64
extra-group:
r2    0.042576
a     0.313298
b     0.680459
dtype: float64
advance group... 
continuing!!!
intra-group:
r2    2.205927e-01
a     1.000000e+00
b    -1.268826e-16
dtype: float64
extra-group:
r2    0.048840
a     0.433568
b     0.556649
dtype: float64
advance group... 
continuing!!!
intra-group:
r2    1.278325e-01
a     1.000000e+00
b     1.110223e-15
dtype: float64
extra-group:
r2    0.048365
a     0.355494
b     0.643283
dtype: float64
advance group... 
continuing!!!
intra-group:
r2    1.517706e-01
a     1.000000e+00
b     9.251859e-16
dtype: float64
extra-group:
r2    0.060492
a     0.563663
b     0.425608
dtype: float64
advance group... 
continuing!!!
intra-group:
r2    5.521599e-01
a     1.000000e+00
b     7.771561e-16
dtype: float64
extra-group:
r2    0.155508
a     0.792065
b     0.191876
dtype: float64
advance group... 
continuing!!!
intra-group:
r2    4.221112e-01
a     1.000000e+00
b    -9.103829e-16
dtype: float64
extra-group:
r2    0.071654
a     0.374126
b     0.618147
dtype: float64
advance group... 
continuing!!!
intra-group:
r2    2.689349e-01
a     1.000000e+00
b    -1.011537e-15
dtype: float64
extra-group:
r2    0.063731
a     0.396754
b     0.594644
dtype: float64
advance group... 
continuing!!!
intra-group:
r2    2.192343e-01
a     1.000000e+00
b    -1.816729e-16
dtype: float64
extra-group:
r2    0.050174
a     0.548611
b     0.439994
dtype: float64
WRITING THESE!
**
                        type        mu     sigma
0  1d.RETURN.hier.text_157.i  0.215835  0.123294
**
1d.RETURN.hier.text_157.i (0.21583490143772979, 0.12329432368144057)
**
       n        r2         w
83   102  0.216487  0.031346
28    82  0.310182  0.025200
45    66  0.121475  0.020283
33    65  0.545521  0.019975
20    64  0.125690  0.019668
39    54  0.436253  0.016595
4     53  0.260548  0.016288
50    50  0.116700  0.015366
36    49  0.132831  0.015058
15    49  0.503676  0.015058
18    47  0.153855  0.014444
24    44  0.135498  0.013522
13    43  0.059607  0.013215
42    41  0.030505  0.012600
62    40  0.319904  0.012293
82    39  0.325182  0.011985
116   39  0.143751  0.011985
92    39  0.223596  0.011985
101   38  0.182046  0.011678
21    37  0.159909  0.011371
29    35  0.061243  0.010756
22    33  0.033196  0.010141
44    33  0.153301  0.010141
66    32  0.172670  0.009834
11    32  0.173128  0.009834
118   31  0.221440  0.009527
88    30  0.080403  0.009219
67    30  0.210176  0.009219
35    30  0.152612  0.009219
76    29  0.292298  0.008912
..   ...       ...       ...
8     10  0.245534  0.003073
142   10  0.221747  0.003073
141   10  0.104604  0.003073
111   10  0.397840  0.003073
133   10  0.215831  0.003073
93     9  0.290096  0.002766
152    9  0.151771  0.002766
47     9  0.180674  0.002766
23     9  0.309265  0.002766
155    9  0.268935  0.002766
41     9  0.174376  0.002766
79     8  0.251389  0.002459
151    8  0.127833  0.002459
149    8  0.267665  0.002459
150    7  0.220593  0.002151
1      7  0.231184  0.002151
7      7  0.240521  0.002151
146    7  0.237100  0.002151
153    6  0.552160  0.001844
85     6  0.305361  0.001844
113    6  0.256012  0.001844
94     6  0.370444  0.001844
154    5  0.422111  0.001537
84     5  0.204508  0.001537
89     5  0.310573  0.001537
12     5  0.272306  0.001537
112    5  0.385365  0.001537
115    5  0.202991  0.001537
144    4  0.344618  0.001229
119    4  0.331717  0.001229

[157 rows x 3 columns]
WRITING THESE!
**
                        type        mu     sigma
0  1d.RETURN.hier.text_157.e  0.079465  0.032133
**
1d.RETURN.hier.text_157.e (0.079465137622917847, 0.032133371333347427)
**
       n        r2         w
83   102  0.107149  0.031346
28    82  0.105381  0.025200
45    66  0.050808  0.020283
33    65  0.171192  0.019975
20    64  0.050000  0.019668
39    54  0.078292  0.016595
4     53  0.087629  0.016288
50    50  0.053070  0.015366
36    49  0.062193  0.015058
15    49  0.156595  0.015058
18    47  0.047138  0.014444
24    44  0.075242  0.013522
13    43  0.043279  0.013215
42    41  0.051061  0.012600
62    40  0.155582  0.012293
82    39  0.121538  0.011985
116   39  0.074839  0.011985
92    39  0.113076  0.011985
101   38  0.056084  0.011678
21    37  0.071167  0.011371
29    35  0.049259  0.010756
22    33  0.054797  0.010141
44    33  0.094568  0.010141
66    32  0.105442  0.009834
11    32  0.108223  0.009834
118   31  0.109019  0.009527
88    30  0.051904  0.009219
67    30  0.090935  0.009219
35    30  0.065208  0.009219
76    29  0.071701  0.008912
..   ...       ...       ...
8     10  0.073712  0.003073
142   10  0.046819  0.003073
141   10  0.028008  0.003073
111   10  0.126200  0.003073
133   10  0.079409  0.003073
93     9  0.105810  0.002766
152    9  0.060492  0.002766
47     9  0.060823  0.002766
23     9  0.064429  0.002766
155    9  0.063731  0.002766
41     9  0.063143  0.002766
79     8  0.089035  0.002459
151    8  0.048365  0.002459
149    8  0.042576  0.002459
150    7  0.048840  0.002151
1      7  0.106499  0.002151
7      7  0.075704  0.002151
146    7  0.050380  0.002151
153    6  0.155508  0.001844
85     6  0.095005  0.001844
113    6  0.062129  0.001844
94     6  0.122828  0.001844
154    5  0.071654  0.001537
84     5  0.028825  0.001537
89     5  0.079292  0.001537
12     5  0.077372  0.001537
112    5  0.112104  0.001537
115    5  0.051274  0.001537
144    4  0.039203  0.001229
119    4  0.050571  0.001229

[157 rows x 3 columns]
