------------------------
n= 68
cl= hier_text
type= text
------------------------
cluster=7
cluster=3
cluster=10
cluster=44
cluster=52
cluster=0
cluster=19
cluster=14
cluster=4
cluster=63
cluster=8
cluster=5
cluster=18
cluster=26
cluster=60
cluster=43
cluster=38
cluster=48
cluster=67
cluster=17
cluster=21
cluster=61
cluster=46
cluster=6
cluster=45
cluster=16
cluster=9
cluster=24
cluster=2
cluster=40
cluster=12
cluster=23
cluster=37
cluster=25
cluster=65
cluster=35
cluster=28
cluster=1
cluster=27
cluster=33
cluster=51
cluster=22
cluster=13
cluster=36
cluster=20
cluster=29
cluster=15
cluster=53
cluster=64
cluster=31
cluster=30
cluster=47
cluster=55
cluster=11
cluster=41
cluster=39
cluster=34
cluster=42
cluster=66
cluster=50
cluster=54
cluster=32
cluster=49
cluster=59
cluster=57
cluster=56
cluster=62
cluster=58
advance group... 
continuing!!!
intra-group:
r2    4.423653e-02
a     1.000000e+00
b    -1.336380e-16
dtype: float64
extra-group:
r2    0.049866
a     0.674409
b     0.313325
dtype: float64
advance group... 
continuing!!!
intra-group:
r2    2.574539e-01
a     1.000000e+00
b    -8.891970e-16
dtype: float64
extra-group:
r2    0.123927
a     0.653541
b     0.333080
dtype: float64
advance group... 
continuing!!!
intra-group:
r2    1.421628e-01
a     1.000000e+00
b    -1.761629e-15
dtype: float64
extra-group:
r2    0.074461
a     0.541177
b     0.447562
dtype: float64
advance group... 
continuing!!!
intra-group:
r2    2.201543e-01
a     1.000000e+00
b    -1.447560e-15
dtype: float64
extra-group:
r2    0.081369
a     0.460432
b     0.530267
dtype: float64
advance group... 
continuing!!!
intra-group:
r2    2.556159e-01
a     1.000000e+00
b     9.073202e-16
dtype: float64
extra-group:
r2    0.085969
a     0.412458
b     0.578977
dtype: float64
advance group... 
continuing!!!
intra-group:
r2    8.708396e-02
a     1.000000e+00
b    -1.368136e-15
dtype: float64
extra-group:
r2    0.070212
a     0.595193
b     0.393248
dtype: float64
advance group... 
continuing!!!
intra-group:
r2    2.690223e-01
a     1.000000e+00
b     5.551115e-17
dtype: float64
extra-group:
r2    0.109092
a     0.728650
b     0.256502
dtype: float64
advance group... 
continuing!!!
intra-group:
r2    2.382738e-01
a     1.000000e+00
b     1.213744e-15
dtype: float64
extra-group:
r2    0.109664
a     0.702217
b     0.283080
dtype: float64
advance group... 
continuing!!!
intra-group:
r2    5.520487e-02
a     1.000000e+00
b     7.456313e-16
dtype: float64
extra-group:
r2    0.050815
a     0.563441
b     0.425265
dtype: float64
advance group... 
continuing!!!
intra-group:
r2    1.731278e-01
a     1.000000e+00
b     2.428613e-17
dtype: float64
extra-group:
r2    0.108223
a     0.683242
b     0.302716
dtype: float64
advance group... 
continuing!!!
intra-group:
r2    1.801387e-02
a     1.000000e+00
b     7.127954e-16
dtype: float64
extra-group:
r2    0.062260
a     0.524009
b     0.470520
dtype: float64
advance group... 
continuing!!!
intra-group:
r2    5.970064e-02
a     1.000000e+00
b     6.936522e-16
dtype: float64
extra-group:
r2    0.043519
a     0.709144
b     0.278058
dtype: float64
advance group... 
continuing!!!
intra-group:
r2    8.864421e-02
a     1.000000e+00
b    -4.758099e-16
dtype: float64
extra-group:
r2    0.080403
a     0.560648
b     0.428292
dtype: float64
advance group... 
continuing!!!
intra-group:
r2    5.171295e-01
a     1.000000e+00
b    -7.732606e-16
dtype: float64
extra-group:
r2    0.157650
a     0.649642
b     0.337003
dtype: float64
advance group... 
continuing!!!
intra-group:
r2    3.030403e-01
a     1.000000e+00
b    -7.771561e-16
dtype: float64
extra-group:
r2    0.096062
a     0.694864
b     0.292089
dtype: float64
advance group... 
continuing!!!
intra-group:
r2    1.538546e-01
a     1.000000e+00
b     2.288949e-15
dtype: float64
extra-group:
r2    0.047138
a     0.302432
b     0.691105
dtype: float64
advance group... 
continuing!!!
intra-group:
r2    9.997558e-02
a     1.000000e+00
b    -2.164374e-16
dtype: float64
extra-group:
r2    0.046501
a     0.885392
b     0.098336
dtype: float64
advance group... 
continuing!!!
intra-group:
r2    1.599092e-01
a     1.000000e+00
b    -2.370476e-16
dtype: float64
extra-group:
r2    0.071167
a     0.549134
b     0.439708
dtype: float64
advance group... 
continuing!!!
intra-group:
r2    1.306441e-01
a     1.000000e+00
b    -1.750914e-15
dtype: float64
extra-group:
r2    0.073105
a     0.597506
b     0.390790
dtype: float64
advance group... 
continuing!!!
intra-group:
r2    2.284948e-01
a     1.000000e+00
b     1.887379e-15
dtype: float64
extra-group:
r2    0.066588
a     0.443381
b     0.547536
dtype: float64
advance group... 
continuing!!!
intra-group:
r2    1.040825e-01
a     1.000000e+00
b     1.166284e-15
dtype: float64
extra-group:
r2    0.060865
a     0.488939
b     0.500945
dtype: float64
advance group... 
continuing!!!
intra-group:
r2    3.101823e-01
a     1.000000e+00
b     1.489324e-15
dtype: float64
extra-group:
r2    0.105381
a     0.458352
b     0.532689
dtype: float64
advance group... 
continuing!!!
intra-group:
r2    1.894989e-01
a     1.000000e+00
b     6.026925e-16
dtype: float64
extra-group:
r2    0.085663
a     0.511264
b     0.478290
dtype: float64
advance group... 
continuing!!!
intra-group:
r2    3.783297e-02
a     1.000000e+00
b     3.491694e-16
dtype: float64
extra-group:
r2    0.060265
a     0.538262
b     0.452157
dtype: float64
advance group... 
continuing!!!
intra-group:
r2    9.284658e-02
a     1.000000e+00
b     1.348128e-16
dtype: float64
extra-group:
r2    0.037518
a     0.850785
b     0.135570
dtype: float64
advance group... 
continuing!!!
intra-group:
r2    1.764669e-01
a     1.000000e+00
b     1.236048e-15
dtype: float64
extra-group:
r2    0.077791
a     0.579158
b     0.409259
dtype: float64
advance group... 
continuing!!!
intra-group:
r2    3.369925e-01
a     1.000000e+00
b     1.255511e-15
dtype: float64
extra-group:
r2    0.070398
a     0.381318
b     0.610519
dtype: float64
advance group... 
continuing!!!
intra-group:
r2    2.172948e-01
a     1.000000e+00
b    -2.934161e-16
dtype: float64
extra-group:
r2    0.101348
a     0.571490
b     0.417148
dtype: float64
advance group... 
continuing!!!
intra-group:
r2    2.257775e-01
a     1.000000e+00
b     9.217907e-16
dtype: float64
extra-group:
r2    0.113613
a     0.698917
b     0.286387
dtype: float64
advance group... 
continuing!!!
intra-group:
r2    3.050488e-02
a     1.000000e+00
b    -8.204819e-16
dtype: float64
extra-group:
r2    0.051061
a     1.236179
b    -0.251656
dtype: float64
advance group... 
continuing!!!
intra-group:
r2    1.509701e-01
a     1.000000e+00
b     7.336180e-16
dtype: float64
extra-group:
r2    0.082849
a     0.588266
b     0.399711
dtype: float64
advance group... 
continuing!!!
intra-group:
r2    1.730484e-01
a     1.000000e+00
b    -4.440892e-16
dtype: float64
extra-group:
r2    0.049886
a     0.666495
b     0.321274
dtype: float64
advance group... 
continuing!!!
intra-group:
r2    4.399275e-01
a     1.000000e+00
b     5.099499e-16
dtype: float64
extra-group:
r2    0.037314
a     0.257858
b     0.737139
dtype: float64
advance group... 
continuing!!!
intra-group:
r2    1.836089e-01
a     1.000000e+00
b     1.427430e-16
dtype: float64
extra-group:
r2    0.075357
a     0.551197
b     0.438612
dtype: float64
advance group... 
continuing!!!
intra-group:
r2    3.619162e-01
a     1.000000e+00
b     5.255056e-16
dtype: float64
extra-group:
r2    0.124030
a     0.594401
b     0.393812
dtype: float64
advance group... 
continuing!!!
intra-group:
r2    1.390800e-01
a     1.000000e+00
b     4.928717e-16
dtype: float64
extra-group:
r2    0.053766
a     0.668257
b     0.317119
dtype: float64
advance group... 
continuing!!!
intra-group:
r2    5.942798e-02
a     1.000000e+00
b    -1.208910e-15
dtype: float64
extra-group:
r2    0.049993
a     1.449436
b    -0.473521
dtype: float64
advance group... 
continuing!!!
intra-group:
r2    1.150035e-01
a     1.000000e+00
b    -1.082467e-15
dtype: float64
extra-group:
r2    0.058976
a     0.478111
b     0.512271
dtype: float64
advance group... 
continuing!!!
intra-group:
r2    8.601536e-02
a     1.000000e+00
b    -9.714451e-17
dtype: float64
extra-group:
r2    0.056533
a     0.422523
b     0.569337
dtype: float64
advance group... 
continuing!!!
intra-group:
r2    2.656083e-01
a     1.000000e+00
b    -2.081668e-17
dtype: float64
extra-group:
r2    0.061902
a     0.415413
b     0.575996
dtype: float64
advance group... 
continuing!!!
intra-group:
r2    2.656913e-01
a     1.000000e+00
b    -2.775558e-16
dtype: float64
extra-group:
r2    0.038073
a     0.650292
b     0.336876
dtype: float64
advance group... 
continuing!!!
intra-group:
r2    3.284420e-01
a     1.000000e+00
b     3.828355e-16
dtype: float64
extra-group:
r2    0.103480
a     0.551896
b     0.437106
dtype: float64
advance group... 
continuing!!!
intra-group:
r2    2.214627e-01
a     1.000000e+00
b    -8.564578e-17
dtype: float64
extra-group:
r2    0.099949
a     0.534104
b     0.455272
dtype: float64
advance group... 
continuing!!!
intra-group:
r2    3.002324e-01
a     1.000000e+00
b    -8.881784e-16
dtype: float64
extra-group:
r2    0.101787
a     0.857797
b     0.125143
dtype: float64
advance group... 
continuing!!!
intra-group:
r2    2.118448e-01
a     1.000000e+00
b     5.868322e-16
dtype: float64
extra-group:
r2    0.062523
a     0.510862
b     0.478782
dtype: float64
advance group... 
continuing!!!
intra-group:
r2    1.077554e-01
a     1.000000e+00
b    -1.182962e-15
dtype: float64
extra-group:
r2    0.066690
a     0.589127
b     0.399424
dtype: float64
advance group... 
continuing!!!
intra-group:
r2    2.365351e-01
a     1.000000e+00
b    -8.262125e-16
dtype: float64
extra-group:
r2    0.061628
a     0.534254
b     0.454945
dtype: float64
advance group... 
continuing!!!
intra-group:
r2    9.397752e-02
a     1.000000e+00
b     1.586033e-16
dtype: float64
extra-group:
r2    0.038597
a     0.517877
b     0.471341
dtype: float64
advance group... 
continuing!!!
intra-group:
r2    1.559490e-01
a     1.000000e+00
b     6.328271e-16
dtype: float64
extra-group:
r2    0.063778
a     0.442264
b     0.549146
dtype: float64
advance group... 
continuing!!!
intra-group:
r2    2.849378e-01
a     1.000000e+00
b     2.945490e-16
dtype: float64
extra-group:
r2    0.111620
a     0.582011
b     0.406272
dtype: float64
advance group... 
continuing!!!
intra-group:
r2    2.164867e-01
a     1.000000e+00
b     6.541608e-16
dtype: float64
extra-group:
r2    0.107149
a     0.554196
b     0.435336
dtype: float64
advance group... 
continuing!!!
intra-group:
r2    8.651426e-02
a     1.000000e+00
b    -1.694551e-15
dtype: float64
extra-group:
r2    0.073941
a     0.796669
b     0.188124
dtype: float64
advance group... 
!!!!!!!!nan! ARTNA
continuing!!!
intra-group:
r2    2.002976e-01
a     1.000000e+00
b     7.586524e-16
dtype: float64
!!!!!!!!nan! ARTNA
extra-group:
r2    0.079942
a     0.548141
b     0.440610
dtype: float64
advance group... 
continuing!!!
intra-group:
r2    1.858116e-01
a     1.000000e+00
b     6.854420e-16
dtype: float64
extra-group:
r2    0.093948
a     0.649670
b     0.336918
dtype: float64
advance group... 
continuing!!!
intra-group:
r2    3.300655e-01
a     1.000000e+00
b    -4.270089e-17
dtype: float64
extra-group:
r2    0.101118
a     0.713971
b     0.271000
dtype: float64
advance group... 
continuing!!!
intra-group:
r2    1.820462e-01
a     1.000000e+00
b     8.764919e-16
dtype: float64
extra-group:
r2    0.056084
a     0.486545
b     0.503077
dtype: float64
advance group... 
continuing!!!
intra-group:
r2    3.597521e-01
a     1.000000e+00
b     1.013079e-15
dtype: float64
extra-group:
r2    0.082876
a     0.853490
b     0.128301
dtype: float64
advance group... 
continuing!!!
intra-group:
r2    1.968162e-01
a     1.000000e+00
b    -1.306145e-16
dtype: float64
extra-group:
r2    0.026855
a     0.381267
b     0.611197
dtype: float64
advance group... 
continuing!!!
intra-group:
r2    2.835206e-01
a     1.000000e+00
b     1.175530e-16
dtype: float64
extra-group:
r2    0.136240
a     0.774547
b     0.208995
dtype: float64
advance group... 
continuing!!!
intra-group:
r2    0.029031
a     0.998368
b     0.005076
dtype: float64
extra-group:
r2    0.086718
a    -0.680337
b     3.778677
dtype: float64
advance group... 
continuing!!!
intra-group:
r2    1.080072e-01
a     1.000000e+00
b     1.733181e-15
dtype: float64
extra-group:
r2    0.055715
a     0.382318
b     0.610051
dtype: float64
advance group... 
continuing!!!
intra-group:
r2    1.633377e-01
a     1.000000e+00
b    -6.465416e-16
dtype: float64
extra-group:
r2    0.053175
a     0.385335
b     0.606585
dtype: float64
advance group... 
continuing!!!
intra-group:
r2    1.372677e-01
a     1.000000e+00
b     1.303305e-16
dtype: float64
extra-group:
r2    0.021168
a     0.378876
b     0.613956
dtype: float64
advance group... 
continuing!!!
intra-group:
r2    2.018459e-01
a     1.000000e+00
b     4.440892e-17
dtype: float64
extra-group:
r2    0.089567
a     0.640586
b     0.346496
dtype: float64
advance group... 
continuing!!!
intra-group:
r2    1.798452e-01
a     1.000000e+00
b    -3.083953e-16
dtype: float64
extra-group:
r2    0.065379
a     0.481162
b     0.509897
dtype: float64
advance group... 
continuing!!!
intra-group:
r2    4.887240e-01
a     1.000000e+00
b     1.102293e-15
dtype: float64
extra-group:
r2    0.143715
a     0.769951
b     0.214646
dtype: float64
advance group... 
continuing!!!
intra-group:
r2    2.086397e-01
a     1.000000e+00
b    -4.138104e-16
dtype: float64
extra-group:
r2    0.075044
a     0.481515
b     0.508829
dtype: float64
advance group... 
continuing!!!
intra-group:
r2    7.508693e-02
a     1.000000e+00
b    -4.526294e-16
dtype: float64
extra-group:
r2    0.075678
a     0.744710
b     0.241152
dtype: float64
WRITING THESE!
**
                        type        mu     sigma
0  1d.RETURN.hier.text_068.i  0.185932  0.115066
**
1d.RETURN.hier.text_068.i (0.18593202701782746, 0.11506587066809294)
**
      n        r2         w
23  131  0.037833  0.040258
11  117  0.059701  0.035956
13  114  0.517130  0.035034
28  109  0.225777  0.033497
1   109  0.257454  0.033497
50  102  0.216487  0.031346
30  102  0.150970  0.031346
20  101  0.104082  0.031039
16   99  0.099976  0.030424
2    98  0.142163  0.030117
31   84  0.173048  0.025814
21   82  0.310182  0.025200
8    81  0.055205  0.024892
26   81  0.336993  0.024892
7    74  0.238274  0.022741
12   70  0.088644  0.021512
10   69  0.018014  0.021205
35   66  0.139080  0.020283
5    65  0.087084  0.019975
25   60  0.176467  0.018439
32   59  0.439928  0.018132
4    58  0.255616  0.017824
0    54  0.044237  0.016595
6    52  0.269022  0.015980
3    52  0.220154  0.015980
44   49  0.211845  0.015058
49   49  0.284938  0.015058
18   48  0.130644  0.014751
15   47  0.153855  0.014444
46   43  0.236535  0.013215
..  ...       ...       ...
9    32  0.173128  0.009834
37   32  0.115003  0.009834
56   32  0.359752  0.009834
41   29  0.328442  0.008912
45   29  0.107755  0.008912
27   28  0.217295  0.008605
19   27  0.228495  0.008297
54   26  0.330065  0.007990
67   26  0.075087  0.007990
38   24  0.086015  0.007376
52   24  0.200298  0.007376
62   23  0.137268  0.007068
53   23  0.185812  0.007068
33   21  0.183609  0.006454
22   21  0.189499  0.006454
43   20  0.300232  0.006146
63   20  0.201846  0.006146
48   20  0.155949  0.006146
64   18  0.179845  0.005532
36   18  0.059428  0.005532
60   18  0.108007  0.005532
57   17  0.196816  0.005224
58   17  0.283521  0.005224
14   16  0.303040  0.004917
34   15  0.361916  0.004610
24   14  0.092847  0.004302
65   14  0.488724  0.004302
47   14  0.093978  0.004302
66   11  0.208640  0.003380
40   10  0.265691  0.003073

[68 rows x 3 columns]
WRITING THESE!
**
                        type        mu    sigma
0  1d.RETURN.hier.text_068.e  0.078223  0.02896
**
1d.RETURN.hier.text_068.e (0.078223497664262565, 0.028959745464602324)
**
      n        r2         w
23  131  0.060265  0.040258
11  117  0.043519  0.035956
13  114  0.157650  0.035034
28  109  0.113613  0.033497
1   109  0.123927  0.033497
50  102  0.107149  0.031346
30  102  0.082849  0.031346
20  101  0.060865  0.031039
16   99  0.046501  0.030424
2    98  0.074461  0.030117
31   84  0.049886  0.025814
21   82  0.105381  0.025200
8    81  0.050815  0.024892
26   81  0.070398  0.024892
7    74  0.109664  0.022741
12   70  0.080403  0.021512
10   69  0.062260  0.021205
35   66  0.053766  0.020283
5    65  0.070212  0.019975
25   60  0.077791  0.018439
32   59  0.037314  0.018132
4    58  0.085969  0.017824
0    54  0.049866  0.016595
6    52  0.109092  0.015980
3    52  0.081369  0.015980
44   49  0.062523  0.015058
49   49  0.111620  0.015058
18   48  0.073105  0.014751
15   47  0.047138  0.014444
46   43  0.061628  0.013215
..  ...       ...       ...
9    32  0.108223  0.009834
37   32  0.058976  0.009834
56   32  0.082876  0.009834
41   29  0.103480  0.008912
45   29  0.066690  0.008912
27   28  0.101348  0.008605
19   27  0.066588  0.008297
54   26  0.101118  0.007990
67   26  0.075678  0.007990
38   24  0.056533  0.007376
52   24  0.079942  0.007376
62   23  0.021168  0.007068
53   23  0.093948  0.007068
33   21  0.075357  0.006454
22   21  0.085663  0.006454
43   20  0.101787  0.006146
63   20  0.089567  0.006146
48   20  0.063778  0.006146
64   18  0.065379  0.005532
36   18  0.049993  0.005532
60   18  0.055715  0.005532
57   17  0.026855  0.005224
58   17  0.136240  0.005224
14   16  0.096062  0.004917
34   15  0.124030  0.004610
24   14  0.037518  0.004302
65   14  0.143715  0.004302
47   14  0.038597  0.004302
66   11  0.075044  0.003380
40   10  0.038073  0.003073

[68 rows x 3 columns]
