------------------------
n= 24
cl= hier_text
type= text
------------------------
cluster=6
cluster=7
cluster=2
cluster=14
cluster=13
cluster=11
cluster=4
cluster=15
cluster=8
cluster=5
cluster=1
cluster=3
cluster=21
cluster=0
cluster=12
cluster=10
cluster=23
cluster=18
cluster=17
cluster=16
cluster=22
cluster=9
cluster=20
cluster=19
advance group... 
continuing!!!
intra-group:
r2    1.545365e-02
a     1.000000e+00
b     1.080302e-15
dtype: float64
extra-group:
r2    0.055819
a     0.557906
b     0.433621
dtype: float64
advance group... 
continuing!!!
intra-group:
r2    1.121321e-01
a     1.000000e+00
b     6.269024e-16
dtype: float64
extra-group:
r2    0.083237
a     0.582390
b     0.405254
dtype: float64
advance group... 
continuing!!!
intra-group:
r2    0.005117
a     0.911672
b     0.111024
dtype: float64
extra-group:
r2    0.095521
a     0.550994
b     0.703417
dtype: float64
advance group... 
continuing!!!
intra-group:
r2    3.052432e-01
a     1.000000e+00
b     5.217213e-16
dtype: float64
extra-group:
r2    0.071804
a     0.399424
b     0.592084
dtype: float64
advance group... 
continuing!!!
intra-group:
r2    2.562166e-01
a     1.000000e+00
b    -5.992163e-16
dtype: float64
extra-group:
r2    0.092862
a     0.445875
b     0.544912
dtype: float64
advance group... 
continuing!!!
intra-group:
r2    9.378614e-02
a     1.000000e+00
b    -8.468403e-16
dtype: float64
extra-group:
r2    0.068344
a     0.586684
b     0.401795
dtype: float64
advance group... 
!!!!!!!!nan! ARTNA
continuing!!!
intra-group:
r2    2.036658e-01
a     1.000000e+00
b     6.110891e-16
dtype: float64
!!!!!!!!nan! ARTNA
extra-group:
r2    0.090479
a     0.688017
b     0.297418
dtype: float64
advance group... 
continuing!!!
intra-group:
r2    6.758358e-02
a     1.000000e+00
b    -1.198881e-15
dtype: float64
extra-group:
r2    0.051323
a     0.506284
b     0.483392
dtype: float64
advance group... 
continuing!!!
intra-group:
r2    2.341141e-01
a     1.000000e+00
b     1.011537e-15
dtype: float64
extra-group:
r2    0.108601
a     0.614619
b     0.372758
dtype: float64
advance group... 
continuing!!!
intra-group:
r2    7.020661e-02
a     1.000000e+00
b    -7.546239e-16
dtype: float64
extra-group:
r2    0.037228
a     0.767946
b     0.218799
dtype: float64
advance group... 
continuing!!!
intra-group:
r2    1.210948e-01
a     1.000000e+00
b     2.329486e-16
dtype: float64
extra-group:
r2    0.072620
a     0.534726
b     0.454130
dtype: float64
advance group... 
continuing!!!
intra-group:
r2    3.688785e-01
a     1.000000e+00
b     8.073333e-16
dtype: float64
extra-group:
r2    0.109725
a     0.511839
b     0.477510
dtype: float64
advance group... 
continuing!!!
intra-group:
r2    1.538546e-01
a     1.000000e+00
b     2.288949e-15
dtype: float64
extra-group:
r2    0.047138
a     0.302432
b     0.691105
dtype: float64
advance group... 
continuing!!!
intra-group:
r2    1.124571e-01
a     1.000000e+00
b     2.487307e-15
dtype: float64
extra-group:
r2    0.056679
a     0.473954
b     0.516504
dtype: float64
advance group... 
continuing!!!
intra-group:
r2    1.343688e-01
a     1.000000e+00
b    -1.016886e-16
dtype: float64
extra-group:
r2    0.075018
a     0.610830
b     0.376497
dtype: float64
advance group... 
continuing!!!
intra-group:
r2    2.144535e-01
a     1.000000e+00
b     2.700010e-16
dtype: float64
extra-group:
r2    0.108232
a     0.701566
b     0.283419
dtype: float64
advance group... 
continuing!!!
intra-group:
r2    1.730484e-01
a     1.000000e+00
b    -4.440892e-16
dtype: float64
extra-group:
r2    0.049886
a     0.666495
b     0.321274
dtype: float64
advance group... 
continuing!!!
intra-group:
r2    4.399275e-01
a     1.000000e+00
b     5.099499e-16
dtype: float64
extra-group:
r2    0.037314
a     0.257858
b     0.737139
dtype: float64
advance group... 
continuing!!!
intra-group:
r2    1.390800e-01
a     1.000000e+00
b     4.928717e-16
dtype: float64
extra-group:
r2    0.053766
a     0.668257
b     0.317119
dtype: float64
advance group... 
continuing!!!
intra-group:
r2    2.656083e-01
a     1.000000e+00
b    -2.081668e-17
dtype: float64
extra-group:
r2    0.061902
a     0.415413
b     0.575996
dtype: float64
advance group... 
continuing!!!
intra-group:
r2    3.284420e-01
a     1.000000e+00
b     3.828355e-16
dtype: float64
extra-group:
r2    0.103480
a     0.551896
b     0.437106
dtype: float64
advance group... 
continuing!!!
intra-group:
r2    2.135100e-01
a     1.000000e+00
b    -1.541038e-15
dtype: float64
extra-group:
r2    0.060279
a     0.510443
b     0.479095
dtype: float64
advance group... 
continuing!!!
intra-group:
r2    3.300655e-01
a     1.000000e+00
b    -4.270089e-17
dtype: float64
extra-group:
r2    0.101118
a     0.713971
b     0.271000
dtype: float64
advance group... 
continuing!!!
intra-group:
r2    1.820462e-01
a     1.000000e+00
b     8.764919e-16
dtype: float64
extra-group:
r2    0.056084
a     0.486545
b     0.503077
dtype: float64
WRITING THESE!
**
                        type        mu     sigma
0  1d.RETURN.hier.text_024.i  0.158581  0.110674
**
1d.RETURN.hier.text_024.i (0.15858143697605648, 0.11067437708414124)
**
      n        r2         w
1   416  0.112132  0.127843
11  298  0.368879  0.091580
2   288  0.005117  0.088506
9   271  0.070207  0.083282
14  226  0.134369  0.069453
10  224  0.121095  0.068838
15  169  0.214453  0.051936
0   141  0.015454  0.043331
7   139  0.067584  0.042717
3   133  0.305243  0.040873
6   119  0.203666  0.036570
13  109  0.112457  0.033497
5    94  0.093786  0.028888
21   92  0.213510  0.028273
16   84  0.173048  0.025814
8    81  0.234114  0.024892
4    73  0.256217  0.022434
18   66  0.139080  0.020283
17   59  0.439928  0.018132
12   47  0.153855  0.014444
23   38  0.182046  0.011678
19   32  0.265608  0.009834
20   29  0.328442  0.008912
22   26  0.330065  0.007990
WRITING THESE!
**
                        type        mu     sigma
0  1d.RETURN.hier.text_024.e  0.076023  0.022711
**
1d.RETURN.hier.text_024.e (0.076022924992383237, 0.022711431932052776)
**
      n        r2         w
1   416  0.083237  0.127843
11  298  0.109725  0.091580
2   288  0.095521  0.088506
9   271  0.037228  0.083282
14  226  0.075018  0.069453
10  224  0.072620  0.068838
15  169  0.108232  0.051936
0   141  0.055819  0.043331
7   139  0.051323  0.042717
3   133  0.071804  0.040873
6   119  0.090479  0.036570
13  109  0.056679  0.033497
5    94  0.068344  0.028888
21   92  0.060279  0.028273
16   84  0.049886  0.025814
8    81  0.108601  0.024892
4    73  0.092862  0.022434
18   66  0.053766  0.020283
17   59  0.037314  0.018132
12   47  0.047138  0.014444
23   38  0.056084  0.011678
19   32  0.061902  0.009834
20   29  0.103480  0.008912
22   26  0.101118  0.007990
