------------------------
n= 11
cl= kmeans_text
type= text
------------------------
cluster=0
cluster=1
cluster=2
cluster=3
cluster=4
cluster=5
cluster=6
cluster=7
cluster=8
cluster=9
cluster=10
advance group... 
continuing!!!
intra-group:
r2    1.399769e-01
a     1.000000e+00
b     2.821421e-16
dtype: float64
extra-group:
r2    0.074205
a     0.545348
b     0.442600
dtype: float64
advance group... 
continuing!!!
intra-group:
r2    3.704113e-01
a     1.000000e+00
b    -2.542769e-17
dtype: float64
extra-group:
r2    0.108713
a     0.511380
b     0.477936
dtype: float64
advance group... 
continuing!!!
intra-group:
r2    1.547949e-01
a     1.000000e+00
b     1.177109e-15
dtype: float64
extra-group:
r2    0.047021
a     0.500293
b     0.489536
dtype: float64
advance group... 
continuing!!!
intra-group:
r2    6.790153e-02
a     1.000000e+00
b     4.171500e-16
dtype: float64
extra-group:
r2    0.035890
a     0.726428
b     0.261431
dtype: float64
advance group... 
continuing!!!
intra-group:
r2    3.188486e-01
a     1.000000e+00
b    -1.753536e-15
dtype: float64
extra-group:
r2    0.069659
a     0.374703
b     0.617101
dtype: float64
advance group... 
continuing!!!
intra-group:
r2    1.150972e-01
a     1.000000e+00
b     1.402458e-15
dtype: float64
extra-group:
r2    0.064368
a     0.547319
b     0.441119
dtype: float64
advance group... 
continuing!!!
intra-group:
r2    0.006812
a     0.943164
b     0.082578
dtype: float64
extra-group:
r2    0.080089
a     0.542428
b     0.906883
dtype: float64
advance group... 
continuing!!!
intra-group:
r2    1.560470e-01
a     1.000000e+00
b    -1.209760e-16
dtype: float64
extra-group:
r2    0.074272
a     0.460903
b     0.529386
dtype: float64
advance group... 
continuing!!!
intra-group:
r2    1.194728e-01
a     1.000000e+00
b    -7.697208e-16
dtype: float64
extra-group:
r2    0.079419
a     0.544132
b     0.443099
dtype: float64
advance group... 
!!!!!!!!nan! ARTNA
continuing!!!
intra-group:
r2    7.462957e-02
a     1.000000e+00
b    -1.108495e-15
dtype: float64
!!!!!!!!nan! ARTNA
extra-group:
r2    0.057055
a     0.511334
b     0.477526
dtype: float64
advance group... 
continuing!!!
intra-group:
r2    2.370058e-01
a     1.000000e+00
b    -1.671572e-15
dtype: float64
extra-group:
r2    0.090822
a     0.458729
b     0.531841
dtype: float64
WRITING THESE!
**
                          type        mu     sigma
0  1d.RETURN.kmeans.text_011.i  0.146632  0.095991
**
1d.RETURN.kmeans.text_011.i (0.14663249626770053, 0.095990855646661752)
**
      n        r2         w
8   657  0.119473  0.201905
9   514  0.074630  0.157959
0   351  0.139977  0.107867
5   329  0.115097  0.101106
1   310  0.370411  0.095267
3   272  0.067902  0.083589
2   244  0.154795  0.074985
4   180  0.318849  0.055317
6   163  0.006812  0.050092
7   145  0.156047  0.044561
10   89  0.237006  0.027351
WRITING THESE!
**
                          type        mu     sigma
0  1d.RETURN.kmeans.text_011.e  0.070101  0.018625
**
1d.RETURN.kmeans.text_011.e (0.070101420614833307, 0.018625067235309323)
**
      n        r2         w
8   657  0.079419  0.201905
9   514  0.057055  0.157959
0   351  0.074205  0.107867
5   329  0.064368  0.101106
1   310  0.108713  0.095267
3   272  0.035890  0.083589
2   244  0.047021  0.074985
4   180  0.069659  0.055317
6   163  0.080089  0.050092
7   145  0.074272  0.044561
10   89  0.090822  0.027351
