------------------------
n= 157
cl= kmeans_text
type= text
------------------------
cluster=0
cluster=1
cluster=2
cluster=3
cluster=4
cluster=5
cluster=6
cluster=7
cluster=8
cluster=9
cluster=10
cluster=11
cluster=12
cluster=13
cluster=14
cluster=15
cluster=16
cluster=17
cluster=18
cluster=19
cluster=20
cluster=21
cluster=22
cluster=23
cluster=24
cluster=25
cluster=26
cluster=27
cluster=28
cluster=29
cluster=30
cluster=31
cluster=32
cluster=33
cluster=34
cluster=35
cluster=36
cluster=37
cluster=38
cluster=39
cluster=40
cluster=41
cluster=42
cluster=43
cluster=44
cluster=45
cluster=46
cluster=47
cluster=48
cluster=49
cluster=50
cluster=51
cluster=52
cluster=53
cluster=54
cluster=55
cluster=56
cluster=57
cluster=58
cluster=59
cluster=60
cluster=61
cluster=62
cluster=63
cluster=64
cluster=65
cluster=66
cluster=67
cluster=68
cluster=69
cluster=70
cluster=71
cluster=72
cluster=73
cluster=74
cluster=75
cluster=76
cluster=77
cluster=78
cluster=79
cluster=80
cluster=81
cluster=82
cluster=83
cluster=84
cluster=85
cluster=86
cluster=87
cluster=88
cluster=89
cluster=90
cluster=91
cluster=92
cluster=93
cluster=94
cluster=95
cluster=96
cluster=97
cluster=98
cluster=99
cluster=100
cluster=101
cluster=102
cluster=103
cluster=104
cluster=105
cluster=106
cluster=107
cluster=108
cluster=109
cluster=110
cluster=111
cluster=112
cluster=113
cluster=114
cluster=115
cluster=116
cluster=117
cluster=118
cluster=119
cluster=120
cluster=121
cluster=122
cluster=123
cluster=124
cluster=125
cluster=126
cluster=127
cluster=128
cluster=129
cluster=130
cluster=131
cluster=132
cluster=133
cluster=134
cluster=135
cluster=136
cluster=137
cluster=138
cluster=139
cluster=140
cluster=141
cluster=142
cluster=143
cluster=144
cluster=145
cluster=146
cluster=147
cluster=148
cluster=149
cluster=150
cluster=151
cluster=152
cluster=153
cluster=154
cluster=155
cluster=156
advance group... 
continuing!!!
intra-group:
r2    2.917946e-01
a     1.000000e+00
b     2.844947e-16
dtype: float64
extra-group:
r2    0.105328
a     0.723062
b     0.262147
dtype: float64
advance group... 
continuing!!!
intra-group:
r2    2.618301e-01
a     1.000000e+00
b     4.865389e-16
dtype: float64
extra-group:
r2    0.107102
a     0.777182
b     0.207018
dtype: float64
advance group... 
continuing!!!
intra-group:
r2    5.176398e-01
a     1.000000e+00
b    -9.301869e-17
dtype: float64
extra-group:
r2    0.156113
a     0.631839
b     0.355594
dtype: float64
advance group... 
continuing!!!
intra-group:
r2    7.221207e-02
a     1.000000e+00
b    -6.400109e-16
dtype: float64
extra-group:
r2    0.040368
a     0.637956
b     0.348362
dtype: float64
advance group... 
continuing!!!
intra-group:
r2    1.515072e-01
a     1.000000e+00
b     1.828603e-16
dtype: float64
extra-group:
r2    0.045147
a     1.026693
b    -0.048449
dtype: float64
advance group... 
continuing!!!
intra-group:
r2    2.840534e-01
a     1.000000e+00
b     5.921189e-16
dtype: float64
extra-group:
r2    0.067890
a     0.551353
b     0.437601
dtype: float64
advance group... 
continuing!!!
intra-group:
r2    1.810884e-01
a     1.000000e+00
b    -3.747003e-16
dtype: float64
extra-group:
r2    0.089444
a     0.696218
b     0.289127
dtype: float64
advance group... 
continuing!!!
intra-group:
r2    6.733388e-02
a     1.000000e+00
b     3.482063e-16
dtype: float64
extra-group:
r2    0.073425
a     0.567064
b     0.423290
dtype: float64
advance group... 
continuing!!!
intra-group:
r2    2.445320e-01
a     1.000000e+00
b     3.620760e-15
dtype: float64
extra-group:
r2    0.079640
a     0.426244
b     0.564830
dtype: float64
advance group... 
continuing!!!
intra-group:
r2    3.602029e-01
a     1.000000e+00
b    -2.411651e-15
dtype: float64
extra-group:
r2    0.119422
a     0.509286
b     0.480597
dtype: float64
advance group... 
continuing!!!
intra-group:
r2    8.785123e-02
a     1.000000e+00
b     1.375443e-15
dtype: float64
extra-group:
r2    0.082645
a     0.577579
b     0.411788
dtype: float64
advance group... 
continuing!!!
intra-group:
r2    1.213102e-01
a     1.000000e+00
b    -1.657404e-15
dtype: float64
extra-group:
r2    0.069772
a     0.500410
b     0.489239
dtype: float64
advance group... 
continuing!!!
intra-group:
r2    1.731935e-01
a     1.000000e+00
b    -1.282924e-15
dtype: float64
extra-group:
r2    0.063024
a     0.517219
b     0.473267
dtype: float64
advance group... 
continuing!!!
intra-group:
r2    2.507618e-01
a     1.000000e+00
b    -4.282289e-16
dtype: float64
extra-group:
r2    0.077285
a     0.399247
b     0.592546
dtype: float64
advance group... 
continuing!!!
intra-group:
r2    2.008648e-01
a     1.000000e+00
b     7.807375e-16
dtype: float64
extra-group:
r2    0.093810
a     0.496890
b     0.493346
dtype: float64
advance group... 
continuing!!!
intra-group:
r2    2.409921e-01
a     1.000000e+00
b     9.386431e-16
dtype: float64
extra-group:
r2    0.065078
a     0.430981
b     0.560052
dtype: float64
advance group... 
continuing!!!
intra-group:
r2    4.636439e-02
a     1.000000e+00
b    -4.633974e-16
dtype: float64
extra-group:
r2    0.057339
a     0.519592
b     0.485522
dtype: float64
advance group... 
continuing!!!
intra-group:
r2    3.662023e-01
a     1.000000e+00
b    -6.148928e-16
dtype: float64
extra-group:
r2    0.112713
a     0.585345
b     0.402837
dtype: float64
advance group... 
continuing!!!
intra-group:
r2    5.340106e-02
a     1.000000e+00
b     7.173749e-16
dtype: float64
extra-group:
r2    0.056351
a     0.377669
b     0.615596
dtype: float64
advance group... 
continuing!!!
intra-group:
r2    1.277090e-01
a     1.000000e+00
b    -1.264783e-15
dtype: float64
extra-group:
r2    0.068835
a     0.535495
b     0.453719
dtype: float64
advance group... 
continuing!!!
intra-group:
r2    2.025206e-01
a     1.000000e+00
b    -3.381134e-16
dtype: float64
extra-group:
r2    0.110431
a     0.755975
b     0.229805
dtype: float64
advance group... 
continuing!!!
intra-group:
r2    4.080846e-01
a     1.000000e+00
b     4.218847e-16
dtype: float64
extra-group:
r2    0.113154
a     0.737776
b     0.246921
dtype: float64
advance group... 
continuing!!!
intra-group:
r2    2.019209e-01
a     1.000000e+00
b     5.967449e-16
dtype: float64
extra-group:
r2    0.061176
a     0.455828
b     0.534738
dtype: float64
advance group... 
continuing!!!
intra-group:
r2    1.963256e-01
a     1.000000e+00
b    -1.687539e-16
dtype: float64
extra-group:
r2    0.058473
a     0.920815
b     0.061887
dtype: float64
advance group... 
continuing!!!
intra-group:
r2    2.560416e-01
a     1.000000e+00
b    -1.991871e-15
dtype: float64
extra-group:
r2    0.053719
a     0.401359
b     0.590752
dtype: float64
advance group... 
continuing!!!
intra-group:
r2    9.659093e-02
a     1.000000e+00
b     3.034610e-16
dtype: float64
extra-group:
r2    0.063595
a     0.769620
b     0.215393
dtype: float64
advance group... 
continuing!!!
intra-group:
r2    2.312678e-01
a     1.000000e+00
b    -2.371840e-16
dtype: float64
extra-group:
r2    0.121608
a     0.697613
b     0.288105
dtype: float64
advance group... 
continuing!!!
intra-group:
r2    3.128952e-01
a     1.000000e+00
b     8.326673e-16
dtype: float64
extra-group:
r2    0.102789
a     0.857863
b     0.125107
dtype: float64
advance group... 
!!!!!!!!nan! ARTNA
continuing!!!
intra-group:
r2    2.483907e-01
a     1.000000e+00
b     1.369275e-15
dtype: float64
!!!!!!!!nan! ARTNA
extra-group:
r2    0.079014
a     0.615875
b     0.372101
dtype: float64
advance group... 
continuing!!!
intra-group:
r2    1.120146e-01
a     1.000000e+00
b    -1.229786e-15
dtype: float64
extra-group:
r2    0.056997
a     0.791158
b     0.194329
dtype: float64
advance group... 
continuing!!!
intra-group:
r2    2.835326e-01
a     1.000000e+00
b     8.079956e-16
dtype: float64
extra-group:
r2    0.108064
a     0.711330
b     0.274485
dtype: float64
advance group... 
continuing!!!
intra-group:
r2    2.012535e-01
a     1.000000e+00
b     1.539309e-15
dtype: float64
extra-group:
r2    0.116425
a     0.667410
b     0.319247
dtype: float64
advance group... 
continuing!!!
intra-group:
r2    4.967702e-01
a     1.000000e+00
b    -7.702172e-16
dtype: float64
extra-group:
r2    0.064100
a     0.343313
b     0.649619
dtype: float64
advance group... 
continuing!!!
intra-group:
r2    2.258692e-01
a     1.000000e+00
b     7.771561e-16
dtype: float64
extra-group:
r2    0.034625
a     0.393113
b     0.598537
dtype: float64
advance group... 
continuing!!!
intra-group:
r2    1.972916e-01
a     1.000000e+00
b     2.484785e-16
dtype: float64
extra-group:
r2    0.087650
a     0.684768
b     0.301634
dtype: float64
advance group... 
continuing!!!
intra-group:
r2    2.034022e-01
a     1.000000e+00
b     3.965082e-16
dtype: float64
extra-group:
r2    0.099506
a     0.604623
b     0.383621
dtype: float64
advance group... 
continuing!!!
intra-group:
r2    5.535913e-02
a     1.000000e+00
b    -6.217249e-16
dtype: float64
extra-group:
r2    0.055420
a     0.942879
b     0.038993
dtype: float64
advance group... 
continuing!!!
intra-group:
r2    1.771415e-01
a     1.000000e+00
b     1.110223e-16
dtype: float64
extra-group:
r2    0.058396
a     0.427517
b     0.563993
dtype: float64
advance group... 
continuing!!!
intra-group:
r2    1.628585e-01
a     1.000000e+00
b     6.530724e-17
dtype: float64
extra-group:
r2    0.116986
a     0.640325
b     0.347083
dtype: float64
advance group... 
continuing!!!
intra-group:
r2    1.045114e-01
a     1.000000e+00
b     3.027881e-16
dtype: float64
extra-group:
r2    0.034483
a     0.599644
b     0.391806
dtype: float64
advance group... 
continuing!!!
intra-group:
r2    5.712550e-01
a     1.000000e+00
b     4.027786e-16
dtype: float64
extra-group:
r2    0.182231
a     0.691548
b     0.294486
dtype: float64
advance group... 
continuing!!!
intra-group:
r2    2.291457e-01
a     1.000000e+00
b     1.586033e-16
dtype: float64
extra-group:
r2    0.079815
a     0.513998
b     0.474702
dtype: float64
advance group... 
continuing!!!
intra-group:
r2    2.835617e-01
a     1.000000e+00
b     1.073216e-15
dtype: float64
extra-group:
r2    0.117393
a     0.804006
b     0.179896
dtype: float64
advance group... 
continuing!!!
intra-group:
r2    2.256920e-01
a     1.000000e+00
b    -5.392512e-16
dtype: float64
extra-group:
r2    0.060901
a     0.397142
b     0.594431
dtype: float64
advance group... 
continuing!!!
intra-group:
r2    4.099356e-01
a     1.000000e+00
b    -6.344132e-17
dtype: float64
extra-group:
r2    0.125382
a     0.778036
b     0.206329
dtype: float64
advance group... 
continuing!!!
intra-group:
r2    4.045246e-01
a     1.000000e+00
b    -9.466112e-16
dtype: float64
extra-group:
r2    0.125831
a     0.705029
b     0.280876
dtype: float64
advance group... 
continuing!!!
intra-group:
r2    6.187300e-01
a     1.000000e+00
b    -1.176836e-15
dtype: float64
extra-group:
r2    0.093268
a     0.428900
b     0.562269
dtype: float64
advance group... 
continuing!!!
intra-group:
r2    2.743089e-01
a     1.000000e+00
b    -8.158848e-16
dtype: float64
extra-group:
r2    0.103496
a     0.562472
b     0.426639
dtype: float64
advance group... 
continuing!!!
intra-group:
r2    1.862235e-01
a     1.000000e+00
b    -1.044916e-16
dtype: float64
extra-group:
r2    0.048393
a     0.499816
b     0.489444
dtype: float64
advance group... 
continuing!!!
intra-group:
r2    8.883847e-02
a     1.000000e+00
b    -1.998401e-15
dtype: float64
extra-group:
r2    0.048407
a     0.814237
b     0.169911
dtype: float64
advance group... 
continuing!!!
intra-group:
r2    1.304219e-01
a     1.000000e+00
b    -3.378940e-17
dtype: float64
extra-group:
r2    0.023861
a     0.382836
b     0.609918
dtype: float64
advance group... 
continuing!!!
intra-group:
r2    5.752409e-01
a     1.000000e+00
b    -1.685160e-15
dtype: float64
extra-group:
r2    0.065270
a     0.362308
b     0.629268
dtype: float64
advance group... 
continuing!!!
intra-group:
r2    1.986235e-01
a     1.000000e+00
b    -1.031433e-15
dtype: float64
extra-group:
r2    0.095950
a     0.623881
b     0.363142
dtype: float64
advance group... 
continuing!!!
intra-group:
r2    3.903026e-01
a     1.000000e+00
b     2.220446e-16
dtype: float64
extra-group:
r2    0.089065
a     0.952899
b     0.026660
dtype: float64
advance group... 
continuing!!!
intra-group:
r2    8.853528e-02
a     1.000000e+00
b    -3.885781e-16
dtype: float64
extra-group:
r2    0.053931
a     0.835813
b     0.149715
dtype: float64
advance group... 
continuing!!!
intra-group:
r2    1.063936e-01
a     1.000000e+00
b    -1.195625e-16
dtype: float64
extra-group:
r2    0.046752
a     1.243155
b    -0.264634
dtype: float64
advance group... 
continuing!!!
intra-group:
r2    5.475116e-01
a     1.000000e+00
b    -5.636517e-16
dtype: float64
extra-group:
r2    0.025569
a     0.161228
b     0.835688
dtype: float64
advance group... 
continuing!!!
intra-group:
r2    4.997614e-02
a     1.000000e+00
b    -2.018587e-16
dtype: float64
extra-group:
r2    0.054184
a     0.510072
b     0.480483
dtype: float64
advance group... 
continuing!!!
intra-group:
r2    8.381031e-02
a     1.000000e+00
b     6.832142e-16
dtype: float64
extra-group:
r2    0.060829
a     0.493937
b     0.500067
dtype: float64
advance group... 
continuing!!!
intra-group:
r2    1.477714e-01
a     1.000000e+00
b     1.764670e-15
dtype: float64
extra-group:
r2    0.057786
a     0.523172
b     0.465472
dtype: float64
advance group... 
continuing!!!
intra-group:
r2    1.823139e-01
a     1.000000e+00
b    -2.220446e-17
dtype: float64
extra-group:
r2    0.088863
a     0.529455
b     0.459840
dtype: float64
advance group... 
continuing!!!
intra-group:
r2    2.777053e-01
a     1.000000e+00
b     1.482148e-15
dtype: float64
extra-group:
r2    0.055120
a     0.401038
b     0.590837
dtype: float64
advance group... 
continuing!!!
intra-group:
r2    1.183404e-01
a     1.000000e+00
b    -1.110223e-16
dtype: float64
extra-group:
r2    0.074456
a     0.588223
b     0.403234
dtype: float64
advance group... 
continuing!!!
intra-group:
r2    1.162138e-01
a     1.000000e+00
b    -7.697546e-16
dtype: float64
extra-group:
r2    0.052167
a     0.401297
b     0.591696
dtype: float64
advance group... 
continuing!!!
intra-group:
r2    2.866759e-01
a     1.000000e+00
b     1.608141e-15
dtype: float64
extra-group:
r2    0.112487
a     0.514575
b     0.474944
dtype: float64
advance group... 
continuing!!!
intra-group:
r2    1.361105e-01
a     1.000000e+00
b    -6.566176e-16
dtype: float64
extra-group:
r2    0.062963
a     0.771996
b     0.212644
dtype: float64
advance group... 
continuing!!!
intra-group:
r2    1.436984e-01
a     1.000000e+00
b     1.123284e-15
dtype: float64
extra-group:
r2    0.069800
a     0.521631
b     0.469024
dtype: float64
advance group... 
continuing!!!
intra-group:
r2    2.038799e-01
a     1.000000e+00
b     1.349348e-15
dtype: float64
extra-group:
r2    0.054876
a     0.311522
b     0.681891
dtype: float64
advance group... 
continuing!!!
intra-group:
r2    2.201251e-01
a     1.000000e+00
b    -6.699622e-16
dtype: float64
extra-group:
r2    0.106574
a     0.796759
b     0.186675
dtype: float64
advance group... 
continuing!!!
intra-group:
r2    2.349871e-01
a     1.000000e+00
b     9.317943e-16
dtype: float64
extra-group:
r2    0.054428
a     0.578385
b     0.408973
dtype: float64
advance group... 
continuing!!!
intra-group:
r2    2.246332e-01
a     1.000000e+00
b     3.824102e-16
dtype: float64
extra-group:
r2    0.114009
a     1.006468
b    -0.025825
dtype: float64
advance group... 
continuing!!!
intra-group:
r2    3.478447e-01
a     1.000000e+00
b    -1.005731e-15
dtype: float64
extra-group:
r2    0.077770
a     0.668996
b     0.317555
dtype: float64
advance group... 
continuing!!!
intra-group:
r2    2.191076e-01
a     1.000000e+00
b    -5.551115e-16
dtype: float64
extra-group:
r2    0.065062
a     0.490233
b     0.498533
dtype: float64
advance group... 
continuing!!!
intra-group:
r2    1.224932e-01
a     1.000000e+00
b     1.594280e-15
dtype: float64
extra-group:
r2    0.046340
a     0.417996
b     0.572868
dtype: float64
advance group... 
continuing!!!
intra-group:
r2    1.436828e-01
a     1.000000e+00
b    -3.753611e-16
dtype: float64
extra-group:
r2    0.043743
a     0.779603
b     0.204768
dtype: float64
advance group... 
continuing!!!
intra-group:
r2    8.097033e-02
a     1.000000e+00
b    -1.110223e-16
dtype: float64
extra-group:
r2    0.026584
a     0.719051
b     0.272476
dtype: float64
advance group... 
continuing!!!
intra-group:
r2    2.449810e-01
a     1.000000e+00
b    -2.321375e-16
dtype: float64
extra-group:
r2    0.040585
a     0.643861
b     0.343370
dtype: float64
advance group... 
continuing!!!
intra-group:
r2    8.565670e-02
a     1.000000e+00
b     1.622634e-16
dtype: float64
extra-group:
r2    0.060657
a     0.774183
b     0.212678
dtype: float64
advance group... 
continuing!!!
intra-group:
r2    2.416806e-01
a     1.000000e+00
b     2.018587e-15
dtype: float64
extra-group:
r2    0.093816
a     0.584611
b     0.403671
dtype: float64
advance group... 
continuing!!!
intra-group:
r2    2.075871e-01
a     1.000000e+00
b    -7.771561e-16
dtype: float64
extra-group:
r2    0.060896
a     0.476878
b     0.512728
dtype: float64
advance group... 
continuing!!!
intra-group:
r2    1.428419e-01
a     1.000000e+00
b     4.151269e-16
dtype: float64
extra-group:
r2    0.045012
a     0.342520
b     0.650356
dtype: float64
advance group... 
continuing!!!
intra-group:
r2    2.950834e-01
a     1.000000e+00
b     8.399079e-16
dtype: float64
extra-group:
r2    0.139254
a     0.706938
b     0.278950
dtype: float64
advance group... 
continuing!!!
intra-group:
r2    4.060950e-01
a     1.000000e+00
b    -5.721919e-16
dtype: float64
extra-group:
r2    0.135518
a     0.616750
b     0.370992
dtype: float64
advance group... 
continuing!!!
intra-group:
r2    1.084344e-01
a     1.000000e+00
b     1.949058e-15
dtype: float64
extra-group:
r2    0.051911
a     0.488076
b     0.502563
dtype: float64
advance group... 
continuing!!!
intra-group:
r2    2.900891e-01
a     1.000000e+00
b     2.442491e-16
dtype: float64
extra-group:
r2    0.059462
a     0.747831
b     0.236335
dtype: float64
advance group... 
continuing!!!
intra-group:
r2    1.893260e-01
a     1.000000e+00
b    -1.455626e-15
dtype: float64
extra-group:
r2    0.090683
a     0.667157
b     0.318704
dtype: float64
advance group... 
continuing!!!
intra-group:
r2    1.102142e-01
a     1.000000e+00
b     3.022274e-16
dtype: float64
extra-group:
r2    0.062740
a     0.581341
b     0.407509
dtype: float64
advance group... 
continuing!!!
intra-group:
r2    4.417688e-02
a     1.000000e+00
b    -2.713879e-16
dtype: float64
extra-group:
r2    0.041410
a     0.909846
b     0.076846
dtype: float64
advance group... 
continuing!!!
intra-group:
r2    2.560928e-01
a     1.000000e+00
b    -2.220446e-16
dtype: float64
extra-group:
r2    0.109926
a     0.623490
b     0.364013
dtype: float64
advance group... 
continuing!!!
intra-group:
r2    5.040992e-02
a     1.000000e+00
b     4.329870e-16
dtype: float64
extra-group:
r2    0.038563
a     0.464579
b     0.527628
dtype: float64
advance group... 
continuing!!!
intra-group:
r2    3.309899e-01
a     1.000000e+00
b     3.219647e-16
dtype: float64
extra-group:
r2    0.114026
a     0.512927
b     0.477151
dtype: float64
advance group... 
continuing!!!
intra-group:
r2    1.404284e-01
a     1.000000e+00
b     9.066821e-16
dtype: float64
extra-group:
r2    0.069437
a     0.608617
b     0.378614
dtype: float64
advance group... 
continuing!!!
intra-group:
r2    1.510496e-01
a     1.000000e+00
b    -1.816729e-15
dtype: float64
extra-group:
r2    0.062171
a     0.512250
b     0.477572
dtype: float64
advance group... 
continuing!!!
intra-group:
r2    1.409670e-01
a     1.000000e+00
b     1.259763e-15
dtype: float64
extra-group:
r2    0.119610
a     0.565466
b     0.424316
dtype: float64
advance group... 
continuing!!!
intra-group:
r2    1.895449e-01
a     1.000000e+00
b     1.233581e-16
dtype: float64
extra-group:
r2    0.065102
a     0.608354
b     0.378975
dtype: float64
advance group... 
continuing!!!
intra-group:
r2    6.382066e-02
a     1.000000e+00
b     5.756712e-17
dtype: float64
extra-group:
r2    0.057820
a     0.686241
b     0.301028
dtype: float64
advance group... 
continuing!!!
intra-group:
r2    1.333381e-01
a     1.000000e+00
b    -1.021405e-15
dtype: float64
extra-group:
r2    0.056217
a     0.517471
b     0.471726
dtype: float64
advance group... 
continuing!!!
intra-group:
r2    2.462063e-01
a     1.000000e+00
b     6.400109e-16
dtype: float64
extra-group:
r2    0.116696
a     0.724981
b     0.259597
dtype: float64
advance group... 
continuing!!!
intra-group:
r2    1.019798e-01
a     1.000000e+00
b     7.445025e-16
dtype: float64
extra-group:
r2    0.046164
a     0.456097
b     0.534865
dtype: float64
advance group... 
continuing!!!
intra-group:
r2    2.428762e-01
a     1.000000e+00
b     8.881784e-16
dtype: float64
extra-group:
r2    0.094277
a     0.519976
b     0.469312
dtype: float64
advance group... 
continuing!!!
intra-group:
r2    1.816843e-01
a     1.000000e+00
b     1.306145e-15
dtype: float64
extra-group:
r2    0.074672
a     0.603056
b     0.385640
dtype: float64
advance group... 
continuing!!!
intra-group:
r2    3.114180e-01
a     1.000000e+00
b    -2.720046e-16
dtype: float64
extra-group:
r2    0.143839
a     0.755452
b     0.229166
dtype: float64
advance group... 
continuing!!!
intra-group:
r2    2.642972e-01
a     1.000000e+00
b     9.159340e-16
dtype: float64
extra-group:
r2    0.120028
a     0.633310
b     0.352705
dtype: float64
advance group... 
continuing!!!
intra-group:
r2    2.349313e-01
a     1.000000e+00
b    -3.747003e-16
dtype: float64
extra-group:
r2    0.103703
a     0.744158
b     0.241013
dtype: float64
advance group... 
continuing!!!
intra-group:
r2    3.832300e-02
a     1.000000e+00
b     3.774758e-16
dtype: float64
extra-group:
r2    0.050467
a     1.492806
b    -0.514934
dtype: float64
advance group... 
continuing!!!
intra-group:
r2    3.057341e-01
a     1.000000e+00
b    -1.489549e-15
dtype: float64
extra-group:
r2    0.132032
a     0.653295
b     0.332880
dtype: float64
advance group... 
continuing!!!
intra-group:
r2    1.569024e-01
a     1.000000e+00
b     2.252167e-15
dtype: float64
extra-group:
r2    0.054768
a     0.353763
b     0.638903
dtype: float64
advance group... 
continuing!!!
intra-group:
r2    1.030500e-01
a     1.000000e+00
b    -1.665335e-16
dtype: float64
extra-group:
r2    0.043970
a     1.888886
b    -0.918765
dtype: float64
advance group... 
continuing!!!
intra-group:
r2    1.292307e-01
a     1.000000e+00
b    -5.967449e-16
dtype: float64
extra-group:
r2    0.052173
a     0.442034
b     0.550945
dtype: float64
advance group... 
continuing!!!
intra-group:
r2    1.643713e-01
a     1.000000e+00
b    -6.964126e-16
dtype: float64
extra-group:
r2    0.082586
a     0.735878
b     0.249445
dtype: float64
advance group... 
continuing!!!
intra-group:
r2    2.808407e-01
a     1.000000e+00
b     1.850372e-17
dtype: float64
extra-group:
r2    0.085374
a     0.521097
b     0.468034
dtype: float64
advance group... 
continuing!!!
intra-group:
r2    1.153181e-01
a     1.000000e+00
b     3.179275e-16
dtype: float64
extra-group:
r2    0.077821
a     0.453861
b     0.537668
dtype: float64
advance group... 
continuing!!!
intra-group:
r2    1.859501e-01
a     1.000000e+00
b     1.232348e-15
dtype: float64
extra-group:
r2    0.087393
a     0.603152
b     0.385095
dtype: float64
advance group... 
continuing!!!
intra-group:
r2    2.360383e-01
a     1.000000e+00
b     1.310063e-15
dtype: float64
extra-group:
r2    0.105627
a     0.547261
b     0.442030
dtype: float64
advance group... 
continuing!!!
intra-group:
r2    1.984252e-01
a     1.000000e+00
b     1.438664e-15
dtype: float64
extra-group:
r2    0.086898
a     0.667464
b     0.318831
dtype: float64
advance group... 
continuing!!!
intra-group:
r2    1.335040e-01
a     1.000000e+00
b    -2.801991e-16
dtype: float64
extra-group:
r2    0.087230
a     0.658616
b     0.328546
dtype: float64
advance group... 
continuing!!!
intra-group:
r2    3.542287e-01
a     1.000000e+00
b    -3.681266e-16
dtype: float64
extra-group:
r2    0.084352
a     0.847678
b     0.134581
dtype: float64
advance group... 
continuing!!!
intra-group:
r2    2.068118e-01
a     1.000000e+00
b     6.026925e-16
dtype: float64
extra-group:
r2    0.086644
a     0.499705
b     0.489938
dtype: float64
advance group... 
continuing!!!
intra-group:
r2    5.301926e-01
a     1.000000e+00
b     8.881784e-16
dtype: float64
extra-group:
r2    0.025302
a     0.305428
b     0.688355
dtype: float64
advance group... 
continuing!!!
intra-group:
r2    2.570076e-01
a     1.000000e+00
b    -1.720846e-16
dtype: float64
extra-group:
r2    0.108816
a     0.542149
b     0.446503
dtype: float64
advance group... 
continuing!!!
intra-group:
r2    3.994452e-01
a     1.000000e+00
b     6.245005e-17
dtype: float64
extra-group:
r2    0.100794
a     0.647528
b     0.339988
dtype: float64
advance group... 
continuing!!!
intra-group:
r2    2.647450e-01
a     1.000000e+00
b     4.324027e-16
dtype: float64
extra-group:
r2    0.088384
a     0.693521
b     0.293117
dtype: float64
advance group... 
continuing!!!
intra-group:
r2    1.827537e-01
a     1.000000e+00
b    -9.313538e-16
dtype: float64
extra-group:
r2    0.065671
a     0.486027
b     0.504895
dtype: float64
advance group... 
continuing!!!
intra-group:
r2    1.190143e-01
a     1.000000e+00
b     8.659740e-16
dtype: float64
extra-group:
r2    0.043524
a     0.478038
b     0.511414
dtype: float64
advance group... 
continuing!!!
intra-group:
r2    8.441410e-02
a     1.000000e+00
b    -3.108624e-16
dtype: float64
extra-group:
r2    0.043006
a     0.447865
b     0.545383
dtype: float64
advance group... 
continuing!!!
intra-group:
r2    4.319494e-01
a     1.000000e+00
b    -5.462297e-16
dtype: float64
extra-group:
r2    0.073781
a     0.356582
b     0.635874
dtype: float64
advance group... 
continuing!!!
intra-group:
r2    1.830153e-01
a     1.000000e+00
b    -1.253899e-15
dtype: float64
extra-group:
r2    0.064128
a     0.430160
b     0.561238
dtype: float64
advance group... 
continuing!!!
intra-group:
r2    2.807697e-01
a     1.000000e+00
b     2.022192e-16
dtype: float64
extra-group:
r2    0.130014
a     0.802524
b     0.181280
dtype: float64
advance group... 
continuing!!!
intra-group:
r2    2.150810e-01
a     1.000000e+00
b     1.295260e-15
dtype: float64
extra-group:
r2    0.070511
a     0.531110
b     0.457969
dtype: float64
advance group... 
continuing!!!
intra-group:
r2    1.808430e-01
a     1.000000e+00
b     6.591949e-16
dtype: float64
extra-group:
r2    0.086600
a     0.728565
b     0.256838
dtype: float64
advance group... 
continuing!!!
intra-group:
r2    2.542737e-01
a     1.000000e+00
b     2.061843e-16
dtype: float64
extra-group:
r2    0.127720
a     0.773834
b     0.210913
dtype: float64
advance group... 
continuing!!!
intra-group:
r2    1.521039e-01
a     1.000000e+00
b    -2.696256e-16
dtype: float64
extra-group:
r2    0.059834
a     0.449757
b     0.541461
dtype: float64
advance group... 
continuing!!!
intra-group:
r2    2.644570e-01
a     1.000000e+00
b    -1.973730e-16
dtype: float64
extra-group:
r2    0.068195
a     0.730676
b     0.253041
dtype: float64
advance group... 
continuing!!!
intra-group:
r2    1.027598e-01
a     1.000000e+00
b     5.843279e-18
dtype: float64
extra-group:
r2    0.063767
a     0.542350
b     0.447300
dtype: float64
advance group... 
continuing!!!
intra-group:
r2    6.278411e-02
a     1.000000e+00
b     2.282125e-16
dtype: float64
extra-group:
r2    0.056342
a     0.221769
b     0.783708
dtype: float64
advance group... 
continuing!!!
intra-group:
r2    1.495496e-01
a     1.000000e+00
b    -4.070818e-16
dtype: float64
extra-group:
r2    0.058930
a     0.537693
b     0.452448
dtype: float64
advance group... 
continuing!!!
intra-group:
r2    8.311177e-02
a     1.000000e+00
b    -1.005044e-15
dtype: float64
extra-group:
r2    0.033301
a     0.528546
b     0.460406
dtype: float64
advance group... 
continuing!!!
intra-group:
r2    1.641027e-01
a     1.000000e+00
b     4.194176e-16
dtype: float64
extra-group:
r2    0.061407
a     0.815274
b     0.167864
dtype: float64
advance group... 
continuing!!!
intra-group:
r2    1.874896e-01
a     1.000000e+00
b     2.775558e-17
dtype: float64
extra-group:
r2    0.076765
a     0.562145
b     0.426754
dtype: float64
advance group... 
continuing!!!
intra-group:
r2    1.471848e-01
a     1.000000e+00
b     7.445025e-16
dtype: float64
extra-group:
r2    0.043048
a     0.295527
b     0.698289
dtype: float64
advance group... 
continuing!!!
intra-group:
r2    7.016146e-02
a     1.000000e+00
b     1.968795e-15
dtype: float64
extra-group:
r2    0.030709
a     0.109301
b     0.893582
dtype: float64
advance group... 
continuing!!!
intra-group:
r2    2.077548e-01
a     1.000000e+00
b    -4.255855e-16
dtype: float64
extra-group:
r2    0.080027
a     0.533625
b     0.455808
dtype: float64
advance group... 
continuing!!!
intra-group:
r2    2.739305e-01
a     1.000000e+00
b     5.471813e-16
dtype: float64
extra-group:
r2    0.064969
a     0.549781
b     0.439313
dtype: float64
advance group... 
continuing!!!
intra-group:
r2    1.856464e-01
a     1.000000e+00
b    -4.070818e-16
dtype: float64
extra-group:
r2    0.027346
a     0.373943
b     0.618640
dtype: float64
advance group... 
continuing!!!
intra-group:
r2    1.024540e-01
a     1.000000e+00
b    -1.301285e-15
dtype: float64
extra-group:
r2    0.045384
a     0.890236
b     0.091944
dtype: float64
advance group... 
continuing!!!
intra-group:
r2    1.531669e-01
a     1.000000e+00
b     2.323538e-15
dtype: float64
extra-group:
r2    0.077392
a     0.471148
b     0.519479
dtype: float64
advance group... 
continuing!!!
intra-group:
r2    2.155646e-01
a     1.000000e+00
b    -9.436896e-17
dtype: float64
extra-group:
r2    0.100543
a     0.567400
b     0.421354
dtype: float64
advance group... 
continuing!!!
intra-group:
r2    2.930667e-01
a     1.000000e+00
b     8.074349e-16
dtype: float64
extra-group:
r2    0.122961
a     0.601625
b     0.385817
dtype: float64
advance group... 
continuing!!!
intra-group:
r2    0.059224
a     1.000380
b    -0.002033
dtype: float64
extra-group:
r2    0.228823
a    -1.704587
b     7.026444
dtype: float64
advance group... 
continuing!!!
intra-group:
r2    2.715401e-01
a     1.000000e+00
b     7.993606e-16
dtype: float64
extra-group:
r2    0.128490
a     0.671901
b     0.314517
dtype: float64
advance group... 
continuing!!!
intra-group:
r2    6.108971e-02
a     1.000000e+00
b    -9.115515e-16
dtype: float64
extra-group:
r2    0.054787
a     0.743330
b     0.244222
dtype: float64
advance group... 
continuing!!!
intra-group:
r2    3.059029e-01
a     1.000000e+00
b     8.171241e-16
dtype: float64
extra-group:
r2    0.112743
a     0.609373
b     0.377405
dtype: float64
advance group... 
continuing!!!
intra-group:
r2    2.350850e-01
a     1.000000e+00
b     2.220446e-16
dtype: float64
extra-group:
r2    0.063407
a     0.446590
b     0.544873
dtype: float64
advance group... 
continuing!!!
intra-group:
r2    3.898540e-01
a     1.000000e+00
b    -1.119475e-15
dtype: float64
extra-group:
r2    0.051318
a     0.321123
b     0.672149
dtype: float64
advance group... 
continuing!!!
intra-group:
r2    2.014793e-01
a     1.000000e+00
b     5.828671e-16
dtype: float64
extra-group:
r2    0.080139
a     0.567683
b     0.420964
dtype: float64
advance group... 
continuing!!!
intra-group:
r2    5.366635e-01
a     1.000000e+00
b    -6.707597e-16
dtype: float64
extra-group:
r2    0.032879
a     0.197330
b     0.798960
dtype: float64
advance group... 
continuing!!!
intra-group:
r2    1.820726e-01
a     1.000000e+00
b     9.522297e-16
dtype: float64
extra-group:
r2    0.059906
a     0.451966
b     0.538546
dtype: float64
WRITING THESE!
**
                          type        mu     sigma
0  1d.RETURN.kmeans.text_157.i  0.211204  0.120982
**
1d.RETURN.kmeans.text_157.i (0.21120441515610877, 0.12098229049406876)
**
      n        r2         w
82   52  0.406095  0.015980
19   51  0.127709  0.015673
90   50  0.330990  0.015366
93   49  0.140967  0.015058
144  43  0.102454  0.013215
40   43  0.571255  0.013215
47   43  0.274309  0.013215
13   42  0.250762  0.012907
11   42  0.121310  0.012907
29   39  0.112015  0.011985
31   37  0.201253  0.011371
2    37  0.517640  0.011371
9    36  0.360203  0.011063
87   36  0.044177  0.011063
65   35  0.136111  0.010756
1    34  0.261830  0.010449
3    34  0.072212  0.010449
57   33  0.049976  0.010141
64   33  0.286676  0.010141
8    31  0.244532  0.009527
14   31  0.200865  0.009527
52   31  0.198623  0.009527
60   30  0.182314  0.009219
124  30  0.084414  0.009219
89   30  0.050410  0.009219
104  30  0.038323  0.009219
68   29  0.220125  0.008912
69   28  0.234987  0.008605
127  28  0.280770  0.008605
51   28  0.575241  0.008605
..   ..       ...       ...
53   12  0.390303  0.003688
128  12  0.215081  0.003688
88   12  0.256093  0.003688
99   12  0.242876  0.003688
153  12  0.389854  0.003688
105  12  0.305734  0.003688
135  12  0.149550  0.003688
147  11  0.293067  0.003380
15   11  0.240992  0.003380
39   11  0.104511  0.003380
78   11  0.241681  0.003380
62   11  0.118340  0.003380
76   11  0.244981  0.003380
107  10  0.103050  0.003073
112  10  0.185950  0.003073
70    9  0.224633  0.002766
79    9  0.207587  0.002766
94    9  0.189545  0.002766
12    9  0.173193  0.002766
108   8  0.129231  0.002459
102   8  0.264297  0.002459
103   8  0.234931  0.002459
72    7  0.219108  0.002151
41    7  0.229146  0.002151
44    7  0.409936  0.002151
33    7  0.225869  0.002151
110   6  0.280841  0.001844
46    5  0.618730  0.001537
84    5  0.290089  0.001537
118   2  0.530193  0.000615

[157 rows x 3 columns]
WRITING THESE!
**
                          type        mu     sigma
0  1d.RETURN.kmeans.text_157.e  0.080148  0.033589
**
1d.RETURN.kmeans.text_157.e (0.080148163908170672, 0.033589357415462456)
**
      n        r2         w
82   52  0.135518  0.015980
19   51  0.068835  0.015673
90   50  0.114026  0.015366
93   49  0.119610  0.015058
144  43  0.045384  0.013215
40   43  0.182231  0.013215
47   43  0.103496  0.013215
13   42  0.077285  0.012907
11   42  0.069772  0.012907
29   39  0.056997  0.011985
31   37  0.116425  0.011371
2    37  0.156113  0.011371
9    36  0.119422  0.011063
87   36  0.041410  0.011063
65   35  0.062963  0.010756
1    34  0.107102  0.010449
3    34  0.040368  0.010449
57   33  0.054184  0.010141
64   33  0.112487  0.010141
8    31  0.079640  0.009527
14   31  0.093810  0.009527
52   31  0.095950  0.009527
60   30  0.088863  0.009219
124  30  0.043006  0.009219
89   30  0.038563  0.009219
104  30  0.050467  0.009219
68   29  0.106574  0.008912
69   28  0.054428  0.008605
127  28  0.130014  0.008605
51   28  0.065270  0.008605
..   ..       ...       ...
53   12  0.089065  0.003688
128  12  0.070511  0.003688
88   12  0.109926  0.003688
99   12  0.094277  0.003688
153  12  0.051318  0.003688
105  12  0.132032  0.003688
135  12  0.058930  0.003688
147  11  0.122961  0.003380
15   11  0.065078  0.003380
39   11  0.034483  0.003380
78   11  0.093816  0.003380
62   11  0.074456  0.003380
76   11  0.040585  0.003380
107  10  0.043970  0.003073
112  10  0.087393  0.003073
70    9  0.114009  0.002766
79    9  0.060896  0.002766
94    9  0.065102  0.002766
12    9  0.063024  0.002766
108   8  0.052173  0.002459
102   8  0.120028  0.002459
103   8  0.103703  0.002459
72    7  0.065062  0.002151
41    7  0.079815  0.002151
44    7  0.125382  0.002151
33    7  0.034625  0.002151
110   6  0.085374  0.001844
46    5  0.093268  0.001537
84    5  0.059462  0.001537
118   2  0.025302  0.000615

[157 rows x 3 columns]
