------------------------
n= 68
cl= kmeans_text
type= random
------------------------
cluster=16
cluster=10
cluster=18
cluster=55
cluster=58
cluster=5
cluster=34
cluster=22
cluster=11
cluster=33
cluster=48
cluster=38
cluster=47
cluster=8
cluster=29
cluster=51
cluster=21
cluster=24
cluster=45
cluster=28
cluster=41
cluster=60
cluster=37
cluster=61
cluster=32
cluster=59
cluster=62
cluster=9
cluster=44
cluster=66
cluster=53
cluster=23
cluster=31
cluster=12
cluster=50
cluster=67
cluster=57
cluster=19
cluster=26
cluster=25
cluster=2
cluster=65
cluster=30
cluster=35
cluster=68
cluster=13
cluster=46
cluster=36
cluster=7
cluster=39
cluster=27
cluster=54
cluster=14
cluster=42
cluster=40
cluster=56
cluster=6
cluster=3
cluster=63
cluster=43
cluster=17
cluster=52
cluster=15
cluster=49
cluster=1
cluster=4
cluster=20
cluster=64
advance group... 
continuing!!!
intra-group:
r2    6.173822e-02
a     1.000000e+00
b    -4.718448e-16
dtype: float64
extra-group:
r2    0.083531
a     0.673665
b     0.313886
dtype: float64
advance group... 
continuing!!!
intra-group:
r2    1.119968e-01
a     1.000000e+00
b     1.167320e-15
dtype: float64
extra-group:
r2    0.068142
a     0.598329
b     0.389147
dtype: float64
advance group... 
continuing!!!
intra-group:
r2    4.673029e-02
a     1.000000e+00
b    -5.686508e-17
dtype: float64
extra-group:
r2    0.077070
a     0.640596
b     0.346901
dtype: float64
advance group... 
continuing!!!
intra-group:
r2    4.225754e-02
a     1.000000e+00
b     1.179350e-15
dtype: float64
extra-group:
r2    0.061530
a     0.457266
b     0.534018
dtype: float64
advance group... 
continuing!!!
intra-group:
r2    1.335578e-01
a     1.000000e+00
b    -9.176333e-16
dtype: float64
extra-group:
r2    0.086430
a     0.659231
b     0.327317
dtype: float64
advance group... 
continuing!!!
intra-group:
r2    1.442760e-01
a     1.000000e+00
b    -2.021175e-16
dtype: float64
extra-group:
r2    0.080347
a     0.634353
b     0.352604
dtype: float64
advance group... 
continuing!!!
intra-group:
r2    6.923646e-02
a     1.000000e+00
b     7.266914e-16
dtype: float64
extra-group:
r2    0.081153
a     0.638397
b     0.348955
dtype: float64
advance group... 
continuing!!!
intra-group:
r2    6.114723e-02
a     1.000000e+00
b     3.120627e-16
dtype: float64
extra-group:
r2    0.074707
a     0.416245
b     0.575921
dtype: float64
advance group... 
continuing!!!
intra-group:
r2    0.021863
a     0.990768
b     0.023751
dtype: float64
extra-group:
r2    0.114945
a    -0.114932
b     2.678452
dtype: float64
advance group... 
continuing!!!
intra-group:
r2    4.724698e-02
a     1.000000e+00
b    -1.344603e-15
dtype: float64
extra-group:
r2    0.073294
a     0.500316
b     0.490374
dtype: float64
advance group... 
continuing!!!
intra-group:
r2    1.721011e-01
a     1.000000e+00
b     8.604228e-16
dtype: float64
extra-group:
r2    0.093118
a     0.581868
b     0.406577
dtype: float64
advance group... 
continuing!!!
intra-group:
r2    1.585723e-01
a     1.000000e+00
b    -1.036208e-16
dtype: float64
extra-group:
r2    0.088782
a     0.616017
b     0.371167
dtype: float64
advance group... 
continuing!!!
intra-group:
r2    2.795425e-02
a     1.000000e+00
b     1.584591e-15
dtype: float64
extra-group:
r2    0.075416
a     0.532352
b     0.458695
dtype: float64
advance group... 
continuing!!!
intra-group:
r2    2.405745e-02
a     1.000000e+00
b    -5.749369e-16
dtype: float64
extra-group:
r2    0.070312
a     0.355839
b     0.638997
dtype: float64
advance group... 
continuing!!!
intra-group:
r2    1.128760e-01
a     1.000000e+00
b    -4.880792e-16
dtype: float64
extra-group:
r2    0.080604
a     0.677860
b     0.308400
dtype: float64
advance group... 
continuing!!!
intra-group:
r2    6.527480e-02
a     1.000000e+00
b     1.088873e-16
dtype: float64
extra-group:
r2    0.074482
a     0.605497
b     0.382921
dtype: float64
advance group... 
continuing!!!
intra-group:
r2    1.486402e-01
a     1.000000e+00
b    -7.310714e-16
dtype: float64
extra-group:
r2    0.084656
a     0.621479
b     0.365815
dtype: float64
advance group... 
continuing!!!
intra-group:
r2    1.516341e-01
a     1.000000e+00
b     1.372833e-15
dtype: float64
extra-group:
r2    0.081565
a     0.622544
b     0.364590
dtype: float64
advance group... 
continuing!!!
intra-group:
r2    1.153700e-01
a     1.000000e+00
b    -8.301440e-16
dtype: float64
extra-group:
r2    0.096833
a     0.700862
b     0.285369
dtype: float64
advance group... 
continuing!!!
intra-group:
r2    6.927794e-02
a     1.000000e+00
b    -3.936245e-16
dtype: float64
extra-group:
r2    0.081338
a     0.538834
b     0.450987
dtype: float64
advance group... 
continuing!!!
intra-group:
r2    7.157903e-02
a     1.000000e+00
b     1.336233e-15
dtype: float64
extra-group:
r2    0.098806
a     0.595689
b     0.392533
dtype: float64
advance group... 
continuing!!!
intra-group:
r2    2.374079e-02
a     1.000000e+00
b     9.992007e-16
dtype: float64
extra-group:
r2    0.069456
a     0.326409
b     0.670643
dtype: float64
advance group... 
continuing!!!
intra-group:
r2    7.693146e-02
a     1.000000e+00
b    -5.782412e-16
dtype: float64
extra-group:
r2    0.080222
a     0.737091
b     0.248751
dtype: float64
advance group... 
continuing!!!
intra-group:
r2    3.219028e-02
a     1.000000e+00
b     1.045460e-15
dtype: float64
extra-group:
r2    0.083248
a     0.455532
b     0.537557
dtype: float64
advance group... 
continuing!!!
intra-group:
r2    1.485020e-01
a     1.000000e+00
b    -1.688708e-15
dtype: float64
extra-group:
r2    0.085651
a     0.567927
b     0.420465
dtype: float64
advance group... 
continuing!!!
intra-group:
r2    7.440364e-02
a     1.000000e+00
b    -6.491982e-16
dtype: float64
extra-group:
r2    0.080031
a     0.672817
b     0.314272
dtype: float64
advance group... 
continuing!!!
intra-group:
r2    1.252016e-01
a     1.000000e+00
b     1.270351e-15
dtype: float64
extra-group:
r2    0.077470
a     0.549049
b     0.439561
dtype: float64
advance group... 
continuing!!!
intra-group:
r2    7.385260e-02
a     1.000000e+00
b     2.015931e-16
dtype: float64
extra-group:
r2    0.069247
a     0.610634
b     0.377350
dtype: float64
advance group... 
continuing!!!
intra-group:
r2    9.847629e-02
a     1.000000e+00
b    -3.770132e-16
dtype: float64
extra-group:
r2    0.072596
a     0.593201
b     0.394938
dtype: float64
advance group... 
continuing!!!
intra-group:
r2    1.133360e-01
a     1.000000e+00
b     6.424733e-16
dtype: float64
extra-group:
r2    0.070787
a     0.538675
b     0.450202
dtype: float64
advance group... 
continuing!!!
intra-group:
r2    1.332502e-01
a     1.000000e+00
b    -5.699145e-16
dtype: float64
extra-group:
r2    0.079175
a     0.605890
b     0.381810
dtype: float64
advance group... 
continuing!!!
intra-group:
r2    0.121295
a     1.000000
b     0.000000
dtype: float64
extra-group:
r2    0.069351
a     0.602443
b     0.385285
dtype: float64
advance group... 
continuing!!!
intra-group:
r2    1.376026e-01
a     1.000000e+00
b     8.088768e-16
dtype: float64
extra-group:
r2    0.077412
a     0.602798
b     0.384709
dtype: float64
advance group... 
continuing!!!
intra-group:
r2    1.201719e-01
a     1.000000e+00
b    -9.017177e-16
dtype: float64
extra-group:
r2    0.073092
a     0.568919
b     0.419881
dtype: float64
advance group... 
continuing!!!
intra-group:
r2    1.264020e-01
a     1.000000e+00
b     6.789441e-16
dtype: float64
extra-group:
r2    0.069428
a     0.609300
b     0.377855
dtype: float64
advance group... 
continuing!!!
intra-group:
r2    1.267483e-01
a     1.000000e+00
b     1.811559e-15
dtype: float64
extra-group:
r2    0.081694
a     0.515525
b     0.474134
dtype: float64
advance group... 
continuing!!!
intra-group:
r2    6.256581e-02
a     1.000000e+00
b     6.661338e-18
dtype: float64
extra-group:
r2    0.067379
a     0.611570
b     0.376409
dtype: float64
advance group... 
continuing!!!
intra-group:
r2    1.288040e-01
a     1.000000e+00
b     9.868649e-17
dtype: float64
extra-group:
r2    0.082994
a     0.595961
b     0.392102
dtype: float64
advance group... 
continuing!!!
intra-group:
r2    1.011234e-01
a     1.000000e+00
b    -3.396951e-16
dtype: float64
extra-group:
r2    0.075573
a     0.583280
b     0.404952
dtype: float64
advance group... 
continuing!!!
intra-group:
r2    2.701307e-02
a     1.000000e+00
b    -3.980556e-16
dtype: float64
extra-group:
r2    0.089907
a     0.316059
b     0.679600
dtype: float64
advance group... 
continuing!!!
intra-group:
r2    1.776792e-01
a     1.000000e+00
b    -8.965051e-16
dtype: float64
extra-group:
r2    0.100004
a     0.662541
b     0.323806
dtype: float64
advance group... 
continuing!!!
intra-group:
r2    7.503061e-02
a     1.000000e+00
b    -1.003555e-15
dtype: float64
extra-group:
r2    0.079477
a     0.795846
b     0.189102
dtype: float64
advance group... 
continuing!!!
intra-group:
r2    1.394078e-01
a     1.000000e+00
b    -5.215466e-16
dtype: float64
extra-group:
r2    0.081522
a     0.581899
b     0.406593
dtype: float64
advance group... 
continuing!!!
intra-group:
r2    5.443272e-02
a     1.000000e+00
b    -1.741032e-16
dtype: float64
extra-group:
r2    0.091808
a     0.504762
b     0.485889
dtype: float64
advance group... 
continuing!!!
intra-group:
r2    1.384208e-01
a     1.000000e+00
b    -2.070807e-15
dtype: float64
extra-group:
r2    0.081584
a     0.575241
b     0.412730
dtype: float64
advance group... 
continuing!!!
intra-group:
r2    1.365160e-01
a     1.000000e+00
b    -5.055480e-16
dtype: float64
extra-group:
r2    0.077927
a     0.595897
b     0.392174
dtype: float64
advance group... 
continuing!!!
intra-group:
r2    1.335980e-01
a     1.000000e+00
b    -5.149545e-16
dtype: float64
extra-group:
r2    0.076720
a     0.651002
b     0.335224
dtype: float64
advance group... 
continuing!!!
intra-group:
r2    7.310867e-02
a     1.000000e+00
b    -5.028657e-16
dtype: float64
extra-group:
r2    0.094115
a     0.591341
b     0.397712
dtype: float64
advance group... 
continuing!!!
intra-group:
r2    1.592105e-01
a     1.000000e+00
b     1.026279e-15
dtype: float64
extra-group:
r2    0.087867
a     0.564174
b     0.423842
dtype: float64
advance group... 
continuing!!!
intra-group:
r2    2.330505e-02
a     1.000000e+00
b    -3.100245e-16
dtype: float64
extra-group:
r2    0.068433
a     0.785922
b     0.202536
dtype: float64
advance group... 
continuing!!!
intra-group:
r2    4.147720e-02
a     1.000000e+00
b     6.632871e-16
dtype: float64
extra-group:
r2    0.071492
a     0.468903
b     0.523673
dtype: float64
advance group... 
continuing!!!
intra-group:
r2    1.098737e-01
a     1.000000e+00
b    -1.071939e-16
dtype: float64
extra-group:
r2    0.075200
a     0.519284
b     0.470445
dtype: float64
advance group... 
continuing!!!
intra-group:
r2    1.549769e-01
a     1.000000e+00
b     3.457552e-16
dtype: float64
extra-group:
r2    0.088538
a     0.694274
b     0.291816
dtype: float64
advance group... 
continuing!!!
intra-group:
r2    1.446642e-01
a     1.000000e+00
b    -8.074349e-17
dtype: float64
extra-group:
r2    0.079252
a     0.569661
b     0.418583
dtype: float64
advance group... 
continuing!!!
intra-group:
r2    6.975342e-02
a     1.000000e+00
b    -1.992708e-17
dtype: float64
extra-group:
r2    0.098002
a     0.995853
b    -0.014924
dtype: float64
advance group... 
continuing!!!
intra-group:
r2    6.900274e-02
a     1.000000e+00
b     9.251859e-16
dtype: float64
extra-group:
r2    0.087769
a     0.600590
b     0.387641
dtype: float64
advance group... 
continuing!!!
intra-group:
r2    1.353573e-01
a     1.000000e+00
b    -2.087655e-15
dtype: float64
extra-group:
r2    0.075796
a     0.677719
b     0.308225
dtype: float64
advance group... 
continuing!!!
intra-group:
r2    1.107801e-01
a     1.000000e+00
b    -3.601455e-16
dtype: float64
extra-group:
r2    0.072957
a     0.616687
b     0.371128
dtype: float64
advance group... 
continuing!!!
intra-group:
r2    1.680186e-01
a     1.000000e+00
b     6.867891e-16
dtype: float64
extra-group:
r2    0.093397
a     0.670492
b     0.315755
dtype: float64
advance group... 
continuing!!!
intra-group:
r2    1.334481e-01
a     1.000000e+00
b    -5.551115e-17
dtype: float64
extra-group:
r2    0.079172
a     0.654066
b     0.332339
dtype: float64
advance group... 
continuing!!!
intra-group:
r2    6.194918e-02
a     1.000000e+00
b     1.006770e-15
dtype: float64
extra-group:
r2    0.096199
a     0.685285
b     0.301199
dtype: float64
advance group... 
!!!!!!!!nan! ARTNA
continuing!!!
intra-group:
r2    4.436223e-02
a     1.000000e+00
b    -3.821729e-16
dtype: float64
!!!!!!!!nan! ARTNA
extra-group:
r2    0.081812
a     0.509764
b     0.480952
dtype: float64
advance group... 
continuing!!!
intra-group:
r2    1.214242e-01
a     1.000000e+00
b    -4.848729e-16
dtype: float64
extra-group:
r2    0.072778
a     0.569191
b     0.419231
dtype: float64
advance group... 
continuing!!!
intra-group:
r2    3.717642e-02
a     1.000000e+00
b    -9.833404e-16
dtype: float64
extra-group:
r2    0.081468
a     0.995799
b    -0.011454
dtype: float64
advance group... 
continuing!!!
intra-group:
r2    1.491822e-01
a     1.000000e+00
b    -6.800116e-16
dtype: float64
extra-group:
r2    0.086917
a     0.624488
b     0.362463
dtype: float64
advance group... 
continuing!!!
intra-group:
r2    2.968459e-02
a     1.000000e+00
b    -8.179398e-16
dtype: float64
extra-group:
r2    0.071639
a     0.850397
b     0.134336
dtype: float64
advance group... 
continuing!!!
intra-group:
r2    5.558866e-02
a     1.000000e+00
b    -8.134083e-16
dtype: float64
extra-group:
r2    0.075838
a     0.564031
b     0.425633
dtype: float64
advance group... 
continuing!!!
intra-group:
r2    1.672709e-01
a     1.000000e+00
b    -2.121319e-16
dtype: float64
extra-group:
r2    0.092093
a     0.611628
b     0.375766
dtype: float64
WRITING THESE!
**
                     type       mu     sigma
0  1d.RETURN.random.068.i  0.09747  0.045455
**
1d.RETURN.random.068.i (0.097470268832658677, 0.045455349039711629)
**
     n        r2         w
38  67  0.101123  0.020577
29  61  0.113336  0.018735
25  59  0.074404  0.018120
51  58  0.109874  0.017813
24  57  0.148502  0.017506
13  56  0.024057  0.017199
32  56  0.137603  0.017199
20  56  0.071579  0.017199
67  56  0.167271  0.017199
45  56  0.136516  0.017199
9   54  0.047247  0.016585
37  54  0.128804  0.016585
49  53  0.023305  0.016278
31  53  0.121295  0.016278
14  53  0.112876  0.016278
3   53  0.042258  0.016278
16  53  0.148640  0.016278
59  52  0.133448  0.015971
26  52  0.125202  0.015971
61  52  0.044362  0.015971
0   52  0.061738  0.015971
34  52  0.126402  0.015971
15  52  0.065275  0.015971
17  52  0.151634  0.015971
56  51  0.135357  0.015663
55  51  0.069003  0.015663
41  51  0.075031  0.015663
36  50  0.062566  0.015356
21  50  0.023741  0.015356
66  49  0.055589  0.015049
..  ..       ...       ...
8   47  0.021863  0.014435
46  47  0.133598  0.014435
44  46  0.138421  0.014128
11  45  0.158572  0.013821
30  45  0.133250  0.013821
18  44  0.115370  0.013514
43  44  0.054433  0.013514
12  44  0.027954  0.013514
6   44  0.069236  0.013514
60  44  0.061949  0.013514
53  44  0.144664  0.013514
19  44  0.069278  0.013514
42  43  0.139408  0.013206
58  43  0.168019  0.013206
63  42  0.037176  0.012899
57  41  0.110780  0.012592
33  41  0.120172  0.012592
2   41  0.046730  0.012592
35  41  0.126748  0.012592
48  41  0.159210  0.012592
39  41  0.027013  0.012592
40  40  0.177679  0.012285
5   39  0.144276  0.011978
50  39  0.041477  0.011978
54  39  0.069753  0.011978
27  38  0.073853  0.011671
7   37  0.061147  0.011364
52  35  0.154977  0.010749
1   35  0.111997  0.010749
47  34  0.073109  0.010442

[68 rows x 3 columns]
WRITING THESE!
**
                     type        mu     sigma
0  1d.RETURN.random.068.e  0.080621  0.009423
**
1d.RETURN.random.068.e (0.080620529439599228, 0.0094233440687385341)
**
     n        r2         w
38  67  0.075573  0.020577
29  61  0.070787  0.018735
25  59  0.080031  0.018120
51  58  0.075200  0.017813
24  57  0.085651  0.017506
13  56  0.070312  0.017199
32  56  0.077412  0.017199
20  56  0.098806  0.017199
67  56  0.092093  0.017199
45  56  0.077927  0.017199
9   54  0.073294  0.016585
37  54  0.082994  0.016585
49  53  0.068433  0.016278
31  53  0.069351  0.016278
14  53  0.080604  0.016278
3   53  0.061530  0.016278
16  53  0.084656  0.016278
59  52  0.079172  0.015971
26  52  0.077470  0.015971
61  52  0.081812  0.015971
0   52  0.083531  0.015971
34  52  0.069428  0.015971
15  52  0.074482  0.015971
17  52  0.081565  0.015971
56  51  0.075796  0.015663
55  51  0.087769  0.015663
41  51  0.079477  0.015663
36  50  0.067379  0.015356
21  50  0.069456  0.015356
66  49  0.075838  0.015049
..  ..       ...       ...
8   47  0.114945  0.014435
46  47  0.076720  0.014435
44  46  0.081584  0.014128
11  45  0.088782  0.013821
30  45  0.079175  0.013821
18  44  0.096833  0.013514
43  44  0.091808  0.013514
12  44  0.075416  0.013514
6   44  0.081153  0.013514
60  44  0.096199  0.013514
53  44  0.079252  0.013514
19  44  0.081338  0.013514
42  43  0.081522  0.013206
58  43  0.093397  0.013206
63  42  0.081468  0.012899
57  41  0.072957  0.012592
33  41  0.073092  0.012592
2   41  0.077070  0.012592
35  41  0.081694  0.012592
48  41  0.087867  0.012592
39  41  0.089907  0.012592
40  40  0.100004  0.012285
5   39  0.080347  0.011978
50  39  0.071492  0.011978
54  39  0.098002  0.011978
27  38  0.069247  0.011671
7   37  0.074707  0.011364
52  35  0.088538  0.010749
1   35  0.068142  0.010749
47  34  0.094115  0.010442

[68 rows x 3 columns]
